trader3: visual+thought journals, discriminant prediction
  10000D  window=48  horizon=36  threshold=0.500%  decay=0.999  flip=q95
  observe=1000  recalib_interval=500  orchestration=thought-only  min_conviction=0.000

  Loading candles from "/home/watmin/work/holon/holon-lab-trading/data/analysis.db"...
  Loaded 652409 candles in 0.6s
  Run database: /home/watmin/work/holon/holon-lab-trading/orchestration_results/adaptive-decay-q95-100k.db

  Walk-forward: 100000 candles from index 47...
  10000/100000 (217/s ETA 415s) | 2019-02-05 | TENTATIVE | vis=56.5% tht=52.7% | trades=364 win=63.7% | $10038 (+0.4%) vs B&H -6.7% | flip@0.180 STABLE
  20000/100000 (213/s ETA 376s) | 2019-03-12 | CONFIDENT | vis=40.9% tht=50.5% | trades=542 win=58.9% | $10043 (+0.4%) vs B&H +3.6% | flip@0.169 ADAPT
  30000/100000 (211/s ETA 332s) | 2019-04-16 | CONFIDENT | vis=46.9% tht=46.3% | trades=786 win=57.9% | $10058 (+0.6%) vs B&H +36.0% | flip@0.173 STABLE
  40000/100000 (205/s ETA 293s) | 2019-05-20 | CONFIDENT | vis=50.7% tht=54.6% | trades=1186 win=63.2% | $10251 (+2.5%) vs B&H +110.3% | flip@0.175 STABLE
  50000/100000 (204/s ETA 245s) | 2019-06-24 | CONFIDENT | vis=55.2% tht=56.9% | trades=1364 win=61.4% | $10270 (+2.7%) vs B&H +193.5% | flip@0.171 ADAPT
  60000/100000 (206/s ETA 195s) | 2019-07-29 | TENTATIVE | vis=47.4% tht=43.4% | trades=1728 win=59.3% | $10327 (+3.3%) vs B&H +160.4% | flip@0.168 STABLE
  70000/100000 (207/s ETA 145s) | 2019-09-01 | CONFIDENT | vis=47.7% tht=50.7% | trades=2437 win=57.7% | $10344 (+3.4%) vs B&H +160.9% | flip@0.177 STABLE
  80000/100000 (208/s ETA 96s) | 2019-10-06 | CONFIDENT | vis=51.1% tht=48.2% | trades=2810 win=57.0% | $10365 (+3.7%) vs B&H +114.0% | flip@0.176 ADAPT
  90000/100000 (208/s ETA 48s) | 2019-11-10 | CONFIDENT | vis=52.0% tht=47.3% | trades=3684 win=56.2% | $10384 (+3.8%) vs B&H +138.0% | flip@0.183 ADAPT
  100000/100000 (208/s ETA 0s) | 2019-12-15 | TENTATIVE | vis=55.8% tht=46.3% | trades=4017 win=55.3% | $10370 (+3.7%) vs B&H +89.6% | flip@0.189 ADAPT

═══════════════════════════════════════════════════════════
  trader3 complete — 100000 candles in 481.2s (208/s)
  Orchestration: thought-only
  Labeled: 67315  Noise: 32685 (32.7% noise rate)

  Equity: $10369.52 (+3.70%) | B&H: +89.56%
  Trades taken: 4017  Won: 2223  Win rate: 55.3%  Skipped: 93042

  Visual journal  — buy_obs=34032 sell_obs=33283 cos_raw=0.9548 disc_strength=0.0030 recalibs=134
  Thought journal — buy_obs=34032 sell_obs=33283 cos_raw=0.8531 disc_strength=0.0054 recalibs=134

  Rolling accuracy (last 1000): visual=55.8% thought=46.3%

  By year:
    2019: 4017 trades  55.3% win  +369.52$ P&L

  Run DB: /home/watmin/work/holon/holon-lab-trading/orchestration_results/adaptive-decay-q95-100k.db (100000 rows)
═══════════════════════════════════════════════════════════
