trader3: visual+thought journals, discriminant prediction
  10000D  window=48  horizon=36  threshold=0.500%  decay=0.999  flip=auto(min_edge=0.55)
  observe=1000  recalib_interval=500  orchestration=thought-visual-amp  min_conviction=0.000

  Loading candles from "/home/watmin/work/holon/holon-lab-trading/data/analysis.db"...
  Loaded 652409 candles in 0.6s
  Run database: /home/watmin/work/holon/holon-lab-trading/orchestration_results/amp-auto-v2-100k.db

  Walk-forward: 100000 candles from index 47...
  10000/100000 (201/s ETA 447s) | 2019-02-05 | CONFIDENT | vis=56.5% tht=52.9% | trades=3686 win=47.3% | $10576 (+5.8%) vs B&H -6.7% | flip@0.061 edge=0.550
  20000/100000 (199/s ETA 402s) | 2019-03-12 | TENTATIVE | vis=48.4% tht=47.2% | trades=4280 win=47.5% | $10551 (+5.5%) vs B&H +3.6% | flip@0.119 edge=0.550
  30000/100000 (197/s ETA 355s) | 2019-04-16 | TENTATIVE | vis=46.9% tht=46.2% | trades=6134 win=50.4% | $10967 (+9.7%) vs B&H +36.0% | flip@0.077 edge=0.550
  40000/100000 (198/s ETA 303s) | 2019-05-20 | TENTATIVE | vis=50.9% tht=54.7% | trades=9181 win=51.4% | $11399 (+14.0%) vs B&H +110.3% | flip@0.075 edge=0.550
  50000/100000 (198/s ETA 252s) | 2019-06-24 | TENTATIVE | vis=55.3% tht=57.1% | trades=12240 win=51.1% | $11510 (+15.1%) vs B&H +193.5% | flip@0.101 edge=0.550
  60000/100000 (199/s ETA 201s) | 2019-07-29 | TENTATIVE | vis=54.9% tht=52.7% | trades=14113 win=50.8% | $11538 (+15.4%) vs B&H +160.4% | flip@0.116 edge=0.550
  70000/100000 (200/s ETA 150s) | 2019-09-01 | TENTATIVE | vis=47.7% tht=50.9% | trades=15934 win=50.9% | $11504 (+15.0%) vs B&H +160.9% | flip@0.124 edge=0.550
  80000/100000 (201/s ETA 99s) | 2019-10-06 | TENTATIVE | vis=52.6% tht=49.3% | trades=17282 win=51.0% | $11574 (+15.7%) vs B&H +114.0% | flip@0.143 edge=0.550
  90000/100000 (201/s ETA 50s) | 2019-11-10 | CONFIDENT | vis=48.7% tht=49.7% | trades=18555 win=51.4% | $11626 (+16.3%) vs B&H +138.0% | flip@0.138 edge=0.550
  100000/100000 (201/s ETA 0s) | 2019-12-15 | TENTATIVE | vis=51.6% tht=44.5% | trades=19420 win=51.2% | $11580 (+15.8%) vs B&H +89.6% | flip@0.175 edge=0.550

═══════════════════════════════════════════════════════════
  trader3 complete — 100000 candles in 496.9s (201/s)
  Orchestration: thought-visual-amp
  Labeled: 67315  Noise: 32685 (32.7% noise rate)

  Equity: $11580.13 (+15.80%) | B&H: +89.56%
  Trades taken: 19420  Won: 9934  Win rate: 51.2%  Skipped: 69488

  Visual journal  — buy_obs=34032 sell_obs=33283 cos_raw=0.9927 disc_strength=0.0012 recalibs=134
  Thought journal — buy_obs=34032 sell_obs=33283 cos_raw=0.9845 disc_strength=0.0018 recalibs=134

  Rolling accuracy (last 1000): visual=51.6% thought=44.5%

  By year:
    2019: 19420 trades  51.2% win  +1580.13$ P&L

  Run DB: /home/watmin/work/holon/holon-lab-trading/orchestration_results/amp-auto-v2-100k.db (100000 rows)
═══════════════════════════════════════════════════════════
