trader3: visual+thought journals, discriminant prediction
  10000D  window=48  horizon=36  threshold=0.500%  decay=0.999  flip=auto(min_edge=0.55)
  observe=1000  recalib_interval=500  orchestration=thought-only  min_conviction=0.000

  Loading candles from "/home/watmin/work/holon/holon-lab-trading/data/analysis.db"...
  Loaded 652409 candles in 0.6s
  Run database: /home/watmin/work/holon/holon-lab-trading/orchestration_results/auto-flip-v4-100k.db

  Walk-forward: 100000 candles from index 47...
  10000/100000 (190/s ETA 474s) | 2019-02-05 | TENTATIVE | vis=56.5% tht=52.1% | trades=3510 win=48.1% | $10776 (+7.8%) vs B&H -6.7% | flip@0.129
  20000/100000 (194/s ETA 413s) | 2019-03-12 | TENTATIVE | vis=48.4% tht=48.2% | trades=4037 win=48.0% | $10690 (+6.9%) vs B&H +3.6% | flip@0.137
  30000/100000 (195/s ETA 359s) | 2019-04-16 | CONFIDENT | vis=46.9% tht=45.8% | trades=5727 win=51.0% | $11034 (+10.3%) vs B&H +36.0% | flip@0.082
  40000/100000 (197/s ETA 305s) | 2019-05-20 | TENTATIVE | vis=50.9% tht=54.3% | trades=8845 win=52.0% | $11504 (+15.0%) vs B&H +110.3% | flip@0.071
  50000/100000 (199/s ETA 252s) | 2019-06-24 | TENTATIVE | vis=55.3% tht=57.0% | trades=12008 win=51.5% | $11593 (+15.9%) vs B&H +193.5% | flip@0.100
  60000/100000 (200/s ETA 200s) | 2019-07-29 | TENTATIVE | vis=54.9% tht=52.5% | trades=13855 win=51.2% | $11654 (+16.5%) vs B&H +160.4% | flip@0.119
  70000/100000 (202/s ETA 149s) | 2019-09-01 | TENTATIVE | vis=47.7% tht=50.4% | trades=15572 win=51.2% | $11661 (+16.6%) vs B&H +160.9% | flip@0.130
  80000/100000 (203/s ETA 99s) | 2019-10-06 | TENTATIVE | vis=52.6% tht=49.9% | trades=16845 win=51.4% | $11735 (+17.4%) vs B&H +114.0% | flip@0.138
  90000/100000 (203/s ETA 49s) | 2019-11-10 | CONFIDENT | vis=48.7% tht=49.0% | trades=18195 win=51.7% | $11792 (+17.9%) vs B&H +138.0% | flip@0.138
  100000/100000 (204/s ETA 0s) | 2019-12-15 | TENTATIVE | vis=51.6% tht=44.7% | trades=19159 win=51.5% | $11761 (+17.6%) vs B&H +89.6% | flip@0.178

═══════════════════════════════════════════════════════════
  trader3 complete — 100000 candles in 490.9s (204/s)
  Orchestration: thought-only
  Labeled: 67315  Noise: 32685 (32.7% noise rate)

  Equity: $11760.87 (+17.61%) | B&H: +89.56%
  Trades taken: 19159  Won: 9865  Win rate: 51.5%  Skipped: 70445

  Visual journal  — buy_obs=34032 sell_obs=33283 cos_raw=0.9927 disc_strength=0.0012 recalibs=134
  Thought journal — buy_obs=34032 sell_obs=33283 cos_raw=0.9847 disc_strength=0.0017 recalibs=134

  Rolling accuracy (last 1000): visual=51.6% thought=44.7%

  By year:
    2019: 19159 trades  51.5% win  +1760.87$ P&L

  Run DB: /home/watmin/work/holon/holon-lab-trading/orchestration_results/auto-flip-v4-100k.db (100000 rows)
═══════════════════════════════════════════════════════════
