trader: Self-Supervised BTC Trader
  10000D, window=48, px_rows=25
  Grid: 48 cols x 100 rows (4800 pixels/viewport)
  Horizon: 36 candles (180min)
  Move threshold: 0.500% (50.0bps)
  Decay: 0.999, Recalib interval: 500
  Observe period: 1000 candles
  Initial equity: $10000
  Reward weight: 1, Correction weight: 1.5
  Use grover: false, Use attend: false
  Threads: 8, Batch size: 256

  Loading candles from "/home/watmin/work/holon/holon-lab-trading/data/analysis.db"...
  Loaded 652409 candles in 0.6s
  Warming vector cache...
  Encoding null template...
  Null template + visual cache ready.
  Initializing thought system...
  Thought system ready (177 fact codebook entries).
  Run database: runs/run_20260322_043529.db

  Starting walk-forward (50000 candles, starting at index 47)...
    10000/50000 (73/s, ETA 548s) | 2019-02-05 13:45:00 | CONFIDENT | vis=61.1% thought=46.0% agree=61% | trades=1771 win=57.2% | eq=$10118 (+1.2%) vs bnh -6.7%
    20000/50000 (73/s, ETA 408s) | 2019-03-12 07:05:00 | CONFIDENT | vis=50.3% thought=46.0% agree=61% | trades=2629 win=55.3% | eq=$10079 (+0.8%) vs bnh +3.6%
    30000/50000 (72/s, ETA 276s) | 2019-04-16 00:25:00 | CONFIDENT | vis=54.6% thought=46.0% agree=61% | trades=2913 win=55.6% | eq=$10094 (+0.9%) vs bnh +36.0%
    40000/50000 (72/s, ETA 139s) | 2019-05-20 17:45:00 | TENTATIVE | vis=42.3% thought=46.0% agree=61% | trades=4717 win=47.3% | eq=$9894 (-1.1%) vs bnh +110.3%
