trader: Self-Supervised BTC Trader
  10000D, window=48, px_rows=25
  Grid: 48 cols x 100 rows (4800 pixels/viewport)
  Horizon: 36 candles (180min)
  Move threshold: 0.500% (50.0bps)
  Decay: 0.999, Recalib interval: 500
  Observe period: 1000 candles
  Initial equity: $10000
  Reward weight: 1, Correction weight: 1.5
  Use grover: false, Use attend: false
  Threads: 8, Batch size: 256

  Loading candles from "/home/watmin/work/holon/holon-lab-trading/data/analysis.db"...
  Loaded 652409 candles in 0.7s
  Warming vector cache...
  Encoding null template...
  Null template + visual cache ready.
  Initializing thought system...
  Thought system ready (177 fact codebook entries).
  Run database: /home/watmin/work/holon/holon-lab-trading/orchestration_results/conviction-fix.db

  Starting walk-forward (10000 candles, starting at index 47)...
    500/10000 (71/s, ETA 134s) | 2019-01-03 14:05:00 | OBSERVE | vis=64.1% thought=41.2% agree=58% | trades=0 win=0.0% | eq=$10000 (+0.0%) vs bnh +2.5%
    1000/10000 (69/s, ETA 130s) | 2019-01-05 07:45:00 | OBSERVE | vis=57.5% thought=47.5% agree=62% | trades=0 win=0.0% | eq=$10000 (+0.0%) vs bnh +2.1%
    1500/10000 (69/s, ETA 123s) | 2019-01-07 01:25:00 | TENTATIVE | vis=55.1% thought=48.1% agree=59% | trades=250 win=52.8% | eq=$9998 (-0.0%) vs bnh +7.3%
    2000/10000 (68/s, ETA 117s) | 2019-01-08 19:05:00 | TENTATIVE | vis=50.8% thought=53.9% agree=55% | trades=530 win=51.9% | eq=$10002 (+0.0%) vs bnh +6.9%
    2500/10000 (68/s, ETA 110s) | 2019-01-10 12:45:00 | TENTATIVE | vis=52.9% thought=52.7% agree=53% | trades=707 win=52.1% | eq=$10000 (-0.0%) vs bnh +0.6%
    3000/10000 (68/s, ETA 103s) | 2019-01-12 06:25:00 | CONFIDENT | vis=51.5% thought=51.1% agree=54% | trades=1090 win=52.1% | eq=$10011 (+0.1%) vs bnh -3.5%
    3500/10000 (67/s, ETA 97s) | 2019-01-14 00:05:00 | CONFIDENT | vis=48.3% thought=52.3% agree=54% | trades=1254 win=52.3% | eq=$10011 (+0.1%) vs bnh -6.4%
    4000/10000 (67/s, ETA 90s) | 2019-01-15 17:45:00 | CONFIDENT | vis=54.9% thought=55.6% agree=55% | trades=1517 win=55.4% | eq=$10055 (+0.5%) vs bnh -3.0%
    4500/10000 (67/s, ETA 82s) | 2019-01-17 11:25:00 | CONFIDENT | vis=50.8% thought=58.7% agree=55% | trades=1822 win=56.1% | eq=$10134 (+1.3%) vs bnh -3.6%
    5000/10000 (68/s, ETA 74s) | 2019-01-19 05:05:00 | CONFIDENT | vis=48.5% thought=59.9% agree=55% | trades=1986 win=56.1% | eq=$10139 (+1.4%) vs bnh -2.8%
    5500/10000 (68/s, ETA 66s) | 2019-01-20 22:45:00 | CONFIDENT | vis=50.8% thought=57.2% agree=54% | trades=2152 win=54.8% | eq=$10087 (+0.9%) vs bnh -4.5%
    6000/10000 (68/s, ETA 58s) | 2019-01-22 16:25:00 | CONFIDENT | vis=50.7% thought=55.8% agree=52% | trades=2352 win=54.8% | eq=$10100 (+1.0%) vs bnh -3.8%
    6500/10000 (69/s, ETA 51s) | 2019-01-24 10:05:00 | CONFIDENT | vis=48.8% thought=55.4% agree=51% | trades=2552 win=55.1% | eq=$10110 (+1.1%) vs bnh -4.4%
    7000/10000 (69/s, ETA 44s) | 2019-01-26 03:45:00 | CONFIDENT | vis=47.9% thought=54.1% agree=50% | trades=2708 win=54.6% | eq=$10105 (+1.1%) vs bnh -3.5%
    7500/10000 (69/s, ETA 36s) | 2019-01-27 21:25:00 | CONFIDENT | vis=50.8% thought=55.5% agree=51% | trades=2908 win=55.2% | eq=$10122 (+1.2%) vs bnh -3.9%
    8000/10000 (69/s, ETA 29s) | 2019-01-29 15:05:00 | CONFIDENT | vis=61.4% thought=61.0% agree=52% | trades=3221 win=57.2% | eq=$10256 (+2.6%) vs bnh -8.0%
    8500/10000 (69/s, ETA 22s) | 2019-01-31 08:45:00 | CONFIDENT | vis=56.6% thought=57.4% agree=52% | trades=3458 win=56.0% | eq=$10193 (+1.9%) vs bnh -7.3%
    9000/10000 (69/s, ETA 15s) | 2019-02-02 02:25:00 | TENTATIVE | vis=60.5% thought=56.7% agree=53% | trades=3657 win=55.9% | eq=$10197 (+2.0%) vs bnh -6.6%
    9500/10000 (69/s, ETA 7s) | 2019-02-03 20:05:00 | CONFIDENT | vis=60.9% thought=55.1% agree=53% | trades=3822 win=55.8% | eq=$10200 (+2.0%) vs bnh -7.3%
    10000/10000 (71/s, ETA 0s) | 2019-02-05 13:45:00 | CONFIDENT | vis=57.2% thought=53.8% agree=53% | trades=3921 win=55.6% | eq=$10200 (+2.0%) vs bnh -6.7%

  --- Timing breakdown (total ms) ---
  Visual batch encode:   47143.3
  Thought encode:        90077.5
  Visual predict:          975.0
  Thought predict:         572.2
  Rest (resolve/log):     1509.0
  Total accounted:      140277.0

  Run database written: /home/watmin/work/holon/holon-lab-trading/orchestration_results/conviction-fix.db (10000 rows)

  Walk-forward complete.
  Orchestration mode: meta-boost
  Encoded 10000 viewports in 141.7s (71 vec/s)
  Labeled (BUY/SELL): 4647, Noise: 5353

  ═══ Visual Journaler ═══
  Accumulators:
    buy_good:     count=4485, purity=0.0001
    sell_good:    count=4768, purity=0.0001
    buy_confuser: count=1077
    sell_confuser:count=1080
    noise:        count=5353
    cos(buy_good, sell_good) = 0.9132
    cos(buy_good, noise) = 0.5774
    cos(sell_good, noise) = 0.5840
    cos(buy_disc, sell_disc) = -1.0000
    recognition gate: noise_floor=0.0139 (buy_entropy=0.5181, sell_entropy=0.5215, d_eff=5181)

  Visual prediction accuracy:
    Overall: 53.2% (2449/4606)
    Rolling (last 1000): 57.2%

  Per-year breakdown:
    2019: 53.2% (2449/4606)

  ═══ Thought Journaler ═══
  Accumulators:
    buy_good:     count=587, purity=0.0001
    sell_good:    count=454, purity=0.0001
    buy_confuser: count=101
    sell_confuser:count=200
    noise:        count=5353
    cos(buy_good, sell_good) = 0.8226
    cos(buy_good, noise) = -0.7004
    cos(sell_good, noise) = -0.6842

  Thought prediction accuracy:
    Overall: 53.6% (2471/4606)
    Rolling (last 1000): 53.8%
    Visual-Thought agreement: 53.1% (5292/9957)

  ═══ Trader ═══
  Final phase: CONFIDENT
  Equity: $10200.04 (started $10000)
  Total return: 2.00%
  Trades taken: 3921, skipped: 993
  Win rate: 55.6% (2181/3921)
  Confidence (rolling acc - 0.5): 0.040

  Per-year P&L:
    2019: trades=3921 win_rate=55.6% pnl=$200.04

  Buy-and-hold return over same period: -6.68%
  ═══════════════════════════════════════
