trader: Self-Supervised BTC Trader
  10000D, window=48, px_rows=25
  Grid: 48 cols x 100 rows (4800 pixels/viewport)
  Horizon: 36 candles (180min)
  Move threshold: 0.500% (50.0bps)
  Decay: 0.999, Recalib interval: 500
  Observe period: 1000 candles
  Initial equity: $10000
  Reward weight: 1, Correction weight: 1.5
  Use grover: false, Use attend: false
  Threads: 8, Batch size: 256

  Loading candles from "/home/watmin/work/holon/holon-lab-trading/data/analysis.db"...
  Loaded 652409 candles in 0.8s
  Warming vector cache...
  Encoding null template...
  Null template + visual cache ready.
  Initializing thought system...
  Thought system ready (177 fact codebook entries).
  Run database: /home/watmin/work/holon/holon-lab-trading/orchestration_results/conviction-fix-100k.db

  Starting walk-forward (100000 candles, starting at index 47)...
    10000/100000 (74/s, ETA 1214s) | 2019-02-05 13:45:00 | CONFIDENT | vis=57.2% thought=53.8% agree=53% | trades=3921 win=55.6% | eq=$10200 (+2.0%) vs bnh -6.7%
    20000/100000 (76/s, ETA 1059s) | 2019-03-12 07:05:00 | TENTATIVE | vis=44.1% thought=55.9% agree=50% | trades=8188 win=53.5% | eq=$10245 (+2.4%) vs bnh +3.6%
    30000/100000 (76/s, ETA 923s) | 2019-04-16 00:25:00 | TENTATIVE | vis=52.5% thought=41.5% agree=51% | trades=12829 win=52.9% | eq=$10544 (+5.4%) vs bnh +36.0%
    40000/100000 (75/s, ETA 803s) | 2019-05-20 17:45:00 | TENTATIVE | vis=46.7% thought=46.1% agree=50% | trades=20322 win=51.2% | eq=$10507 (+5.1%) vs bnh +110.3%
    50000/100000 (73/s, ETA 680s) | 2019-06-24 11:05:00 | TENTATIVE | vis=51.2% thought=37.7% agree=53% | trades=29158 win=50.4% | eq=$10388 (+3.9%) vs bnh +193.5%
    60000/100000 (73/s, ETA 548s) | 2019-07-29 04:25:00 | TENTATIVE | vis=55.6% thought=42.6% agree=50% | trades=38695 win=50.3% | eq=$10288 (+2.9%) vs bnh +160.4%
    70000/100000 (73/s, ETA 411s) | 2019-09-01 21:45:00 | TENTATIVE | vis=46.8% thought=54.6% agree=52% | trades=46810 win=49.9% | eq=$10033 (+0.3%) vs bnh +160.9%
    80000/100000 (73/s, ETA 275s) | 2019-10-06 15:05:00 | CONFIDENT | vis=53.3% thought=52.1% agree=53% | trades=53445 win=49.8% | eq=$10036 (+0.4%) vs bnh +114.0%
    90000/100000 (73/s, ETA 137s) | 2019-11-10 08:25:00 | CONFIDENT | vis=58.9% thought=59.8% agree=56% | trades=59979 win=49.9% | eq=$10049 (+0.5%) vs bnh +138.0%
    100000/100000 (73/s, ETA 0s) | 2019-12-15 01:45:00 | TENTATIVE | vis=49.3% thought=49.5% agree=55% | trades=66497 win=50.0% | eq=$10115 (+1.1%) vs bnh +89.6%

  --- Timing breakdown (total ms) ---
  Visual batch encode:  445125.3
  Thought encode:       871140.7
  Visual predict:         9073.8
  Thought predict:        5239.4
  Rest (resolve/log):    23382.6
  Total accounted:      1353961.8

  Run database written: /home/watmin/work/holon/holon-lab-trading/orchestration_results/conviction-fix-100k.db (100000 rows)

  Walk-forward complete.
  Orchestration mode: meta-boost
  Encoded 100000 viewports in 1366.3s (73 vec/s)
  Labeled (BUY/SELL): 67325, Noise: 32675

  ═══ Visual Journaler ═══
  Accumulators:
    buy_good:     count=68051, purity=0.0001
    sell_good:    count=66558, purity=0.0001
    buy_confuser: count=16748
    sell_confuser:count=16372
    noise:        count=32675
    cos(buy_good, sell_good) = 0.9116
    cos(buy_good, noise) = 0.5882
    cos(sell_good, noise) = 0.5806
    cos(buy_disc, sell_disc) = -1.0000
    recognition gate: noise_floor=0.0139 (buy_entropy=0.5210, sell_entropy=0.5165, d_eff=5165)

  Visual prediction accuracy:
    Overall: 50.8% (34164/67284)
    Rolling (last 1000): 50.9%

  Per-year breakdown:
    2019: 50.8% (34164/67284)

  ═══ Thought Journaler ═══
  Accumulators:
    buy_good:     count=52195, purity=0.0000
    sell_good:    count=52356, purity=0.0000
    buy_confuser: count=11806
    sell_confuser:count=14544
    noise:        count=32675
    cos(buy_good, sell_good) = 0.9996
    cos(buy_good, noise) = 0.9389
    cos(sell_good, noise) = 0.9389

  Thought prediction accuracy:
    Overall: 50.3% (33874/67284)
    Rolling (last 1000): 50.2%
    Visual-Thought agreement: 54.9% (54853/99957)

  ═══ Trader ═══
  Final phase: TENTATIVE
  Equity: $10118.33 (started $10000)
  Total return: 1.18%
  Trades taken: 66521, skipped: 1102
  Win rate: 50.0% (33246/66521)
  Confidence (rolling acc - 0.5): -0.096

  Per-year P&L:
    2019: trades=66521 win_rate=50.0% pnl=$118.33

  Buy-and-hold return over same period: 89.56%
  ═══════════════════════════════════════
