trader3: visual+thought journals, discriminant prediction
  10000D  window=48  horizon=36  threshold=0.500%  decay=0.998  flip=q95
  observe=1000  recalib_interval=500  orchestration=thought-only  min_conviction=0.000

  Loading candles from "/home/watmin/work/holon/holon-lab-trading/data/analysis.db"...
  Loaded 652409 candles in 0.6s
  Run database: /home/watmin/work/holon/holon-lab-trading/orchestration_results/decay998-q95-100k.db

  Walk-forward: 100000 candles from index 47...
  10000/100000 (221/s ETA 408s) | 2019-02-05 | TENTATIVE | vis=57.9% tht=52.6% | trades=429 win=60.4% | $10040 (+0.4%) vs B&H -6.7% | flip@0.179 edge=0.520
  20000/100000 (213/s ETA 376s) | 2019-03-12 | CONFIDENT | vis=45.8% tht=49.1% | trades=668 win=57.0% | $10056 (+0.6%) vs B&H +3.6% | flip@0.173 edge=0.520
  30000/100000 (208/s ETA 336s) | 2019-04-16 | TENTATIVE | vis=48.3% tht=48.9% | trades=863 win=55.6% | $10057 (+0.6%) vs B&H +36.0% | flip@0.171 edge=0.520
  40000/100000 (205/s ETA 293s) | 2019-05-20 | CONFIDENT | vis=47.7% tht=50.6% | trades=1271 win=60.0% | $10161 (+1.6%) vs B&H +110.3% | flip@0.174 edge=0.520
  50000/100000 (201/s ETA 249s) | 2019-06-24 | CONFIDENT | vis=54.9% tht=54.8% | trades=1584 win=58.3% | $10177 (+1.8%) vs B&H +193.5% | flip@0.172 edge=0.520
  60000/100000 (202/s ETA 198s) | 2019-07-29 | CONFIDENT | vis=50.6% tht=48.4% | trades=1824 win=57.9% | $10201 (+2.0%) vs B&H +160.4% | flip@0.167 edge=0.520
  70000/100000 (203/s ETA 148s) | 2019-09-01 | CONFIDENT | vis=49.6% tht=52.9% | trades=2496 win=55.8% | $10201 (+2.0%) vs B&H +160.9% | flip@0.173 edge=0.520
  80000/100000 (204/s ETA 98s) | 2019-10-06 | CONFIDENT | vis=51.6% tht=47.6% | trades=2898 win=55.3% | $10216 (+2.2%) vs B&H +114.0% | flip@0.176 edge=0.520
  90000/100000 (204/s ETA 49s) | 2019-11-10 | CONFIDENT | vis=51.4% tht=50.8% | trades=3644 win=55.9% | $10275 (+2.8%) vs B&H +138.0% | flip@0.181 edge=0.520
  100000/100000 (205/s ETA 0s) | 2019-12-15 | TENTATIVE | vis=53.4% tht=44.0% | trades=3965 win=55.0% | $10254 (+2.5%) vs B&H +89.6% | flip@0.184 edge=0.520

═══════════════════════════════════════════════════════════
  trader3 complete — 100000 candles in 487.4s (205/s)
  Orchestration: thought-only
  Labeled: 67315  Noise: 32685 (32.7% noise rate)

  Equity: $10254.14 (+2.54%) | B&H: +89.56%
  Trades taken: 3965  Won: 2180  Win rate: 55.0%  Skipped: 93204

  Visual journal  — buy_obs=34032 sell_obs=33283 cos_raw=0.9827 disc_strength=0.0019 recalibs=134
  Thought journal — buy_obs=34032 sell_obs=33283 cos_raw=0.9528 disc_strength=0.0031 recalibs=134

  Rolling accuracy (last 1000): visual=53.4% thought=44.0%

  By year:
    2019: 3965 trades  55.0% win  +254.14$ P&L

  Run DB: /home/watmin/work/holon/holon-lab-trading/orchestration_results/decay998-q95-100k.db (100000 rows)
═══════════════════════════════════════════════════════════
