trader: Self-Supervised BTC Trader
  10000D, window=48, px_rows=25
  Grid: 48 cols x 100 rows (4800 pixels/viewport)
  Horizon: 36 candles (180min)
  Move threshold: 0.500% (50.0bps)
  Decay: 0.999, Recalib interval: 500
  Observe period: 1000 candles
  Initial equity: $10000
  Reward weight: 1, Correction weight: 1.5
  Use grover: false, Use attend: false
  Threads: 8, Batch size: 256

  Loading candles from "/home/watmin/work/holon/holon-lab-trading/data/analysis.db"...
  Loaded 652409 candles in 0.6s
  Warming vector cache...
  Encoding null template...
  Null template + visual cache ready.
  Initializing thought system...
  Thought system ready (223 fact codebook entries).
  Run database: /home/watmin/work/holon/holon-lab-trading/orchestration_results/decoupled-dual.db

  Starting walk-forward (100000 candles, starting at index 47)...
    10000/100000 (70/s, ETA 1283s) | 2019-02-05 13:45:00 | TENTATIVE | vis=43.9% thought=43.9% agree=99% | trades=3921 win=47.1% | eq=$9775 (-2.2%) vs bnh -6.7%
    20000/100000 (70/s, ETA 1142s) | 2019-03-12 07:05:00 | TENTATIVE | vis=60.3% thought=60.3% agree=100% | trades=8188 win=51.3% | eq=$9956 (-0.4%) vs bnh +3.6%
    30000/100000 (71/s, ETA 992s) | 2019-04-16 00:25:00 | TENTATIVE | vis=41.5% thought=41.5% agree=100% | trades=12829 win=52.6% | eq=$10371 (+3.7%) vs bnh +36.0%
    40000/100000 (69/s, ETA 873s) | 2019-05-20 17:45:00 | CONFIDENT | vis=53.9% thought=53.9% agree=100% | trades=20322 win=53.7% | eq=$10882 (+8.8%) vs bnh +110.3%
    50000/100000 (61/s, ETA 826s) | 2019-06-24 11:05:00 | CONFIDENT | vis=62.3% thought=62.3% agree=100% | trades=29158 win=53.3% | eq=$11197 (+12.0%) vs bnh +193.5%
    60000/100000 (55/s, ETA 722s) | 2019-07-29 04:25:00 | TENTATIVE | vis=53.0% thought=53.0% agree=100% | trades=38706 win=52.3% | eq=$11076 (+10.8%) vs bnh +160.4%
    70000/100000 (52/s, ETA 575s) | 2019-09-01 21:45:00 | TENTATIVE | vis=45.5% thought=45.5% agree=100% | trades=46832 win=51.6% | eq=$10838 (+8.4%) vs bnh +160.9%
    80000/100000 (51/s, ETA 396s) | 2019-10-06 15:05:00 | TENTATIVE | vis=47.1% thought=47.1% agree=100% | trades=53486 win=51.2% | eq=$10505 (+5.1%) vs bnh +114.0%
