trader3: visual+thought journals, discriminant prediction
  10000D  window=48  horizon=36  threshold=0.500%  decay=0.999  flip=q95
  observe=1000  recalib_interval=500  orchestration=thought-only  min_conviction=0.000

  Loading candles from "/home/watmin/work/holon/holon-lab-trading/data/analysis.db"...
  Loaded 652409 candles in 0.6s
  Run database: /home/watmin/work/holon/holon-lab-trading/orchestration_results/degenfix-q95-100k.db

  Walk-forward: 100000 candles from index 47...
  10000/100000 (211/s ETA 427s) | 2019-02-05 | TENTATIVE | vis=56.5% tht=52.7% | trades=364 win=63.7% | $10038 (+0.4%) vs B&H -6.7% | flip@0.180 edge=0.520
  20000/100000 (207/s ETA 386s) | 2019-03-12 | CONFIDENT | vis=48.4% tht=47.4% | trades=514 win=57.2% | $10033 (+0.3%) vs B&H +3.6% | flip@0.166 edge=0.520
  30000/100000 (206/s ETA 340s) | 2019-04-16 | CONFIDENT | vis=46.9% tht=46.3% | trades=755 win=60.0% | $10093 (+0.9%) vs B&H +36.0% | flip@0.164 edge=0.520
  40000/100000 (205/s ETA 293s) | 2019-05-20 | CONFIDENT | vis=50.9% tht=54.7% | trades=1151 win=62.6% | $10224 (+2.2%) vs B&H +110.3% | flip@0.166 edge=0.520
  50000/100000 (204/s ETA 246s) | 2019-06-24 | CONFIDENT | vis=55.3% tht=56.9% | trades=1407 win=59.9% | $10234 (+2.3%) vs B&H +193.5% | flip@0.163 edge=0.520
  60000/100000 (204/s ETA 196s) | 2019-07-29 | TENTATIVE | vis=54.9% tht=52.5% | trades=1786 win=58.5% | $10256 (+2.6%) vs B&H +160.4% | flip@0.159 edge=0.520
  70000/100000 (204/s ETA 147s) | 2019-09-01 | CONFIDENT | vis=47.7% tht=50.6% | trades=2535 win=57.1% | $10275 (+2.8%) vs B&H +160.9% | flip@0.167 edge=0.520
  80000/100000 (205/s ETA 98s) | 2019-10-06 | CONFIDENT | vis=52.6% tht=49.3% | trades=2946 win=57.0% | $10325 (+3.3%) vs B&H +114.0% | flip@0.169 edge=0.520
  90000/100000 (205/s ETA 49s) | 2019-11-10 | CONFIDENT | vis=48.7% tht=49.8% | trades=3559 win=58.0% | $10450 (+4.5%) vs B&H +138.0% | flip@0.173 edge=0.520
  100000/100000 (206/s ETA 0s) | 2019-12-15 | CONFIDENT | vis=51.6% tht=44.3% | trades=3872 win=56.8% | $10417 (+4.2%) vs B&H +89.6% | flip@0.177 edge=0.520

═══════════════════════════════════════════════════════════
  trader3 complete — 100000 candles in 485.6s (206/s)
  Orchestration: thought-only
  Labeled: 67315  Noise: 32685 (32.7% noise rate)

  Equity: $10417.47 (+4.17%) | B&H: +89.56%
  Trades taken: 3872  Won: 2200  Win rate: 56.8%  Skipped: 93530

  Visual journal  — buy_obs=34032 sell_obs=33283 cos_raw=0.9927 disc_strength=0.0012 recalibs=134
  Thought journal — buy_obs=34032 sell_obs=33283 cos_raw=0.9845 disc_strength=0.0018 recalibs=134

  Rolling accuracy (last 1000): visual=51.6% thought=44.3%

  By year:
    2019: 3872 trades  56.8% win  +417.47$ P&L

  Run DB: /home/watmin/work/holon/holon-lab-trading/orchestration_results/degenfix-q95-100k.db (100000 rows)
═══════════════════════════════════════════════════════════
