trader: Self-Supervised BTC Trader
  10000D, window=48, px_rows=25
  Grid: 48 cols x 100 rows (4800 pixels/viewport)
  Horizon: 36 candles (180min)
  Move threshold: 0.500% (50.0bps)
  Decay: 0.999, Recalib interval: 500
  Observe period: 1000 candles
  Initial equity: $10000
  Reward weight: 1, Correction weight: 1.5
  Use grover: false, Use attend: false
  Threads: 8, Batch size: 256

  Loading candles from "/home/watmin/work/holon/holon-lab-trading/data/analysis.db"...
  Loaded 652409 candles in 1.5s
  Warming vector cache...
  Encoding null template...
  Null template + visual cache ready.
  Initializing thought system...
  Thought system ready (223 fact codebook entries).
  Run database: /home/watmin/work/holon/holon-lab-trading/orchestration_results/delta-noise-center.db

  Starting walk-forward (100000 candles, starting at index 47)...
    10000/100000 (47/s, ETA 1907s) | 2019-02-05 13:45:00 | TENTATIVE | vis=57.2% thought=35.0% agree=57% | trades=3921 win=48.5% | eq=$9893 (-1.1%) vs bnh -6.7%
    20000/100000 (56/s, ETA 1417s) | 2019-03-12 07:05:00 | TENTATIVE | vis=44.1% thought=42.6% agree=53% | trades=8188 win=48.0% | eq=$9834 (-1.7%) vs bnh +3.6%
    30000/100000 (61/s, ETA 1146s) | 2019-04-16 00:25:00 | CONFIDENT | vis=52.5% thought=48.3% agree=51% | trades=12829 win=48.6% | eq=$9691 (-3.1%) vs bnh +36.0%
    40000/100000 (60/s, ETA 1003s) | 2019-05-20 17:45:00 | CONFIDENT | vis=46.7% thought=54.6% agree=49% | trades=20322 win=47.7% | eq=$9464 (-5.4%) vs bnh +110.3%
