trader: Self-Supervised BTC Trader
  10000D, window=48, px_rows=25
  Grid: 48 cols x 100 rows (4800 pixels/viewport)
  Horizon: 36 candles (180min)
  Move threshold: 0.500% (50.0bps)
  Decay: 0.999, Recalib interval: 500
  Observe period: 1000 candles
  Initial equity: $10000
  Reward weight: 1, Correction weight: 1.5
  Use grover: false, Use attend: false
  Threads: 8, Batch size: 256

  Loading candles from "/home/watmin/work/holon/holon-lab-trading/data/analysis.db"...
  Loaded 652409 candles in 0.7s
  Warming vector cache...
  Encoding null template...
  Null template + visual cache ready.
  Initializing thought system...
  Thought system ready (223 fact codebook entries).
  Run database: /home/watmin/work/holon/holon-lab-trading/orchestration_results/delta-selftune.db

  Starting walk-forward (100000 candles, starting at index 47)...
    10000/100000 (72/s, ETA 1248s) | 2019-02-05 13:45:00 | CONFIDENT | vis=57.2% thought=52.1% agree=53% | trades=3921 win=52.4% | eq=$10074 (+0.7%) vs bnh -6.7%
    20000/100000 (73/s, ETA 1099s) | 2019-03-12 07:05:00 | CONFIDENT | vis=44.1% thought=54.3% agree=51% | trades=8188 win=51.0% | eq=$10044 (+0.4%) vs bnh +3.6%
    30000/100000 (73/s, ETA 957s) | 2019-04-16 00:25:00 | TENTATIVE | vis=52.5% thought=48.9% agree=51% | trades=12829 win=50.2% | eq=$9966 (-0.3%) vs bnh +36.0%
    40000/100000 (73/s, ETA 822s) | 2019-05-20 17:45:00 | TENTATIVE | vis=46.7% thought=48.7% agree=51% | trades=20322 win=49.4% | eq=$9801 (-2.0%) vs bnh +110.3%
    50000/100000 (73/s, ETA 688s) | 2019-06-24 11:05:00 | TENTATIVE | vis=51.2% thought=45.7% agree=51% | trades=29158 win=49.8% | eq=$9745 (-2.6%) vs bnh +193.5%
    60000/100000 (73/s, ETA 551s) | 2019-07-29 04:25:00 | CONFIDENT | vis=55.6% thought=56.1% agree=51% | trades=38706 win=50.9% | eq=$10079 (+0.8%) vs bnh +160.4%
    70000/100000 (73/s, ETA 413s) | 2019-09-01 21:45:00 | CONFIDENT | vis=46.8% thought=52.5% agree=51% | trades=46831 win=51.1% | eq=$10099 (+1.0%) vs bnh +160.9%
    80000/100000 (73/s, ETA 275s) | 2019-10-06 15:05:00 | CONFIDENT | vis=53.3% thought=55.0% agree=51% | trades=53485 win=51.4% | eq=$10282 (+2.8%) vs bnh +114.0%
    90000/100000 (73/s, ETA 137s) | 2019-11-10 08:25:00 | CONFIDENT | vis=58.9% thought=54.4% agree=51% | trades=60026 win=51.5% | eq=$10461 (+4.6%) vs bnh +138.0%
    100000/100000 (73/s, ETA 0s) | 2019-12-15 01:45:00 | CONFIDENT | vis=49.3% thought=52.9% agree=51% | trades=66574 win=51.6% | eq=$10466 (+4.7%) vs bnh +89.6%

  --- Timing breakdown (total ms) ---
  Visual batch encode:  451794.7
  Thought encode:       872578.2
  Visual predict:         9275.8
  Thought predict:         333.2
  Rest (resolve/log):    26291.7
  Total accounted:      1360273.6

  Run database written: /home/watmin/work/holon/holon-lab-trading/orchestration_results/delta-selftune.db (100000 rows)

  Walk-forward complete.
  Orchestration mode: meta-boost
  Encoded 100000 viewports in 1372.6s (73 vec/s)
  Labeled (BUY/SELL): 67325, Noise: 32675

  ═══ Visual Journaler ═══
  Accumulators:
    buy_good:     count=68051, purity=0.0001
    sell_good:    count=66558, purity=0.0001
    buy_confuser: count=16748
    sell_confuser:count=16372
    noise:        count=32675
    cos(buy_good, sell_good) = 0.9116
    cos(buy_good, noise) = 0.5882
    cos(sell_good, noise) = 0.5806
    cos(buy_disc, sell_disc) = -1.0000
    recognition gate: noise_floor=0.0139 (buy_entropy=0.5210, sell_entropy=0.5165, d_eff=5165)

  Visual prediction accuracy:
    Overall: 50.8% (34164/67284)
    Rolling (last 1000): 50.9%

  Per-year breakdown:
    2019: 50.8% (34164/67284)

  ═══ Thought Journaler ═══
  Accumulators:
    buy_good:     count=68051, purity=0.0035
    sell_good:    count=66558, purity=0.0017
    buy_confuser: count=13177
    sell_confuser:count=19426
    noise:        count=32675
    cos(buy_good, sell_good) = 0.9482
    cos(buy_good, noise) = 0.8308
    cos(sell_good, noise) = 0.8683

  Thought prediction accuracy:
    Overall: 51.5% (34681/67284)
    Rolling (last 1000): 53.5%
    Visual-Thought agreement: 50.6% (50559/99957)

  ═══ Trader ═══
  Final phase: CONFIDENT
  Equity: $10465.67 (started $10000)
  Total return: 4.66%
  Trades taken: 66598, skipped: 995
  Win rate: 51.6% (34347/66598)
  Confidence (rolling acc - 0.5): 0.004

  Per-year P&L:
    2019: trades=66598 win_rate=51.6% pnl=$465.67

  Buy-and-hold return over same period: 89.56%
  ═══════════════════════════════════════
