trader: Self-Supervised BTC Trader
  10000D, window=48, px_rows=25
  Grid: 48 cols x 100 rows (4800 pixels/viewport)
  Horizon: 36 candles (180min)
  Move threshold: 0.500% (50.0bps)
  Decay: 0.999, Recalib interval: 500
  Observe period: 1000 candles
  Initial equity: $10000
  Reward weight: 1, Correction weight: 1.5
  Use grover: false, Use attend: false
  Threads: 8, Batch size: 256

  Loading candles from "/home/watmin/work/holon/holon-lab-trading/data/analysis.db"...
  Loaded 652409 candles in 0.6s
  Warming vector cache...
  Encoding null template...
  Null template + visual cache ready.
  Initializing thought system...
  Thought system ready (223 fact codebook entries).
  Run database: /home/watmin/work/holon/holon-lab-trading/orchestration_results/delta-disc.db

  Starting walk-forward (100000 candles, starting at index 47)...
    10000/100000 (70/s, ETA 1295s) | 2019-02-05 13:45:00 | CONFIDENT | vis=57.2% thought=44.7% agree=53% | trades=3921 win=51.0% | eq=$9909 (-0.9%) vs bnh -6.7%
    20000/100000 (72/s, ETA 1115s) | 2019-03-12 07:05:00 | CONFIDENT | vis=44.1% thought=52.6% agree=53% | trades=8187 win=50.3% | eq=$9831 (-1.7%) vs bnh +3.6%
    30000/100000 (73/s, ETA 959s) | 2019-04-16 00:25:00 | TENTATIVE | vis=52.5% thought=49.8% agree=53% | trades=12828 win=50.1% | eq=$9747 (-2.5%) vs bnh +36.0%
    40000/100000 (72/s, ETA 837s) | 2019-05-20 17:45:00 | TENTATIVE | vis=46.7% thought=46.1% agree=53% | trades=20321 win=48.5% | eq=$9475 (-5.3%) vs bnh +110.3%
    50000/100000 (71/s, ETA 706s) | 2019-06-24 11:05:00 | TENTATIVE | vis=51.2% thought=37.7% agree=52% | trades=29157 win=48.3% | eq=$9307 (-6.9%) vs bnh +193.5%
    60000/100000 (69/s, ETA 584s) | 2019-07-29 04:25:00 | CONFIDENT | vis=55.6% thought=47.2% agree=52% | trades=38705 win=49.0% | eq=$9533 (-4.7%) vs bnh +160.4%
