trader3: visual+thought journals, discriminant prediction
  16000D  window=48  horizon=36  threshold=0.500%  decay=0.999  flip=q95
  observe=1000  recalib_interval=500  orchestration=thought-only  min_conviction=0.000

  Loading candles from "/home/watmin/work/holon/holon-lab-trading/data/analysis.db"...
  Loaded 652409 candles in 0.6s
  Run database: /home/watmin/work/holon/holon-lab-trading/orchestration_results/dims-16k-q95.db

  Walk-forward: 100000 candles from index 47...
  10000/100000 (123/s ETA 730s) | 2019-02-05 | TENTATIVE | vis=55.7% tht=52.4% | trades=369 win=63.4% | $10040 (+0.4%) vs B&H -6.7% | flip@0.179 edge=0.520
  20000/100000 (123/s ETA 649s) | 2019-03-12 | CONFIDENT | vis=48.5% tht=48.0% | trades=527 win=56.5% | $10033 (+0.3%) vs B&H +3.6% | flip@0.165 edge=0.520
  30000/100000 (123/s ETA 569s) | 2019-04-16 | CONFIDENT | vis=45.9% tht=46.6% | trades=764 win=59.0% | $10086 (+0.9%) vs B&H +36.0% | flip@0.163 edge=0.520
  40000/100000 (123/s ETA 489s) | 2019-05-20 | CONFIDENT | vis=51.5% tht=54.6% | trades=1159 win=61.9% | $10200 (+2.0%) vs B&H +110.3% | flip@0.165 edge=0.520
  50000/100000 (122/s ETA 408s) | 2019-06-24 | CONFIDENT | vis=54.7% tht=56.3% | trades=1411 win=60.0% | $10225 (+2.2%) vs B&H +193.5% | flip@0.162 edge=0.520
  60000/100000 (123/s ETA 326s) | 2019-07-29 | TENTATIVE | vis=55.8% tht=52.2% | trades=1800 win=58.2% | $10248 (+2.5%) vs B&H +160.4% | flip@0.159 edge=0.520
  70000/100000 (123/s ETA 244s) | 2019-09-01 | CONFIDENT | vis=47.3% tht=50.8% | trades=2575 win=57.0% | $10277 (+2.8%) vs B&H +160.9% | flip@0.167 edge=0.520
  80000/100000 (123/s ETA 163s) | 2019-10-06 | CONFIDENT | vis=52.7% tht=49.5% | trades=2979 win=56.8% | $10319 (+3.2%) vs B&H +114.0% | flip@0.169 edge=0.520
  90000/100000 (123/s ETA 81s) | 2019-11-10 | CONFIDENT | vis=48.3% tht=49.3% | trades=3593 win=57.9% | $10439 (+4.4%) vs B&H +138.0% | flip@0.174 edge=0.520
  100000/100000 (122/s ETA 0s) | 2019-12-15 | CONFIDENT | vis=51.4% tht=44.3% | trades=3909 win=56.7% | $10405 (+4.0%) vs B&H +89.6% | flip@0.177 edge=0.520

═══════════════════════════════════════════════════════════
  trader3 complete — 100000 candles in 817.0s (122/s)
  Orchestration: thought-only
  Labeled: 67315  Noise: 32685 (32.7% noise rate)

  Equity: $10404.76 (+4.05%) | B&H: +89.56%
  Trades taken: 3909  Won: 2215  Win rate: 56.7%  Skipped: 93501

  Visual journal  — buy_obs=34032 sell_obs=33283 cos_raw=0.9928 disc_strength=0.0010 recalibs=134
  Thought journal — buy_obs=34032 sell_obs=33283 cos_raw=0.9842 disc_strength=0.0014 recalibs=134

  Rolling accuracy (last 1000): visual=51.4% thought=44.3%

  By year:
    2019: 3909 trades  56.7% win  +404.76$ P&L

  Run DB: /home/watmin/work/holon/holon-lab-trading/orchestration_results/dims-16k-q95.db (100000 rows)
═══════════════════════════════════════════════════════════
