trader3: visual+thought journals, discriminant prediction
  10000D  window=48  horizon=36  threshold=0.500%  decay=0.999  flip=q95
  observe=1000  recalib_interval=500  orchestration=thought-only  min_conviction=0.000

  Loading candles from "/home/watmin/work/holon/holon-lab-trading/data/analysis.db"...
  Loaded 652409 candles in 0.6s
  Run database: /home/watmin/work/holon/holon-lab-trading/orchestration_results/dual-journal-q95-100k.db

  Walk-forward: 100000 candles from index 47...
  10000/100000 (188/s ETA 478s) | 2019-02-05 | TENTATIVE | vis=56.5% tht=49.3% | trades=479 win=57.6% | $10040 (+0.4%) vs B&H -6.7% | flip@0.166 STABLE
  20000/100000 (189/s ETA 423s) | 2019-03-12 | CONFIDENT | vis=47.3% tht=50.0% | trades=711 win=56.1% | $10055 (+0.6%) vs B&H +3.6% | flip@0.160 STABLE
  30000/100000 (189/s ETA 370s) | 2019-04-16 | TENTATIVE | vis=50.9% tht=54.6% | trades=899 win=54.3% | $10053 (+0.5%) vs B&H +36.0% | flip@0.159 ADAPT
  40000/100000 (189/s ETA 317s) | 2019-05-20 | CONFIDENT | vis=50.5% tht=51.6% | trades=1504 win=57.4% | $10176 (+1.8%) vs B&H +110.3% | flip@0.170 STABLE
  50000/100000 (189/s ETA 265s) | 2019-06-24 | TENTATIVE | vis=58.5% tht=55.7% | trades=1955 win=54.8% | $10173 (+1.7%) vs B&H +193.5% | flip@0.170 ADAPT
  60000/100000 (190/s ETA 211s) | 2019-07-29 | TENTATIVE | vis=54.9% tht=49.4% | trades=2211 win=55.0% | $10207 (+2.1%) vs B&H +160.4% | flip@0.167 STABLE
  70000/100000 (190/s ETA 158s) | 2019-09-01 | CONFIDENT | vis=47.7% tht=52.7% | trades=2887 win=54.6% | $10221 (+2.2%) vs B&H +160.9% | flip@0.176 STABLE
  80000/100000 (189/s ETA 106s) | 2019-10-06 | CONFIDENT | vis=52.6% tht=47.6% | trades=3158 win=54.4% | $10228 (+2.3%) vs B&H +114.0% | flip@0.178 STABLE
  90000/100000 (188/s ETA 53s) | 2019-11-10 | CONFIDENT | vis=56.0% tht=48.3% | trades=3964 win=54.5% | $10264 (+2.6%) vs B&H +138.0% | flip@0.181 ADAPT
  100000/100000 (188/s ETA 0s) | 2019-12-15 | TENTATIVE | vis=55.8% tht=46.3% | trades=4306 win=53.9% | $10256 (+2.6%) vs B&H +89.6% | flip@0.185 ADAPT

═══════════════════════════════════════════════════════════
  trader3 complete — 100000 candles in 532.0s (188/s)
  Orchestration: thought-only
  Labeled: 67315  Noise: 32685 (32.7% noise rate)

  Equity: $10256.13 (+2.56%) | B&H: +89.56%
  Trades taken: 4306  Won: 2319  Win rate: 53.9%  Skipped: 92561

  Visual journal  — buy_obs=34032 sell_obs=33283 cos_raw=0.9548 disc_strength=0.0030 recalibs=134
  Thought journal — buy_obs=34032 sell_obs=33283 cos_raw=0.8531 disc_strength=0.0054 recalibs=134

  Rolling accuracy (last 1000): visual=55.8% thought=46.3%

  By year:
    2019: 4306 trades  53.9% win  +256.13$ P&L

  Run DB: /home/watmin/work/holon/holon-lab-trading/orchestration_results/dual-journal-q95-100k.db (100000 rows)
═══════════════════════════════════════════════════════════
