trader3: visual+thought journals, discriminant prediction
  20000D  window=48  horizon=36  threshold=0.500%  decay=0.999  flip=q99
  observe=1000  recalib_interval=500  orchestration=thought-only  min_conviction=0.000

  Loading candles from "/home/watmin/work/holon/holon-lab-trading/data/analysis.db"...
  Loaded 652409 candles in 0.6s
  Run database: /home/watmin/work/holon/holon-lab-trading/orchestration_results/engram-select-q99-100k.db

  Walk-forward: 100000 candles from index 47...
  10000/100000 (258/s ETA 349s) | 2019-02-05 | TENTATIVE | vis=0.0% tht=46.3% | trades=85 win=74.1% | $10014 (+0.1%) vs B&H -6.7% | flip@0.247 STABLE
  20000/100000 (257/s ETA 311s) | 2019-03-12 | TENTATIVE | vis=0.0% tht=45.0% | trades=94 win=72.3% | $10014 (+0.1%) vs B&H +3.6% | flip@0.228 STABLE
  30000/100000 (260/s ETA 269s) | 2019-04-16 | TENTATIVE | vis=0.0% tht=44.9% | trades=124 win=69.4% | $10014 (+0.1%) vs B&H +36.0% | flip@0.222 STABLE
  40000/100000 (250/s ETA 240s) | 2019-05-20 | TENTATIVE | vis=0.0% tht=48.9% | trades=160 win=74.4% | $10023 (+0.2%) vs B&H +110.3% | flip@0.215 STABLE
  50000/100000 (245/s ETA 204s) | 2019-06-24 | TENTATIVE | vis=0.0% tht=56.4% | trades=201 win=67.7% | $10021 (+0.2%) vs B&H +193.5% | flip@0.212 STABLE
  60000/100000 (237/s ETA 169s) | 2019-07-29 | TENTATIVE | vis=0.0% tht=53.4% | trades=307 win=65.1% | $10033 (+0.3%) vs B&H +160.4% | flip@0.203 STABLE
  70000/100000 (225/s ETA 133s) | 2019-09-01 | TENTATIVE | vis=0.0% tht=51.4% | trades=726 win=53.6% | $10014 (+0.1%) vs B&H +160.9% | flip@0.227 ADAPT
  80000/100000 (218/s ETA 92s) | 2019-10-06 | TENTATIVE | vis=0.0% tht=49.1% | trades=944 win=52.3% | $10015 (+0.2%) vs B&H +114.0% | flip@0.241 ADAPT
  90000/100000 (213/s ETA 47s) | 2019-11-10 | CONFIDENT | vis=0.0% tht=50.2% | trades=1129 win=52.3% | $10018 (+0.2%) vs B&H +138.0% | flip@0.253 ADAPT
  100000/100000 (212/s ETA 0s) | 2019-12-15 | TENTATIVE | vis=0.0% tht=52.9% | trades=1206 win=52.0% | $10018 (+0.2%) vs B&H +89.6% | flip@0.260 ADAPT

═══════════════════════════════════════════════════════════
  trader3 complete — 100000 candles in 471.5s (212/s)
  Orchestration: thought-only
  Labeled: 67315  Noise: 32685 (32.7% noise rate)

  Equity: $10017.53 (+0.18%) | B&H: +89.56%
  Trades taken: 1206  Won: 627  Win rate: 52.0%  Skipped: 97522

  Visual journal  — buy_obs=34032 sell_obs=33283 cos_raw=0.0000 disc_strength=0.0000 recalibs=134
  Thought journal — buy_obs=34032 sell_obs=33283 cos_raw=0.8492 disc_strength=0.0039 recalibs=134

  Rolling accuracy (last 1000): visual=0.0% thought=52.9%

  Visual pattern groups: 1206 discovered
    Group 0: 1 obs, 1 trades (0W/1L = 0.0%)
    Group 1: 1 obs, 1 trades (0W/1L = 0.0%)
    Group 2: 1 obs, 1 trades (0W/1L = 0.0%)
    Group 3: 1 obs, 1 trades (0W/1L = 0.0%)
    Group 4: 1 obs, 1 trades (0W/1L = 0.0%)
    Group 5: 1 obs, 1 trades (0W/1L = 0.0%)
    Group 6: 1 obs, 1 trades (1W/0L = 100.0%)
    Group 7: 1 obs, 1 trades (1W/0L = 100.0%)
    Group 8: 1 obs, 1 trades (1W/0L = 100.0%)
    Group 9: 1 obs, 1 trades (1W/0L = 100.0%)
    Group 10: 1 obs, 1 trades (1W/0L = 100.0%)
    Group 11: 1 obs, 1 trades (1W/0L = 100.0%)
    Group 12: 1 obs, 1 trades (1W/0L = 100.0%)
    Group 13: 1 obs, 1 trades (1W/0L = 100.0%)
    Group 14: 1 obs, 1 trades (1W/0L = 100.0%)
    Group 15: 1 obs, 1 trades (1W/0L = 100.0%)
    Group 16: 1 obs, 1 trades (1W/0L = 100.0%)
    Group 17: 1 obs, 1 trades (1W/0L = 100.0%)
    Group 18: 1 obs, 1 trades (1W/0L = 100.0%)
    Group 19: 1 obs, 1 trades (1W/0L = 100.0%)
    Group 20: 1 obs, 1 trades (1W/0L = 100.0%)
    Group 21: 1 obs, 1 trades (1W/0L = 100.0%)
    Group 22: 1 obs, 1 trades (1W/0L = 100.0%)
    Group 23: 1 obs, 1 trades (1W/0L = 100.0%)
    Group 24: 1 obs, 1 trades (1W/0L = 100.0%)
    Group 25: 1 obs, 1 trades (1W/0L = 100.0%)
    Group 26: 1 obs, 1 trades (1W/0L = 100.0%)
    Group 27: 1 obs, 1 trades (1W/0L = 100.0%)
    Group 28: 1 obs, 1 trades (0W/1L = 0.0%)
    Group 29: 1 obs, 1 trades (1W/0L = 100.0%)
    Group 30: 1 obs, 1 trades (1W/0L = 100.0%)
    Group 31: 1 obs, 1 trades (1W/0L = 100.0%)
    Group 32: 1 obs, 1 trades (1W/0L = 100.0%)
    Group 33: 1 obs, 1 trades (1W/0L = 100.0%)
    Group 34: 1 obs, 1 trades (1W/0L = 100.0%)
    Group 35: 1 obs, 1 trades (1W/0L = 100.0%)
    Group 36: 1 obs, 1 trades (1W/0L = 100.0%)
    Group 37: 1 obs, 1 trades (1W/0L = 100.0%)
    Group 38: 1 obs, 1 trades (1W/0L = 100.0%)
    Group 39: 1 obs, 1 trades (1W/0L = 100.0%)
    Group 40: 1 obs, 1 trades (1W/0L = 100.0%)
    Group 41: 1 obs, 1 trades (1W/0L = 100.0%)
    Group 42: 1 obs, 1 trades (0W/1L = 0.0%)
    Group 43: 1 obs, 1 trades (0W/1L = 0.0%)
    Group 44: 1 obs, 1 trades (0W/1L = 0.0%)
    Group 45: 1 obs, 1 trades (1W/0L = 100.0%)
    Group 46: 1 obs, 1 trades (1W/0L = 100.0%)
    Group 47: 1 obs, 1 trades (1W/0L = 100.0%)
    Group 48: 1 obs, 1 trades (1W/0L = 100.0%)
    Group 49: 1 obs, 1 trades (1W/0L = 100.0%)
    Group 50: 1 obs, 1 trades (1W/0L = 100.0%)
    Group 51: 1 obs, 1 trades (1W/0L = 100.0%)
    Group 52: 1 obs, 1 trades (0W/1L = 0.0%)
    Group 53: 1 obs, 1 trades (1W/0L = 100.0%)
    Group 54: 1 obs, 1 trades (1W/0L = 100.0%)
    Group 55: 1 obs, 1 trades (1W/0L = 100.0%)
    Group 56: 1 obs, 1 trades (1W/0L = 100.0%)
    Group 57: 1 obs, 1 trades (1W/0L = 100.0%)
    Group 58: 1 obs, 1 trades (1W/0L = 100.0%)
    Group 59: 1 obs, 1 trades (1W/0L = 100.0%)
    Group 60: 1 obs, 1 trades (1W/0L = 100.0%)
    Group 61: 1 obs, 1 trades (1W/0L = 100.0%)
    Group 62: 1 obs, 1 trades (1W/0L = 100.0%)
    Group 63: 1 obs, 1 trades (1W/0L = 100.0%)
    Group 64: 1 obs, 1 trades (1W/0L = 100.0%)
    Group 65: 1 obs, 1 trades (1W/0L = 100.0%)
    Group 66: 1 obs, 1 trades (1W/0L = 100.0%)
    Group 67: 1 obs, 1 trades (1W/0L = 100.0%)
    Group 68: 1 obs, 1 trades (1W/0L = 100.0%)
    Group 69: 1 obs, 1 trades (1W/0L = 100.0%)
    Group 70: 1 obs, 1 trades (0W/1L = 0.0%)
    Group 71: 1 obs, 1 trades (0W/1L = 0.0%)
    Group 72: 1 obs, 1 trades (0W/1L = 0.0%)
    Group 73: 1 obs, 1 trades (0W/1L = 0.0%)
    Group 74: 1 obs, 1 trades (0W/1L = 0.0%)
    Group 75: 1 obs, 1 trades (0W/1L = 0.0%)
    Group 76: 1 obs, 1 trades (0W/1L = 0.0%)
    Group 77: 1 obs, 1 trades (0W/1L = 0.0%)
    Group 78: 1 obs, 1 trades (0W/1L = 0.0%)
    Group 79: 1 obs, 1 trades (0W/1L = 0.0%)
    Group 80: 1 obs, 1 trades (0W/1L = 0.0%)
    Group 81: 1 obs, 1 trades (1W/0L = 100.0%)
    Group 82: 1 obs, 1 trades (1W/0L = 100.0%)
    Group 83: 1 obs, 1 trades (1W/0L = 100.0%)
    Group 84: 1 obs, 1 trades (1W/0L = 100.0%)
    Group 85: 1 obs, 1 trades (0W/1L = 0.0%)
    Group 86: 1 obs, 1 trades (0W/1L = 0.0%)
    Group 87: 1 obs, 1 trades (1W/0L = 100.0%)
    Group 88: 1 obs, 1 trades (0W/1L = 0.0%)
    Group 89: 1 obs, 1 trades (0W/1L = 0.0%)
    Group 90: 1 obs, 1 trades (1W/0L = 100.0%)
    Group 91: 1 obs, 1 trades (1W/0L = 100.0%)
    Group 92: 1 obs, 1 trades (1W/0L = 100.0%)
    Group 93: 1 obs, 1 trades (1W/0L = 100.0%)
    Group 94: 1 obs, 1 trades (1W/0L = 100.0%)
    Group 95: 1 obs, 1 trades (1W/0L = 100.0%)
    Group 96: 1 obs, 1 trades (1W/0L = 100.0%)
    Group 97: 1 obs, 1 trades (1W/0L = 100.0%)
    Group 98: 1 obs, 1 trades (1W/0L = 100.0%)
    Group 99: 1 obs, 1 trades (1W/0L = 100.0%)
    Group 100: 1 obs, 1 trades (1W/0L = 100.0%)
    Group 101: 1 obs, 1 trades (1W/0L = 100.0%)
    Group 102: 1 obs, 1 trades (0W/1L = 0.0%)
    Group 103: 1 obs, 1 trades (1W/0L = 100.0%)
    Group 104: 1 obs, 1 trades (0W/1L = 0.0%)
    Group 105: 1 obs, 1 trades (0W/1L = 0.0%)
    Group 106: 1 obs, 1 trades (1W/0L = 100.0%)
    Group 107: 1 obs, 1 trades (1W/0L = 100.0%)
    Group 108: 1 obs, 1 trades (1W/0L = 100.0%)
    Group 109: 1 obs, 1 trades (0W/1L = 0.0%)
    Group 110: 1 obs, 1 trades (0W/1L = 0.0%)
    Group 111: 1 obs, 1 trades (0W/1L = 0.0%)
    Group 112: 1 obs, 1 trades (1W/0L = 100.0%)
    Group 113: 1 obs, 1 trades (0W/1L = 0.0%)
    Group 114: 1 obs, 1 trades (0W/1L = 0.0%)
    Group 115: 1 obs, 1 trades (1W/0L = 100.0%)
    Group 116: 1 obs, 1 trades (1W/0L = 100.0%)
    Group 117: 1 obs, 1 trades (1W/0L = 100.0%)
    Group 118: 1 obs, 1 trades (1W/0L = 100.0%)
    Group 119: 1 obs, 1 trades (0W/1L = 0.0%)
    Group 120: 1 obs, 1 trades (0W/1L = 0.0%)
    Group 121: 1 obs, 1 trades (0W/1L = 0.0%)
    Group 122: 1 obs, 1 trades (0W/1L = 0.0%)
    Group 123: 1 obs, 1 trades (1W/0L = 100.0%)
    Group 124: 1 obs, 1 trades (1W/0L = 100.0%)
    Group 125: 1 obs, 1 trades (1W/0L = 100.0%)
    Group 126: 1 obs, 1 trades (1W/0L = 100.0%)
    Group 127: 1 obs, 1 trades (1W/0L = 100.0%)
    Group 128: 1 obs, 1 trades (1W/0L = 100.0%)
    Group 129: 1 obs, 1 trades (1W/0L = 100.0%)
    Group 130: 1 obs, 1 trades (1W/0L = 100.0%)
    Group 131: 1 obs, 1 trades (1W/0L = 100.0%)
    Group 132: 1 obs, 1 trades (1W/0L = 100.0%)
    Group 133: 1 obs, 1 trades (1W/0L = 100.0%)
    Group 134: 1 obs, 1 trades (1W/0L = 100.0%)
    Group 135: 1 obs, 1 trades (1W/0L = 100.0%)
    Group 136: 1 obs, 1 trades (1W/0L = 100.0%)
    Group 137: 1 obs, 1 trades (1W/0L = 100.0%)
    Group 138: 1 obs, 1 trades (1W/0L = 100.0%)
    Group 139: 1 obs, 1 trades (1W/0L = 100.0%)
    Group 140: 1 obs, 1 trades (1W/0L = 100.0%)
    Group 141: 1 obs, 1 trades (1W/0L = 100.0%)
    Group 142: 1 obs, 1 trades (1W/0L = 100.0%)
    Group 143: 1 obs, 1 trades (0W/1L = 0.0%)
    Group 144: 1 obs, 1 trades (1W/0L = 100.0%)
    Group 145: 1 obs, 1 trades (1W/0L = 100.0%)
    Group 146: 1 obs, 1 trades (1W/0L = 100.0%)
    Group 147: 1 obs, 1 trades (1W/0L = 100.0%)
    Group 148: 1 obs, 1 trades (1W/0L = 100.0%)
    Group 149: 1 obs, 1 trades (1W/0L = 100.0%)
    Group 150: 1 obs, 1 trades (1W/0L = 100.0%)
    Group 151: 1 obs, 1 trades (1W/0L = 100.0%)
    Group 152: 1 obs, 1 trades (1W/0L = 100.0%)
    Group 153: 1 obs, 1 trades (1W/0L = 100.0%)
    Group 154: 1 obs, 1 trades (1W/0L = 100.0%)
    Group 155: 1 obs, 1 trades (1W/0L = 100.0%)
    Group 156: 1 obs, 1 trades (1W/0L = 100.0%)
    Group 157: 1 obs, 1 trades (0W/1L = 0.0%)
    Group 158: 1 obs, 1 trades (0W/1L = 0.0%)
    Group 159: 1 obs, 1 trades (1W/0L = 100.0%)
    Group 160: 1 obs, 1 trades (1W/0L = 100.0%)
    Group 161: 1 obs, 1 trades (0W/1L = 0.0%)
    Group 162: 1 obs, 1 trades (0W/1L = 0.0%)
    Group 163: 1 obs, 1 trades (0W/1L = 0.0%)
    Group 164: 1 obs, 1 trades (0W/1L = 0.0%)
    Group 165: 1 obs, 1 trades (1W/0L = 100.0%)
    Group 166: 1 obs, 1 trades (0W/1L = 0.0%)
    Group 167: 1 obs, 1 trades (0W/1L = 0.0%)
    Group 168: 1 obs, 1 trades (1W/0L = 100.0%)
    Group 169: 1 obs, 1 trades (1W/0L = 100.0%)
    Group 170: 1 obs, 1 trades (1W/0L = 100.0%)
    Group 171: 1 obs, 1 trades (1W/0L = 100.0%)
    Group 172: 1 obs, 1 trades (1W/0L = 100.0%)
    Group 173: 1 obs, 1 trades (0W/1L = 0.0%)
    Group 174: 1 obs, 1 trades (0W/1L = 0.0%)
    Group 175: 1 obs, 1 trades (1W/0L = 100.0%)
    Group 176: 1 obs, 1 trades (0W/1L = 0.0%)
    Group 177: 1 obs, 1 trades (0W/1L = 0.0%)
    Group 178: 1 obs, 1 trades (0W/1L = 0.0%)
    Group 179: 1 obs, 1 trades (0W/1L = 0.0%)
    Group 180: 1 obs, 1 trades (0W/1L = 0.0%)
    Group 181: 1 obs, 1 trades (0W/1L = 0.0%)
    Group 182: 1 obs, 1 trades (0W/1L = 0.0%)
    Group 183: 1 obs, 1 trades (0W/1L = 0.0%)
    Group 184: 1 obs, 1 trades (0W/1L = 0.0%)
    Group 185: 1 obs, 1 trades (0W/1L = 0.0%)
    Group 186: 1 obs, 1 trades (1W/0L = 100.0%)
    Group 187: 1 obs, 1 trades (1W/0L = 100.0%)
    Group 188: 1 obs, 1 trades (0W/1L = 0.0%)
    Group 189: 1 obs, 1 trades (0W/1L = 0.0%)
    Group 190: 1 obs, 1 trades (1W/0L = 100.0%)
    Group 191: 1 obs, 1 trades (1W/0L = 100.0%)
    Group 192: 1 obs, 1 trades (0W/1L = 0.0%)
    Group 193: 1 obs, 1 trades (0W/1L = 0.0%)
    Group 194: 1 obs, 1 trades (1W/0L = 100.0%)
    Group 195: 1 obs, 1 trades (1W/0L = 100.0%)
    Group 196: 1 obs, 1 trades (1W/0L = 100.0%)
    Group 197: 1 obs, 1 trades (0W/1L = 0.0%)
    Group 198: 1 obs, 1 trades (0W/1L = 0.0%)
    Group 199: 1 obs, 1 trades (1W/0L = 100.0%)
    Group 200: 1 obs, 1 trades (1W/0L = 100.0%)
    Group 201: 1 obs, 1 trades (1W/0L = 100.0%)
    Group 202: 1 obs, 1 trades (1W/0L = 100.0%)
    Group 203: 1 obs, 1 trades (1W/0L = 100.0%)
    Group 204: 1 obs, 1 trades (1W/0L = 100.0%)
    Group 205: 1 obs, 1 trades (1W/0L = 100.0%)
    Group 206: 1 obs, 1 trades (0W/1L = 0.0%)
    Group 207: 1 obs, 1 trades (0W/1L = 0.0%)
    Group 208: 1 obs, 1 trades (1W/0L = 100.0%)
    Group 209: 1 obs, 1 trades (1W/0L = 100.0%)
    Group 210: 1 obs, 1 trades (0W/1L = 0.0%)
    Group 211: 1 obs, 1 trades (0W/1L = 0.0%)
    Group 212: 1 obs, 1 trades (1W/0L = 100.0%)
    Group 213: 1 obs, 1 trades (0W/1L = 0.0%)
    Group 214: 1 obs, 1 trades (1W/0L = 100.0%)
    Group 215: 1 obs, 1 trades (1W/0L = 100.0%)
    Group 216: 1 obs, 1 trades (0W/1L = 0.0%)
    Group 217: 1 obs, 1 trades (0W/1L = 0.0%)
    Group 218: 1 obs, 1 trades (1W/0L = 100.0%)
    Group 219: 1 obs, 1 trades (1W/0L = 100.0%)
    Group 220: 1 obs, 1 trades (0W/1L = 0.0%)
    Group 221: 1 obs, 1 trades (1W/0L = 100.0%)
    Group 222: 1 obs, 1 trades (1W/0L = 100.0%)
    Group 223: 1 obs, 1 trades (1W/0L = 100.0%)
    Group 224: 1 obs, 1 trades (0W/1L = 0.0%)
    Group 225: 1 obs, 1 trades (1W/0L = 100.0%)
    Group 226: 1 obs, 1 trades (0W/1L = 0.0%)
    Group 227: 1 obs, 1 trades (1W/0L = 100.0%)
    Group 228: 1 obs, 1 trades (1W/0L = 100.0%)
    Group 229: 1 obs, 1 trades (1W/0L = 100.0%)
    Group 230: 1 obs, 1 trades (1W/0L = 100.0%)
    Group 231: 1 obs, 1 trades (0W/1L = 0.0%)
    Group 232: 1 obs, 1 trades (0W/1L = 0.0%)
    Group 233: 1 obs, 1 trades (0W/1L = 0.0%)
    Group 234: 1 obs, 1 trades (1W/0L = 100.0%)
    Group 235: 1 obs, 1 trades (1W/0L = 100.0%)
    Group 236: 1 obs, 1 trades (1W/0L = 100.0%)
    Group 237: 1 obs, 1 trades (0W/1L = 0.0%)
    Group 238: 1 obs, 1 trades (1W/0L = 100.0%)
    Group 239: 1 obs, 1 trades (1W/0L = 100.0%)
    Group 240: 1 obs, 1 trades (1W/0L = 100.0%)
    Group 241: 1 obs, 1 trades (1W/0L = 100.0%)
    Group 242: 1 obs, 1 trades (0W/1L = 0.0%)
    Group 243: 1 obs, 1 trades (1W/0L = 100.0%)
    Group 244: 1 obs, 1 trades (0W/1L = 0.0%)
    Group 245: 1 obs, 1 trades (1W/0L = 100.0%)
    Group 246: 1 obs, 1 trades (0W/1L = 0.0%)
    Group 247: 1 obs, 1 trades (0W/1L = 0.0%)
    Group 248: 1 obs, 1 trades (0W/1L = 0.0%)
    Group 249: 1 obs, 1 trades (0W/1L = 0.0%)
    Group 250: 1 obs, 1 trades (1W/0L = 100.0%)
    Group 251: 1 obs, 1 trades (1W/0L = 100.0%)
    Group 252: 1 obs, 1 trades (1W/0L = 100.0%)
    Group 253: 1 obs, 1 trades (1W/0L = 100.0%)
    Group 254: 1 obs, 1 trades (1W/0L = 100.0%)
    Group 255: 1 obs, 1 trades (1W/0L = 100.0%)
    Group 256: 1 obs, 1 trades (1W/0L = 100.0%)
    Group 257: 1 obs, 1 trades (1W/0L = 100.0%)
    Group 258: 1 obs, 1 trades (1W/0L = 100.0%)
    Group 259: 1 obs, 1 trades (1W/0L = 100.0%)
    Group 260: 1 obs, 1 trades (1W/0L = 100.0%)
    Group 261: 1 obs, 1 trades (1W/0L = 100.0%)
    Group 262: 1 obs, 1 trades (1W/0L = 100.0%)
    Group 263: 1 obs, 1 trades (1W/0L = 100.0%)
    Group 264: 1 obs, 1 trades (0W/1L = 0.0%)
    Group 265: 1 obs, 1 trades (0W/1L = 0.0%)
    Group 266: 1 obs, 1 trades (0W/1L = 0.0%)
    Group 267: 1 obs, 1 trades (0W/1L = 0.0%)
    Group 268: 1 obs, 1 trades (0W/1L = 0.0%)
    Group 269: 1 obs, 1 trades (1W/0L = 100.0%)
    Group 270: 1 obs, 1 trades (1W/0L = 100.0%)
    Group 271: 1 obs, 1 trades (0W/1L = 0.0%)
    Group 272: 1 obs, 1 trades (0W/1L = 0.0%)
    Group 273: 1 obs, 1 trades (1W/0L = 100.0%)
    Group 274: 1 obs, 1 trades (1W/0L = 100.0%)
    Group 275: 1 obs, 1 trades (1W/0L = 100.0%)
    Group 276: 1 obs, 1 trades (0W/1L = 0.0%)
    Group 277: 1 obs, 1 trades (1W/0L = 100.0%)
    Group 278: 1 obs, 1 trades (0W/1L = 0.0%)
    Group 279: 1 obs, 1 trades (0W/1L = 0.0%)
    Group 280: 1 obs, 1 trades (0W/1L = 0.0%)
    Group 281: 1 obs, 1 trades (0W/1L = 0.0%)
    Group 282: 1 obs, 1 trades (0W/1L = 0.0%)
    Group 283: 1 obs, 1 trades (0W/1L = 0.0%)
    Group 284: 1 obs, 1 trades (0W/1L = 0.0%)
    Group 285: 1 obs, 1 trades (1W/0L = 100.0%)
    Group 286: 1 obs, 1 trades (0W/1L = 0.0%)
    Group 287: 1 obs, 1 trades (1W/0L = 100.0%)
    Group 288: 1 obs, 1 trades (1W/0L = 100.0%)
    Group 289: 1 obs, 1 trades (1W/0L = 100.0%)
    Group 290: 1 obs, 1 trades (0W/1L = 0.0%)
    Group 291: 1 obs, 1 trades (0W/1L = 0.0%)
    Group 292: 1 obs, 1 trades (0W/1L = 0.0%)
    Group 293: 1 obs, 1 trades (1W/0L = 100.0%)
    Group 294: 1 obs, 1 trades (1W/0L = 100.0%)
    Group 295: 1 obs, 1 trades (0W/1L = 0.0%)
    Group 296: 1 obs, 1 trades (1W/0L = 100.0%)
    Group 297: 1 obs, 1 trades (0W/1L = 0.0%)
    Group 298: 1 obs, 1 trades (1W/0L = 100.0%)
    Group 299: 1 obs, 1 trades (1W/0L = 100.0%)
    Group 300: 1 obs, 1 trades (1W/0L = 100.0%)
    Group 301: 1 obs, 1 trades (1W/0L = 100.0%)
    Group 302: 1 obs, 1 trades (1W/0L = 100.0%)
    Group 303: 1 obs, 1 trades (0W/1L = 0.0%)
    Group 304: 1 obs, 1 trades (1W/0L = 100.0%)
    Group 305: 1 obs, 1 trades (1W/0L = 100.0%)
    Group 306: 1 obs, 1 trades (1W/0L = 100.0%)
    Group 307: 1 obs, 1 trades (0W/1L = 0.0%)
    Group 308: 1 obs, 1 trades (1W/0L = 100.0%)
    Group 309: 1 obs, 1 trades (0W/1L = 0.0%)
    Group 310: 1 obs, 1 trades (0W/1L = 0.0%)
    Group 311: 1 obs, 1 trades (0W/1L = 0.0%)
    Group 312: 1 obs, 1 trades (1W/0L = 100.0%)
    Group 313: 1 obs, 1 trades (0W/1L = 0.0%)
    Group 314: 1 obs, 1 trades (1W/0L = 100.0%)
    Group 315: 1 obs, 1 trades (1W/0L = 100.0%)
    Group 316: 1 obs, 1 trades (1W/0L = 100.0%)
    Group 317: 1 obs, 1 trades (1W/0L = 100.0%)
    Group 318: 1 obs, 1 trades (1W/0L = 100.0%)
    Group 319: 1 obs, 1 trades (1W/0L = 100.0%)
    Group 320: 1 obs, 1 trades (0W/1L = 0.0%)
    Group 321: 1 obs, 1 trades (1W/0L = 100.0%)
    Group 322: 1 obs, 1 trades (1W/0L = 100.0%)
    Group 323: 1 obs, 1 trades (1W/0L = 100.0%)
    Group 324: 1 obs, 1 trades (0W/1L = 0.0%)
    Group 325: 1 obs, 1 trades (0W/1L = 0.0%)
    Group 326: 1 obs, 1 trades (0W/1L = 0.0%)
    Group 327: 1 obs, 1 trades (1W/0L = 100.0%)
    Group 328: 1 obs, 1 trades (0W/1L = 0.0%)
    Group 329: 1 obs, 1 trades (0W/1L = 0.0%)
    Group 330: 1 obs, 1 trades (0W/1L = 0.0%)
    Group 331: 1 obs, 1 trades (1W/0L = 100.0%)
    Group 332: 1 obs, 1 trades (1W/0L = 100.0%)
    Group 333: 1 obs, 1 trades (0W/1L = 0.0%)
    Group 334: 1 obs, 1 trades (0W/1L = 0.0%)
    Group 335: 1 obs, 1 trades (1W/0L = 100.0%)
    Group 336: 1 obs, 1 trades (1W/0L = 100.0%)
    Group 337: 1 obs, 1 trades (0W/1L = 0.0%)
    Group 338: 1 obs, 1 trades (0W/1L = 0.0%)
    Group 339: 1 obs, 1 trades (0W/1L = 0.0%)
    Group 340: 1 obs, 1 trades (1W/0L = 100.0%)
    Group 341: 1 obs, 1 trades (1W/0L = 100.0%)
    Group 342: 1 obs, 1 trades (0W/1L = 0.0%)
    Group 343: 1 obs, 1 trades (0W/1L = 0.0%)
    Group 344: 1 obs, 1 trades (0W/1L = 0.0%)
    Group 345: 1 obs, 1 trades (0W/1L = 0.0%)
    Group 346: 1 obs, 1 trades (0W/1L = 0.0%)
    Group 347: 1 obs, 1 trades (0W/1L = 0.0%)
    Group 348: 1 obs, 1 trades (0W/1L = 0.0%)
    Group 349: 1 obs, 1 trades (0W/1L = 0.0%)
    Group 350: 1 obs, 1 trades (0W/1L = 0.0%)
    Group 351: 1 obs, 1 trades (0W/1L = 0.0%)
    Group 352: 1 obs, 1 trades (1W/0L = 100.0%)
    Group 353: 1 obs, 1 trades (0W/1L = 0.0%)
    Group 354: 1 obs, 1 trades (1W/0L = 100.0%)
    Group 355: 1 obs, 1 trades (0W/1L = 0.0%)
    Group 356: 1 obs, 1 trades (0W/1L = 0.0%)
    Group 357: 1 obs, 1 trades (0W/1L = 0.0%)
    Group 358: 1 obs, 1 trades (0W/1L = 0.0%)
    Group 359: 1 obs, 1 trades (0W/1L = 0.0%)
    Group 360: 1 obs, 1 trades (1W/0L = 100.0%)
    Group 361: 1 obs, 1 trades (0W/1L = 0.0%)
    Group 362: 1 obs, 1 trades (0W/1L = 0.0%)
    Group 363: 1 obs, 1 trades (0W/1L = 0.0%)
    Group 364: 1 obs, 1 trades (1W/0L = 100.0%)
    Group 365: 1 obs, 1 trades (1W/0L = 100.0%)
    Group 366: 1 obs, 1 trades (0W/1L = 0.0%)
    Group 367: 1 obs, 1 trades (0W/1L = 0.0%)
    Group 368: 1 obs, 1 trades (1W/0L = 100.0%)
    Group 369: 1 obs, 1 trades (1W/0L = 100.0%)
    Group 370: 1 obs, 1 trades (0W/1L = 0.0%)
    Group 371: 1 obs, 1 trades (1W/0L = 100.0%)
    Group 372: 1 obs, 1 trades (1W/0L = 100.0%)
    Group 373: 1 obs, 1 trades (1W/0L = 100.0%)
    Group 374: 1 obs, 1 trades (1W/0L = 100.0%)
    Group 375: 1 obs, 1 trades (0W/1L = 0.0%)
    Group 376: 1 obs, 1 trades (1W/0L = 100.0%)
    Group 377: 1 obs, 1 trades (1W/0L = 100.0%)
    Group 378: 1 obs, 1 trades (0W/1L = 0.0%)
    Group 379: 1 obs, 1 trades (0W/1L = 0.0%)
    Group 380: 1 obs, 1 trades (1W/0L = 100.0%)
    Group 381: 1 obs, 1 trades (0W/1L = 0.0%)
    Group 382: 1 obs, 1 trades (0W/1L = 0.0%)
    Group 383: 1 obs, 1 trades (0W/1L = 0.0%)
    Group 384: 1 obs, 1 trades (0W/1L = 0.0%)
    Group 385: 1 obs, 1 trades (0W/1L = 0.0%)
    Group 386: 1 obs, 1 trades (0W/1L = 0.0%)
    Group 387: 1 obs, 1 trades (0W/1L = 0.0%)
    Group 388: 1 obs, 1 trades (1W/0L = 100.0%)
    Group 389: 1 obs, 1 trades (0W/1L = 0.0%)
    Group 390: 1 obs, 1 trades (0W/1L = 0.0%)
    Group 391: 1 obs, 1 trades (0W/1L = 0.0%)
    Group 392: 1 obs, 1 trades (1W/0L = 100.0%)
    Group 393: 1 obs, 1 trades (1W/0L = 100.0%)
    Group 394: 1 obs, 1 trades (0W/1L = 0.0%)
    Group 395: 1 obs, 1 trades (0W/1L = 0.0%)
    Group 396: 1 obs, 1 trades (1W/0L = 100.0%)
    Group 397: 1 obs, 1 trades (0W/1L = 0.0%)
    Group 398: 1 obs, 1 trades (1W/0L = 100.0%)
    Group 399: 1 obs, 1 trades (1W/0L = 100.0%)
    Group 400: 1 obs, 1 trades (1W/0L = 100.0%)
    Group 401: 1 obs, 1 trades (1W/0L = 100.0%)
    Group 402: 1 obs, 1 trades (1W/0L = 100.0%)
    Group 403: 1 obs, 1 trades (1W/0L = 100.0%)
    Group 404: 1 obs, 1 trades (0W/1L = 0.0%)
    Group 405: 1 obs, 1 trades (0W/1L = 0.0%)
    Group 406: 1 obs, 1 trades (0W/1L = 0.0%)
    Group 407: 1 obs, 1 trades (0W/1L = 0.0%)
    Group 408: 1 obs, 1 trades (1W/0L = 100.0%)
    Group 409: 1 obs, 1 trades (0W/1L = 0.0%)
    Group 410: 1 obs, 1 trades (0W/1L = 0.0%)
    Group 411: 1 obs, 1 trades (0W/1L = 0.0%)
    Group 412: 1 obs, 1 trades (0W/1L = 0.0%)
    Group 413: 1 obs, 1 trades (1W/0L = 100.0%)
    Group 414: 1 obs, 1 trades (0W/1L = 0.0%)
    Group 415: 1 obs, 1 trades (1W/0L = 100.0%)
    Group 416: 1 obs, 1 trades (0W/1L = 0.0%)
    Group 417: 1 obs, 1 trades (0W/1L = 0.0%)
    Group 418: 1 obs, 1 trades (0W/1L = 0.0%)
    Group 419: 1 obs, 1 trades (0W/1L = 0.0%)
    Group 420: 1 obs, 1 trades (0W/1L = 0.0%)
    Group 421: 1 obs, 1 trades (0W/1L = 0.0%)
    Group 422: 1 obs, 1 trades (0W/1L = 0.0%)
    Group 423: 1 obs, 1 trades (1W/0L = 100.0%)
    Group 424: 1 obs, 1 trades (1W/0L = 100.0%)
    Group 425: 1 obs, 1 trades (1W/0L = 100.0%)
    Group 426: 1 obs, 1 trades (1W/0L = 100.0%)
    Group 427: 1 obs, 1 trades (1W/0L = 100.0%)
    Group 428: 1 obs, 1 trades (0W/1L = 0.0%)
    Group 429: 1 obs, 1 trades (0W/1L = 0.0%)
    Group 430: 1 obs, 1 trades (0W/1L = 0.0%)
    Group 431: 1 obs, 1 trades (1W/0L = 100.0%)
    Group 432: 1 obs, 1 trades (0W/1L = 0.0%)
    Group 433: 1 obs, 1 trades (0W/1L = 0.0%)
    Group 434: 1 obs, 1 trades (0W/1L = 0.0%)
    Group 435: 1 obs, 1 trades (0W/1L = 0.0%)
    Group 436: 1 obs, 1 trades (1W/0L = 100.0%)
    Group 437: 1 obs, 1 trades (1W/0L = 100.0%)
    Group 438: 1 obs, 1 trades (0W/1L = 0.0%)
    Group 439: 1 obs, 1 trades (1W/0L = 100.0%)
    Group 440: 1 obs, 1 trades (1W/0L = 100.0%)
    Group 441: 1 obs, 1 trades (0W/1L = 0.0%)
    Group 442: 1 obs, 1 trades (1W/0L = 100.0%)
    Group 443: 1 obs, 1 trades (0W/1L = 0.0%)
    Group 444: 1 obs, 1 trades (0W/1L = 0.0%)
    Group 445: 1 obs, 1 trades (0W/1L = 0.0%)
    Group 446: 1 obs, 1 trades (0W/1L = 0.0%)
    Group 447: 1 obs, 1 trades (0W/1L = 0.0%)
    Group 448: 1 obs, 1 trades (0W/1L = 0.0%)
    Group 449: 1 obs, 1 trades (0W/1L = 0.0%)
    Group 450: 1 obs, 1 trades (0W/1L = 0.0%)
    Group 451: 1 obs, 1 trades (0W/1L = 0.0%)
    Group 452: 1 obs, 1 trades (1W/0L = 100.0%)
    Group 453: 1 obs, 1 trades (0W/1L = 0.0%)
    Group 454: 1 obs, 1 trades (0W/1L = 0.0%)
    Group 455: 1 obs, 1 trades (0W/1L = 0.0%)
    Group 456: 1 obs, 1 trades (1W/0L = 100.0%)
    Group 457: 1 obs, 1 trades (1W/0L = 100.0%)
    Group 458: 1 obs, 1 trades (0W/1L = 0.0%)
    Group 459: 1 obs, 1 trades (1W/0L = 100.0%)
    Group 460: 1 obs, 1 trades (0W/1L = 0.0%)
    Group 461: 1 obs, 1 trades (0W/1L = 0.0%)
    Group 462: 1 obs, 1 trades (0W/1L = 0.0%)
    Group 463: 1 obs, 1 trades (0W/1L = 0.0%)
    Group 464: 1 obs, 1 trades (0W/1L = 0.0%)
    Group 465: 1 obs, 1 trades (0W/1L = 0.0%)
    Group 466: 1 obs, 1 trades (0W/1L = 0.0%)
    Group 467: 1 obs, 1 trades (0W/1L = 0.0%)
    Group 468: 1 obs, 1 trades (1W/0L = 100.0%)
    Group 469: 1 obs, 1 trades (1W/0L = 100.0%)
    Group 470: 1 obs, 1 trades (1W/0L = 100.0%)
    Group 471: 1 obs, 1 trades (1W/0L = 100.0%)
    Group 472: 1 obs, 1 trades (1W/0L = 100.0%)
    Group 473: 1 obs, 1 trades (1W/0L = 100.0%)
    Group 474: 1 obs, 1 trades (1W/0L = 100.0%)
    Group 475: 1 obs, 1 trades (1W/0L = 100.0%)
    Group 476: 1 obs, 1 trades (1W/0L = 100.0%)
    Group 477: 1 obs, 1 trades (1W/0L = 100.0%)
    Group 478: 1 obs, 1 trades (1W/0L = 100.0%)
    Group 479: 1 obs, 1 trades (1W/0L = 100.0%)
    Group 480: 1 obs, 1 trades (1W/0L = 100.0%)
    Group 481: 1 obs, 1 trades (1W/0L = 100.0%)
    Group 482: 1 obs, 1 trades (1W/0L = 100.0%)
    Group 483: 1 obs, 1 trades (0W/1L = 0.0%)
    Group 484: 1 obs, 1 trades (1W/0L = 100.0%)
    Group 485: 1 obs, 1 trades (1W/0L = 100.0%)
    Group 486: 1 obs, 1 trades (1W/0L = 100.0%)
    Group 487: 1 obs, 1 trades (1W/0L = 100.0%)
    Group 488: 1 obs, 1 trades (0W/1L = 0.0%)
    Group 489: 1 obs, 1 trades (1W/0L = 100.0%)
    Group 490: 1 obs, 1 trades (1W/0L = 100.0%)
    Group 491: 1 obs, 1 trades (1W/0L = 100.0%)
    Group 492: 1 obs, 1 trades (1W/0L = 100.0%)
    Group 493: 1 obs, 1 trades (0W/1L = 0.0%)
    Group 494: 1 obs, 1 trades (0W/1L = 0.0%)
    Group 495: 1 obs, 1 trades (0W/1L = 0.0%)
    Group 496: 1 obs, 1 trades (0W/1L = 0.0%)
    Group 497: 1 obs, 1 trades (0W/1L = 0.0%)
    Group 498: 1 obs, 1 trades (0W/1L = 0.0%)
    Group 499: 1 obs, 1 trades (1W/0L = 100.0%)
    Group 500: 1 obs, 1 trades (1W/0L = 100.0%)
    Group 501: 1 obs, 1 trades (1W/0L = 100.0%)
    Group 502: 1 obs, 1 trades (1W/0L = 100.0%)
    Group 503: 1 obs, 1 trades (1W/0L = 100.0%)
    Group 504: 1 obs, 1 trades (1W/0L = 100.0%)
    Group 505: 1 obs, 1 trades (1W/0L = 100.0%)
    Group 506: 1 obs, 1 trades (1W/0L = 100.0%)
    Group 507: 1 obs, 1 trades (1W/0L = 100.0%)
    Group 508: 1 obs, 1 trades (1W/0L = 100.0%)
    Group 509: 1 obs, 1 trades (1W/0L = 100.0%)
    Group 510: 1 obs, 1 trades (1W/0L = 100.0%)
    Group 511: 1 obs, 1 trades (0W/1L = 0.0%)
    Group 512: 1 obs, 1 trades (0W/1L = 0.0%)
    Group 513: 1 obs, 1 trades (0W/1L = 0.0%)
    Group 514: 1 obs, 1 trades (0W/1L = 0.0%)
    Group 515: 1 obs, 1 trades (0W/1L = 0.0%)
    Group 516: 1 obs, 1 trades (1W/0L = 100.0%)
    Group 517: 1 obs, 1 trades (0W/1L = 0.0%)
    Group 518: 1 obs, 1 trades (1W/0L = 100.0%)
    Group 519: 1 obs, 1 trades (1W/0L = 100.0%)
    Group 520: 1 obs, 1 trades (0W/1L = 0.0%)
    Group 521: 1 obs, 1 trades (0W/1L = 0.0%)
    Group 522: 1 obs, 1 trades (0W/1L = 0.0%)
    Group 523: 1 obs, 1 trades (0W/1L = 0.0%)
    Group 524: 1 obs, 1 trades (0W/1L = 0.0%)
    Group 525: 1 obs, 1 trades (0W/1L = 0.0%)
    Group 526: 1 obs, 1 trades (0W/1L = 0.0%)
    Group 527: 1 obs, 1 trades (0W/1L = 0.0%)
    Group 528: 1 obs, 1 trades (0W/1L = 0.0%)
    Group 529: 1 obs, 1 trades (1W/0L = 100.0%)
    Group 530: 1 obs, 1 trades (1W/0L = 100.0%)
    Group 531: 1 obs, 1 trades (1W/0L = 100.0%)
    Group 532: 1 obs, 1 trades (1W/0L = 100.0%)
    Group 533: 1 obs, 1 trades (1W/0L = 100.0%)
    Group 534: 1 obs, 1 trades (0W/1L = 0.0%)
    Group 535: 1 obs, 1 trades (0W/1L = 0.0%)
    Group 536: 1 obs, 1 trades (0W/1L = 0.0%)
    Group 537: 1 obs, 1 trades (0W/1L = 0.0%)
    Group 538: 1 obs, 1 trades (0W/1L = 0.0%)
    Group 539: 1 obs, 1 trades (0W/1L = 0.0%)
    Group 540: 1 obs, 1 trades (0W/1L = 0.0%)
    Group 541: 1 obs, 1 trades (0W/1L = 0.0%)
    Group 542: 1 obs, 1 trades (1W/0L = 100.0%)
    Group 543: 1 obs, 1 trades (1W/0L = 100.0%)
    Group 544: 1 obs, 1 trades (1W/0L = 100.0%)
    Group 545: 1 obs, 1 trades (0W/1L = 0.0%)
    Group 546: 1 obs, 1 trades (0W/1L = 0.0%)
    Group 547: 1 obs, 1 trades (0W/1L = 0.0%)
    Group 548: 1 obs, 1 trades (0W/1L = 0.0%)
    Group 549: 1 obs, 1 trades (0W/1L = 0.0%)
    Group 550: 1 obs, 1 trades (0W/1L = 0.0%)
    Group 551: 1 obs, 1 trades (1W/0L = 100.0%)
    Group 552: 1 obs, 1 trades (0W/1L = 0.0%)
    Group 553: 1 obs, 1 trades (0W/1L = 0.0%)
    Group 554: 1 obs, 1 trades (0W/1L = 0.0%)
    Group 555: 1 obs, 1 trades (0W/1L = 0.0%)
    Group 556: 1 obs, 1 trades (0W/1L = 0.0%)
    Group 557: 1 obs, 1 trades (1W/0L = 100.0%)
    Group 558: 1 obs, 1 trades (1W/0L = 100.0%)
    Group 559: 1 obs, 1 trades (1W/0L = 100.0%)
    Group 560: 1 obs, 1 trades (0W/1L = 0.0%)
    Group 561: 1 obs, 1 trades (0W/1L = 0.0%)
    Group 562: 1 obs, 1 trades (0W/1L = 0.0%)
    Group 563: 1 obs, 1 trades (0W/1L = 0.0%)
    Group 564: 1 obs, 1 trades (0W/1L = 0.0%)
    Group 565: 1 obs, 1 trades (0W/1L = 0.0%)
    Group 566: 1 obs, 1 trades (0W/1L = 0.0%)
    Group 567: 1 obs, 1 trades (1W/0L = 100.0%)
    Group 568: 1 obs, 1 trades (1W/0L = 100.0%)
    Group 569: 1 obs, 1 trades (1W/0L = 100.0%)
    Group 570: 1 obs, 1 trades (1W/0L = 100.0%)
    Group 571: 1 obs, 1 trades (1W/0L = 100.0%)
    Group 572: 1 obs, 1 trades (1W/0L = 100.0%)
    Group 573: 1 obs, 1 trades (0W/1L = 0.0%)
    Group 574: 1 obs, 1 trades (0W/1L = 0.0%)
    Group 575: 1 obs, 1 trades (0W/1L = 0.0%)
    Group 576: 1 obs, 1 trades (0W/1L = 0.0%)
    Group 577: 1 obs, 1 trades (1W/0L = 100.0%)
    Group 578: 1 obs, 1 trades (0W/1L = 0.0%)
    Group 579: 1 obs, 1 trades (0W/1L = 0.0%)
    Group 580: 1 obs, 1 trades (0W/1L = 0.0%)
    Group 581: 1 obs, 1 trades (1W/0L = 100.0%)
    Group 582: 1 obs, 1 trades (1W/0L = 100.0%)
    Group 583: 1 obs, 1 trades (1W/0L = 100.0%)
    Group 584: 1 obs, 1 trades (1W/0L = 100.0%)
    Group 585: 1 obs, 1 trades (1W/0L = 100.0%)
    Group 586: 1 obs, 1 trades (0W/1L = 0.0%)
    Group 587: 1 obs, 1 trades (1W/0L = 100.0%)
    Group 588: 1 obs, 1 trades (0W/1L = 0.0%)
    Group 589: 1 obs, 1 trades (0W/1L = 0.0%)
    Group 590: 1 obs, 1 trades (0W/1L = 0.0%)
    Group 591: 1 obs, 1 trades (0W/1L = 0.0%)
    Group 592: 1 obs, 1 trades (0W/1L = 0.0%)
    Group 593: 1 obs, 1 trades (0W/1L = 0.0%)
    Group 594: 1 obs, 1 trades (0W/1L = 0.0%)
    Group 595: 1 obs, 1 trades (0W/1L = 0.0%)
    Group 596: 1 obs, 1 trades (0W/1L = 0.0%)
    Group 597: 1 obs, 1 trades (0W/1L = 0.0%)
    Group 598: 1 obs, 1 trades (0W/1L = 0.0%)
    Group 599: 1 obs, 1 trades (0W/1L = 0.0%)
    Group 600: 1 obs, 1 trades (0W/1L = 0.0%)
    Group 601: 1 obs, 1 trades (0W/1L = 0.0%)
    Group 602: 1 obs, 1 trades (0W/1L = 0.0%)
    Group 603: 1 obs, 1 trades (1W/0L = 100.0%)
    Group 604: 1 obs, 1 trades (1W/0L = 100.0%)
    Group 605: 1 obs, 1 trades (0W/1L = 0.0%)
    Group 606: 1 obs, 1 trades (0W/1L = 0.0%)
    Group 607: 1 obs, 1 trades (0W/1L = 0.0%)
    Group 608: 1 obs, 1 trades (0W/1L = 0.0%)
    Group 609: 1 obs, 1 trades (0W/1L = 0.0%)
    Group 610: 1 obs, 1 trades (1W/0L = 100.0%)
    Group 611: 1 obs, 1 trades (1W/0L = 100.0%)
    Group 612: 1 obs, 1 trades (1W/0L = 100.0%)
    Group 613: 1 obs, 1 trades (1W/0L = 100.0%)
    Group 614: 1 obs, 1 trades (1W/0L = 100.0%)
    Group 615: 1 obs, 1 trades (1W/0L = 100.0%)
    Group 616: 1 obs, 1 trades (1W/0L = 100.0%)
    Group 617: 1 obs, 1 trades (0W/1L = 0.0%)
    Group 618: 1 obs, 1 trades (0W/1L = 0.0%)
    Group 619: 1 obs, 1 trades (0W/1L = 0.0%)
    Group 620: 1 obs, 1 trades (0W/1L = 0.0%)
    Group 621: 1 obs, 1 trades (0W/1L = 0.0%)
    Group 622: 1 obs, 1 trades (0W/1L = 0.0%)
    Group 623: 1 obs, 1 trades (0W/1L = 0.0%)
    Group 624: 1 obs, 1 trades (0W/1L = 0.0%)
    Group 625: 1 obs, 1 trades (0W/1L = 0.0%)
    Group 626: 1 obs, 1 trades (1W/0L = 100.0%)
    Group 627: 1 obs, 1 trades (0W/1L = 0.0%)
    Group 628: 1 obs, 1 trades (0W/1L = 0.0%)
    Group 629: 1 obs, 1 trades (1W/0L = 100.0%)
    Group 630: 1 obs, 1 trades (0W/1L = 0.0%)
    Group 631: 1 obs, 1 trades (0W/1L = 0.0%)
    Group 632: 1 obs, 1 trades (1W/0L = 100.0%)
    Group 633: 1 obs, 1 trades (1W/0L = 100.0%)
    Group 634: 1 obs, 1 trades (0W/1L = 0.0%)
    Group 635: 1 obs, 1 trades (1W/0L = 100.0%)
    Group 636: 1 obs, 1 trades (0W/1L = 0.0%)
    Group 637: 1 obs, 1 trades (0W/1L = 0.0%)
    Group 638: 1 obs, 1 trades (1W/0L = 100.0%)
    Group 639: 1 obs, 1 trades (1W/0L = 100.0%)
    Group 640: 1 obs, 1 trades (1W/0L = 100.0%)
    Group 641: 1 obs, 1 trades (1W/0L = 100.0%)
    Group 642: 1 obs, 1 trades (1W/0L = 100.0%)
    Group 643: 1 obs, 1 trades (1W/0L = 100.0%)
    Group 644: 1 obs, 1 trades (0W/1L = 0.0%)
    Group 645: 1 obs, 1 trades (1W/0L = 100.0%)
    Group 646: 1 obs, 1 trades (1W/0L = 100.0%)
    Group 647: 1 obs, 1 trades (1W/0L = 100.0%)
    Group 648: 1 obs, 1 trades (0W/1L = 0.0%)
    Group 649: 1 obs, 1 trades (1W/0L = 100.0%)
    Group 650: 1 obs, 1 trades (1W/0L = 100.0%)
    Group 651: 1 obs, 1 trades (1W/0L = 100.0%)
    Group 652: 1 obs, 1 trades (1W/0L = 100.0%)
    Group 653: 1 obs, 1 trades (1W/0L = 100.0%)
    Group 654: 1 obs, 1 trades (1W/0L = 100.0%)
    Group 655: 1 obs, 1 trades (0W/1L = 0.0%)
    Group 656: 1 obs, 1 trades (1W/0L = 100.0%)
    Group 657: 1 obs, 1 trades (1W/0L = 100.0%)
    Group 658: 1 obs, 1 trades (1W/0L = 100.0%)
    Group 659: 1 obs, 1 trades (1W/0L = 100.0%)
    Group 660: 1 obs, 1 trades (0W/1L = 0.0%)
    Group 661: 1 obs, 1 trades (1W/0L = 100.0%)
    Group 662: 1 obs, 1 trades (1W/0L = 100.0%)
    Group 663: 1 obs, 1 trades (0W/1L = 0.0%)
    Group 664: 1 obs, 1 trades (0W/1L = 0.0%)
    Group 665: 1 obs, 1 trades (1W/0L = 100.0%)
    Group 666: 1 obs, 1 trades (0W/1L = 0.0%)
    Group 667: 1 obs, 1 trades (0W/1L = 0.0%)
    Group 668: 1 obs, 1 trades (0W/1L = 0.0%)
    Group 669: 1 obs, 1 trades (0W/1L = 0.0%)
    Group 670: 1 obs, 1 trades (1W/0L = 100.0%)
    Group 671: 1 obs, 1 trades (0W/1L = 0.0%)
    Group 672: 1 obs, 1 trades (0W/1L = 0.0%)
    Group 673: 1 obs, 1 trades (1W/0L = 100.0%)
    Group 674: 1 obs, 1 trades (1W/0L = 100.0%)
    Group 675: 1 obs, 1 trades (1W/0L = 100.0%)
    Group 676: 1 obs, 1 trades (0W/1L = 0.0%)
    Group 677: 1 obs, 1 trades (1W/0L = 100.0%)
    Group 678: 1 obs, 1 trades (1W/0L = 100.0%)
    Group 679: 1 obs, 1 trades (1W/0L = 100.0%)
    Group 680: 1 obs, 1 trades (1W/0L = 100.0%)
    Group 681: 1 obs, 1 trades (1W/0L = 100.0%)
    Group 682: 1 obs, 1 trades (1W/0L = 100.0%)
    Group 683: 1 obs, 1 trades (1W/0L = 100.0%)
    Group 684: 1 obs, 1 trades (1W/0L = 100.0%)
    Group 685: 1 obs, 1 trades (1W/0L = 100.0%)
    Group 686: 1 obs, 1 trades (1W/0L = 100.0%)
    Group 687: 1 obs, 1 trades (1W/0L = 100.0%)
    Group 688: 1 obs, 1 trades (0W/1L = 0.0%)
    Group 689: 1 obs, 1 trades (0W/1L = 0.0%)
    Group 690: 1 obs, 1 trades (0W/1L = 0.0%)
    Group 691: 1 obs, 1 trades (0W/1L = 0.0%)
    Group 692: 1 obs, 1 trades (0W/1L = 0.0%)
    Group 693: 1 obs, 1 trades (0W/1L = 0.0%)
    Group 694: 1 obs, 1 trades (1W/0L = 100.0%)
    Group 695: 1 obs, 1 trades (0W/1L = 0.0%)
    Group 696: 1 obs, 1 trades (1W/0L = 100.0%)
    Group 697: 1 obs, 1 trades (1W/0L = 100.0%)
    Group 698: 1 obs, 1 trades (1W/0L = 100.0%)
    Group 699: 1 obs, 1 trades (1W/0L = 100.0%)
    Group 700: 1 obs, 1 trades (1W/0L = 100.0%)
    Group 701: 1 obs, 1 trades (1W/0L = 100.0%)
    Group 702: 1 obs, 1 trades (1W/0L = 100.0%)
    Group 703: 1 obs, 1 trades (0W/1L = 0.0%)
    Group 704: 1 obs, 1 trades (1W/0L = 100.0%)
    Group 705: 1 obs, 1 trades (0W/1L = 0.0%)
    Group 706: 1 obs, 1 trades (0W/1L = 0.0%)
    Group 707: 1 obs, 1 trades (0W/1L = 0.0%)
    Group 708: 1 obs, 1 trades (0W/1L = 0.0%)
    Group 709: 1 obs, 1 trades (0W/1L = 0.0%)
    Group 710: 1 obs, 1 trades (1W/0L = 100.0%)
    Group 711: 1 obs, 1 trades (0W/1L = 0.0%)
    Group 712: 1 obs, 1 trades (0W/1L = 0.0%)
    Group 713: 1 obs, 1 trades (1W/0L = 100.0%)
    Group 714: 1 obs, 1 trades (0W/1L = 0.0%)
    Group 715: 1 obs, 1 trades (1W/0L = 100.0%)
    Group 716: 1 obs, 1 trades (0W/1L = 0.0%)
    Group 717: 1 obs, 1 trades (1W/0L = 100.0%)
    Group 718: 1 obs, 1 trades (1W/0L = 100.0%)
    Group 719: 1 obs, 1 trades (0W/1L = 0.0%)
    Group 720: 1 obs, 1 trades (0W/1L = 0.0%)
    Group 721: 1 obs, 1 trades (0W/1L = 0.0%)
    Group 722: 1 obs, 1 trades (0W/1L = 0.0%)
    Group 723: 1 obs, 1 trades (0W/1L = 0.0%)
    Group 724: 1 obs, 1 trades (1W/0L = 100.0%)
    Group 725: 1 obs, 1 trades (0W/1L = 0.0%)
    Group 726: 1 obs, 1 trades (1W/0L = 100.0%)
    Group 727: 1 obs, 1 trades (1W/0L = 100.0%)
    Group 728: 1 obs, 1 trades (0W/1L = 0.0%)
    Group 729: 1 obs, 1 trades (0W/1L = 0.0%)
    Group 730: 1 obs, 1 trades (0W/1L = 0.0%)
    Group 731: 1 obs, 1 trades (1W/0L = 100.0%)
    Group 732: 1 obs, 1 trades (1W/0L = 100.0%)
    Group 733: 1 obs, 1 trades (1W/0L = 100.0%)
    Group 734: 1 obs, 1 trades (1W/0L = 100.0%)
    Group 735: 1 obs, 1 trades (1W/0L = 100.0%)
    Group 736: 1 obs, 1 trades (1W/0L = 100.0%)
    Group 737: 1 obs, 1 trades (1W/0L = 100.0%)
    Group 738: 1 obs, 1 trades (1W/0L = 100.0%)
    Group 739: 1 obs, 1 trades (0W/1L = 0.0%)
    Group 740: 1 obs, 1 trades (0W/1L = 0.0%)
    Group 741: 1 obs, 1 trades (0W/1L = 0.0%)
    Group 742: 1 obs, 1 trades (0W/1L = 0.0%)
    Group 743: 1 obs, 1 trades (1W/0L = 100.0%)
    Group 744: 1 obs, 1 trades (1W/0L = 100.0%)
    Group 745: 1 obs, 1 trades (0W/1L = 0.0%)
    Group 746: 1 obs, 1 trades (1W/0L = 100.0%)
    Group 747: 1 obs, 1 trades (1W/0L = 100.0%)
    Group 748: 1 obs, 1 trades (0W/1L = 0.0%)
    Group 749: 1 obs, 1 trades (0W/1L = 0.0%)
    Group 750: 1 obs, 1 trades (0W/1L = 0.0%)
    Group 751: 1 obs, 1 trades (0W/1L = 0.0%)
    Group 752: 1 obs, 1 trades (0W/1L = 0.0%)
    Group 753: 1 obs, 1 trades (0W/1L = 0.0%)
    Group 754: 1 obs, 1 trades (1W/0L = 100.0%)
    Group 755: 1 obs, 1 trades (1W/0L = 100.0%)
    Group 756: 1 obs, 1 trades (0W/1L = 0.0%)
    Group 757: 1 obs, 1 trades (1W/0L = 100.0%)
    Group 758: 1 obs, 1 trades (1W/0L = 100.0%)
    Group 759: 1 obs, 1 trades (0W/1L = 0.0%)
    Group 760: 1 obs, 1 trades (0W/1L = 0.0%)
    Group 761: 1 obs, 1 trades (0W/1L = 0.0%)
    Group 762: 1 obs, 1 trades (0W/1L = 0.0%)
    Group 763: 1 obs, 1 trades (0W/1L = 0.0%)
    Group 764: 1 obs, 1 trades (0W/1L = 0.0%)
    Group 765: 1 obs, 1 trades (0W/1L = 0.0%)
    Group 766: 1 obs, 1 trades (0W/1L = 0.0%)
    Group 767: 1 obs, 1 trades (0W/1L = 0.0%)
    Group 768: 1 obs, 1 trades (0W/1L = 0.0%)
    Group 769: 1 obs, 1 trades (0W/1L = 0.0%)
    Group 770: 1 obs, 1 trades (0W/1L = 0.0%)
    Group 771: 1 obs, 1 trades (1W/0L = 100.0%)
    Group 772: 1 obs, 1 trades (1W/0L = 100.0%)
    Group 773: 1 obs, 1 trades (1W/0L = 100.0%)
    Group 774: 1 obs, 1 trades (1W/0L = 100.0%)
    Group 775: 1 obs, 1 trades (0W/1L = 0.0%)
    Group 776: 1 obs, 1 trades (0W/1L = 0.0%)
    Group 777: 1 obs, 1 trades (0W/1L = 0.0%)
    Group 778: 1 obs, 1 trades (0W/1L = 0.0%)
    Group 779: 1 obs, 1 trades (0W/1L = 0.0%)
    Group 780: 1 obs, 1 trades (1W/0L = 100.0%)
    Group 781: 1 obs, 1 trades (0W/1L = 0.0%)
    Group 782: 1 obs, 1 trades (1W/0L = 100.0%)
    Group 783: 1 obs, 1 trades (0W/1L = 0.0%)
    Group 784: 1 obs, 1 trades (0W/1L = 0.0%)
    Group 785: 1 obs, 1 trades (0W/1L = 0.0%)
    Group 786: 1 obs, 1 trades (0W/1L = 0.0%)
    Group 787: 1 obs, 1 trades (0W/1L = 0.0%)
    Group 788: 1 obs, 1 trades (1W/0L = 100.0%)
    Group 789: 1 obs, 1 trades (1W/0L = 100.0%)
    Group 790: 1 obs, 1 trades (1W/0L = 100.0%)
    Group 791: 1 obs, 1 trades (1W/0L = 100.0%)
    Group 792: 1 obs, 1 trades (1W/0L = 100.0%)
    Group 793: 1 obs, 1 trades (1W/0L = 100.0%)
    Group 794: 1 obs, 1 trades (1W/0L = 100.0%)
    Group 795: 1 obs, 1 trades (0W/1L = 0.0%)
    Group 796: 1 obs, 1 trades (1W/0L = 100.0%)
    Group 797: 1 obs, 1 trades (0W/1L = 0.0%)
    Group 798: 1 obs, 1 trades (0W/1L = 0.0%)
    Group 799: 1 obs, 1 trades (1W/0L = 100.0%)
    Group 800: 1 obs, 1 trades (0W/1L = 0.0%)
    Group 801: 1 obs, 1 trades (1W/0L = 100.0%)
    Group 802: 1 obs, 1 trades (0W/1L = 0.0%)
    Group 803: 1 obs, 1 trades (0W/1L = 0.0%)
    Group 804: 1 obs, 1 trades (1W/0L = 100.0%)
    Group 805: 1 obs, 1 trades (0W/1L = 0.0%)
    Group 806: 1 obs, 1 trades (0W/1L = 0.0%)
    Group 807: 1 obs, 1 trades (0W/1L = 0.0%)
    Group 808: 1 obs, 1 trades (1W/0L = 100.0%)
    Group 809: 1 obs, 1 trades (1W/0L = 100.0%)
    Group 810: 1 obs, 1 trades (0W/1L = 0.0%)
    Group 811: 1 obs, 1 trades (0W/1L = 0.0%)
    Group 812: 1 obs, 1 trades (0W/1L = 0.0%)
    Group 813: 1 obs, 1 trades (0W/1L = 0.0%)
    Group 814: 1 obs, 1 trades (1W/0L = 100.0%)
    Group 815: 1 obs, 1 trades (1W/0L = 100.0%)
    Group 816: 1 obs, 1 trades (1W/0L = 100.0%)
    Group 817: 1 obs, 1 trades (1W/0L = 100.0%)
    Group 818: 1 obs, 1 trades (1W/0L = 100.0%)
    Group 819: 1 obs, 1 trades (1W/0L = 100.0%)
    Group 820: 1 obs, 1 trades (1W/0L = 100.0%)
    Group 821: 1 obs, 1 trades (1W/0L = 100.0%)
    Group 822: 1 obs, 1 trades (0W/1L = 0.0%)
    Group 823: 1 obs, 1 trades (1W/0L = 100.0%)
    Group 824: 1 obs, 1 trades (1W/0L = 100.0%)
    Group 825: 1 obs, 1 trades (1W/0L = 100.0%)
    Group 826: 1 obs, 1 trades (1W/0L = 100.0%)
    Group 827: 1 obs, 1 trades (1W/0L = 100.0%)
    Group 828: 1 obs, 1 trades (1W/0L = 100.0%)
    Group 829: 1 obs, 1 trades (0W/1L = 0.0%)
    Group 830: 1 obs, 1 trades (0W/1L = 0.0%)
    Group 831: 1 obs, 1 trades (1W/0L = 100.0%)
    Group 832: 1 obs, 1 trades (1W/0L = 100.0%)
    Group 833: 1 obs, 1 trades (0W/1L = 0.0%)
    Group 834: 1 obs, 1 trades (1W/0L = 100.0%)
    Group 835: 1 obs, 1 trades (1W/0L = 100.0%)
    Group 836: 1 obs, 1 trades (1W/0L = 100.0%)
    Group 837: 1 obs, 1 trades (0W/1L = 0.0%)
    Group 838: 1 obs, 1 trades (1W/0L = 100.0%)
    Group 839: 1 obs, 1 trades (1W/0L = 100.0%)
    Group 840: 1 obs, 1 trades (1W/0L = 100.0%)
    Group 841: 1 obs, 1 trades (1W/0L = 100.0%)
    Group 842: 1 obs, 1 trades (1W/0L = 100.0%)
    Group 843: 1 obs, 1 trades (1W/0L = 100.0%)
    Group 844: 1 obs, 1 trades (1W/0L = 100.0%)
    Group 845: 1 obs, 1 trades (1W/0L = 100.0%)
    Group 846: 1 obs, 1 trades (1W/0L = 100.0%)
    Group 847: 1 obs, 1 trades (1W/0L = 100.0%)
    Group 848: 1 obs, 1 trades (1W/0L = 100.0%)
    Group 849: 1 obs, 1 trades (1W/0L = 100.0%)
    Group 850: 1 obs, 1 trades (1W/0L = 100.0%)
    Group 851: 1 obs, 1 trades (1W/0L = 100.0%)
    Group 852: 1 obs, 1 trades (1W/0L = 100.0%)
    Group 853: 1 obs, 1 trades (0W/1L = 0.0%)
    Group 854: 1 obs, 1 trades (0W/1L = 0.0%)
    Group 855: 1 obs, 1 trades (0W/1L = 0.0%)
    Group 856: 1 obs, 1 trades (0W/1L = 0.0%)
    Group 857: 1 obs, 1 trades (0W/1L = 0.0%)
    Group 858: 1 obs, 1 trades (0W/1L = 0.0%)
    Group 859: 1 obs, 1 trades (0W/1L = 0.0%)
    Group 860: 1 obs, 1 trades (0W/1L = 0.0%)
    Group 861: 1 obs, 1 trades (0W/1L = 0.0%)
    Group 862: 1 obs, 1 trades (1W/0L = 100.0%)
    Group 863: 1 obs, 1 trades (0W/1L = 0.0%)
    Group 864: 1 obs, 1 trades (1W/0L = 100.0%)
    Group 865: 1 obs, 1 trades (1W/0L = 100.0%)
    Group 866: 1 obs, 1 trades (0W/1L = 0.0%)
    Group 867: 1 obs, 1 trades (1W/0L = 100.0%)
    Group 868: 1 obs, 1 trades (1W/0L = 100.0%)
    Group 869: 1 obs, 1 trades (0W/1L = 0.0%)
    Group 870: 1 obs, 1 trades (0W/1L = 0.0%)
    Group 871: 1 obs, 1 trades (0W/1L = 0.0%)
    Group 872: 1 obs, 1 trades (0W/1L = 0.0%)
    Group 873: 1 obs, 1 trades (1W/0L = 100.0%)
    Group 874: 1 obs, 1 trades (0W/1L = 0.0%)
    Group 875: 1 obs, 1 trades (0W/1L = 0.0%)
    Group 876: 1 obs, 1 trades (0W/1L = 0.0%)
    Group 877: 1 obs, 1 trades (0W/1L = 0.0%)
    Group 878: 1 obs, 1 trades (0W/1L = 0.0%)
    Group 879: 1 obs, 1 trades (0W/1L = 0.0%)
    Group 880: 1 obs, 1 trades (0W/1L = 0.0%)
    Group 881: 1 obs, 1 trades (0W/1L = 0.0%)
    Group 882: 1 obs, 1 trades (1W/0L = 100.0%)
    Group 883: 1 obs, 1 trades (1W/0L = 100.0%)
    Group 884: 1 obs, 1 trades (0W/1L = 0.0%)
    Group 885: 1 obs, 1 trades (0W/1L = 0.0%)
    Group 886: 1 obs, 1 trades (1W/0L = 100.0%)
    Group 887: 1 obs, 1 trades (0W/1L = 0.0%)
    Group 888: 1 obs, 1 trades (0W/1L = 0.0%)
    Group 889: 1 obs, 1 trades (1W/0L = 100.0%)
    Group 890: 1 obs, 1 trades (1W/0L = 100.0%)
    Group 891: 1 obs, 1 trades (0W/1L = 0.0%)
    Group 892: 1 obs, 1 trades (1W/0L = 100.0%)
    Group 893: 1 obs, 1 trades (1W/0L = 100.0%)
    Group 894: 1 obs, 1 trades (0W/1L = 0.0%)
    Group 895: 1 obs, 1 trades (1W/0L = 100.0%)
    Group 896: 1 obs, 1 trades (1W/0L = 100.0%)
    Group 897: 1 obs, 1 trades (1W/0L = 100.0%)
    Group 898: 1 obs, 1 trades (0W/1L = 0.0%)
    Group 899: 1 obs, 1 trades (1W/0L = 100.0%)
    Group 900: 1 obs, 1 trades (1W/0L = 100.0%)
    Group 901: 1 obs, 1 trades (0W/1L = 0.0%)
    Group 902: 1 obs, 1 trades (0W/1L = 0.0%)
    Group 903: 1 obs, 1 trades (0W/1L = 0.0%)
    Group 904: 1 obs, 1 trades (0W/1L = 0.0%)
    Group 905: 1 obs, 1 trades (0W/1L = 0.0%)
    Group 906: 1 obs, 1 trades (1W/0L = 100.0%)
    Group 907: 1 obs, 1 trades (0W/1L = 0.0%)
    Group 908: 1 obs, 1 trades (0W/1L = 0.0%)
    Group 909: 1 obs, 1 trades (1W/0L = 100.0%)
    Group 910: 1 obs, 1 trades (1W/0L = 100.0%)
    Group 911: 1 obs, 1 trades (1W/0L = 100.0%)
    Group 912: 1 obs, 1 trades (1W/0L = 100.0%)
    Group 913: 1 obs, 1 trades (1W/0L = 100.0%)
    Group 914: 1 obs, 1 trades (1W/0L = 100.0%)
    Group 915: 1 obs, 1 trades (0W/1L = 0.0%)
    Group 916: 1 obs, 1 trades (0W/1L = 0.0%)
    Group 917: 1 obs, 1 trades (1W/0L = 100.0%)
    Group 918: 1 obs, 1 trades (0W/1L = 0.0%)
    Group 919: 1 obs, 1 trades (0W/1L = 0.0%)
    Group 920: 1 obs, 1 trades (0W/1L = 0.0%)
    Group 921: 1 obs, 1 trades (0W/1L = 0.0%)
    Group 922: 1 obs, 1 trades (0W/1L = 0.0%)
    Group 923: 1 obs, 1 trades (1W/0L = 100.0%)
    Group 924: 1 obs, 1 trades (0W/1L = 0.0%)
    Group 925: 1 obs, 1 trades (1W/0L = 100.0%)
    Group 926: 1 obs, 1 trades (0W/1L = 0.0%)
    Group 927: 1 obs, 1 trades (0W/1L = 0.0%)
    Group 928: 1 obs, 1 trades (0W/1L = 0.0%)
    Group 929: 1 obs, 1 trades (0W/1L = 0.0%)
    Group 930: 1 obs, 1 trades (1W/0L = 100.0%)
    Group 931: 1 obs, 1 trades (0W/1L = 0.0%)
    Group 932: 1 obs, 1 trades (0W/1L = 0.0%)
    Group 933: 1 obs, 1 trades (0W/1L = 0.0%)
    Group 934: 1 obs, 1 trades (0W/1L = 0.0%)
    Group 935: 1 obs, 1 trades (0W/1L = 0.0%)
    Group 936: 1 obs, 1 trades (1W/0L = 100.0%)
    Group 937: 1 obs, 1 trades (0W/1L = 0.0%)
    Group 938: 1 obs, 1 trades (0W/1L = 0.0%)
    Group 939: 1 obs, 1 trades (1W/0L = 100.0%)
    Group 940: 1 obs, 1 trades (1W/0L = 100.0%)
    Group 941: 1 obs, 1 trades (1W/0L = 100.0%)
    Group 942: 1 obs, 1 trades (1W/0L = 100.0%)
    Group 943: 1 obs, 1 trades (0W/1L = 0.0%)
    Group 944: 1 obs, 1 trades (1W/0L = 100.0%)
    Group 945: 1 obs, 1 trades (0W/1L = 0.0%)
    Group 946: 1 obs, 1 trades (1W/0L = 100.0%)
    Group 947: 1 obs, 1 trades (0W/1L = 0.0%)
    Group 948: 1 obs, 1 trades (0W/1L = 0.0%)
    Group 949: 1 obs, 1 trades (0W/1L = 0.0%)
    Group 950: 1 obs, 1 trades (1W/0L = 100.0%)
    Group 951: 1 obs, 1 trades (0W/1L = 0.0%)
    Group 952: 1 obs, 1 trades (0W/1L = 0.0%)
    Group 953: 1 obs, 1 trades (0W/1L = 0.0%)
    Group 954: 1 obs, 1 trades (0W/1L = 0.0%)
    Group 955: 1 obs, 1 trades (1W/0L = 100.0%)
    Group 956: 1 obs, 1 trades (1W/0L = 100.0%)
    Group 957: 1 obs, 1 trades (1W/0L = 100.0%)
    Group 958: 1 obs, 1 trades (1W/0L = 100.0%)
    Group 959: 1 obs, 1 trades (1W/0L = 100.0%)
    Group 960: 1 obs, 1 trades (0W/1L = 0.0%)
    Group 961: 1 obs, 1 trades (1W/0L = 100.0%)
    Group 962: 1 obs, 1 trades (1W/0L = 100.0%)
    Group 963: 1 obs, 1 trades (0W/1L = 0.0%)
    Group 964: 1 obs, 1 trades (1W/0L = 100.0%)
    Group 965: 1 obs, 1 trades (0W/1L = 0.0%)
    Group 966: 1 obs, 1 trades (0W/1L = 0.0%)
    Group 967: 1 obs, 1 trades (1W/0L = 100.0%)
    Group 968: 1 obs, 1 trades (1W/0L = 100.0%)
    Group 969: 1 obs, 1 trades (0W/1L = 0.0%)
    Group 970: 1 obs, 1 trades (0W/1L = 0.0%)
    Group 971: 1 obs, 1 trades (0W/1L = 0.0%)
    Group 972: 1 obs, 1 trades (0W/1L = 0.0%)
    Group 973: 1 obs, 1 trades (0W/1L = 0.0%)
    Group 974: 1 obs, 1 trades (0W/1L = 0.0%)
    Group 975: 1 obs, 1 trades (0W/1L = 0.0%)
    Group 976: 1 obs, 1 trades (1W/0L = 100.0%)
    Group 977: 1 obs, 1 trades (1W/0L = 100.0%)
    Group 978: 1 obs, 1 trades (1W/0L = 100.0%)
    Group 979: 1 obs, 1 trades (1W/0L = 100.0%)
    Group 980: 1 obs, 1 trades (1W/0L = 100.0%)
    Group 981: 1 obs, 1 trades (1W/0L = 100.0%)
    Group 982: 1 obs, 1 trades (1W/0L = 100.0%)
    Group 983: 1 obs, 1 trades (1W/0L = 100.0%)
    Group 984: 1 obs, 1 trades (1W/0L = 100.0%)
    Group 985: 1 obs, 1 trades (1W/0L = 100.0%)
    Group 986: 1 obs, 1 trades (1W/0L = 100.0%)
    Group 987: 1 obs, 1 trades (1W/0L = 100.0%)
    Group 988: 1 obs, 1 trades (1W/0L = 100.0%)
    Group 989: 1 obs, 1 trades (1W/0L = 100.0%)
    Group 990: 1 obs, 1 trades (1W/0L = 100.0%)
    Group 991: 1 obs, 1 trades (1W/0L = 100.0%)
    Group 992: 1 obs, 1 trades (0W/1L = 0.0%)
    Group 993: 1 obs, 1 trades (1W/0L = 100.0%)
    Group 994: 1 obs, 1 trades (1W/0L = 100.0%)
    Group 995: 1 obs, 1 trades (0W/1L = 0.0%)
    Group 996: 1 obs, 1 trades (0W/1L = 0.0%)
    Group 997: 1 obs, 1 trades (1W/0L = 100.0%)
    Group 998: 1 obs, 1 trades (1W/0L = 100.0%)
    Group 999: 1 obs, 1 trades (1W/0L = 100.0%)
    Group 1000: 1 obs, 1 trades (1W/0L = 100.0%)
    Group 1001: 1 obs, 1 trades (0W/1L = 0.0%)
    Group 1002: 1 obs, 1 trades (0W/1L = 0.0%)
    Group 1003: 1 obs, 1 trades (1W/0L = 100.0%)
    Group 1004: 1 obs, 1 trades (1W/0L = 100.0%)
    Group 1005: 1 obs, 1 trades (1W/0L = 100.0%)
    Group 1006: 1 obs, 1 trades (1W/0L = 100.0%)
    Group 1007: 1 obs, 1 trades (0W/1L = 0.0%)
    Group 1008: 1 obs, 1 trades (0W/1L = 0.0%)
    Group 1009: 1 obs, 1 trades (1W/0L = 100.0%)
    Group 1010: 1 obs, 1 trades (0W/1L = 0.0%)
    Group 1011: 1 obs, 1 trades (1W/0L = 100.0%)
    Group 1012: 1 obs, 1 trades (0W/1L = 0.0%)
    Group 1013: 1 obs, 1 trades (0W/1L = 0.0%)
    Group 1014: 1 obs, 1 trades (1W/0L = 100.0%)
    Group 1015: 1 obs, 1 trades (1W/0L = 100.0%)
    Group 1016: 1 obs, 1 trades (1W/0L = 100.0%)
    Group 1017: 1 obs, 1 trades (1W/0L = 100.0%)
    Group 1018: 1 obs, 1 trades (1W/0L = 100.0%)
    Group 1019: 1 obs, 1 trades (1W/0L = 100.0%)
    Group 1020: 1 obs, 1 trades (0W/1L = 0.0%)
    Group 1021: 1 obs, 1 trades (0W/1L = 0.0%)
    Group 1022: 1 obs, 1 trades (0W/1L = 0.0%)
    Group 1023: 1 obs, 1 trades (1W/0L = 100.0%)
    Group 1024: 1 obs, 1 trades (0W/1L = 0.0%)
    Group 1025: 1 obs, 1 trades (1W/0L = 100.0%)
    Group 1026: 1 obs, 1 trades (0W/1L = 0.0%)
    Group 1027: 1 obs, 1 trades (1W/0L = 100.0%)
    Group 1028: 1 obs, 1 trades (1W/0L = 100.0%)
    Group 1029: 1 obs, 1 trades (0W/1L = 0.0%)
    Group 1030: 1 obs, 1 trades (0W/1L = 0.0%)
    Group 1031: 1 obs, 1 trades (0W/1L = 0.0%)
    Group 1032: 1 obs, 1 trades (0W/1L = 0.0%)
    Group 1033: 1 obs, 1 trades (0W/1L = 0.0%)
    Group 1034: 1 obs, 1 trades (0W/1L = 0.0%)
    Group 1035: 1 obs, 1 trades (0W/1L = 0.0%)
    Group 1036: 1 obs, 1 trades (1W/0L = 100.0%)
    Group 1037: 1 obs, 1 trades (0W/1L = 0.0%)
    Group 1038: 1 obs, 1 trades (0W/1L = 0.0%)
    Group 1039: 1 obs, 1 trades (0W/1L = 0.0%)
    Group 1040: 1 obs, 1 trades (0W/1L = 0.0%)
    Group 1041: 1 obs, 1 trades (0W/1L = 0.0%)
    Group 1042: 1 obs, 1 trades (0W/1L = 0.0%)
    Group 1043: 1 obs, 1 trades (1W/0L = 100.0%)
    Group 1044: 1 obs, 1 trades (1W/0L = 100.0%)
    Group 1045: 1 obs, 1 trades (0W/1L = 0.0%)
    Group 1046: 1 obs, 1 trades (1W/0L = 100.0%)
    Group 1047: 1 obs, 1 trades (1W/0L = 100.0%)
    Group 1048: 1 obs, 1 trades (0W/1L = 0.0%)
    Group 1049: 1 obs, 1 trades (0W/1L = 0.0%)
    Group 1050: 1 obs, 1 trades (0W/1L = 0.0%)
    Group 1051: 1 obs, 1 trades (1W/0L = 100.0%)
    Group 1052: 1 obs, 1 trades (1W/0L = 100.0%)
    Group 1053: 1 obs, 1 trades (1W/0L = 100.0%)
    Group 1054: 1 obs, 1 trades (0W/1L = 0.0%)
    Group 1055: 1 obs, 1 trades (0W/1L = 0.0%)
    Group 1056: 1 obs, 1 trades (0W/1L = 0.0%)
    Group 1057: 1 obs, 1 trades (0W/1L = 0.0%)
    Group 1058: 1 obs, 1 trades (0W/1L = 0.0%)
    Group 1059: 1 obs, 1 trades (0W/1L = 0.0%)
    Group 1060: 1 obs, 1 trades (0W/1L = 0.0%)
    Group 1061: 1 obs, 1 trades (1W/0L = 100.0%)
    Group 1062: 1 obs, 1 trades (1W/0L = 100.0%)
    Group 1063: 1 obs, 1 trades (1W/0L = 100.0%)
    Group 1064: 1 obs, 1 trades (1W/0L = 100.0%)
    Group 1065: 1 obs, 1 trades (0W/1L = 0.0%)
    Group 1066: 1 obs, 1 trades (1W/0L = 100.0%)
    Group 1067: 1 obs, 1 trades (1W/0L = 100.0%)
    Group 1068: 1 obs, 1 trades (0W/1L = 0.0%)
    Group 1069: 1 obs, 1 trades (0W/1L = 0.0%)
    Group 1070: 1 obs, 1 trades (1W/0L = 100.0%)
    Group 1071: 1 obs, 1 trades (1W/0L = 100.0%)
    Group 1072: 1 obs, 1 trades (0W/1L = 0.0%)
    Group 1073: 1 obs, 1 trades (1W/0L = 100.0%)
    Group 1074: 1 obs, 1 trades (1W/0L = 100.0%)
    Group 1075: 1 obs, 1 trades (1W/0L = 100.0%)
    Group 1076: 1 obs, 1 trades (1W/0L = 100.0%)
    Group 1077: 1 obs, 1 trades (1W/0L = 100.0%)
    Group 1078: 1 obs, 1 trades (1W/0L = 100.0%)
    Group 1079: 1 obs, 1 trades (1W/0L = 100.0%)
    Group 1080: 1 obs, 1 trades (1W/0L = 100.0%)
    Group 1081: 1 obs, 1 trades (1W/0L = 100.0%)
    Group 1082: 1 obs, 1 trades (1W/0L = 100.0%)
    Group 1083: 1 obs, 1 trades (1W/0L = 100.0%)
    Group 1084: 1 obs, 1 trades (1W/0L = 100.0%)
    Group 1085: 1 obs, 1 trades (1W/0L = 100.0%)
    Group 1086: 1 obs, 1 trades (0W/1L = 0.0%)
    Group 1087: 1 obs, 1 trades (0W/1L = 0.0%)
    Group 1088: 1 obs, 1 trades (0W/1L = 0.0%)
    Group 1089: 1 obs, 1 trades (0W/1L = 0.0%)
    Group 1090: 1 obs, 1 trades (1W/0L = 100.0%)
    Group 1091: 1 obs, 1 trades (1W/0L = 100.0%)
    Group 1092: 1 obs, 1 trades (1W/0L = 100.0%)
    Group 1093: 1 obs, 1 trades (0W/1L = 0.0%)
    Group 1094: 1 obs, 1 trades (0W/1L = 0.0%)
    Group 1095: 1 obs, 1 trades (1W/0L = 100.0%)
    Group 1096: 1 obs, 1 trades (1W/0L = 100.0%)
    Group 1097: 1 obs, 1 trades (1W/0L = 100.0%)
    Group 1098: 1 obs, 1 trades (1W/0L = 100.0%)
    Group 1099: 1 obs, 1 trades (0W/1L = 0.0%)
    Group 1100: 1 obs, 1 trades (0W/1L = 0.0%)
    Group 1101: 1 obs, 1 trades (0W/1L = 0.0%)
    Group 1102: 1 obs, 1 trades (1W/0L = 100.0%)
    Group 1103: 1 obs, 1 trades (1W/0L = 100.0%)
    Group 1104: 1 obs, 1 trades (0W/1L = 0.0%)
    Group 1105: 1 obs, 1 trades (1W/0L = 100.0%)
    Group 1106: 1 obs, 1 trades (1W/0L = 100.0%)
    Group 1107: 1 obs, 1 trades (1W/0L = 100.0%)
    Group 1108: 1 obs, 1 trades (0W/1L = 0.0%)
    Group 1109: 1 obs, 1 trades (0W/1L = 0.0%)
    Group 1110: 1 obs, 1 trades (0W/1L = 0.0%)
    Group 1111: 1 obs, 1 trades (0W/1L = 0.0%)
    Group 1112: 1 obs, 1 trades (0W/1L = 0.0%)
    Group 1113: 1 obs, 1 trades (0W/1L = 0.0%)
    Group 1114: 1 obs, 1 trades (0W/1L = 0.0%)
    Group 1115: 1 obs, 1 trades (0W/1L = 0.0%)
    Group 1116: 1 obs, 1 trades (0W/1L = 0.0%)
    Group 1117: 1 obs, 1 trades (0W/1L = 0.0%)
    Group 1118: 1 obs, 1 trades (0W/1L = 0.0%)
    Group 1119: 1 obs, 1 trades (1W/0L = 100.0%)
    Group 1120: 1 obs, 1 trades (0W/1L = 0.0%)
    Group 1121: 1 obs, 1 trades (1W/0L = 100.0%)
    Group 1122: 1 obs, 1 trades (0W/1L = 0.0%)
    Group 1123: 1 obs, 1 trades (0W/1L = 0.0%)
    Group 1124: 1 obs, 1 trades (1W/0L = 100.0%)
    Group 1125: 1 obs, 1 trades (0W/1L = 0.0%)
    Group 1126: 1 obs, 1 trades (1W/0L = 100.0%)
    Group 1127: 1 obs, 1 trades (0W/1L = 0.0%)
    Group 1128: 1 obs, 1 trades (0W/1L = 0.0%)
    Group 1129: 1 obs, 1 trades (1W/0L = 100.0%)
    Group 1130: 1 obs, 1 trades (1W/0L = 100.0%)
    Group 1131: 1 obs, 1 trades (0W/1L = 0.0%)
    Group 1132: 1 obs, 1 trades (0W/1L = 0.0%)
    Group 1133: 1 obs, 1 trades (0W/1L = 0.0%)
    Group 1134: 1 obs, 1 trades (1W/0L = 100.0%)
    Group 1135: 1 obs, 1 trades (1W/0L = 100.0%)
    Group 1136: 1 obs, 1 trades (0W/1L = 0.0%)
    Group 1137: 1 obs, 1 trades (0W/1L = 0.0%)
    Group 1138: 1 obs, 1 trades (0W/1L = 0.0%)
    Group 1139: 1 obs, 1 trades (0W/1L = 0.0%)
    Group 1140: 1 obs, 1 trades (1W/0L = 100.0%)
    Group 1141: 1 obs, 1 trades (0W/1L = 0.0%)
    Group 1142: 1 obs, 1 trades (0W/1L = 0.0%)
    Group 1143: 1 obs, 1 trades (0W/1L = 0.0%)
    Group 1144: 1 obs, 1 trades (0W/1L = 0.0%)
    Group 1145: 1 obs, 1 trades (0W/1L = 0.0%)
    Group 1146: 1 obs, 1 trades (0W/1L = 0.0%)
    Group 1147: 1 obs, 1 trades (1W/0L = 100.0%)
    Group 1148: 1 obs, 1 trades (1W/0L = 100.0%)
    Group 1149: 1 obs, 1 trades (1W/0L = 100.0%)
    Group 1150: 1 obs, 1 trades (0W/1L = 0.0%)
    Group 1151: 1 obs, 1 trades (0W/1L = 0.0%)
    Group 1152: 1 obs, 1 trades (1W/0L = 100.0%)
    Group 1153: 1 obs, 1 trades (0W/1L = 0.0%)
    Group 1154: 1 obs, 1 trades (0W/1L = 0.0%)
    Group 1155: 1 obs, 1 trades (0W/1L = 0.0%)
    Group 1156: 1 obs, 1 trades (0W/1L = 0.0%)
    Group 1157: 1 obs, 1 trades (0W/1L = 0.0%)
    Group 1158: 1 obs, 1 trades (0W/1L = 0.0%)
    Group 1159: 1 obs, 1 trades (0W/1L = 0.0%)
    Group 1160: 1 obs, 1 trades (1W/0L = 100.0%)
    Group 1161: 1 obs, 1 trades (0W/1L = 0.0%)
    Group 1162: 1 obs, 1 trades (1W/0L = 100.0%)
    Group 1163: 1 obs, 1 trades (1W/0L = 100.0%)
    Group 1164: 1 obs, 1 trades (1W/0L = 100.0%)
    Group 1165: 1 obs, 1 trades (1W/0L = 100.0%)
    Group 1166: 1 obs, 1 trades (1W/0L = 100.0%)
    Group 1167: 1 obs, 1 trades (1W/0L = 100.0%)
    Group 1168: 1 obs, 1 trades (0W/1L = 0.0%)
    Group 1169: 1 obs, 1 trades (0W/1L = 0.0%)
    Group 1170: 1 obs, 1 trades (0W/1L = 0.0%)
    Group 1171: 1 obs, 1 trades (0W/1L = 0.0%)
    Group 1172: 1 obs, 1 trades (1W/0L = 100.0%)
    Group 1173: 1 obs, 1 trades (1W/0L = 100.0%)
    Group 1174: 1 obs, 1 trades (1W/0L = 100.0%)
    Group 1175: 1 obs, 1 trades (0W/1L = 0.0%)
    Group 1176: 1 obs, 1 trades (1W/0L = 100.0%)
    Group 1177: 1 obs, 1 trades (1W/0L = 100.0%)
    Group 1178: 1 obs, 1 trades (0W/1L = 0.0%)
    Group 1179: 1 obs, 1 trades (0W/1L = 0.0%)
    Group 1180: 1 obs, 1 trades (0W/1L = 0.0%)
    Group 1181: 1 obs, 1 trades (0W/1L = 0.0%)
    Group 1182: 1 obs, 1 trades (1W/0L = 100.0%)
    Group 1183: 1 obs, 1 trades (0W/1L = 0.0%)
    Group 1184: 1 obs, 1 trades (1W/0L = 100.0%)
    Group 1185: 1 obs, 1 trades (1W/0L = 100.0%)
    Group 1186: 1 obs, 1 trades (1W/0L = 100.0%)
    Group 1187: 1 obs, 1 trades (1W/0L = 100.0%)
    Group 1188: 1 obs, 1 trades (1W/0L = 100.0%)
    Group 1189: 1 obs, 1 trades (1W/0L = 100.0%)
    Group 1190: 1 obs, 1 trades (1W/0L = 100.0%)
    Group 1191: 1 obs, 1 trades (1W/0L = 100.0%)
    Group 1192: 1 obs, 1 trades (0W/1L = 0.0%)
    Group 1193: 1 obs, 1 trades (1W/0L = 100.0%)
    Group 1194: 1 obs, 1 trades (1W/0L = 100.0%)
    Group 1195: 1 obs, 1 trades (0W/1L = 0.0%)
    Group 1196: 1 obs, 1 trades (1W/0L = 100.0%)
    Group 1197: 1 obs, 1 trades (0W/1L = 0.0%)
    Group 1198: 1 obs, 1 trades (0W/1L = 0.0%)
    Group 1199: 1 obs, 1 trades (0W/1L = 0.0%)
    Group 1200: 1 obs, 1 trades (1W/0L = 100.0%)
    Group 1201: 1 obs, 1 trades (1W/0L = 100.0%)
    Group 1202: 1 obs, 1 trades (0W/1L = 0.0%)
    Group 1203: 1 obs, 1 trades (0W/1L = 0.0%)
    Group 1204: 1 obs, 1 trades (1W/0L = 100.0%)
    Group 1205: 1 obs, 1 trades (1W/0L = 100.0%)

  Expert panel:
    momentum: recalibs=134 disc_str=0.0006 buy=34032 sell=33283
    structure: recalibs=134 disc_str=0.0011 buy=34032 sell=33283
    volume: recalibs=134 disc_str=0.0013 buy=34032 sell=33283
    narrative: recalibs=134 disc_str=0.0017 buy=34032 sell=33283
    regime: recalibs=134 disc_str=0.0008 buy=34032 sell=33283

  By year:
    2019: 1206 trades  52.0% win  +17.53$ P&L

  Run DB: /home/watmin/work/holon/holon-lab-trading/orchestration_results/engram-select-q99-100k.db (100000 rows)
═══════════════════════════════════════════════════════════
