trader3: visual+thought journals, discriminant prediction
  10000D  window=48  horizon=36  threshold=0.500%  decay=0.999  flip=q95
  observe=1000  recalib_interval=500  orchestration=thought-only  min_conviction=0.000

  Loading candles from "/home/watmin/work/holon/holon-lab-trading/data/analysis.db"...
  Loaded 652409 candles in 0.6s
  Run database: /home/watmin/work/holon/holon-lab-trading/orchestration_results/engram-analysis-100k.db

  Walk-forward: 100000 candles from index 47...
  10000/100000 (179/s ETA 504s) | 2019-02-05 | TENTATIVE | vis=56.5% tht=52.9% | trades=366 win=63.7% | $10038 (+0.4%) vs B&H -6.7% | flip@0.180 STABLE
  20000/100000 (183/s ETA 437s) | 2019-03-12 | CONFIDENT | vis=40.9% tht=50.5% | trades=543 win=59.1% | $10044 (+0.4%) vs B&H +3.6% | flip@0.169 ADAPT
  30000/100000 (185/s ETA 379s) | 2019-04-16 | CONFIDENT | vis=46.9% tht=46.2% | trades=783 win=58.0% | $10056 (+0.6%) vs B&H +36.0% | flip@0.172 STABLE
  40000/100000 (186/s ETA 323s) | 2019-05-20 | CONFIDENT | vis=50.7% tht=54.6% | trades=1176 win=63.0% | $10231 (+2.3%) vs B&H +110.3% | flip@0.175 STABLE
  50000/100000 (186/s ETA 269s) | 2019-06-24 | CONFIDENT | vis=55.3% tht=57.1% | trades=1358 win=61.5% | $10258 (+2.6%) vs B&H +193.5% | flip@0.170 STABLE
  60000/100000 (187/s ETA 214s) | 2019-07-29 | CONFIDENT | vis=47.3% tht=42.5% | trades=1675 win=59.6% | $10267 (+2.7%) vs B&H +160.4% | flip@0.166 STABLE
  70000/100000 (187/s ETA 160s) | 2019-09-01 | CONFIDENT | vis=47.7% tht=50.8% | trades=2400 win=58.0% | $10301 (+3.0%) vs B&H +160.9% | flip@0.175 STABLE
  80000/100000 (188/s ETA 106s) | 2019-10-06 | CONFIDENT | vis=50.9% tht=45.6% | trades=2826 win=57.3% | $10326 (+3.3%) vs B&H +114.0% | flip@0.175 ADAPT
  90000/100000 (188/s ETA 53s) | 2019-11-10 | CONFIDENT | vis=52.0% tht=47.2% | trades=3705 win=56.4% | $10349 (+3.5%) vs B&H +138.0% | flip@0.183 ADAPT
  100000/100000 (189/s ETA 0s) | 2019-12-15 | TENTATIVE | vis=55.8% tht=46.3% | trades=4038 win=55.5% | $10337 (+3.4%) vs B&H +89.6% | flip@0.189 ADAPT

═══════════════════════════════════════════════════════════
  trader3 complete — 100000 candles in 529.3s (189/s)
  Orchestration: thought-only
  Labeled: 67315  Noise: 32685 (32.7% noise rate)

  Equity: $10336.91 (+3.37%) | B&H: +89.56%
  Trades taken: 4038  Won: 2242  Win rate: 55.5%  Skipped: 93028

  Visual journal  — buy_obs=34032 sell_obs=33283 cos_raw=0.9548 disc_strength=0.0030 recalibs=134
  Thought journal — buy_obs=34032 sell_obs=33283 cos_raw=0.8531 disc_strength=0.0054 recalibs=134

  Rolling accuracy (last 1000): visual=55.8% thought=46.3%

  Visual pattern groups: 1 discovered
    Group 0: 4038 obs, 4038 trades (2242W/1796L = 55.5%)

  By year:
    2019: 4038 trades  55.5% win  +336.91$ P&L

  Run DB: /home/watmin/work/holon/holon-lab-trading/orchestration_results/engram-analysis-100k.db (100000 rows)
═══════════════════════════════════════════════════════════
