trader3: visual+thought journals, discriminant prediction
  20000D  window=48  horizon=36  threshold=0.500%  decay=0.999  flip=q99
  observe=1000  recalib_interval=500  orchestration=thought-only  min_conviction=0.000
  venue: 10.0bps fee + 25.0bps slippage per swap (0.70% round trip)

  Loading candles from "/home/watmin/work/holon/holon-lab-trading/data/analysis.db"...
  Loaded 652409 candles in 0.6s
  Run database: /home/watmin/work/holon/holon-lab-trading/orchestration_results/enterprise-managed-100k.db

  Walk-forward: 100000 candles from index 47...
  10000/100000 (261/s ETA 344s) | 2019-02-05 | TENTATIVE | vis=0.0% tht=47.9% | trades=201 win=1.5% | $7603 (-24.0%) vs B&H -6.7% | flip@0.291 CALIBRATING
  20000/100000 (254/s ETA 315s) | 2019-03-12 | TENTATIVE | vis=0.0% tht=38.2% | trades=411 win=2.9% | $7409 (-25.9%) vs B&H +3.6% | flip@0.232 CALIBRATING
  30000/100000 (255/s ETA 275s) | 2019-04-16 | TENTATIVE | vis=0.0% tht=49.5% | trades=467 win=3.6% | $7316 (-26.8%) vs B&H +36.0% | flip@0.265 CALIBRATING
  40000/100000 (258/s ETA 233s) | 2019-05-20 | TENTATIVE | vis=0.0% tht=45.7% | trades=593 win=7.1% | $7132 (-28.7%) vs B&H +110.3% | flip@0.209 CALIBRATING
  50000/100000 (257/s ETA 195s) | 2019-06-24 | TENTATIVE | vis=0.0% tht=49.6% | trades=711 win=8.2% | $6973 (-30.3%) vs B&H +193.5% | flip@0.202 CALIBRATING
  60000/100000 (257/s ETA 156s) | 2019-07-29 | TENTATIVE | vis=0.0% tht=50.3% | trades=919 win=8.3% | $6693 (-33.1%) vs B&H +160.4% | flip@0.280 CALIBRATING
  70000/100000 (255/s ETA 117s) | 2019-09-01 | TENTATIVE | vis=0.0% tht=54.2% | trades=964 win=9.6% | $6632 (-33.7%) vs B&H +160.9% | flip@0.260 CALIBRATING
  80000/100000 (254/s ETA 79s) | 2019-10-06 | TENTATIVE | vis=0.0% tht=52.9% | trades=1058 win=9.8% | $6523 (-34.8%) vs B&H +114.0% | flip@0.204 CALIBRATING
  90000/100000 (253/s ETA 39s) | 2019-11-10 | TENTATIVE | vis=0.0% tht=52.3% | trades=1244 win=10.4% | $6272 (-37.3%) vs B&H +138.0% | flip@0.178 CALIBRATING
  100000/100000 (253/s ETA 0s) | 2019-12-15 | TENTATIVE | vis=0.0% tht=51.9% | trades=1416 win=9.9% | $6061 (-39.4%) vs B&H +89.6% | flip@0.205 CALIBRATING

═══════════════════════════════════════════════════════════
  trader3 complete — 100000 candles in 395.9s (253/s)
  Orchestration: thought-only
  Venue costs: 10.0bps fee + 25.0bps slippage = 0.70% round trip
  Labeled: 67077  Noise: 32923 (32.9% noise rate)

  Equity: $6060.58 (-39.39%) | B&H: +89.56%
  Trades taken: 1416  Won: 140  Win rate: 9.9%  Skipped: 0

  Visual journal  — buy_obs=33884 sell_obs=33193 cos_raw=0.0000 disc_strength=0.0000 recalibs=134
  Thought journal — buy_obs=33884 sell_obs=33193 cos_raw=0.8464 disc_strength=0.0039 recalibs=134

  Rolling accuracy (last 1000): visual=0.0% thought=51.9%

  Expert panel:
    momentum: recalibs=134 disc_str=0.0006 buy=33884 sell=33193
    structure: recalibs=134 disc_str=0.0012 buy=33884 sell=33193
    volume: recalibs=134 disc_str=0.0009 buy=33884 sell=33193
    narrative: recalibs=134 disc_str=0.0018 buy=33884 sell=33193
    regime: recalibs=134 disc_str=0.0005 buy=33884 sell=33193

  By year:
    2019: 1416 trades  9.9% win  -3939.42$ P&L

  Run DB: /home/watmin/work/holon/holon-lab-trading/orchestration_results/enterprise-managed-100k.db (100000 rows)
═══════════════════════════════════════════════════════════
