trader3: visual+thought journals, discriminant prediction
  20000D  window=48  horizon=36  threshold=0.500%  decay=0.999  flip=q99
  observe=1000  recalib_interval=500  orchestration=thought-only  min_conviction=0.000
  venue: 10.0bps fee + 25.0bps slippage per swap (0.70% round trip)

  Loading candles from "/home/watmin/work/holon/holon-lab-trading/data/analysis.db"...
  Loaded 652409 candles in 0.6s
  Run database: /home/watmin/work/holon/holon-lab-trading/orchestration_results/enterprise-active-100k.db

  Walk-forward: 100000 candles from index 47...
  10000/100000 (275/s ETA 327s) | 2019-02-05 | TENTATIVE | vis=0.0% tht=47.1% | trades=191 win=29.8% | $6434 (-35.7%) vs B&H -6.7% | flip@0.254 CALIBRATING | sl=1.40% tp=2.10% tr=0.70%
  20000/100000 (265/s ETA 302s) | 2019-03-12 | TENTATIVE | vis=0.0% tht=60.4% | trades=293 win=37.9% | $6459 (-35.4%) vs B&H +3.6% | flip@0.320 CALIBRATING | sl=1.40% tp=2.10% tr=0.70%
  30000/100000 (264/s ETA 265s) | 2019-04-16 | TENTATIVE | vis=0.0% tht=40.7% | trades=358 win=38.0% | $6442 (-35.6%) vs B&H +36.0% | flip@0.227 CALIBRATING | sl=1.40% tp=2.11% tr=0.70%
  40000/100000 (265/s ETA 227s) | 2019-05-20 | TENTATIVE | vis=0.0% tht=48.1% | trades=472 win=32.2% | $6382 (-36.2%) vs B&H +110.3% | flip@0.170 CALIBRATING | sl=1.40% tp=2.10% tr=0.70%
  50000/100000 (263/s ETA 190s) | 2019-06-24 | TENTATIVE | vis=0.0% tht=49.3% | trades=627 win=24.7% | $6280 (-37.2%) vs B&H +193.5% | flip@0.231 CALIBRATING | sl=1.40% tp=2.10% tr=0.70%
  60000/100000 (261/s ETA 153s) | 2019-07-29 | TENTATIVE | vis=0.0% tht=45.0% | trades=802 win=24.9% | $6229 (-37.7%) vs B&H +160.4% | flip@0.268 CALIBRATING | sl=1.40% tp=2.10% tr=0.70%
  70000/100000 (259/s ETA 116s) | 2019-09-01 | TENTATIVE | vis=0.0% tht=59.8% | trades=851 win=24.6% | $6208 (-37.9%) vs B&H +160.9% | flip@0.224 CALIBRATING | sl=1.40% tp=2.10% tr=0.70%
  80000/100000 (259/s ETA 77s) | 2019-10-06 | TENTATIVE | vis=0.0% tht=45.4% | trades=946 win=23.6% | $6164 (-38.4%) vs B&H +114.0% | flip@0.291 CALIBRATING | sl=1.40% tp=2.10% tr=0.70%
  90000/100000 (259/s ETA 39s) | 2019-11-10 | TENTATIVE | vis=0.0% tht=45.1% | trades=1168 win=25.2% | $5978 (-40.2%) vs B&H +138.0% | flip@0.237 CALIBRATING | sl=1.40% tp=2.10% tr=0.70%
  100000/100000 (257/s ETA 0s) | 2019-12-15 | TENTATIVE | vis=0.0% tht=54.6% | trades=1291 win=23.5% | $5849 (-41.5%) vs B&H +89.6% | flip@0.295 CALIBRATING | sl=1.40% tp=2.10% tr=0.70%

═══════════════════════════════════════════════════════════
  trader3 complete — 100000 candles in 388.8s (257/s)
  Orchestration: thought-only
  Venue costs: 10.0bps fee + 25.0bps slippage = 0.70% round trip
  Exit params (learned from 500 trades): stop=1.40% tp=2.10% trail=0.70%
  Labeled: 99563  Noise: 437 (0.4% noise rate)

  Equity: $5849.14 (-41.51%) | B&H: +89.56%
  Trades taken: 1291  Won: 303  Win rate: 23.5%  Skipped: 0

  Visual journal  — buy_obs=50876 sell_obs=48687 cos_raw=0.0000 disc_strength=0.0000 recalibs=199
  Thought journal — buy_obs=50876 sell_obs=48687 cos_raw=0.9572 disc_strength=0.0021 recalibs=199

  Rolling accuracy (last 1000): visual=0.0% thought=54.6%

  Expert panel:
    momentum: recalibs=199 disc_str=0.0005 buy=50876 sell=48687
    structure: recalibs=199 disc_str=0.0009 buy=50876 sell=48687
    volume: recalibs=199 disc_str=0.0004 buy=50876 sell=48687
    narrative: recalibs=199 disc_str=0.0015 buy=50876 sell=48687
    regime: recalibs=199 disc_str=0.0007 buy=50876 sell=48687

  By year:
    2019: 1291 trades  23.5% win  -4150.86$ P&L

  Run DB: /home/watmin/work/holon/holon-lab-trading/orchestration_results/enterprise-active-100k.db (100000 rows)
═══════════════════════════════════════════════════════════
