trader: Self-Supervised BTC Trader
  10000D, window=48, px_rows=25
  Grid: 48 cols x 100 rows (4800 pixels/viewport)
  Horizon: 36 candles (180min)
  Move threshold: 0.500% (50.0bps)
  Decay: 0.999, Recalib interval: 500
  Observe period: 1000 candles
  Initial equity: $10000
  Reward weight: 1, Correction weight: 1.5
  Use grover: false, Use attend: false
  Threads: 8, Batch size: 256

  Loading candles from "/home/watmin/work/holon/holon-lab-trading/data/analysis.db"...
  Loaded 652409 candles in 0.7s
  Warming vector cache...
  Encoding null template...
  Null template + visual cache ready.
  Initializing thought system...
  Thought system ready (223 fact codebook entries).
  Run database: /home/watmin/work/holon/holon-lab-trading/orchestration_results/expanded-vocab.db

  Starting walk-forward (100000 candles, starting at index 47)...
    10000/100000 (69/s, ETA 1302s) | 2019-02-05 13:45:00 | CONFIDENT | vis=57.2% thought=56.8% agree=53% | trades=3921 win=53.0% | eq=$10125 (+1.3%) vs bnh -6.7%
    20000/100000 (72/s, ETA 1116s) | 2019-03-12 07:05:00 | CONFIDENT | vis=44.1% thought=48.5% agree=49% | trades=8188 win=49.9% | eq=$10042 (+0.4%) vs bnh +3.6%
    30000/100000 (72/s, ETA 979s) | 2019-04-16 00:25:00 | CONFIDENT | vis=52.5% thought=53.6% agree=49% | trades=12828 win=49.1% | eq=$9929 (-0.7%) vs bnh +36.0%
    40000/100000 (71/s, ETA 846s) | 2019-05-20 17:45:00 | TENTATIVE | vis=46.7% thought=49.2% agree=50% | trades=20321 win=48.8% | eq=$9808 (-1.9%) vs bnh +110.3%
    50000/100000 (72/s, ETA 692s) | 2019-06-24 11:05:00 | TENTATIVE | vis=51.2% thought=41.6% agree=50% | trades=29157 win=49.2% | eq=$9783 (-2.2%) vs bnh +193.5%
    60000/100000 (72/s, ETA 556s) | 2019-07-29 04:25:00 | CONFIDENT | vis=55.6% thought=47.0% agree=50% | trades=38705 win=49.8% | eq=$9996 (-0.0%) vs bnh +160.4%
    70000/100000 (73/s, ETA 414s) | 2019-09-01 21:45:00 | TENTATIVE | vis=46.8% thought=46.8% agree=51% | trades=46831 win=49.8% | eq=$10297 (+3.0%) vs bnh +160.9%
    80000/100000 (72/s, ETA 277s) | 2019-10-06 15:05:00 | TENTATIVE | vis=53.3% thought=52.5% agree=52% | trades=53485 win=49.8% | eq=$10199 (+2.0%) vs bnh +114.0%
    90000/100000 (73/s, ETA 137s) | 2019-11-10 08:25:00 | TENTATIVE | vis=58.9% thought=40.2% agree=51% | trades=60026 win=49.8% | eq=$10323 (+3.2%) vs bnh +138.0%
    100000/100000 (73/s, ETA 0s) | 2019-12-15 01:45:00 | TENTATIVE | vis=49.3% thought=55.9% agree=49% | trades=66574 win=49.9% | eq=$10307 (+3.1%) vs bnh +89.6%

  --- Timing breakdown (total ms) ---
  Visual batch encode:  447236.6
  Thought encode:       873541.2
  Visual predict:         9152.7
  Thought predict:        5297.4
  Rest (resolve/log):    20932.0
  Total accounted:      1356160.0

  Run database written: /home/watmin/work/holon/holon-lab-trading/orchestration_results/expanded-vocab.db (100000 rows)

  Walk-forward complete.
  Orchestration mode: meta-boost
  Encoded 100000 viewports in 1368.6s (73 vec/s)
  Labeled (BUY/SELL): 67325, Noise: 32675

  ═══ Visual Journaler ═══
  Accumulators:
    buy_good:     count=68051, purity=0.0001
    sell_good:    count=66558, purity=0.0001
    buy_confuser: count=16748
    sell_confuser:count=16372
    noise:        count=32675
    cos(buy_good, sell_good) = 0.9116
    cos(buy_good, noise) = 0.5882
    cos(sell_good, noise) = 0.5806
    cos(buy_disc, sell_disc) = -1.0000
    recognition gate: noise_floor=0.0139 (buy_entropy=0.5210, sell_entropy=0.5165, d_eff=5165)

  Visual prediction accuracy:
    Overall: 50.8% (34164/67284)
    Rolling (last 1000): 50.9%

  Per-year breakdown:
    2019: 50.8% (34164/67284)

  ═══ Thought Journaler ═══
  Accumulators:
    buy_good:     count=22375, purity=0.0090
    sell_good:    count=24646, purity=0.0067
    buy_confuser: count=6151
    sell_confuser:count=5474
    noise:        count=32675
    cos(buy_good, sell_good) = 0.9988
    cos(buy_good, noise) = 0.4901
    cos(sell_good, noise) = 0.4889

  Thought prediction accuracy:
    Overall: 50.2% (33786/67284)
    Rolling (last 1000): 56.6%
    Visual-Thought agreement: 49.0% (48963/99957)

  ═══ Trader ═══
  Final phase: TENTATIVE
  Equity: $10305.27 (started $10000)
  Total return: 3.05%
  Trades taken: 66598, skipped: 995
  Win rate: 49.9% (33229/66598)
  Confidence (rolling acc - 0.5): -0.070

  Per-year P&L:
    2019: trades=66598 win_rate=49.9% pnl=$305.27

  Buy-and-hold return over same period: 89.56%
  ═══════════════════════════════════════
