trader3: visual+thought journals, discriminant prediction
  10000D  window=48  horizon=36  threshold=0.500%  decay=0.999
  observe=1000  recalib_interval=500  orchestration=meta-boost  min_conviction=0.000

  Loading candles from "/home/watmin/work/holon/holon-lab-trading/data/analysis.db"...
  Loaded 652409 candles in 0.6s
  Run database: /home/watmin/work/holon/holon-lab-trading/orchestration_results/flipzone-only.db

  Walk-forward: 100000 candles from index 47...
  10000/100000 (219/s ETA 410s) | 2019-02-05 | TENTATIVE | vis=56.5% tht=53.2% | trades=981 win=55.9% | $10027 (+0.3%) vs B&H -6.7% | flip@0.088
  20000/100000 (219/s ETA 365s) | 2019-03-12 | TENTATIVE | vis=48.4% tht=47.5% | trades=1632 win=53.2% | $10033 (+0.3%) vs B&H +3.6% | flip@0.086
  30000/100000 (218/s ETA 320s) | 2019-04-16 | CONFIDENT | vis=46.9% tht=44.5% | trades=2411 win=55.7% | $10179 (+1.8%) vs B&H +36.0% | flip@0.086
  40000/100000 (216/s ETA 278s) | 2019-05-20 | CONFIDENT | vis=50.9% tht=54.6% | trades=3324 win=57.3% | $10383 (+3.8%) vs B&H +110.3% | flip@0.086
  50000/100000 (216/s ETA 232s) | 2019-06-24 | CONFIDENT | vis=55.3% tht=57.1% | trades=4348 win=56.0% | $10452 (+4.5%) vs B&H +193.5% | flip@0.084
  60000/100000 (217/s ETA 185s) | 2019-07-29 | TENTATIVE | vis=54.9% tht=53.8% | trades=5266 win=54.8% | $10465 (+4.6%) vs B&H +160.4% | flip@0.082
  70000/100000 (216/s ETA 139s) | 2019-09-01 | TENTATIVE | vis=47.7% tht=50.8% | trades=6977 win=54.5% | $10514 (+5.1%) vs B&H +160.9% | flip@0.084
  80000/100000 (217/s ETA 92s) | 2019-10-06 | TENTATIVE | vis=52.6% tht=48.7% | trades=8156 win=53.8% | $10542 (+5.4%) vs B&H +114.0% | flip@0.085
  90000/100000 (217/s ETA 46s) | 2019-11-10 | CONFIDENT | vis=48.7% tht=50.0% | trades=9464 win=54.3% | $10597 (+6.0%) vs B&H +138.0% | flip@0.086
  100000/100000 (215/s ETA 0s) | 2019-12-15 | TENTATIVE | vis=51.6% tht=44.5% | trades=10539 win=53.6% | $10549 (+5.5%) vs B&H +89.6% | flip@0.089

═══════════════════════════════════════════════════════════
  trader3 complete — 100000 candles in 464.2s (215/s)
  Orchestration: meta-boost
  Labeled: 67315  Noise: 32685 (32.7% noise rate)

  Equity: $10548.77 (+5.49%) | B&H: +89.56%
  Trades taken: 10539  Won: 5652  Win rate: 53.6%  Skipped: 82938

  Visual journal  — buy_obs=34032 sell_obs=33283 cos_raw=0.9927 disc_strength=0.0012 recalibs=134
  Thought journal — buy_obs=34032 sell_obs=33283 cos_raw=0.9845 disc_strength=0.0018 recalibs=134

  Rolling accuracy (last 1000): visual=51.6% thought=44.5%

  By year:
    2019: 10539 trades  53.6% win  +548.77$ P&L

  Run DB: /home/watmin/work/holon/holon-lab-trading/orchestration_results/flipzone-only.db (100000 rows)
═══════════════════════════════════════════════════════════
