trader3: visual+thought journals, discriminant prediction
  10000D  window=48  horizon=36  threshold=0.500%  decay=0.999
  observe=1000  recalib_interval=500  orchestration=meta-boost  min_conviction=0.000

  Loading candles from "/home/watmin/work/holon/holon-lab-trading/data/analysis.db"...
  Loaded 652409 candles in 0.8s
  Run database: /home/watmin/work/holon/holon-lab-trading/orchestration_results/flip-07.db

  Walk-forward: 100000 candles from index 47...
  10000/100000 (212/s ETA 424s) | 2019-02-05 | CONFIDENT | vis=56.5% tht=53.2% | trades=3921 win=50.0% | $9978 (-0.2%) vs B&H -6.7%
  20000/100000 (210/s ETA 382s) | 2019-03-12 | CONFIDENT | vis=48.4% tht=47.5% | trades=8188 win=49.6% | $9926 (-0.7%) vs B&H +3.6%
  30000/100000 (211/s ETA 332s) | 2019-04-16 | CONFIDENT | vis=46.9% tht=44.5% | trades=12829 win=50.4% | $9945 (-0.5%) vs B&H +36.0%
  40000/100000 (212/s ETA 283s) | 2019-05-20 | CONFIDENT | vis=50.9% tht=54.6% | trades=20322 win=50.8% | $10037 (+0.4%) vs B&H +110.3%
  50000/100000 (213/s ETA 235s) | 2019-06-24 | TENTATIVE | vis=55.3% tht=57.1% | trades=29158 win=50.8% | $10033 (+0.3%) vs B&H +193.5%
  60000/100000 (212/s ETA 189s) | 2019-07-29 | CONFIDENT | vis=54.9% tht=53.8% | trades=38706 win=50.8% | $10021 (+0.2%) vs B&H +160.4%
  70000/100000 (211/s ETA 142s) | 2019-09-01 | TENTATIVE | vis=47.7% tht=50.8% | trades=46832 win=50.7% | $10069 (+0.7%) vs B&H +160.9%
  80000/100000 (211/s ETA 95s) | 2019-10-06 | TENTATIVE | vis=52.6% tht=48.7% | trades=53486 win=50.4% | $9977 (-0.2%) vs B&H +114.0%
  90000/100000 (211/s ETA 47s) | 2019-11-10 | TENTATIVE | vis=48.7% tht=50.0% | trades=60027 win=50.6% | $10015 (+0.2%) vs B&H +138.0%
  100000/100000 (212/s ETA 0s) | 2019-12-15 | TENTATIVE | vis=51.6% tht=44.5% | trades=66575 win=50.4% | $9989 (-0.1%) vs B&H +89.6%

═══════════════════════════════════════════════════════════
  trader3 complete — 100000 candles in 471.5s (212/s)
  Orchestration: meta-boost
  Labeled: 67315  Noise: 32685 (32.7% noise rate)

  Equity: $9989.11 (-0.11%) | B&H: +89.56%
  Trades taken: 66575  Won: 33555  Win rate: 50.4%  Skipped: 309

  Visual journal  — buy_obs=34032 sell_obs=33283 cos_raw=0.9927 disc_strength=0.0012 recalibs=134
  Thought journal — buy_obs=34032 sell_obs=33283 cos_raw=0.9845 disc_strength=0.0018 recalibs=134

  Rolling accuracy (last 1000): visual=51.6% thought=44.5%

  By year:
    2019: 66575 trades  50.4% win  -10.89$ P&L

  Run DB: /home/watmin/work/holon/holon-lab-trading/orchestration_results/flip-07.db (100000 rows)
═══════════════════════════════════════════════════════════
