trader: Self-Supervised BTC Trader
  10000D, window=48, px_rows=25
  Grid: 48 cols x 100 rows (4800 pixels/viewport)
  Horizon: 36 candles (180min)
  Move threshold: 0.500% (50.0bps)
  Decay: 0.999, Recalib interval: 500
  Observe period: 1000 candles
  Initial equity: $10000
  Reward weight: 1, Correction weight: 1.5, Learning rate: 1
  Use grover: false, Use attend: false
  Threads: 8, Batch size: 256

  Loading candles from "/home/watmin/work/holon/holon-lab-trading/data/analysis.db"...
  Loaded 652409 candles in 0.6s
  Warming vector cache...
  Encoding null template...
  Null template + visual cache ready.
  Initializing thought system...
  Thought system ready (223 fact codebook entries).
  Run database: /home/watmin/work/holon/holon-lab-trading/orchestration_results/float-s1-v1.db

  Starting walk-forward (100000 candles, starting at index 47)...
    10000/100000 (76/s, ETA 1179s) | 2019-02-05 13:45:00 | TENTATIVE | vis=49.9% thought=47.7% agree=57% | trades=3921 win=49.1% | eq=$9842 (-1.6%) vs bnh -6.7%
    20000/100000 (77/s, ETA 1042s) | 2019-03-12 07:05:00 | TENTATIVE | vis=46.5% thought=53.6% agree=56% | trades=8188 win=51.3% | eq=$9898 (-1.0%) vs bnh +3.6%
    30000/100000 (77/s, ETA 905s) | 2019-04-16 00:25:00 | TENTATIVE | vis=47.5% thought=40.5% agree=56% | trades=12829 win=50.2% | eq=$9822 (-1.8%) vs bnh +36.0%
    40000/100000 (76/s, ETA 788s) | 2019-05-20 17:45:00 | TENTATIVE | vis=50.0% thought=49.3% agree=56% | trades=20322 win=49.3% | eq=$9679 (-3.2%) vs bnh +110.3%
    50000/100000 (77/s, ETA 652s) | 2019-06-24 11:05:00 | TENTATIVE | vis=51.3% thought=60.0% agree=56% | trades=29158 win=49.3% | eq=$9556 (-4.4%) vs bnh +193.5%
    60000/100000 (77/s, ETA 518s) | 2019-07-29 04:25:00 | TENTATIVE | vis=51.9% thought=55.6% agree=56% | trades=38706 win=49.8% | eq=$9544 (-4.6%) vs bnh +160.4%
    70000/100000 (78/s, ETA 387s) | 2019-09-01 21:45:00 | CONFIDENT | vis=50.6% thought=55.8% agree=56% | trades=46832 win=49.8% | eq=$9576 (-4.2%) vs bnh +160.9%
    80000/100000 (78/s, ETA 257s) | 2019-10-06 15:05:00 | CONFIDENT | vis=56.3% thought=44.0% agree=55% | trades=53486 win=49.7% | eq=$9433 (-5.7%) vs bnh +114.0%
    90000/100000 (78/s, ETA 128s) | 2019-11-10 08:25:00 | TENTATIVE | vis=52.2% thought=48.7% agree=55% | trades=60027 win=49.3% | eq=$9305 (-7.0%) vs bnh +138.0%
    100000/100000 (78/s, ETA 0s) | 2019-12-15 01:45:00 | TENTATIVE | vis=52.6% thought=45.9% agree=55% | trades=66575 win=49.4% | eq=$9276 (-7.2%) vs bnh +89.6%

  --- Timing breakdown (total ms) ---
  Visual batch encode:  395223.0
  Thought encode:       822183.7
  Visual predict:        15797.4
  Thought predict:        6864.2
  Rest (resolve/log):    29616.2
  Total accounted:      1269684.4

  Run database written: /home/watmin/work/holon/holon-lab-trading/orchestration_results/float-s1-v1.db (100000 rows)

  Walk-forward complete.
  Orchestration mode: meta-boost
  Encoded 100000 viewports in 1281.1s (78 vec/s)
  Labeled (BUY/SELL): 67325, Noise: 32675

  ═══ Visual Journaler ═══
  Accumulators:
    buy_good:     count=68051, purity=0.0001
    sell_good:    count=66558, purity=0.0001
    buy_confuser: count=16877
    sell_confuser:count=17045
    noise:        count=32675
    cos(buy_good, sell_good) = 0.9857
    cos(buy_good, noise) = 0.9807
    cos(sell_good, noise) = 0.9819
    recognition gate: noise_floor=0.0139 (buy_entropy=0.5192, sell_entropy=0.5209, d_eff=5192)

  Visual prediction accuracy:
    Overall: 49.6% (33362/67284)
    Rolling (last 1000): 51.4%

  Per-year breakdown:
    2019: 49.6% (33362/67284)

  ═══ Thought Journaler ═══
  Accumulators:
    buy_good:     count=68051, purity=0.0053
    sell_good:    count=66558, purity=0.0030
    buy_confuser: count=17358
    sell_confuser:count=16752
    noise:        count=32675
    cos(buy_good, sell_good) = 0.9975
    cos(buy_good, noise) = 0.9865
    cos(sell_good, noise) = 0.9853

  Thought prediction accuracy:
    Overall: 49.3% (33174/67284)
    Rolling (last 1000): 45.2%
    Visual-Thought agreement: 55.0% (54993/99957)

  ═══ Trader ═══
  Final phase: TENTATIVE
  Equity: $9270.60 (started $10000)
  Total return: -7.29%
  Trades taken: 66599, skipped: 993
  Win rate: 49.4% (32872/66599)
  Confidence (rolling acc - 0.5): -0.110

  Per-year P&L:
    2019: trades=66599 win_rate=49.4% pnl=$-729.40

  Buy-and-hold return over same period: 89.56%
  ═══════════════════════════════════════
