trader: Self-Supervised BTC Trader
  10000D, window=48, px_rows=25
  Grid: 48 cols x 100 rows (4800 pixels/viewport)
  Horizon: 36 candles (180min)
  Move threshold: 0.500% (50.0bps)
  Decay: 0.999, Recalib interval: 500
  Observe period: 1000 candles
  Initial equity: $10000
  Reward weight: 1, Correction weight: 1.5, Learning rate: 1
  Use grover: false, Use attend: false
  Threads: 8, Batch size: 256

  Loading candles from "/home/watmin/work/holon/holon-lab-trading/data/analysis.db"...
  Loaded 652409 candles in 0.6s
  Warming vector cache...
  Encoding null template...
  Null template + visual cache ready.
  Initializing thought system...
  Thought system ready (223 fact codebook entries).
  Run database: /home/watmin/work/holon/holon-lab-trading/orchestration_results/float-proto-v1.db

  Starting walk-forward (100000 candles, starting at index 47)...
    10000/100000 (74/s, ETA 1216s) | 2019-02-05 13:45:00 | TENTATIVE | vis=51.0% thought=50.0% agree=56% | trades=3921 win=48.6% | eq=$9840 (-1.6%) vs bnh -6.7%
    20000/100000 (74/s, ETA 1081s) | 2019-03-12 07:05:00 | TENTATIVE | vis=48.3% thought=54.1% agree=55% | trades=8188 win=50.8% | eq=$9887 (-1.1%) vs bnh +3.6%
    30000/100000 (74/s, ETA 945s) | 2019-04-16 00:25:00 | TENTATIVE | vis=47.6% thought=43.8% agree=55% | trades=12829 win=49.9% | eq=$9785 (-2.2%) vs bnh +36.0%
    40000/100000 (73/s, ETA 817s) | 2019-05-20 17:45:00 | CONFIDENT | vis=47.4% thought=51.9% agree=55% | trades=20322 win=48.6% | eq=$9633 (-3.7%) vs bnh +110.3%
    50000/100000 (74/s, ETA 671s) | 2019-06-24 11:05:00 | TENTATIVE | vis=51.2% thought=59.5% agree=55% | trades=29158 win=48.8% | eq=$9511 (-4.9%) vs bnh +193.5%
    60000/100000 (74/s, ETA 537s) | 2019-07-29 04:25:00 | CONFIDENT | vis=52.0% thought=54.9% agree=54% | trades=38706 win=49.4% | eq=$9463 (-5.4%) vs bnh +160.4%
    70000/100000 (75/s, ETA 401s) | 2019-09-01 21:45:00 | CONFIDENT | vis=48.6% thought=56.6% agree=54% | trades=46832 win=49.6% | eq=$9487 (-5.1%) vs bnh +160.9%
    80000/100000 (75/s, ETA 265s) | 2019-10-06 15:05:00 | CONFIDENT | vis=57.8% thought=44.9% agree=54% | trades=53486 win=49.4% | eq=$9335 (-6.6%) vs bnh +114.0%
    90000/100000 (76/s, ETA 132s) | 2019-11-10 08:25:00 | TENTATIVE | vis=52.5% thought=47.8% agree=54% | trades=60027 win=49.1% | eq=$9214 (-7.9%) vs bnh +138.0%
    100000/100000 (75/s, ETA 0s) | 2019-12-15 01:45:00 | TENTATIVE | vis=51.7% thought=51.3% agree=54% | trades=66575 win=49.2% | eq=$9171 (-8.3%) vs bnh +89.6%

  --- Timing breakdown (total ms) ---
  Visual batch encode:  414866.1
  Thought encode:       836418.1
  Visual predict:        20595.3
  Thought predict:       11168.9
  Rest (resolve/log):    30877.8
  Total accounted:      1313926.2

  Run database written: /home/watmin/work/holon/holon-lab-trading/orchestration_results/float-proto-v1.db (100000 rows)

  Walk-forward complete.
  Orchestration mode: meta-boost
  Encoded 100000 viewports in 1325.5s (75 vec/s)
  Labeled (BUY/SELL): 67325, Noise: 32675

  ═══ Visual Journaler ═══
  Accumulators:
    buy_good:     count=68051, purity=0.0001
    sell_good:    count=66558, purity=0.0001
    buy_confuser: count=16370
    sell_confuser:count=17447
    noise:        count=32675
    cos(buy_good, sell_good) = 0.9857
    cos(buy_good, noise) = 0.9808
    cos(sell_good, noise) = 0.9817
    recognition gate: noise_floor=0.0139 (buy_entropy=0.5198, sell_entropy=0.5209, d_eff=5198)

  Visual prediction accuracy:
    Overall: 49.7% (33467/67284)
    Rolling (last 1000): 51.0%

  Per-year breakdown:
    2019: 49.7% (33467/67284)

  ═══ Thought Journaler ═══
  Accumulators:
    buy_good:     count=68051, purity=0.0050
    sell_good:    count=66558, purity=0.0028
    buy_confuser: count=16585
    sell_confuser:count=17230
    noise:        count=32675
    cos(buy_good, sell_good) = 0.9971
    cos(buy_good, noise) = 0.9865
    cos(sell_good, noise) = 0.9842

  Thought prediction accuracy:
    Overall: 49.7% (33469/67284)
    Rolling (last 1000): 49.3%
    Visual-Thought agreement: 54.0% (53961/99957)

  ═══ Trader ═══
  Final phase: TENTATIVE
  Equity: $9167.48 (started $10000)
  Total return: -8.33%
  Trades taken: 66599, skipped: 993
  Win rate: 49.2% (32784/66599)
  Confidence (rolling acc - 0.5): -0.124

  Per-year P&L:
    2019: trades=66599 win_rate=49.2% pnl=$-832.52

  Buy-and-hold return over same period: 89.56%
  ═══════════════════════════════════════
