trader3: visual+thought journals, discriminant prediction
  10000D  window=48  horizon=36  threshold=0.500%  decay=0.999  flip=q99
  observe=1000  recalib_interval=500  orchestration=thought-only  min_conviction=0.000

  Loading candles from "/home/watmin/work/holon/holon-lab-trading/data/analysis.db"...
  Loaded 652409 candles in 0.6s
  Run database: /home/watmin/work/holon/holon-lab-trading/orchestration_results/full-652k-q99-v3.db

  Walk-forward: 652362 candles from index 47...
  10000/652362 (184/s ETA 3486s) | 2019-02-05 | TENTATIVE | vis=56.5% tht=52.8% | trades=91 win=75.8% | $10016 (+0.2%) vs B&H -6.7% | flip@0.251 STABLE
  20000/652362 (175/s ETA 3604s) | 2019-03-12 | TENTATIVE | vis=48.4% tht=47.5% | trades=92 win=75.0% | $10016 (+0.2%) vs B&H +3.6% | flip@0.227 STABLE
  30000/652362 (175/s ETA 3561s) | 2019-04-16 | TENTATIVE | vis=46.9% tht=46.2% | trades=113 win=71.7% | $10017 (+0.2%) vs B&H +36.0% | flip@0.218 STABLE
  40000/652362 (172/s ETA 3555s) | 2019-05-20 | TENTATIVE | vis=50.9% tht=54.5% | trades=168 win=75.6% | $10029 (+0.3%) vs B&H +110.3% | flip@0.215 STABLE
  50000/652362 (174/s ETA 3471s) | 2019-06-24 | TENTATIVE | vis=55.3% tht=56.9% | trades=187 win=72.2% | $10029 (+0.3%) vs B&H +193.5% | flip@0.210 STABLE
  60000/652362 (175/s ETA 3384s) | 2019-07-29 | TENTATIVE | vis=54.9% tht=52.3% | trades=254 win=68.9% | $10036 (+0.4%) vs B&H +160.4% | flip@0.198 STABLE
  70000/652362 (174/s ETA 3338s) | 2019-09-01 | CONFIDENT | vis=46.9% tht=51.8% | trades=583 win=59.2% | $10049 (+0.5%) vs B&H +160.9% | flip@0.215 STABLE
  80000/652362 (175/s ETA 3274s) | 2019-10-06 | CONFIDENT | vis=52.6% tht=49.0% | trades=639 win=59.8% | $10064 (+0.6%) vs B&H +114.0% | flip@0.216 STABLE
  90000/652362 (175/s ETA 3219s) | 2019-11-10 | CONFIDENT | vis=48.7% tht=49.7% | trades=852 win=60.6% | $10074 (+0.7%) vs B&H +138.0% | flip@0.227 STABLE
  100000/652362 (174/s ETA 3170s) | 2019-12-15 | CONFIDENT | vis=51.6% tht=44.3% | trades=870 win=59.7% | $10067 (+0.7%) vs B&H +89.6% | flip@0.227 STABLE
  110000/652362 (174/s ETA 3125s) | 2020-01-18 | CONFIDENT | vis=58.9% tht=58.2% | trades=908 win=59.1% | $10066 (+0.7%) vs B&H +139.8% | flip@0.230 STABLE
  120000/652362 (174/s ETA 3062s) | 2020-02-22 | CONFIDENT | vis=50.0% tht=46.0% | trades=948 win=59.2% | $10071 (+0.7%) vs B&H +160.0% | flip@0.222 STABLE
  130000/652362 (174/s ETA 3010s) | 2020-03-28 | CONFIDENT | vis=48.9% tht=44.3% | trades=989 win=60.0% | $10090 (+0.9%) vs B&H +66.1% | flip@0.222 STABLE
  140000/652362 (173/s ETA 2954s) | 2020-05-01 | CONFIDENT | vis=36.2% tht=36.2% | trades=1182 win=62.0% | $10168 (+1.7%) vs B&H +138.6% | flip@0.219 STABLE
  150000/652362 (174/s ETA 2891s) | 2020-06-05 | CONFIDENT | vis=49.8% tht=56.2% | trades=1250 win=62.6% | $10206 (+2.1%) vs B&H +161.3% | flip@0.220 STABLE
  160000/652362 (174/s ETA 2824s) | 2020-07-10 | CONFIDENT | vis=57.4% tht=48.9% | trades=1317 win=60.6% | $10164 (+1.6%) vs B&H +147.4% | flip@0.220 STABLE
  170000/652362 (175/s ETA 2762s) | 2020-08-14 | CONFIDENT | vis=47.1% tht=54.6% | trades=1330 win=60.4% | $10163 (+1.6%) vs B&H +214.5% | flip@0.217 STABLE
  180000/652362 (175/s ETA 2707s) | 2020-09-17 | CONFIDENT | vis=52.3% tht=47.8% | trades=1368 win=61.0% | $10195 (+2.0%) vs B&H +194.0% | flip@0.216 STABLE
  190000/652362 (174/s ETA 2652s) | 2020-10-22 | CONFIDENT | vis=48.4% tht=52.6% | trades=1384 win=60.7% | $10190 (+1.9%) vs B&H +247.8% | flip@0.205 STABLE
  200000/652362 (174/s ETA 2596s) | 2020-11-26 | CONFIDENT | vis=51.3% tht=55.9% | trades=1586 win=59.1% | $10180 (+1.8%) vs B&H +381.2% | flip@0.211 ADAPT
  210000/652362 (174/s ETA 2543s) | 2020-12-31 | TENTATIVE | vis=50.3% tht=44.5% | trades=1764 win=58.8% | $10193 (+1.9%) vs B&H +686.9% | flip@0.213 STABLE
  220000/652362 (174/s ETA 2491s) | 2021-02-03 | CONFIDENT | vis=52.0% tht=51.2% | trades=1925 win=59.0% | $10209 (+2.1%) vs B&H +897.2% | flip@0.220 STABLE
  230000/652362 (174/s ETA 2430s) | 2021-03-10 | CONFIDENT | vis=53.4% tht=44.6% | trades=2087 win=59.1% | $10242 (+2.4%) vs B&H +1375.6% | flip@0.227 STABLE
  240000/652362 (174/s ETA 2369s) | 2021-04-14 | CONFIDENT | vis=48.1% tht=48.4% | trades=2295 win=58.2% | $10247 (+2.5%) vs B&H +1616.5% | flip@0.239 STABLE
  250000/652362 (174/s ETA 2314s) | 2021-05-18 | CONFIDENT | vis=52.3% tht=50.3% | trades=2351 win=58.3% | $10257 (+2.6%) vs B&H +1057.2% | flip@0.238 ADAPT
  260000/652362 (174/s ETA 2257s) | 2021-06-22 | CONFIDENT | vis=50.2% tht=46.7% | trades=2451 win=58.0% | $10266 (+2.7%) vs B&H +728.1% | flip@0.240 ADAPT
  270000/652362 (174/s ETA 2201s) | 2021-07-27 | CONFIDENT | vis=52.8% tht=54.5% | trades=2537 win=58.5% | $10286 (+2.9%) vs B&H +907.7% | flip@0.242 STABLE
  280000/652362 (174/s ETA 2145s) | 2021-08-31 | CONFIDENT | vis=52.9% tht=52.6% | trades=2615 win=58.8% | $10306 (+3.1%) vs B&H +1161.9% | flip@0.242 STABLE
  290000/652362 (173/s ETA 2091s) | 2021-10-04 | CONFIDENT | vis=45.5% tht=41.8% | trades=2819 win=58.0% | $10299 (+3.0%) vs B&H +1230.7% | flip@0.250 ADAPT
  300000/652362 (173/s ETA 2032s) | 2021-11-08 | CONFIDENT | vis=47.5% tht=44.6% | trades=2928 win=57.9% | $10310 (+3.1%) vs B&H +1674.4% | flip@0.255 STABLE
  310000/652362 (174/s ETA 1972s) | 2021-12-13 | CONFIDENT | vis=54.3% tht=48.2% | trades=2946 win=57.8% | $10306 (+3.1%) vs B&H +1226.2% | flip@0.253 STABLE
  320000/652362 (174/s ETA 1911s) | 2022-01-16 | CONFIDENT | vis=48.8% tht=52.0% | trades=2990 win=57.8% | $10310 (+3.1%) vs B&H +1062.8% | flip@0.252 ADAPT
  330000/652362 (174/s ETA 1855s) | 2022-02-20 | TENTATIVE | vis=47.8% tht=40.2% | trades=3074 win=57.3% | $10304 (+3.0%) vs B&H +935.2% | flip@0.254 ADAPT
  340000/652362 (174/s ETA 1799s) | 2022-03-27 | CONFIDENT | vis=49.0% tht=45.9% | trades=3156 win=57.9% | $10325 (+3.3%) vs B&H +1101.5% | flip@0.244 STABLE
  350000/652362 (174/s ETA 1742s) | 2022-05-01 | CONFIDENT | vis=49.2% tht=53.4% | trades=3203 win=58.3% | $10343 (+3.4%) vs B&H +921.3% | flip@0.236 STABLE
  360000/652362 (174/s ETA 1684s) | 2022-06-04 | CONFIDENT | vis=50.7% tht=50.5% | trades=3231 win=58.3% | $10346 (+3.5%) vs B&H +700.8% | flip@0.234 STABLE
  370000/652362 (173/s ETA 1629s) | 2022-07-09 | CONFIDENT | vis=50.4% tht=48.6% | trades=3247 win=58.3% | $10343 (+3.4%) vs B&H +480.4% | flip@0.230 STABLE
  380000/652362 (174/s ETA 1569s) | 2022-08-13 | CONFIDENT | vis=52.7% tht=56.4% | trades=3318 win=58.4% | $10357 (+3.6%) vs B&H +564.7% | flip@0.219 STABLE
  390000/652362 (174/s ETA 1510s) | 2022-09-17 | CONFIDENT | vis=50.3% tht=49.2% | trades=3554 win=58.6% | $10400 (+4.0%) vs B&H +436.8% | flip@0.224 STABLE
  400000/652362 (174/s ETA 1452s) | 2022-10-21 | CONFIDENT | vis=54.2% tht=50.7% | trades=3594 win=58.4% | $10400 (+4.0%) vs B&H +415.7% | flip@0.220 STABLE
  410000/652362 (174/s ETA 1395s) | 2022-11-25 | CONFIDENT | vis=45.1% tht=42.4% | trades=3666 win=58.3% | $10403 (+4.0%) vs B&H +344.1% | flip@0.224 STABLE
  420000/652362 (174/s ETA 1338s) | 2022-12-30 | CONFIDENT | vis=33.6% tht=46.0% | trades=3726 win=58.1% | $10415 (+4.1%) vs B&H +347.4% | flip@0.244 ADAPT
  430000/652362 (174/s ETA 1280s) | 2023-02-02 | CONFIDENT | vis=56.9% tht=51.3% | trades=3742 win=58.2% | $10424 (+4.2%) vs B&H +537.6% | flip@0.244 ADAPT
  440000/652362 (174/s ETA 1224s) | 2023-03-09 | CONFIDENT | vis=48.7% tht=48.7% | trades=3811 win=57.8% | $10411 (+4.1%) vs B&H +486.4% | flip@0.239 ADAPT
  450000/652362 (173/s ETA 1167s) | 2023-04-13 | CONFIDENT | vis=50.5% tht=51.7% | trades=3832 win=57.8% | $10416 (+4.2%) vs B&H +710.3% | flip@0.239 ADAPT
  460000/652362 (173/s ETA 1110s) | 2023-05-18 | TENTATIVE | vis=47.2% tht=51.2% | trades=4040 win=56.9% | $10402 (+4.0%) vs B&H +635.9% | flip@0.249 ADAPT
  470000/652362 (173/s ETA 1051s) | 2023-06-21 | TENTATIVE | vis=49.3% tht=45.1% | trades=4043 win=56.8% | $10399 (+4.0%) vs B&H +713.0% | flip@0.239 ADAPT
  480000/652362 (173/s ETA 994s) | 2023-07-26 | TENTATIVE | vis=49.4% tht=45.5% | trades=4095 win=56.8% | $10402 (+4.0%) vs B&H +687.8% | flip@0.243 ADAPT
  490000/652362 (173/s ETA 936s) | 2023-08-30 | CONFIDENT | vis=45.9% tht=48.3% | trades=4243 win=57.6% | $10463 (+4.6%) vs B&H +640.0% | flip@0.253 STABLE
  500000/652362 (173/s ETA 879s) | 2023-10-03 | CONFIDENT | vis=46.1% tht=49.3% | trades=4243 win=57.6% | $10463 (+4.6%) vs B&H +638.5% | flip@0.253 STABLE
  510000/652362 (173/s ETA 821s) | 2023-11-07 | CONFIDENT | vis=49.1% tht=42.5% | trades=4246 win=57.6% | $10463 (+4.6%) vs B&H +836.2% | flip@0.238 STABLE
  520000/652362 (173/s ETA 764s) | 2023-12-12 | CONFIDENT | vis=50.7% tht=51.6% | trades=4327 win=57.2% | $10448 (+4.5%) vs B&H +1028.6% | flip@0.244 STABLE
  530000/652362 (173/s ETA 705s) | 2024-01-16 | CONFIDENT | vis=57.4% tht=51.1% | trades=4454 win=56.8% | $10439 (+4.4%) vs B&H +1051.2% | flip@0.248 ADAPT
  540000/652362 (174/s ETA 648s) | 2024-02-19 | CONFIDENT | vis=47.4% tht=51.2% | trades=4520 win=56.6% | $10435 (+4.3%) vs B&H +1298.3% | flip@0.242 ADAPT
  550000/652362 (174/s ETA 590s) | 2024-03-25 | CONFIDENT | vis=54.9% tht=53.6% | trades=4547 win=56.6% | $10438 (+4.4%) vs B&H +1711.2% | flip@0.242 ADAPT
  560000/652362 (174/s ETA 532s) | 2024-04-29 | CONFIDENT | vis=47.6% tht=46.4% | trades=4653 win=57.0% | $10477 (+4.8%) vs B&H +1572.7% | flip@0.247 STABLE
  570000/652362 (174/s ETA 474s) | 2024-06-03 | CONFIDENT | vis=54.1% tht=51.1% | trades=4706 win=56.7% | $10463 (+4.6%) vs B&H +1723.3% | flip@0.247 STABLE
  580000/652362 (174/s ETA 417s) | 2024-07-07 | TENTATIVE | vis=53.1% tht=56.2% | trades=4726 win=56.6% | $10461 (+4.6%) vs B&H +1433.6% | flip@0.240 STABLE
  590000/652362 (174/s ETA 359s) | 2024-08-11 | TENTATIVE | vis=44.3% tht=49.0% | trades=4848 win=56.4% | $10462 (+4.6%) vs B&H +1538.6% | flip@0.238 ADAPT
  600000/652362 (174/s ETA 302s) | 2024-09-15 | CONFIDENT | vis=54.3% tht=50.4% | trades=4923 win=56.2% | $10458 (+4.6%) vs B&H +1520.3% | flip@0.243 ADAPT
  610000/652362 (174/s ETA 244s) | 2024-10-19 | CONFIDENT | vis=50.4% tht=55.4% | trades=4969 win=56.3% | $10467 (+4.7%) vs B&H +1741.0% | flip@0.240 ADAPT
  620000/652362 (174/s ETA 186s) | 2024-11-23 | CONFIDENT | vis=48.8% tht=48.5% | trades=5046 win=56.4% | $10470 (+4.7%) vs B&H +2557.5% | flip@0.240 STABLE
  630000/652362 (174/s ETA 129s) | 2024-12-28 | TENTATIVE | vis=52.7% tht=53.2% | trades=5095 win=56.3% | $10469 (+4.7%) vs B&H +2443.7% | flip@0.241 STABLE
  640000/652362 (174/s ETA 71s) | 2025-02-01 | CONFIDENT | vis=45.1% tht=46.7% | trades=5202 win=56.6% | $10487 (+4.9%) vs B&H +2665.4% | flip@0.240 STABLE
  650000/652362 (174/s ETA 14s) | 2025-03-07 | CONFIDENT | vis=50.0% tht=46.9% | trades=5295 win=56.5% | $10487 (+4.9%) vs B&H +2276.0% | flip@0.243 STABLE

═══════════════════════════════════════════════════════════
  trader3 complete — 652362 candles in 3754.5s (174/s)
  Orchestration: thought-only
  Labeled: 462714  Noise: 189648 (29.1% noise rate)

  Equity: $10485.84 (+4.86%) | B&H: +2172.51%
  Trades taken: 5298  Won: 2992  Win rate: 56.5%  Skipped: 644382

  Visual journal  — buy_obs=234188 sell_obs=228526 cos_raw=0.9958 disc_strength=0.0009 recalibs=925
  Thought journal — buy_obs=234188 sell_obs=228526 cos_raw=0.9842 disc_strength=0.0018 recalibs=925

  Rolling accuracy (last 1000): visual=47.3% thought=54.9%

  Visual pattern groups: 1 discovered
    Group 0: 5298 obs, 5298 trades (2992W/2306L = 56.5%)

  By year:
    2019: 888 trades  59.3% win  +65.58$ P&L
    2020: 876 trades  58.3% win  +127.55$ P&L
    2021: 1208 trades  55.7% win  +107.70$ P&L
    2022: 754 trades  60.3% win  +113.89$ P&L
    2023: 708 trades  50.1% win  +27.46$ P&L
    2024: 662 trades  52.6% win  +26.61$ P&L
    2025: 202 trades  60.9% win  +17.05$ P&L

  Run DB: /home/watmin/work/holon/holon-lab-trading/orchestration_results/full-652k-q99-v3.db (652362 rows)
═══════════════════════════════════════════════════════════
