trader3: visual+thought journals, discriminant prediction
  20000D  window=48  horizon=36  threshold=0.500%  decay=0.999  flip=q99
  observe=1000  recalib_interval=500  orchestration=thought-only  min_conviction=0.000
  venue: 10.0bps fee + 25.0bps slippage per swap (0.70% round trip)

  Loading candles from "/home/watmin/work/holon/holon-lab-trading/data/analysis.db"...
  Loaded 652409 candles in 0.8s
  Run database: /home/watmin/work/holon/holon-lab-trading/orchestration_results/ledger-jupiter.db

  Walk-forward: 50000 candles from index 47...
  2000/50000 (247/s ETA 194s) | 2019-01-08 | TENTATIVE | vis=0.0% tht=53.8% | trades=0 win=0.0% | $10000 (+0.0%) vs B&H +6.9% | flip@0.182 CALIBRATING
  4000/50000 (243/s ETA 189s) | 2019-01-15 | TENTATIVE | vis=0.0% tht=42.9% | trades=0 win=0.0% | $10000 (+0.0%) vs B&H -3.0% | flip@0.200 CALIBRATING
  6000/50000 (243/s ETA 181s) | 2019-01-22 | TENTATIVE | vis=0.0% tht=50.0% | trades=2 win=0.0% | $9878 (-1.2%) vs B&H -3.8% | flip@0.149 CALIBRATING
  8000/50000 (244/s ETA 172s) | 2019-01-29 | TENTATIVE | vis=0.0% tht=46.8% | trades=31 win=6.5% | $9089 (-9.1%) vs B&H -8.0% | flip@0.253 CALIBRATING
  10000/50000 (246/s ETA 163s) | 2019-02-05 | TENTATIVE | vis=0.0% tht=46.3% | trades=42 win=4.8% | $8856 (-11.4%) vs B&H -6.7% | flip@0.271 CALIBRATING
  12000/50000 (252/s ETA 151s) | 2019-02-12 | TENTATIVE | vis=0.0% tht=49.3% | trades=42 win=4.8% | $8856 (-11.4%) vs B&H -2.8% | flip@0.174 CALIBRATING
  14000/50000 (252/s ETA 143s) | 2019-02-19 | TENTATIVE | vis=0.0% tht=44.1% | trades=47 win=4.3% | $8578 (-14.2%) vs B&H +5.0% | flip@0.142 CALIBRATING
  16000/50000 (252/s ETA 135s) | 2019-02-26 | TENTATIVE | vis=0.0% tht=51.9% | trades=82 win=17.1% | $8149 (-18.5%) vs B&H +2.7% | flip@0.206 CALIBRATING
  18000/50000 (251/s ETA 127s) | 2019-03-05 | TENTATIVE | vis=0.0% tht=45.3% | trades=82 win=17.1% | $8149 (-18.5%) vs B&H +0.5% | flip@0.219 CALIBRATING
  20000/50000 (251/s ETA 119s) | 2019-03-12 | TENTATIVE | vis=0.0% tht=44.6% | trades=82 win=17.1% | $8149 (-18.5%) vs B&H +3.6% | flip@0.173 CALIBRATING
  22000/50000 (254/s ETA 110s) | 2019-03-19 | TENTATIVE | vis=0.0% tht=48.0% | trades=82 win=17.1% | $8149 (-18.5%) vs B&H +7.3% | flip@0.220 CALIBRATING
  24000/50000 (254/s ETA 102s) | 2019-03-26 | TENTATIVE | vis=0.0% tht=52.8% | trades=83 win=16.9% | $8143 (-18.6%) vs B&H +6.2% | flip@0.163 CALIBRATING
  26000/50000 (253/s ETA 95s) | 2019-04-02 | TENTATIVE | vis=0.0% tht=50.5% | trades=92 win=16.3% | $8101 (-19.0%) vs B&H +12.5% | flip@0.184 CALIBRATING
  28000/50000 (253/s ETA 87s) | 2019-04-09 | TENTATIVE | vis=0.0% tht=46.3% | trades=157 win=17.2% | $7704 (-23.0%) vs B&H +39.9% | flip@0.226 CALIBRATING
  30000/50000 (253/s ETA 79s) | 2019-04-16 | TENTATIVE | vis=0.0% tht=48.4% | trades=161 win=16.8% | $7702 (-23.0%) vs B&H +36.0% | flip@0.196 CALIBRATING
  32000/50000 (254/s ETA 71s) | 2019-04-22 | TENTATIVE | vis=0.0% tht=52.0% | trades=163 win=16.6% | $7700 (-23.0%) vs B&H +44.6% | flip@0.145 CALIBRATING
  34000/50000 (253/s ETA 63s) | 2019-04-29 | TENTATIVE | vis=0.0% tht=51.6% | trades=196 win=14.3% | $7672 (-23.3%) vs B&H +40.5% | flip@0.178 CALIBRATING
  36000/50000 (253/s ETA 55s) | 2019-05-06 | TENTATIVE | vis=0.0% tht=42.4% | trades=260 win=14.6% | $7658 (-23.4%) vs B&H +54.7% | flip@0.238 CALIBRATING
  38000/50000 (253/s ETA 48s) | 2019-05-13 | TENTATIVE | vis=0.0% tht=48.2% | trades=282 win=14.2% | $7622 (-23.8%) vs B&H +110.5% | flip@0.193 CALIBRATING
  40000/50000 (253/s ETA 39s) | 2019-05-20 | TENTATIVE | vis=0.0% tht=55.5% | trades=282 win=14.2% | $7622 (-23.8%) vs B&H +110.3% | flip@0.135 CALIBRATING
  42000/50000 (254/s ETA 31s) | 2019-05-27 | TENTATIVE | vis=0.0% tht=46.9% | trades=320 win=14.1% | $7550 (-24.5%) vs B&H +138.6% | flip@0.189 CALIBRATING
  44000/50000 (256/s ETA 23s) | 2019-06-03 | TENTATIVE | vis=0.0% tht=51.5% | trades=351 win=15.4% | $7515 (-24.8%) vs B&H +125.7% | flip@0.218 CALIBRATING
  46000/50000 (257/s ETA 16s) | 2019-06-10 | TENTATIVE | vis=0.0% tht=53.9% | trades=363 win=15.4% | $7502 (-25.0%) vs B&H +112.7% | flip@0.205 CALIBRATING
  48000/50000 (258/s ETA 8s) | 2019-06-17 | TENTATIVE | vis=0.0% tht=51.6% | trades=378 win=15.3% | $7478 (-25.2%) vs B&H +148.1% | flip@0.200 CALIBRATING
  50000/50000 (259/s ETA 0s) | 2019-06-24 | TENTATIVE | vis=0.0% tht=55.6% | trades=378 win=15.3% | $7478 (-25.2%) vs B&H +193.5% | flip@0.167 CALIBRATING

═══════════════════════════════════════════════════════════
  trader3 complete — 50000 candles in 192.9s (259/s)
  Orchestration: thought-only
  Venue costs: 10.0bps fee + 25.0bps slippage = 0.70% round trip
  Labeled: 29916  Noise: 20084 (40.2% noise rate)

  Equity: $7478.44 (-25.22%) | B&H: +193.46%
  Trades taken: 378  Won: 58  Win rate: 15.3%  Skipped: 0

  Visual journal  — buy_obs=15964 sell_obs=13952 cos_raw=0.0000 disc_strength=0.0000 recalibs=59
  Thought journal — buy_obs=15964 sell_obs=13952 cos_raw=0.9834 disc_strength=0.0013 recalibs=59

  Rolling accuracy (last 1000): visual=0.0% thought=55.6%

  Expert panel:
    momentum: recalibs=59 disc_str=0.0010 buy=15964 sell=13952
    structure: recalibs=59 disc_str=0.0013 buy=15964 sell=13952
    volume: recalibs=59 disc_str=0.0005 buy=15964 sell=13952
    narrative: recalibs=59 disc_str=0.0017 buy=15964 sell=13952
    regime: recalibs=59 disc_str=0.0015 buy=15964 sell=13952

  By year:
    2019: 378 trades  15.3% win  -2521.56$ P&L

  Run DB: /home/watmin/work/holon/holon-lab-trading/orchestration_results/ledger-jupiter.db (50000 rows)
═══════════════════════════════════════════════════════════
