trader: Self-Supervised BTC Trader
  10000D, window=48, px_rows=25
  Grid: 48 cols x 100 rows (4800 pixels/viewport)
  Horizon: 36 candles (180min)
  Move threshold: 0.500% (50.0bps)
  Decay: 0.999, Recalib interval: 500
  Observe period: 1000 candles
  Initial equity: $10000
  Reward weight: 1, Correction weight: 1.5
  Use grover: false, Use attend: false
  Threads: 8, Batch size: 256

  Loading candles from "/home/watmin/work/holon/holon-lab-trading/data/analysis.db"...
  Loaded 652409 candles in 0.6s
  Warming vector cache...
  Encoding null template...
  Null template + visual cache ready.
  Initializing thought system...
  Thought system ready (223 fact codebook entries).
  Run database: /home/watmin/work/holon/holon-lab-trading/orchestration_results/novelty-gate-v1.db

  Starting walk-forward (100000 candles, starting at index 47)...
    10000/100000 (75/s, ETA 1202s) | 2019-02-05 13:45:00 | CONFIDENT | vis=43.9% thought=50.4% agree=42% | trades=3921 win=49.2% | eq=$9815 (-1.9%) vs bnh -6.7%
    20000/100000 (75/s, ETA 1070s) | 2019-03-12 07:05:00 | TENTATIVE | vis=60.3% thought=53.6% agree=43% | trades=8187 win=51.8% | eq=$9934 (-0.7%) vs bnh +3.6%
    30000/100000 (75/s, ETA 937s) | 2019-04-16 00:25:00 | TENTATIVE | vis=41.5% thought=50.8% agree=44% | trades=12828 win=52.3% | eq=$10084 (+0.8%) vs bnh +36.0%
    40000/100000 (75/s, ETA 803s) | 2019-05-20 17:45:00 | CONFIDENT | vis=53.9% thought=49.3% agree=44% | trades=20318 win=52.8% | eq=$10257 (+2.6%) vs bnh +110.3%
    50000/100000 (75/s, ETA 664s) | 2019-06-24 11:05:00 | CONFIDENT | vis=62.3% thought=47.8% agree=44% | trades=29151 win=52.4% | eq=$10327 (+3.3%) vs bnh +193.5%
    60000/100000 (76/s, ETA 525s) | 2019-07-29 04:25:00 | TENTATIVE | vis=53.0% thought=56.2% agree=45% | trades=38698 win=51.8% | eq=$10222 (+2.2%) vs bnh +160.4%
    70000/100000 (76/s, ETA 393s) | 2019-09-01 21:45:00 | TENTATIVE | vis=45.5% thought=52.6% agree=45% | trades=46824 win=51.3% | eq=$10061 (+0.6%) vs bnh +160.9%
    80000/100000 (77/s, ETA 260s) | 2019-10-06 15:05:00 | TENTATIVE | vis=47.1% thought=54.3% agree=46% | trades=53478 win=51.0% | eq=$9778 (-2.2%) vs bnh +114.0%
    90000/100000 (77/s, ETA 130s) | 2019-11-10 08:25:00 | TENTATIVE | vis=40.9% thought=54.1% agree=46% | trades=60019 win=50.7% | eq=$9650 (-3.5%) vs bnh +138.0%
    100000/100000 (76/s, ETA 0s) | 2019-12-15 01:45:00 | TENTATIVE | vis=43.9% thought=51.7% agree=46% | trades=66566 win=50.4% | eq=$9522 (-4.8%) vs bnh +89.6%

  --- Timing breakdown (total ms) ---
  Visual batch encode:  417637.8
  Thought encode:       844963.7
  Visual predict:        10487.1
  Thought predict:        4369.6
  Rest (resolve/log):    24829.6
  Total accounted:      1302287.8

  Run database written: /home/watmin/work/holon/holon-lab-trading/orchestration_results/novelty-gate-v1.db (100000 rows)

  Walk-forward complete.
  Orchestration mode: meta-boost
  Encoded 100000 viewports in 1314.2s (76 vec/s)
  Labeled (BUY/SELL): 67325, Noise: 32675

  ═══ Visual Journaler ═══
  Accumulators:
    buy_good:     count=68051, purity=0.0001
    sell_good:    count=66558, purity=0.0001
    buy_confuser: count=33264
    sell_confuser:count=45
    noise:        count=32675
    cos(buy_good, sell_good) = 0.8780
    cos(buy_good, noise) = 0.5252
    cos(sell_good, noise) = 0.4479
    delta_disc norm=0.7798, alpha=0.1220
    recognition gate: noise_floor=0.0149 (buy_entropy=0.4772, sell_entropy=0.4482, d_eff=4482)

  Visual prediction accuracy:
    Overall: 50.5% (33975/67284)
    Rolling (last 1000): 44.6%

  Per-year breakdown:
    2019: 50.5% (33975/67284)

  ═══ Thought Journaler ═══
  Accumulators:
    buy_good:     count=68051, purity=0.0036
    sell_good:    count=66558, purity=0.0025
    buy_confuser: count=15045
    sell_confuser:count=17580
    noise:        count=32675
    cos(buy_good, sell_good) = 0.9954
    cos(buy_good, noise) = 0.8923
    cos(sell_good, noise) = 0.8929

  Thought prediction accuracy:
    Overall: 51.5% (34659/67284)
    Rolling (last 1000): 52.6%
    Visual-Thought agreement: 46.3% (46324/99957)

  ═══ Trader ═══
  Final phase: TENTATIVE
  Equity: $9520.44 (started $10000)
  Total return: -4.80%
  Trades taken: 66590, skipped: 1003
  Win rate: 50.4% (33590/66590)
  Confidence (rolling acc - 0.5): -0.076

  Per-year P&L:
    2019: trades=66590 win_rate=50.4% pnl=$-479.56

  Buy-and-hold return over same period: 89.56%
  ═══════════════════════════════════════
