trader3: visual+thought journals, discriminant prediction
  20000D  window=48  horizon=36  threshold=0.500%  decay=0.999  flip=q85
  observe=1000  recalib_interval=500  orchestration=thought-only  min_conviction=0.000

  Loading candles from "/home/watmin/work/holon/holon-lab-trading/data/analysis.db"...
  Loaded 652409 candles in 0.6s
  Run database: /home/watmin/work/holon/holon-lab-trading/orchestration_results/prove-linear-no-diag.db

  Walk-forward: 50000 candles from index 47...
  2000/50000 (269/s ETA 179s) | 2019-01-08 | TENTATIVE | vis=0.0% tht=55.0% | trades=280 win=47.1% | $10003 (+0.0%) vs B&H +6.9% | flip@0.109 CALIBRATING
  4000/50000 (225/s ETA 205s) | 2019-01-15 | TENTATIVE | vis=0.0% tht=36.8% | trades=447 win=57.0% | $10043 (+0.4%) vs B&H -3.0% | flip@0.127 CALIBRATING
  6000/50000 (219/s ETA 200s) | 2019-01-22 | CONFIDENT | vis=0.0% tht=51.4% | trades=517 win=55.5% | $10041 (+0.4%) vs B&H -3.8% | flip@0.097 CALIBRATING
  8000/50000 (202/s ETA 208s) | 2019-01-29 | CONFIDENT | vis=0.0% tht=51.9% | trades=736 win=50.5% | $10009 (+0.1%) vs B&H -8.0% | flip@0.127 CALIBRATING
  10000/50000 (187/s ETA 214s) | 2019-02-05 | TENTATIVE | vis=0.0% tht=50.1% | trades=955 win=53.0% | $10048 (+0.5%) vs B&H -6.7% | flip@0.199 CALIBRATING
  12000/50000 (191/s ETA 199s) | 2019-02-12 | TENTATIVE | vis=0.0% tht=50.2% | trades=1010 win=53.4% | $10054 (+0.5%) vs B&H -2.8% | flip@0.066 CALIBRATING
  14000/50000 (180/s ETA 200s) | 2019-02-19 | CONFIDENT | vis=0.0% tht=44.0% | trades=1195 win=53.7% | $10066 (+0.7%) vs B&H +5.0% | flip@0.095 CALIBRATING
  16000/50000 (152/s ETA 223s) | 2019-02-26 | TENTATIVE | vis=0.0% tht=52.2% | trades=1608 win=52.3% | $10073 (+0.7%) vs B&H +2.7% | flip@0.189 CALIBRATING
  18000/50000 (153/s ETA 209s) | 2019-03-05 | CONFIDENT | vis=0.0% tht=46.2% | trades=1700 win=53.7% | $10096 (+1.0%) vs B&H +0.5% | flip@0.181 CALIBRATING
  20000/50000 (158/s ETA 189s) | 2019-03-12 | CONFIDENT | vis=0.0% tht=44.0% | trades=1706 win=53.7% | $10096 (+1.0%) vs B&H +3.6% | flip@0.104 CALIBRATING
  22000/50000 (154/s ETA 181s) | 2019-03-19 | CONFIDENT | vis=0.0% tht=47.6% | trades=1867 win=54.8% | $10138 (+1.4%) vs B&H +7.3% | flip@0.141 CALIBRATING
  24000/50000 (158/s ETA 165s) | 2019-03-26 | CONFIDENT | vis=0.0% tht=52.8% | trades=1907 win=55.1% | $10159 (+1.6%) vs B&H +6.2% | flip@0.097 CALIBRATING
  26000/50000 (158/s ETA 152s) | 2019-04-02 | CONFIDENT | vis=0.0% tht=50.5% | trades=2003 win=55.2% | $10179 (+1.8%) vs B&H +12.5% | flip@0.126 CALIBRATING
  28000/50000 (143/s ETA 154s) | 2019-04-09 | CONFIDENT | vis=0.0% tht=46.3% | trades=2344 win=56.4% | $10429 (+4.3%) vs B&H +39.9% | flip@0.140 CALIBRATING
  30000/50000 (136/s ETA 147s) | 2019-04-16 | CONFIDENT | vis=0.0% tht=52.2% | trades=2569 win=55.8% | $10432 (+4.3%) vs B&H +36.0% | flip@0.141 CALIBRATING
  32000/50000 (135/s ETA 133s) | 2019-04-22 | TENTATIVE | vis=0.0% tht=48.6% | trades=2683 win=55.5% | $10431 (+4.3%) vs B&H +44.6% | flip@0.113 CALIBRATING
  34000/50000 (128/s ETA 125s) | 2019-04-29 | TENTATIVE | vis=0.0% tht=62.9% | trades=2926 win=53.7% | $10399 (+4.0%) vs B&H +40.5% | flip@0.130 CALIBRATING
  36000/50000 (118/s ETA 119s) | 2019-05-06 | CONFIDENT | vis=0.0% tht=44.7% | trades=3276 win=56.9% | $10580 (+5.8%) vs B&H +54.7% | flip@0.260 CALIBRATING
  38000/50000 (117/s ETA 103s) | 2019-05-13 | CONFIDENT | vis=0.0% tht=48.9% | trades=3396 win=56.8% | $10592 (+5.9%) vs B&H +110.5% | flip@0.119 CALIBRATING
  40000/50000 (116/s ETA 86s) | 2019-05-20 | CONFIDENT | vis=0.0% tht=55.5% | trades=3510 win=56.4% | $10579 (+5.8%) vs B&H +110.3% | flip@0.083 CALIBRATING
  42000/50000 (99/s ETA 81s) | 2019-05-27 | CONFIDENT | vis=0.0% tht=44.6% | trades=4159 win=56.9% | $10739 (+7.4%) vs B&H +138.6% | flip@0.138 CALIBRATING
  44000/50000 (93/s ETA 64s) | 2019-06-03 | CONFIDENT | vis=0.0% tht=50.7% | trades=4478 win=56.5% | $10729 (+7.3%) vs B&H +125.7% | flip@0.160 CALIBRATING
  46000/50000 (95/s ETA 42s) | 2019-06-10 | CONFIDENT | vis=0.0% tht=54.0% | trades=4514 win=56.2% | $10723 (+7.2%) vs B&H +112.7% | flip@0.100 CALIBRATING
  48000/50000 (84/s ETA 24s) | 2019-06-17 | TENTATIVE | vis=0.0% tht=51.9% | trades=5088 win=54.6% | $10679 (+6.8%) vs B&H +148.1% | flip@0.190 CALIBRATING
