trader3: visual+thought journals, discriminant prediction
  10000D  window=48  horizon=36  threshold=0.500%  decay=0.999  flip=q95
  observe=1000  recalib_interval=500  orchestration=thought-only  min_conviction=0.000

  Loading candles from "/home/watmin/work/holon/holon-lab-trading/data/analysis.db"...
  Loaded 652409 candles in 0.6s
  Run database: /home/watmin/work/holon/holon-lab-trading/orchestration_results/pruned-q95-100k.db

  Walk-forward: 100000 candles from index 47...
  10000/100000 (203/s ETA 443s) | 2019-02-05 | TENTATIVE | vis=56.5% tht=49.6% | trades=363 win=58.7% | $10025 (+0.2%) vs B&H -6.7% | flip@0.177 edge=0.520
  20000/100000 (203/s ETA 394s) | 2019-03-12 | CONFIDENT | vis=48.4% tht=42.9% | trades=552 win=52.9% | $10015 (+0.1%) vs B&H +3.6% | flip@0.166 edge=0.520
  30000/100000 (203/s ETA 346s) | 2019-04-16 | CONFIDENT | vis=46.9% tht=45.8% | trades=770 win=54.3% | $10025 (+0.2%) vs B&H +36.0% | flip@0.164 edge=0.520
  40000/100000 (202/s ETA 297s) | 2019-05-20 | CONFIDENT | vis=50.9% tht=55.1% | trades=1202 win=57.9% | $10100 (+1.0%) vs B&H +110.3% | flip@0.166 edge=0.520
  50000/100000 (202/s ETA 248s) | 2019-06-24 | CONFIDENT | vis=55.3% tht=58.6% | trades=1507 win=58.1% | $10197 (+2.0%) vs B&H +193.5% | flip@0.164 edge=0.520
  60000/100000 (202/s ETA 198s) | 2019-07-29 | CONFIDENT | vis=54.9% tht=52.7% | trades=1867 win=56.8% | $10195 (+1.9%) vs B&H +160.4% | flip@0.161 edge=0.520
  70000/100000 (203/s ETA 148s) | 2019-09-01 | CONFIDENT | vis=47.7% tht=52.2% | trades=2618 win=55.4% | $10195 (+1.9%) vs B&H +160.9% | flip@0.168 edge=0.520
  80000/100000 (204/s ETA 98s) | 2019-10-06 | CONFIDENT | vis=52.6% tht=47.8% | trades=3025 win=56.0% | $10276 (+2.8%) vs B&H +114.0% | flip@0.170 edge=0.520
  90000/100000 (204/s ETA 49s) | 2019-11-10 | CONFIDENT | vis=48.7% tht=50.7% | trades=3731 win=55.8% | $10302 (+3.0%) vs B&H +138.0% | flip@0.177 edge=0.520
  100000/100000 (205/s ETA 0s) | 2019-12-15 | CONFIDENT | vis=51.6% tht=43.8% | trades=4029 win=54.8% | $10276 (+2.8%) vs B&H +89.6% | flip@0.180 edge=0.520

═══════════════════════════════════════════════════════════
  trader3 complete — 100000 candles in 488.4s (205/s)
  Orchestration: thought-only
  Labeled: 67315  Noise: 32685 (32.7% noise rate)

  Equity: $10275.62 (+2.76%) | B&H: +89.56%
  Trades taken: 4029  Won: 2207  Win rate: 54.8%  Skipped: 93337

  Visual journal  — buy_obs=34032 sell_obs=33283 cos_raw=0.9927 disc_strength=0.0012 recalibs=134
  Thought journal — buy_obs=34032 sell_obs=33283 cos_raw=0.9780 disc_strength=0.0021 recalibs=134

  Rolling accuracy (last 1000): visual=51.6% thought=43.8%

  By year:
    2019: 4029 trades  54.8% win  +275.62$ P&L

  Run DB: /home/watmin/work/holon/holon-lab-trading/orchestration_results/pruned-q95-100k.db (100000 rows)
═══════════════════════════════════════════════════════════
