trader3: visual+thought journals, discriminant prediction
  20000D  window=48  horizon=36  threshold=0.500%  decay=0.999  flip=q85
  observe=1000  recalib_interval=500  orchestration=thought-only  min_conviction=0.000

  Loading candles from "/home/watmin/work/holon/holon-lab-trading/data/analysis.db"...
  Loaded 652409 candles in 0.6s
  Run database: /home/watmin/work/holon/holon-lab-trading/orchestration_results/pure-kelly-curve-q85.db

  Walk-forward: 100000 candles from index 47...
  10000/100000 (268/s ETA 336s) | 2019-02-05 | TENTATIVE | vis=0.0% tht=46.3% | trades=403 win=49.4% | $8552 (-14.5%) vs B&H -6.7% | flip@0.132 CALIBRATING
  20000/100000 (266/s ETA 301s) | 2019-03-12 | TENTATIVE | vis=0.0% tht=44.7% | trades=403 win=49.4% | $8552 (-14.5%) vs B&H +3.6% | flip@0.124 CALIBRATING
  30000/100000 (263/s ETA 267s) | 2019-04-16 | TENTATIVE | vis=0.0% tht=48.4% | trades=403 win=49.4% | $8552 (-14.5%) vs B&H +36.0% | flip@0.125 CALIBRATING
  40000/100000 (256/s ETA 234s) | 2019-05-20 | TENTATIVE | vis=0.0% tht=55.5% | trades=403 win=49.4% | $8552 (-14.5%) vs B&H +110.3% | flip@0.124 CALIBRATING
  50000/100000 (249/s ETA 201s) | 2019-06-24 | TENTATIVE | vis=0.0% tht=55.6% | trades=403 win=49.4% | $8552 (-14.5%) vs B&H +193.5% | flip@0.125 CALIBRATING
  60000/100000 (239/s ETA 167s) | 2019-07-29 | TENTATIVE | vis=0.0% tht=53.2% | trades=403 win=49.4% | $8552 (-14.5%) vs B&H +160.4% | flip@0.123 CALIBRATING
  70000/100000 (230/s ETA 131s) | 2019-09-01 | TENTATIVE | vis=0.0% tht=52.6% | trades=403 win=49.4% | $8552 (-14.5%) vs B&H +160.9% | flip@0.130 CALIBRATING
  80000/100000 (222/s ETA 90s) | 2019-10-06 | TENTATIVE | vis=0.0% tht=46.1% | trades=403 win=49.4% | $8552 (-14.5%) vs B&H +114.0% | flip@0.133 CALIBRATING
  90000/100000 (216/s ETA 46s) | 2019-11-10 | TENTATIVE | vis=0.0% tht=46.5% | trades=403 win=49.4% | $8552 (-14.5%) vs B&H +138.0% | flip@0.140 CALIBRATING
  100000/100000 (209/s ETA 0s) | 2019-12-15 | TENTATIVE | vis=0.0% tht=43.9% | trades=403 win=49.4% | $8552 (-14.5%) vs B&H +89.6% | flip@0.142 CALIBRATING

═══════════════════════════════════════════════════════════
  trader3 complete — 100000 candles in 478.1s (209/s)
  Orchestration: thought-only
  Labeled: 67315  Noise: 32685 (32.7% noise rate)

  Equity: $8552.22 (-14.48%) | B&H: +89.56%
  Trades taken: 403  Won: 199  Win rate: 49.4%  Skipped: 0

  Visual journal  — buy_obs=34032 sell_obs=33283 cos_raw=0.0000 disc_strength=0.0000 recalibs=134
  Thought journal — buy_obs=34032 sell_obs=33283 cos_raw=0.9865 disc_strength=0.0012 recalibs=134

  Rolling accuracy (last 1000): visual=0.0% thought=43.9%

  Visual pattern groups: 89 discovered
    Group 0: 1 obs, 1 trades (0W/1L = 0.0%)
    Group 1: 1 obs, 1 trades (0W/1L = 0.0%)
    Group 2: 1 obs, 1 trades (0W/1L = 0.0%)
    Group 3: 1 obs, 1 trades (0W/1L = 0.0%)
    Group 4: 1 obs, 1 trades (0W/1L = 0.0%)
    Group 5: 1 obs, 1 trades (0W/1L = 0.0%)
    Group 6: 1 obs, 1 trades (0W/1L = 0.0%)
    Group 7: 1 obs, 1 trades (0W/1L = 0.0%)
    Group 8: 1 obs, 1 trades (0W/1L = 0.0%)
    Group 9: 1 obs, 1 trades (0W/1L = 0.0%)
    Group 10: 1 obs, 1 trades (0W/1L = 0.0%)
    Group 11: 1 obs, 1 trades (0W/1L = 0.0%)
    Group 12: 1 obs, 1 trades (0W/1L = 0.0%)
    Group 13: 1 obs, 1 trades (0W/1L = 0.0%)
    Group 14: 1 obs, 1 trades (0W/1L = 0.0%)
    Group 15: 1 obs, 1 trades (0W/1L = 0.0%)
    Group 16: 1 obs, 1 trades (0W/1L = 0.0%)
    Group 17: 1 obs, 1 trades (0W/1L = 0.0%)
    Group 18: 1 obs, 1 trades (0W/1L = 0.0%)
    Group 19: 1 obs, 1 trades (0W/1L = 0.0%)
    Group 20: 1 obs, 1 trades (0W/1L = 0.0%)
    Group 21: 1 obs, 1 trades (1W/0L = 100.0%)
    Group 22: 1 obs, 1 trades (1W/0L = 100.0%)
    Group 23: 1 obs, 1 trades (1W/0L = 100.0%)
    Group 24: 1 obs, 1 trades (1W/0L = 100.0%)
    Group 25: 1 obs, 1 trades (1W/0L = 100.0%)
    Group 26: 1 obs, 1 trades (1W/0L = 100.0%)
    Group 27: 1 obs, 1 trades (1W/0L = 100.0%)
    Group 28: 1 obs, 1 trades (1W/0L = 100.0%)
    Group 29: 1 obs, 1 trades (1W/0L = 100.0%)
    Group 30: 1 obs, 1 trades (1W/0L = 100.0%)
    Group 31: 1 obs, 1 trades (0W/1L = 0.0%)
    Group 32: 1 obs, 1 trades (0W/1L = 0.0%)
    Group 33: 1 obs, 1 trades (1W/0L = 100.0%)
    Group 34: 1 obs, 1 trades (1W/0L = 100.0%)
    Group 35: 1 obs, 1 trades (1W/0L = 100.0%)
    Group 36: 1 obs, 1 trades (1W/0L = 100.0%)
    Group 37: 1 obs, 1 trades (1W/0L = 100.0%)
    Group 38: 1 obs, 1 trades (1W/0L = 100.0%)
    Group 39: 1 obs, 1 trades (1W/0L = 100.0%)
    Group 40: 1 obs, 1 trades (1W/0L = 100.0%)
    Group 41: 1 obs, 1 trades (1W/0L = 100.0%)
    Group 42: 1 obs, 1 trades (1W/0L = 100.0%)
    Group 43: 1 obs, 1 trades (1W/0L = 100.0%)
    Group 44: 1 obs, 1 trades (1W/0L = 100.0%)
    Group 45: 1 obs, 1 trades (1W/0L = 100.0%)
    Group 46: 1 obs, 1 trades (1W/0L = 100.0%)
    Group 47: 1 obs, 1 trades (1W/0L = 100.0%)
    Group 48: 1 obs, 1 trades (1W/0L = 100.0%)
    Group 49: 1 obs, 1 trades (1W/0L = 100.0%)
    Group 50: 1 obs, 1 trades (1W/0L = 100.0%)
    Group 51: 1 obs, 1 trades (1W/0L = 100.0%)
    Group 52: 1 obs, 1 trades (1W/0L = 100.0%)
    Group 53: 1 obs, 1 trades (1W/0L = 100.0%)
    Group 54: 1 obs, 1 trades (1W/0L = 100.0%)
    Group 55: 1 obs, 1 trades (1W/0L = 100.0%)
    Group 56: 1 obs, 1 trades (1W/0L = 100.0%)
    Group 57: 1 obs, 1 trades (0W/1L = 0.0%)
    Group 58: 1 obs, 1 trades (1W/0L = 100.0%)
    Group 59: 1 obs, 1 trades (1W/0L = 100.0%)
    Group 60: 1 obs, 1 trades (1W/0L = 100.0%)
    Group 61: 1 obs, 1 trades (1W/0L = 100.0%)
    Group 62: 1 obs, 1 trades (1W/0L = 100.0%)
    Group 63: 1 obs, 1 trades (1W/0L = 100.0%)
    Group 64: 1 obs, 1 trades (0W/1L = 0.0%)
    Group 65: 1 obs, 1 trades (0W/1L = 0.0%)
    Group 66: 1 obs, 1 trades (0W/1L = 0.0%)
    Group 67: 1 obs, 1 trades (0W/1L = 0.0%)
    Group 68: 1 obs, 1 trades (0W/1L = 0.0%)
    Group 69: 1 obs, 1 trades (1W/0L = 100.0%)
    Group 70: 1 obs, 1 trades (0W/1L = 0.0%)
    Group 71: 1 obs, 1 trades (1W/0L = 100.0%)
    Group 72: 1 obs, 1 trades (1W/0L = 100.0%)
    Group 73: 1 obs, 1 trades (0W/1L = 0.0%)
    Group 74: 1 obs, 1 trades (0W/1L = 0.0%)
    Group 75: 1 obs, 1 trades (0W/1L = 0.0%)
    Group 76: 1 obs, 1 trades (0W/1L = 0.0%)
    Group 77: 1 obs, 1 trades (0W/1L = 0.0%)
    Group 78: 1 obs, 1 trades (0W/1L = 0.0%)
    Group 79: 1 obs, 1 trades (0W/1L = 0.0%)
    Group 80: 1 obs, 1 trades (0W/1L = 0.0%)
    Group 81: 1 obs, 1 trades (1W/0L = 100.0%)
    Group 82: 1 obs, 1 trades (1W/0L = 100.0%)
    Group 83: 1 obs, 1 trades (1W/0L = 100.0%)
    Group 84: 1 obs, 1 trades (1W/0L = 100.0%)
    Group 85: 1 obs, 1 trades (1W/0L = 100.0%)
    Group 86: 1 obs, 1 trades (1W/0L = 100.0%)
    Group 87: 1 obs, 1 trades (1W/0L = 100.0%)
    Group 88: 1 obs, 1 trades (1W/0L = 100.0%)

  Expert panel:
    momentum: recalibs=134 disc_str=0.0006 buy=34032 sell=33283
    structure: recalibs=134 disc_str=0.0011 buy=34032 sell=33283
    volume: recalibs=134 disc_str=0.0013 buy=34032 sell=33283
    narrative: recalibs=134 disc_str=0.0017 buy=34032 sell=33283
    regime: recalibs=134 disc_str=0.0008 buy=34032 sell=33283

  By year:
    2019: 403 trades  49.4% win  -1447.78$ P&L

  Run DB: /home/watmin/work/holon/holon-lab-trading/orchestration_results/pure-kelly-curve-q85.db (100000 rows)
═══════════════════════════════════════════════════════════
