trader: Self-Supervised BTC Trader
  10000D, window=48, px_rows=25
  Grid: 48 cols x 100 rows (4800 pixels/viewport)
  Horizon: 36 candles (180min)
  Move threshold: 0.500% (50.0bps)
  Decay: 0.999, Recalib interval: 500
  Observe period: 1000 candles
  Initial equity: $10000
  Reward weight: 1, Correction weight: 1.5
  Use grover: false, Use attend: false
  Threads: 8, Batch size: 256

  Loading candles from "/home/watmin/work/holon/holon-lab-trading/data/analysis.db"...
  Loaded 652409 candles in 0.6s
  Warming vector cache...
  Encoding null template...
  Null template + visual cache ready.
  Initializing thought system...
  Thought system ready (223 fact codebook entries).
  Run database: /home/watmin/work/holon/holon-lab-trading/orchestration_results/purity-diag-v1.db

  Starting walk-forward (100000 candles, starting at index 47)...
    10000/100000 (71/s, ETA 1269s) | 2019-02-05 13:45:00 | TENTATIVE | vis=46.1% thought=50.1% agree=54% | trades=3921 win=50.6% | eq=$9829 (-1.7%) vs bnh -6.7%
    20000/100000 (71/s, ETA 1120s) | 2019-03-12 07:05:00 | TENTATIVE | vis=49.4% thought=57.0% agree=54% | trades=8185 win=52.6% | eq=$9860 (-1.4%) vs bnh +3.6%
    30000/100000 (71/s, ETA 980s) | 2019-04-16 00:25:00 | TENTATIVE | vis=48.8% thought=40.2% agree=55% | trades=12826 win=50.9% | eq=$9712 (-2.9%) vs bnh +36.0%
    40000/100000 (73/s, ETA 820s) | 2019-05-20 17:45:00 | CONFIDENT | vis=48.0% thought=48.3% agree=55% | trades=20316 win=50.5% | eq=$9628 (-3.7%) vs bnh +110.3%
    50000/100000 (74/s, ETA 678s) | 2019-06-24 11:05:00 | TENTATIVE | vis=48.3% thought=50.5% agree=55% | trades=29148 win=50.4% | eq=$9399 (-6.0%) vs bnh +193.5%
    60000/100000 (75/s, ETA 536s) | 2019-07-29 04:25:00 | CONFIDENT | vis=55.5% thought=55.7% agree=55% | trades=38692 win=50.6% | eq=$9318 (-6.8%) vs bnh +160.4%
    70000/100000 (75/s, ETA 401s) | 2019-09-01 21:45:00 | CONFIDENT | vis=51.8% thought=56.1% agree=55% | trades=46812 win=50.7% | eq=$9356 (-6.4%) vs bnh +160.9%
    80000/100000 (75/s, ETA 267s) | 2019-10-06 15:05:00 | CONFIDENT | vis=54.4% thought=51.5% agree=55% | trades=53465 win=50.6% | eq=$9199 (-8.0%) vs bnh +114.0%
    90000/100000 (74/s, ETA 135s) | 2019-11-10 08:25:00 | TENTATIVE | vis=50.2% thought=48.4% agree=55% | trades=60006 win=50.3% | eq=$9104 (-9.0%) vs bnh +138.0%
    100000/100000 (75/s, ETA 0s) | 2019-12-15 01:45:00 | TENTATIVE | vis=52.4% thought=44.6% agree=55% | trades=66550 win=50.4% | eq=$9102 (-9.0%) vs bnh +89.6%

  --- Timing breakdown (total ms) ---
  Visual batch encode:  426991.6
  Thought encode:       852863.2
  Visual predict:        11588.5
  Thought predict:        5455.4
  Rest (resolve/log):    25367.8
  Total accounted:      1322266.5

  Run database written: /home/watmin/work/holon/holon-lab-trading/orchestration_results/purity-diag-v1.db (100000 rows)

  Walk-forward complete.
  Orchestration mode: meta-boost
  Encoded 100000 viewports in 1334.2s (75 vec/s)
  Labeled (BUY/SELL): 67325, Noise: 32675

  ═══ Visual Journaler ═══
  Accumulators:
    buy_good:     count=68051, purity=0.0001
    sell_good:    count=66558, purity=0.0001
    buy_confuser: count=16656
    sell_confuser:count=17063
    noise:        count=32675
    cos(buy_good, sell_good) = 0.9272
    cos(buy_good, noise) = 0.5732
    cos(sell_good, noise) = 0.5788
    recognition gate: noise_floor=0.0140 (buy_entropy=0.5076, sell_entropy=0.5076, d_eff=5076)

  Visual prediction accuracy:
    Overall: 49.9% (33565/67284)
    Rolling (last 1000): 51.8%

  Per-year breakdown:
    2019: 49.9% (33565/67284)

  ═══ Thought Journaler ═══
  Accumulators:
    buy_good:     count=68051, purity=0.0036
    sell_good:    count=66558, purity=0.0029
    buy_confuser: count=16662
    sell_confuser:count=16774
    noise:        count=32675
    cos(buy_good, sell_good) = 0.9950
    cos(buy_good, noise) = 0.8835
    cos(sell_good, noise) = 0.8861

  Thought prediction accuracy:
    Overall: 50.3% (33848/67284)
    Rolling (last 1000): 45.8%
    Visual-Thought agreement: 55.1% (55092/99957)

  ═══ Trader ═══
  Final phase: TENTATIVE
  Equity: $9103.15 (started $10000)
  Total return: -8.97%
  Trades taken: 66574, skipped: 1027
  Win rate: 50.4% (33551/66574)
  Confidence (rolling acc - 0.5): -0.026

  Per-year P&L:
    2019: trades=66574 win_rate=50.4% pnl=$-896.85

  Buy-and-hold return over same period: 89.56%
  ═══════════════════════════════════════
