trader3: visual+thought journals, discriminant prediction
  10000D  window=48  horizon=36  threshold=0.500%  decay=0.999  flip=q99
  observe=1000  recalib_interval=500  orchestration=thought-only  min_conviction=0.000

  Loading candles from "/home/watmin/work/holon/holon-lab-trading/data/analysis.db"...
  Loaded 652409 candles in 0.6s
  Run database: /home/watmin/work/holon/holon-lab-trading/orchestration_results/q99-100k.db

  Walk-forward: 100000 candles from index 47...
  10000/100000 (189/s ETA 477s) | 2019-02-05 | TENTATIVE | vis=56.5% tht=52.8% | trades=91 win=75.8% | $10016 (+0.2%) vs B&H -6.7% | flip@0.251 STABLE
  20000/100000 (184/s ETA 436s) | 2019-03-12 | TENTATIVE | vis=48.4% tht=47.5% | trades=92 win=75.0% | $10016 (+0.2%) vs B&H +3.6% | flip@0.227 STABLE
  30000/100000 (180/s ETA 390s) | 2019-04-16 | TENTATIVE | vis=46.9% tht=46.2% | trades=113 win=71.7% | $10017 (+0.2%) vs B&H +36.0% | flip@0.218 STABLE
  40000/100000 (180/s ETA 334s) | 2019-05-20 | TENTATIVE | vis=50.9% tht=54.5% | trades=168 win=75.6% | $10029 (+0.3%) vs B&H +110.3% | flip@0.215 STABLE
  50000/100000 (177/s ETA 282s) | 2019-06-24 | TENTATIVE | vis=55.3% tht=56.9% | trades=187 win=72.2% | $10029 (+0.3%) vs B&H +193.5% | flip@0.210 STABLE
  60000/100000 (178/s ETA 225s) | 2019-07-29 | TENTATIVE | vis=54.9% tht=52.3% | trades=254 win=68.9% | $10036 (+0.4%) vs B&H +160.4% | flip@0.198 STABLE
  70000/100000 (178/s ETA 169s) | 2019-09-01 | CONFIDENT | vis=46.9% tht=51.8% | trades=583 win=59.2% | $10049 (+0.5%) vs B&H +160.9% | flip@0.215 STABLE
  80000/100000 (178/s ETA 112s) | 2019-10-06 | CONFIDENT | vis=52.6% tht=49.0% | trades=639 win=59.8% | $10064 (+0.6%) vs B&H +114.0% | flip@0.216 STABLE
  90000/100000 (178/s ETA 56s) | 2019-11-10 | CONFIDENT | vis=48.7% tht=49.7% | trades=852 win=60.6% | $10074 (+0.7%) vs B&H +138.0% | flip@0.227 STABLE
  100000/100000 (179/s ETA 0s) | 2019-12-15 | CONFIDENT | vis=51.6% tht=44.3% | trades=870 win=59.7% | $10067 (+0.7%) vs B&H +89.6% | flip@0.227 STABLE

═══════════════════════════════════════════════════════════
  trader3 complete — 100000 candles in 559.5s (179/s)
  Orchestration: thought-only
  Labeled: 67315  Noise: 32685 (32.7% noise rate)

  Equity: $10066.97 (+0.67%) | B&H: +89.56%
  Trades taken: 870  Won: 519  Win rate: 59.7%  Skipped: 97987

  Visual journal  — buy_obs=34032 sell_obs=33283 cos_raw=0.9927 disc_strength=0.0012 recalibs=134
  Thought journal — buy_obs=34032 sell_obs=33283 cos_raw=0.9845 disc_strength=0.0018 recalibs=134

  Rolling accuracy (last 1000): visual=51.6% thought=44.3%

  Visual pattern groups: 1 discovered
    Group 0: 870 obs, 870 trades (519W/351L = 59.7%)

  By year:
    2019: 870 trades  59.7% win  +66.97$ P&L

  Run DB: /home/watmin/work/holon/holon-lab-trading/orchestration_results/q99-100k.db (100000 rows)
═══════════════════════════════════════════════════════════
