trader3: visual+thought journals, discriminant prediction
  10000D  window=48  horizon=36  threshold=0.500%  decay=0.999  flip=q100
  observe=1000  recalib_interval=500  orchestration=thought-only  min_conviction=0.000

  Loading candles from "/home/watmin/work/holon/holon-lab-trading/data/analysis.db"...
  Loaded 652409 candles in 0.6s
  Run database: /home/watmin/work/holon/holon-lab-trading/orchestration_results/q995-100k.db

  Walk-forward: 100000 candles from index 47...
  10000/100000 (162/s ETA 557s) | 2019-02-05 | TENTATIVE | vis=56.5% tht=52.8% | trades=48 win=68.8% | $10006 (+0.1%) vs B&H -6.7% | flip@0.265 STABLE
  20000/100000 (162/s ETA 495s) | 2019-03-12 | TENTATIVE | vis=48.4% tht=47.5% | trades=48 win=68.8% | $10006 (+0.1%) vs B&H +3.6% | flip@0.251 STABLE
  30000/100000 (164/s ETA 427s) | 2019-04-16 | TENTATIVE | vis=46.9% tht=46.2% | trades=50 win=68.0% | $10006 (+0.1%) vs B&H +36.0% | flip@0.243 STABLE

  Kill file — aborting.

═══════════════════════════════════════════════════════════
  trader3 complete — 33024 candles in 200.8s (164/s)
  Orchestration: thought-only
  Labeled: 15398  Noise: 17626 (53.4% noise rate)

  Equity: $10006.34 (+0.06%) | B&H: +89.56%
  Trades taken: 50  Won: 34  Win rate: 68.0%  Skipped: 32099

  Visual journal  — buy_obs=8171 sell_obs=7227 cos_raw=0.9939 disc_strength=0.0011 recalibs=30
  Thought journal — buy_obs=8171 sell_obs=7227 cos_raw=0.9847 disc_strength=0.0017 recalibs=30

  Rolling accuracy (last 1000): visual=45.5% thought=48.3%

  Visual pattern groups: 1 discovered
    Group 0: 50 obs, 50 trades (34W/16L = 68.0%)

  By year:
    2019: 50 trades  68.0% win  +6.34$ P&L

  Run DB: /home/watmin/work/holon/holon-lab-trading/orchestration_results/q995-100k.db (33024 rows)
═══════════════════════════════════════════════════════════
