trader3: visual+thought journals, discriminant prediction
  10000D  window=48  horizon=36  threshold=0.500%  decay=0.999
  observe=1000  recalib_interval=500  orchestration=meta-boost  min_conviction=0.000

  Loading candles from "/home/watmin/work/holon/holon-lab-trading/data/analysis.db"...
  Loaded 652409 candles in 0.8s
  Run database: /home/watmin/work/holon/holon-lab-trading/orchestration_results/quantile-85.db

  Walk-forward: 100000 candles from index 47...
  10000/100000 (184/s ETA 490s) | 2019-02-05 | CONFIDENT | vis=56.5% tht=53.2% | trades=3921 win=50.7% | $10021 (+0.2%) vs B&H -6.7% | flip@0.137
  20000/100000 (190/s ETA 420s) | 2019-03-12 | TENTATIVE | vis=48.4% tht=47.5% | trades=8188 win=49.3% | $9950 (-0.5%) vs B&H +3.6% | flip@0.095
  30000/100000 (193/s ETA 363s) | 2019-04-16 | TENTATIVE | vis=46.9% tht=44.5% | trades=12829 win=49.6% | $9922 (-0.8%) vs B&H +36.0% | flip@0.091
  40000/100000 (196/s ETA 306s) | 2019-05-20 | CONFIDENT | vis=50.9% tht=54.6% | trades=20322 win=49.2% | $9839 (-1.6%) vs B&H +110.3% | flip@0.053
  50000/100000 (197/s ETA 254s) | 2019-06-24 | TENTATIVE | vis=55.3% tht=57.1% | trades=29158 win=49.8% | $9890 (-1.1%) vs B&H +193.5% | flip@0.072
  60000/100000 (197/s ETA 203s) | 2019-07-29 | TENTATIVE | vis=54.9% tht=53.8% | trades=38706 win=49.9% | $9872 (-1.3%) vs B&H +160.4% | flip@0.095
  70000/100000 (197/s ETA 152s) | 2019-09-01 | TENTATIVE | vis=47.7% tht=50.8% | trades=46832 win=49.7% | $9840 (-1.6%) vs B&H +160.9% | flip@0.101
  80000/100000 (198/s ETA 101s) | 2019-10-06 | CONFIDENT | vis=52.6% tht=48.7% | trades=53486 win=49.5% | $9752 (-2.5%) vs B&H +114.0% | flip@0.097
  90000/100000 (199/s ETA 50s) | 2019-11-10 | TENTATIVE | vis=48.7% tht=50.0% | trades=60027 win=49.7% | $9751 (-2.5%) vs B&H +138.0% | flip@0.082
  100000/100000 (201/s ETA 0s) | 2019-12-15 | TENTATIVE | vis=51.6% tht=44.5% | trades=66575 win=49.7% | $9699 (-3.0%) vs B&H +89.6% | flip@0.083

═══════════════════════════════════════════════════════════
  trader3 complete — 100000 candles in 497.3s (201/s)
  Orchestration: meta-boost
  Labeled: 67315  Noise: 32685 (32.7% noise rate)

  Equity: $9698.78 (-3.01%) | B&H: +89.56%
  Trades taken: 66575  Won: 33060  Win rate: 49.7%  Skipped: 309

  Visual journal  — buy_obs=34032 sell_obs=33283 cos_raw=0.9927 disc_strength=0.0012 recalibs=134
  Thought journal — buy_obs=34032 sell_obs=33283 cos_raw=0.9845 disc_strength=0.0018 recalibs=134

  Rolling accuracy (last 1000): visual=51.6% thought=44.5%

  By year:
    2019: 66575 trades  49.7% win  -301.22$ P&L

  Run DB: /home/watmin/work/holon/holon-lab-trading/orchestration_results/quantile-85.db (100000 rows)
═══════════════════════════════════════════════════════════
