trader: Self-Supervised BTC Trader
  10000D, window=48, px_rows=25
  Grid: 48 cols x 100 rows (4800 pixels/viewport)
  Horizon: 36 candles (180min)
  Move threshold: 0.500% (50.0bps)
  Decay: 0.999, Recalib interval: 500
  Observe period: 1000 candles
  Initial equity: $10000
  Reward weight: 1, Correction weight: 1.5
  Use grover: false, Use attend: false
  Threads: 8, Batch size: 256

  Loading candles from "/home/watmin/work/holon/holon-lab-trading/data/analysis.db"...
  Loaded 652409 candles in 0.6s
  Warming vector cache...
  Encoding null template...
  Null template + visual cache ready.
  Initializing thought system...
  Thought system ready (223 fact codebook entries).
  Run database: /home/watmin/work/holon/holon-lab-trading/orchestration_results/raw-conviction.db

  Starting walk-forward (100000 candles, starting at index 47)...
    10000/100000 (79/s, ETA 1134s) | 2019-02-05 13:45:00 | CONFIDENT | vis=53.8% thought=52.1% agree=57% | trades=3921 win=50.8% | eq=$10010 (+0.1%) vs bnh -6.7%
    20000/100000 (81/s, ETA 989s) | 2019-03-12 07:05:00 | TENTATIVE | vis=52.4% thought=54.3% agree=56% | trades=8187 win=51.6% | eq=$10034 (+0.3%) vs bnh +3.6%
    30000/100000 (81/s, ETA 862s) | 2019-04-16 00:25:00 | TENTATIVE | vis=42.9% thought=48.9% agree=56% | trades=12828 win=50.4% | eq=$9944 (-0.6%) vs bnh +36.0%
    40000/100000 (81/s, ETA 738s) | 2019-05-20 17:45:00 | TENTATIVE | vis=51.9% thought=48.7% agree=55% | trades=20320 win=50.3% | eq=$9861 (-1.4%) vs bnh +110.3%
    50000/100000 (81/s, ETA 620s) | 2019-06-24 11:05:00 | TENTATIVE | vis=55.3% thought=45.7% agree=55% | trades=29156 win=50.3% | eq=$9759 (-2.4%) vs bnh +193.5%
    60000/100000 (80/s, ETA 502s) | 2019-07-29 04:25:00 | CONFIDENT | vis=49.2% thought=56.1% agree=55% | trades=38704 win=51.0% | eq=$9885 (-1.1%) vs bnh +160.4%
    70000/100000 (80/s, ETA 375s) | 2019-09-01 21:45:00 | CONFIDENT | vis=44.8% thought=52.5% agree=54% | trades=46829 win=51.2% | eq=$9886 (-1.1%) vs bnh +160.9%
    80000/100000 (80/s, ETA 249s) | 2019-10-06 15:05:00 | CONFIDENT | vis=54.4% thought=55.0% agree=54% | trades=53483 win=51.2% | eq=$9875 (-1.3%) vs bnh +114.0%
    90000/100000 (81/s, ETA 124s) | 2019-11-10 08:25:00 | TENTATIVE | vis=44.4% thought=54.4% agree=53% | trades=60023 win=51.2% | eq=$9909 (-0.9%) vs bnh +138.0%
    100000/100000 (81/s, ETA 0s) | 2019-12-15 01:45:00 | CONFIDENT | vis=44.3% thought=52.9% agree=53% | trades=66571 win=51.2% | eq=$9918 (-0.8%) vs bnh +89.6%

  --- Timing breakdown (total ms) ---
  Visual batch encode:  390802.6
  Thought encode:       799399.4
  Visual predict:         9770.2
  Thought predict:        4139.5
  Rest (resolve/log):    22761.5
  Total accounted:      1226873.1

  Run database written: /home/watmin/work/holon/holon-lab-trading/orchestration_results/raw-conviction.db (100000 rows)

  Walk-forward complete.
  Orchestration mode: meta-boost
  Encoded 100000 viewports in 1238.1s (81 vec/s)
  Labeled (BUY/SELL): 67325, Noise: 32675

  ═══ Visual Journaler ═══
  Accumulators:
    buy_good:     count=68051, purity=0.0001
    sell_good:    count=66558, purity=0.0001
    buy_confuser: count=22543
    sell_confuser:count=11045
    noise:        count=32675
    cos(buy_good, sell_good) = 0.9000
    cos(buy_good, noise) = 0.5852
    cos(sell_good, noise) = 0.5532
    delta_disc norm=0.6067, alpha=0.1000
    recognition gate: noise_floor=0.0141 (buy_entropy=0.5183, sell_entropy=0.5023, d_eff=5023)

  Visual prediction accuracy:
    Overall: 50.1% (33696/67284)
    Rolling (last 1000): 44.4%

  Per-year breakdown:
    2019: 50.1% (33696/67284)

  ═══ Thought Journaler ═══
  Accumulators:
    buy_good:     count=68051, purity=0.0035
    sell_good:    count=66558, purity=0.0017
    buy_confuser: count=13177
    sell_confuser:count=19426
    noise:        count=32675
    cos(buy_good, sell_good) = 0.9482
    cos(buy_good, noise) = 0.8308
    cos(sell_good, noise) = 0.8683

  Thought prediction accuracy:
    Overall: 51.5% (34681/67284)
    Rolling (last 1000): 53.5%
    Visual-Thought agreement: 52.6% (52614/99957)

  ═══ Trader ═══
  Final phase: CONFIDENT
  Equity: $9918.40 (started $10000)
  Total return: -0.82%
  Trades taken: 66595, skipped: 997
  Win rate: 51.2% (34107/66595)
  Confidence (rolling acc - 0.5): 0.032

  Per-year P&L:
    2019: trades=66595 win_rate=51.2% pnl=$-81.60

  Buy-and-hold return over same period: 89.56%
  ═══════════════════════════════════════
