trader3: visual+thought journals, discriminant prediction
  20000D  window=48  horizon=36  threshold=0.500%  decay=0.999  flip=q99
  observe=1000  recalib_interval=500  orchestration=thought-only  min_conviction=0.000

  Loading candles from "/home/watmin/work/holon/holon-lab-trading/data/analysis.db"...
  Loaded 652409 candles in 0.6s
  Run database: /home/watmin/work/holon/holon-lab-trading/orchestration_results/risk-off-kelly.db

  Walk-forward: 100000 candles from index 47...
  10000/100000 (266/s ETA 338s) | 2019-02-05 | CONFIDENT | vis=0.0% tht=46.3% | trades=3009 win=48.6% | $9642 (-3.6%) vs B&H -6.7% | flip@0.247 STABLE
  20000/100000 (268/s ETA 299s) | 2019-03-12 | TENTATIVE | vis=0.0% tht=44.7% | trades=7263 win=47.9% | $9159 (-8.4%) vs B&H +3.6% | flip@0.228 STABLE
  30000/100000 (271/s ETA 259s) | 2019-04-16 | TENTATIVE | vis=0.0% tht=48.4% | trades=11885 win=47.9% | $6940 (-30.6%) vs B&H +36.0% | flip@0.222 STABLE
  40000/100000 (265/s ETA 226s) | 2019-05-20 | CONFIDENT | vis=0.0% tht=55.5% | trades=19364 win=48.3% | $5817 (-41.8%) vs B&H +110.3% | flip@0.215 STABLE
  50000/100000 (259/s ETA 193s) | 2019-06-24 | TENTATIVE | vis=0.0% tht=55.6% | trades=28198 win=49.0% | $5517 (-44.8%) vs B&H +193.5% | flip@0.212 STABLE
  60000/100000 (251/s ETA 159s) | 2019-07-29 | TENTATIVE | vis=0.0% tht=53.2% | trades=37719 win=49.6% | $5742 (-42.6%) vs B&H +160.4% | flip@0.203 ENGRAM
  70000/100000 (246/s ETA 122s) | 2019-09-01 | CONFIDENT | vis=0.0% tht=52.6% | trades=45825 win=49.7% | $6416 (-35.8%) vs B&H +160.9% | flip@0.219 ENGRAM
  80000/100000 (243/s ETA 82s) | 2019-10-06 | TENTATIVE | vis=0.0% tht=46.1% | trades=52465 win=49.5% | $6233 (-37.7%) vs B&H +114.0% | flip@0.221 ENGRAM
  90000/100000 (243/s ETA 41s) | 2019-11-10 | TENTATIVE | vis=0.0% tht=46.5% | trades=58947 win=49.6% | $6463 (-35.4%) vs B&H +138.0% | flip@0.235 ENGRAM
  100000/100000 (244/s ETA 0s) | 2019-12-15 | TENTATIVE | vis=0.0% tht=43.9% | trades=64864 win=49.8% | $6692 (-33.1%) vs B&H +89.6% | flip@0.236 ENGRAM

═══════════════════════════════════════════════════════════
  trader3 complete — 100000 candles in 409.2s (244/s)
  Orchestration: thought-only
  Labeled: 67315  Noise: 32685 (32.7% noise rate)

  Equity: $6691.65 (-33.08%) | B&H: +89.56%
  Trades taken: 64864  Won: 32272  Win rate: 49.8%  Skipped: 3386

  Visual journal  — buy_obs=34032 sell_obs=33283 cos_raw=0.0000 disc_strength=0.0000 recalibs=134
  Thought journal — buy_obs=34032 sell_obs=33283 cos_raw=0.9865 disc_strength=0.0012 recalibs=134

  Rolling accuracy (last 1000): visual=0.0% thought=43.9%

  Visual pattern groups: 697 discovered
    Group 0: 1 obs, 1 trades (1W/0L = 100.0%)
    Group 1: 1 obs, 1 trades (1W/0L = 100.0%)
    Group 2: 1 obs, 1 trades (1W/0L = 100.0%)
    Group 3: 1 obs, 1 trades (1W/0L = 100.0%)
    Group 4: 1 obs, 1 trades (1W/0L = 100.0%)
    Group 5: 1 obs, 1 trades (0W/1L = 0.0%)
    Group 6: 1 obs, 1 trades (1W/0L = 100.0%)
    Group 7: 1 obs, 1 trades (0W/1L = 0.0%)
    Group 8: 1 obs, 1 trades (0W/1L = 0.0%)
    Group 9: 1 obs, 1 trades (0W/1L = 0.0%)
    Group 10: 1 obs, 1 trades (1W/0L = 100.0%)
    Group 11: 1 obs, 1 trades (1W/0L = 100.0%)
    Group 12: 1 obs, 1 trades (1W/0L = 100.0%)
    Group 13: 1 obs, 1 trades (1W/0L = 100.0%)
    Group 14: 1 obs, 1 trades (1W/0L = 100.0%)
    Group 15: 1 obs, 1 trades (1W/0L = 100.0%)
    Group 16: 1 obs, 1 trades (1W/0L = 100.0%)
    Group 17: 1 obs, 1 trades (1W/0L = 100.0%)
    Group 18: 1 obs, 1 trades (1W/0L = 100.0%)
    Group 19: 1 obs, 1 trades (1W/0L = 100.0%)
    Group 20: 1 obs, 1 trades (1W/0L = 100.0%)
    Group 21: 1 obs, 1 trades (1W/0L = 100.0%)
    Group 22: 1 obs, 1 trades (1W/0L = 100.0%)
    Group 23: 1 obs, 1 trades (0W/1L = 0.0%)
    Group 24: 1 obs, 1 trades (1W/0L = 100.0%)
    Group 25: 1 obs, 1 trades (1W/0L = 100.0%)
    Group 26: 1 obs, 1 trades (1W/0L = 100.0%)
    Group 27: 1 obs, 1 trades (1W/0L = 100.0%)
    Group 28: 1 obs, 1 trades (1W/0L = 100.0%)
    Group 29: 1 obs, 1 trades (1W/0L = 100.0%)
    Group 30: 1 obs, 1 trades (1W/0L = 100.0%)
    Group 31: 1 obs, 1 trades (0W/1L = 0.0%)
    Group 32: 1 obs, 1 trades (1W/0L = 100.0%)
    Group 33: 1 obs, 1 trades (1W/0L = 100.0%)
    Group 34: 1 obs, 1 trades (0W/1L = 0.0%)
    Group 35: 1 obs, 1 trades (0W/1L = 0.0%)
    Group 36: 1 obs, 1 trades (0W/1L = 0.0%)
    Group 37: 1 obs, 1 trades (0W/1L = 0.0%)
    Group 38: 1 obs, 1 trades (1W/0L = 100.0%)
    Group 39: 1 obs, 1 trades (0W/1L = 0.0%)
    Group 40: 1 obs, 1 trades (0W/1L = 0.0%)
    Group 41: 1 obs, 1 trades (1W/0L = 100.0%)
    Group 42: 1 obs, 1 trades (1W/0L = 100.0%)
    Group 43: 1 obs, 1 trades (1W/0L = 100.0%)
    Group 44: 1 obs, 1 trades (1W/0L = 100.0%)
    Group 45: 1 obs, 1 trades (1W/0L = 100.0%)
    Group 46: 1 obs, 1 trades (0W/1L = 0.0%)
    Group 47: 1 obs, 1 trades (0W/1L = 0.0%)
    Group 48: 1 obs, 1 trades (1W/0L = 100.0%)
    Group 49: 1 obs, 1 trades (0W/1L = 0.0%)
    Group 50: 1 obs, 1 trades (0W/1L = 0.0%)
    Group 51: 1 obs, 1 trades (0W/1L = 0.0%)
    Group 52: 1 obs, 1 trades (0W/1L = 0.0%)
    Group 53: 1 obs, 1 trades (0W/1L = 0.0%)
    Group 54: 1 obs, 1 trades (0W/1L = 0.0%)
    Group 55: 1 obs, 1 trades (0W/1L = 0.0%)
    Group 56: 1 obs, 1 trades (0W/1L = 0.0%)
    Group 57: 1 obs, 1 trades (0W/1L = 0.0%)
    Group 58: 1 obs, 1 trades (1W/0L = 100.0%)
    Group 59: 1 obs, 1 trades (1W/0L = 100.0%)
    Group 60: 1 obs, 1 trades (0W/1L = 0.0%)
    Group 61: 1 obs, 1 trades (1W/0L = 100.0%)
    Group 62: 1 obs, 1 trades (1W/0L = 100.0%)
    Group 63: 1 obs, 1 trades (0W/1L = 0.0%)
    Group 64: 1 obs, 1 trades (1W/0L = 100.0%)
    Group 65: 1 obs, 1 trades (1W/0L = 100.0%)
    Group 66: 1 obs, 1 trades (1W/0L = 100.0%)
    Group 67: 1 obs, 1 trades (1W/0L = 100.0%)
    Group 68: 1 obs, 1 trades (0W/1L = 0.0%)
    Group 69: 1 obs, 1 trades (0W/1L = 0.0%)
    Group 70: 1 obs, 1 trades (0W/1L = 0.0%)
    Group 71: 1 obs, 1 trades (0W/1L = 0.0%)
    Group 72: 1 obs, 1 trades (0W/1L = 0.0%)
    Group 73: 1 obs, 1 trades (0W/1L = 0.0%)
    Group 74: 1 obs, 1 trades (0W/1L = 0.0%)
    Group 75: 1 obs, 1 trades (0W/1L = 0.0%)
    Group 76: 1 obs, 1 trades (0W/1L = 0.0%)
    Group 77: 1 obs, 1 trades (0W/1L = 0.0%)
    Group 78: 1 obs, 1 trades (1W/0L = 100.0%)
    Group 79: 1 obs, 1 trades (1W/0L = 100.0%)
    Group 80: 1 obs, 1 trades (1W/0L = 100.0%)
    Group 81: 1 obs, 1 trades (1W/0L = 100.0%)
    Group 82: 1 obs, 1 trades (1W/0L = 100.0%)
    Group 83: 1 obs, 1 trades (1W/0L = 100.0%)
    Group 84: 1 obs, 1 trades (1W/0L = 100.0%)
    Group 85: 1 obs, 1 trades (1W/0L = 100.0%)
    Group 86: 1 obs, 1 trades (1W/0L = 100.0%)
    Group 87: 1 obs, 1 trades (1W/0L = 100.0%)
    Group 88: 1 obs, 1 trades (0W/1L = 0.0%)
    Group 89: 1 obs, 1 trades (1W/0L = 100.0%)
    Group 90: 1 obs, 1 trades (1W/0L = 100.0%)
    Group 91: 1 obs, 1 trades (1W/0L = 100.0%)
    Group 92: 1 obs, 1 trades (0W/1L = 0.0%)
    Group 93: 1 obs, 1 trades (1W/0L = 100.0%)
    Group 94: 1 obs, 1 trades (0W/1L = 0.0%)
    Group 95: 1 obs, 1 trades (1W/0L = 100.0%)
    Group 96: 1 obs, 1 trades (1W/0L = 100.0%)
    Group 97: 1 obs, 1 trades (1W/0L = 100.0%)
    Group 98: 1 obs, 1 trades (1W/0L = 100.0%)
    Group 99: 1 obs, 1 trades (1W/0L = 100.0%)
    Group 100: 1 obs, 1 trades (0W/1L = 0.0%)
    Group 101: 1 obs, 1 trades (0W/1L = 0.0%)
    Group 102: 1 obs, 1 trades (0W/1L = 0.0%)
    Group 103: 1 obs, 1 trades (1W/0L = 100.0%)
    Group 104: 1 obs, 1 trades (1W/0L = 100.0%)
    Group 105: 1 obs, 1 trades (1W/0L = 100.0%)
    Group 106: 1 obs, 1 trades (1W/0L = 100.0%)
    Group 107: 1 obs, 1 trades (0W/1L = 0.0%)
    Group 108: 1 obs, 1 trades (0W/1L = 0.0%)
    Group 109: 1 obs, 1 trades (0W/1L = 0.0%)
    Group 110: 1 obs, 1 trades (1W/0L = 100.0%)
    Group 111: 1 obs, 1 trades (1W/0L = 100.0%)
    Group 112: 1 obs, 1 trades (1W/0L = 100.0%)
    Group 113: 1 obs, 1 trades (1W/0L = 100.0%)
    Group 114: 1 obs, 1 trades (1W/0L = 100.0%)
    Group 115: 1 obs, 1 trades (1W/0L = 100.0%)
    Group 116: 1 obs, 1 trades (1W/0L = 100.0%)
    Group 117: 1 obs, 1 trades (1W/0L = 100.0%)
    Group 118: 1 obs, 1 trades (0W/1L = 0.0%)
    Group 119: 1 obs, 1 trades (1W/0L = 100.0%)
    Group 120: 1 obs, 1 trades (0W/1L = 0.0%)
    Group 121: 1 obs, 1 trades (0W/1L = 0.0%)
    Group 122: 1 obs, 1 trades (0W/1L = 0.0%)
    Group 123: 1 obs, 1 trades (0W/1L = 0.0%)
    Group 124: 1 obs, 1 trades (0W/1L = 0.0%)
    Group 125: 1 obs, 1 trades (1W/0L = 100.0%)
    Group 126: 1 obs, 1 trades (0W/1L = 0.0%)
    Group 127: 1 obs, 1 trades (0W/1L = 0.0%)
    Group 128: 1 obs, 1 trades (0W/1L = 0.0%)
    Group 129: 1 obs, 1 trades (0W/1L = 0.0%)
    Group 130: 1 obs, 1 trades (1W/0L = 100.0%)
    Group 131: 1 obs, 1 trades (0W/1L = 0.0%)
    Group 132: 1 obs, 1 trades (1W/0L = 100.0%)
    Group 133: 1 obs, 1 trades (1W/0L = 100.0%)
    Group 134: 1 obs, 1 trades (0W/1L = 0.0%)
    Group 135: 1 obs, 1 trades (0W/1L = 0.0%)
    Group 136: 1 obs, 1 trades (0W/1L = 0.0%)
    Group 137: 1 obs, 1 trades (0W/1L = 0.0%)
    Group 138: 1 obs, 1 trades (0W/1L = 0.0%)
    Group 139: 1 obs, 1 trades (0W/1L = 0.0%)
    Group 140: 1 obs, 1 trades (1W/0L = 100.0%)
    Group 141: 1 obs, 1 trades (1W/0L = 100.0%)
    Group 142: 1 obs, 1 trades (1W/0L = 100.0%)
    Group 143: 1 obs, 1 trades (1W/0L = 100.0%)
    Group 144: 1 obs, 1 trades (1W/0L = 100.0%)
    Group 145: 1 obs, 1 trades (1W/0L = 100.0%)
    Group 146: 1 obs, 1 trades (1W/0L = 100.0%)
    Group 147: 1 obs, 1 trades (1W/0L = 100.0%)
    Group 148: 1 obs, 1 trades (1W/0L = 100.0%)
    Group 149: 1 obs, 1 trades (1W/0L = 100.0%)
    Group 150: 1 obs, 1 trades (1W/0L = 100.0%)
    Group 151: 1 obs, 1 trades (0W/1L = 0.0%)
    Group 152: 1 obs, 1 trades (0W/1L = 0.0%)
    Group 153: 1 obs, 1 trades (1W/0L = 100.0%)
    Group 154: 1 obs, 1 trades (1W/0L = 100.0%)
    Group 155: 1 obs, 1 trades (1W/0L = 100.0%)
    Group 156: 1 obs, 1 trades (0W/1L = 0.0%)
    Group 157: 1 obs, 1 trades (1W/0L = 100.0%)
    Group 158: 1 obs, 1 trades (1W/0L = 100.0%)
    Group 159: 1 obs, 1 trades (1W/0L = 100.0%)
    Group 160: 1 obs, 1 trades (1W/0L = 100.0%)
    Group 161: 1 obs, 1 trades (1W/0L = 100.0%)
    Group 162: 1 obs, 1 trades (1W/0L = 100.0%)
    Group 163: 1 obs, 1 trades (0W/1L = 0.0%)
    Group 164: 1 obs, 1 trades (1W/0L = 100.0%)
    Group 165: 1 obs, 1 trades (1W/0L = 100.0%)
    Group 166: 1 obs, 1 trades (1W/0L = 100.0%)
    Group 167: 1 obs, 1 trades (1W/0L = 100.0%)
    Group 168: 1 obs, 1 trades (0W/1L = 0.0%)
    Group 169: 1 obs, 1 trades (0W/1L = 0.0%)
    Group 170: 1 obs, 1 trades (0W/1L = 0.0%)
    Group 171: 1 obs, 1 trades (0W/1L = 0.0%)
    Group 172: 1 obs, 1 trades (0W/1L = 0.0%)
    Group 173: 1 obs, 1 trades (0W/1L = 0.0%)
    Group 174: 1 obs, 1 trades (1W/0L = 100.0%)
    Group 175: 1 obs, 1 trades (0W/1L = 0.0%)
    Group 176: 1 obs, 1 trades (0W/1L = 0.0%)
    Group 177: 1 obs, 1 trades (0W/1L = 0.0%)
    Group 178: 1 obs, 1 trades (0W/1L = 0.0%)
    Group 179: 1 obs, 1 trades (0W/1L = 0.0%)
    Group 180: 1 obs, 1 trades (0W/1L = 0.0%)
    Group 181: 1 obs, 1 trades (1W/0L = 100.0%)
    Group 182: 1 obs, 1 trades (0W/1L = 0.0%)
    Group 183: 1 obs, 1 trades (0W/1L = 0.0%)
    Group 184: 1 obs, 1 trades (1W/0L = 100.0%)
    Group 185: 1 obs, 1 trades (1W/0L = 100.0%)
    Group 186: 1 obs, 1 trades (1W/0L = 100.0%)
    Group 187: 1 obs, 1 trades (1W/0L = 100.0%)
    Group 188: 1 obs, 1 trades (1W/0L = 100.0%)
    Group 189: 1 obs, 1 trades (0W/1L = 0.0%)
    Group 190: 1 obs, 1 trades (0W/1L = 0.0%)
    Group 191: 1 obs, 1 trades (1W/0L = 100.0%)
    Group 192: 1 obs, 1 trades (0W/1L = 0.0%)
    Group 193: 1 obs, 1 trades (1W/0L = 100.0%)
    Group 194: 1 obs, 1 trades (1W/0L = 100.0%)
    Group 195: 1 obs, 1 trades (1W/0L = 100.0%)
    Group 196: 1 obs, 1 trades (1W/0L = 100.0%)
    Group 197: 1 obs, 1 trades (1W/0L = 100.0%)
    Group 198: 1 obs, 1 trades (1W/0L = 100.0%)
    Group 199: 1 obs, 1 trades (1W/0L = 100.0%)
    Group 200: 1 obs, 1 trades (0W/1L = 0.0%)
    Group 201: 1 obs, 1 trades (1W/0L = 100.0%)
    Group 202: 1 obs, 1 trades (1W/0L = 100.0%)
    Group 203: 1 obs, 1 trades (1W/0L = 100.0%)
    Group 204: 1 obs, 1 trades (0W/1L = 0.0%)
    Group 205: 1 obs, 1 trades (0W/1L = 0.0%)
    Group 206: 1 obs, 1 trades (0W/1L = 0.0%)
    Group 207: 1 obs, 1 trades (0W/1L = 0.0%)
    Group 208: 1 obs, 1 trades (0W/1L = 0.0%)
    Group 209: 1 obs, 1 trades (0W/1L = 0.0%)
    Group 210: 1 obs, 1 trades (0W/1L = 0.0%)
    Group 211: 1 obs, 1 trades (0W/1L = 0.0%)
    Group 212: 1 obs, 1 trades (0W/1L = 0.0%)
    Group 213: 1 obs, 1 trades (0W/1L = 0.0%)
    Group 214: 1 obs, 1 trades (0W/1L = 0.0%)
    Group 215: 1 obs, 1 trades (0W/1L = 0.0%)
    Group 216: 1 obs, 1 trades (0W/1L = 0.0%)
    Group 217: 1 obs, 1 trades (0W/1L = 0.0%)
    Group 218: 1 obs, 1 trades (0W/1L = 0.0%)
    Group 219: 1 obs, 1 trades (0W/1L = 0.0%)
    Group 220: 1 obs, 1 trades (0W/1L = 0.0%)
    Group 221: 1 obs, 1 trades (0W/1L = 0.0%)
    Group 222: 1 obs, 1 trades (1W/0L = 100.0%)
    Group 223: 1 obs, 1 trades (1W/0L = 100.0%)
    Group 224: 1 obs, 1 trades (1W/0L = 100.0%)
    Group 225: 1 obs, 1 trades (1W/0L = 100.0%)
    Group 226: 1 obs, 1 trades (1W/0L = 100.0%)
    Group 227: 1 obs, 1 trades (1W/0L = 100.0%)
    Group 228: 1 obs, 1 trades (1W/0L = 100.0%)
    Group 229: 1 obs, 1 trades (1W/0L = 100.0%)
    Group 230: 1 obs, 1 trades (0W/1L = 0.0%)
    Group 231: 1 obs, 1 trades (1W/0L = 100.0%)
    Group 232: 1 obs, 1 trades (1W/0L = 100.0%)
    Group 233: 1 obs, 1 trades (1W/0L = 100.0%)
    Group 234: 1 obs, 1 trades (1W/0L = 100.0%)
    Group 235: 1 obs, 1 trades (0W/1L = 0.0%)
    Group 236: 1 obs, 1 trades (0W/1L = 0.0%)
    Group 237: 1 obs, 1 trades (0W/1L = 0.0%)
    Group 238: 1 obs, 1 trades (0W/1L = 0.0%)
    Group 239: 1 obs, 1 trades (0W/1L = 0.0%)
    Group 240: 1 obs, 1 trades (0W/1L = 0.0%)
    Group 241: 1 obs, 1 trades (0W/1L = 0.0%)
    Group 242: 1 obs, 1 trades (0W/1L = 0.0%)
    Group 243: 1 obs, 1 trades (1W/0L = 100.0%)
    Group 244: 1 obs, 1 trades (1W/0L = 100.0%)
    Group 245: 1 obs, 1 trades (1W/0L = 100.0%)
    Group 246: 1 obs, 1 trades (1W/0L = 100.0%)
    Group 247: 1 obs, 1 trades (1W/0L = 100.0%)
    Group 248: 1 obs, 1 trades (1W/0L = 100.0%)
    Group 249: 1 obs, 1 trades (1W/0L = 100.0%)
    Group 250: 1 obs, 1 trades (1W/0L = 100.0%)
    Group 251: 1 obs, 1 trades (1W/0L = 100.0%)
    Group 252: 1 obs, 1 trades (1W/0L = 100.0%)
    Group 253: 1 obs, 1 trades (1W/0L = 100.0%)
    Group 254: 1 obs, 1 trades (1W/0L = 100.0%)
    Group 255: 1 obs, 1 trades (1W/0L = 100.0%)
    Group 256: 1 obs, 1 trades (0W/1L = 0.0%)
    Group 257: 1 obs, 1 trades (0W/1L = 0.0%)
    Group 258: 1 obs, 1 trades (0W/1L = 0.0%)
    Group 259: 1 obs, 1 trades (0W/1L = 0.0%)
    Group 260: 1 obs, 1 trades (0W/1L = 0.0%)
    Group 261: 1 obs, 1 trades (1W/0L = 100.0%)
    Group 262: 1 obs, 1 trades (1W/0L = 100.0%)
    Group 263: 1 obs, 1 trades (1W/0L = 100.0%)
    Group 264: 1 obs, 1 trades (1W/0L = 100.0%)
    Group 265: 1 obs, 1 trades (1W/0L = 100.0%)
    Group 266: 1 obs, 1 trades (1W/0L = 100.0%)
    Group 267: 1 obs, 1 trades (0W/1L = 0.0%)
    Group 268: 1 obs, 1 trades (0W/1L = 0.0%)
    Group 269: 1 obs, 1 trades (0W/1L = 0.0%)
    Group 270: 1 obs, 1 trades (1W/0L = 100.0%)
    Group 271: 1 obs, 1 trades (1W/0L = 100.0%)
    Group 272: 1 obs, 1 trades (1W/0L = 100.0%)
    Group 273: 1 obs, 1 trades (1W/0L = 100.0%)
    Group 274: 1 obs, 1 trades (1W/0L = 100.0%)
    Group 275: 1 obs, 1 trades (1W/0L = 100.0%)
    Group 276: 1 obs, 1 trades (1W/0L = 100.0%)
    Group 277: 1 obs, 1 trades (1W/0L = 100.0%)
    Group 278: 1 obs, 1 trades (1W/0L = 100.0%)
    Group 279: 1 obs, 1 trades (1W/0L = 100.0%)
    Group 280: 1 obs, 1 trades (1W/0L = 100.0%)
    Group 281: 1 obs, 1 trades (1W/0L = 100.0%)
    Group 282: 1 obs, 1 trades (1W/0L = 100.0%)
    Group 283: 1 obs, 1 trades (1W/0L = 100.0%)
    Group 284: 1 obs, 1 trades (0W/1L = 0.0%)
    Group 285: 1 obs, 1 trades (0W/1L = 0.0%)
    Group 286: 1 obs, 1 trades (1W/0L = 100.0%)
    Group 287: 1 obs, 1 trades (1W/0L = 100.0%)
    Group 288: 1 obs, 1 trades (1W/0L = 100.0%)
    Group 289: 1 obs, 1 trades (1W/0L = 100.0%)
    Group 290: 1 obs, 1 trades (1W/0L = 100.0%)
    Group 291: 1 obs, 1 trades (1W/0L = 100.0%)
    Group 292: 1 obs, 1 trades (1W/0L = 100.0%)
    Group 293: 1 obs, 1 trades (1W/0L = 100.0%)
    Group 294: 1 obs, 1 trades (1W/0L = 100.0%)
    Group 295: 1 obs, 1 trades (1W/0L = 100.0%)
    Group 296: 1 obs, 1 trades (1W/0L = 100.0%)
    Group 297: 1 obs, 1 trades (1W/0L = 100.0%)
    Group 298: 1 obs, 1 trades (1W/0L = 100.0%)
    Group 299: 1 obs, 1 trades (1W/0L = 100.0%)
    Group 300: 1 obs, 1 trades (0W/1L = 0.0%)
    Group 301: 1 obs, 1 trades (1W/0L = 100.0%)
    Group 302: 1 obs, 1 trades (0W/1L = 0.0%)
    Group 303: 1 obs, 1 trades (1W/0L = 100.0%)
    Group 304: 1 obs, 1 trades (1W/0L = 100.0%)
    Group 305: 1 obs, 1 trades (0W/1L = 0.0%)
    Group 306: 1 obs, 1 trades (0W/1L = 0.0%)
    Group 307: 1 obs, 1 trades (1W/0L = 100.0%)
    Group 308: 1 obs, 1 trades (1W/0L = 100.0%)
    Group 309: 1 obs, 1 trades (1W/0L = 100.0%)
    Group 310: 1 obs, 1 trades (1W/0L = 100.0%)
    Group 311: 1 obs, 1 trades (1W/0L = 100.0%)
    Group 312: 1 obs, 1 trades (1W/0L = 100.0%)
    Group 313: 1 obs, 1 trades (1W/0L = 100.0%)
    Group 314: 1 obs, 1 trades (1W/0L = 100.0%)
    Group 315: 1 obs, 1 trades (1W/0L = 100.0%)
    Group 316: 1 obs, 1 trades (1W/0L = 100.0%)
    Group 317: 1 obs, 1 trades (1W/0L = 100.0%)
    Group 318: 1 obs, 1 trades (1W/0L = 100.0%)
    Group 319: 1 obs, 1 trades (1W/0L = 100.0%)
    Group 320: 1 obs, 1 trades (1W/0L = 100.0%)
    Group 321: 1 obs, 1 trades (1W/0L = 100.0%)
    Group 322: 1 obs, 1 trades (1W/0L = 100.0%)
    Group 323: 1 obs, 1 trades (1W/0L = 100.0%)
    Group 324: 1 obs, 1 trades (1W/0L = 100.0%)
    Group 325: 1 obs, 1 trades (0W/1L = 0.0%)
    Group 326: 1 obs, 1 trades (0W/1L = 0.0%)
    Group 327: 1 obs, 1 trades (0W/1L = 0.0%)
    Group 328: 1 obs, 1 trades (0W/1L = 0.0%)
    Group 329: 1 obs, 1 trades (0W/1L = 0.0%)
    Group 330: 1 obs, 1 trades (0W/1L = 0.0%)
    Group 331: 1 obs, 1 trades (0W/1L = 0.0%)
    Group 332: 1 obs, 1 trades (0W/1L = 0.0%)
    Group 333: 1 obs, 1 trades (1W/0L = 100.0%)
    Group 334: 1 obs, 1 trades (0W/1L = 0.0%)
    Group 335: 1 obs, 1 trades (0W/1L = 0.0%)
    Group 336: 1 obs, 1 trades (1W/0L = 100.0%)
    Group 337: 1 obs, 1 trades (1W/0L = 100.0%)
    Group 338: 1 obs, 1 trades (0W/1L = 0.0%)
    Group 339: 1 obs, 1 trades (0W/1L = 0.0%)
    Group 340: 1 obs, 1 trades (0W/1L = 0.0%)
    Group 341: 1 obs, 1 trades (0W/1L = 0.0%)
    Group 342: 1 obs, 1 trades (0W/1L = 0.0%)
    Group 343: 1 obs, 1 trades (0W/1L = 0.0%)
    Group 344: 1 obs, 1 trades (0W/1L = 0.0%)
    Group 345: 1 obs, 1 trades (0W/1L = 0.0%)
    Group 346: 1 obs, 1 trades (1W/0L = 100.0%)
    Group 347: 1 obs, 1 trades (1W/0L = 100.0%)
    Group 348: 1 obs, 1 trades (1W/0L = 100.0%)
    Group 349: 1 obs, 1 trades (1W/0L = 100.0%)
    Group 350: 1 obs, 1 trades (1W/0L = 100.0%)
    Group 351: 1 obs, 1 trades (1W/0L = 100.0%)
    Group 352: 1 obs, 1 trades (1W/0L = 100.0%)
    Group 353: 1 obs, 1 trades (1W/0L = 100.0%)
    Group 354: 1 obs, 1 trades (1W/0L = 100.0%)
    Group 355: 1 obs, 1 trades (1W/0L = 100.0%)
    Group 356: 1 obs, 1 trades (1W/0L = 100.0%)
    Group 357: 1 obs, 1 trades (1W/0L = 100.0%)
    Group 358: 1 obs, 1 trades (0W/1L = 0.0%)
    Group 359: 1 obs, 1 trades (0W/1L = 0.0%)
    Group 360: 1 obs, 1 trades (1W/0L = 100.0%)
    Group 361: 1 obs, 1 trades (1W/0L = 100.0%)
    Group 362: 1 obs, 1 trades (0W/1L = 0.0%)
    Group 363: 1 obs, 1 trades (0W/1L = 0.0%)
    Group 364: 1 obs, 1 trades (1W/0L = 100.0%)
    Group 365: 1 obs, 1 trades (1W/0L = 100.0%)
    Group 366: 1 obs, 1 trades (1W/0L = 100.0%)
    Group 367: 1 obs, 1 trades (1W/0L = 100.0%)
    Group 368: 1 obs, 1 trades (1W/0L = 100.0%)
    Group 369: 1 obs, 1 trades (1W/0L = 100.0%)
    Group 370: 1 obs, 1 trades (1W/0L = 100.0%)
    Group 371: 1 obs, 1 trades (1W/0L = 100.0%)
    Group 372: 1 obs, 1 trades (1W/0L = 100.0%)
    Group 373: 1 obs, 1 trades (0W/1L = 0.0%)
    Group 374: 1 obs, 1 trades (0W/1L = 0.0%)
    Group 375: 1 obs, 1 trades (0W/1L = 0.0%)
    Group 376: 1 obs, 1 trades (0W/1L = 0.0%)
    Group 377: 1 obs, 1 trades (0W/1L = 0.0%)
    Group 378: 1 obs, 1 trades (1W/0L = 100.0%)
    Group 379: 1 obs, 1 trades (1W/0L = 100.0%)
    Group 380: 1 obs, 1 trades (1W/0L = 100.0%)
    Group 381: 1 obs, 1 trades (1W/0L = 100.0%)
    Group 382: 1 obs, 1 trades (1W/0L = 100.0%)
    Group 383: 1 obs, 1 trades (0W/1L = 0.0%)
    Group 384: 1 obs, 1 trades (0W/1L = 0.0%)
    Group 385: 1 obs, 1 trades (1W/0L = 100.0%)
    Group 386: 1 obs, 1 trades (1W/0L = 100.0%)
    Group 387: 1 obs, 1 trades (1W/0L = 100.0%)
    Group 388: 1 obs, 1 trades (0W/1L = 0.0%)
    Group 389: 1 obs, 1 trades (0W/1L = 0.0%)
    Group 390: 1 obs, 1 trades (1W/0L = 100.0%)
    Group 391: 1 obs, 1 trades (1W/0L = 100.0%)
    Group 392: 1 obs, 1 trades (1W/0L = 100.0%)
    Group 393: 1 obs, 1 trades (0W/1L = 0.0%)
    Group 394: 1 obs, 1 trades (0W/1L = 0.0%)
    Group 395: 1 obs, 1 trades (0W/1L = 0.0%)
    Group 396: 1 obs, 1 trades (0W/1L = 0.0%)
    Group 397: 1 obs, 1 trades (0W/1L = 0.0%)
    Group 398: 1 obs, 1 trades (0W/1L = 0.0%)
    Group 399: 1 obs, 1 trades (1W/0L = 100.0%)
    Group 400: 1 obs, 1 trades (1W/0L = 100.0%)
    Group 401: 1 obs, 1 trades (1W/0L = 100.0%)
    Group 402: 1 obs, 1 trades (1W/0L = 100.0%)
    Group 403: 1 obs, 1 trades (0W/1L = 0.0%)
    Group 404: 1 obs, 1 trades (0W/1L = 0.0%)
    Group 405: 1 obs, 1 trades (0W/1L = 0.0%)
    Group 406: 1 obs, 1 trades (0W/1L = 0.0%)
    Group 407: 1 obs, 1 trades (0W/1L = 0.0%)
    Group 408: 1 obs, 1 trades (0W/1L = 0.0%)
    Group 409: 1 obs, 1 trades (0W/1L = 0.0%)
    Group 410: 1 obs, 1 trades (0W/1L = 0.0%)
    Group 411: 1 obs, 1 trades (0W/1L = 0.0%)
    Group 412: 1 obs, 1 trades (1W/0L = 100.0%)
    Group 413: 1 obs, 1 trades (1W/0L = 100.0%)
    Group 414: 1 obs, 1 trades (1W/0L = 100.0%)
    Group 415: 1 obs, 1 trades (1W/0L = 100.0%)
    Group 416: 1 obs, 1 trades (0W/1L = 0.0%)
    Group 417: 1 obs, 1 trades (1W/0L = 100.0%)
    Group 418: 1 obs, 1 trades (1W/0L = 100.0%)
    Group 419: 1 obs, 1 trades (0W/1L = 0.0%)
    Group 420: 1 obs, 1 trades (1W/0L = 100.0%)
    Group 421: 1 obs, 1 trades (1W/0L = 100.0%)
    Group 422: 1 obs, 1 trades (1W/0L = 100.0%)
    Group 423: 1 obs, 1 trades (1W/0L = 100.0%)
    Group 424: 1 obs, 1 trades (1W/0L = 100.0%)
    Group 425: 1 obs, 1 trades (1W/0L = 100.0%)
    Group 426: 1 obs, 1 trades (1W/0L = 100.0%)
    Group 427: 1 obs, 1 trades (1W/0L = 100.0%)
    Group 428: 1 obs, 1 trades (1W/0L = 100.0%)
    Group 429: 1 obs, 1 trades (1W/0L = 100.0%)
    Group 430: 1 obs, 1 trades (1W/0L = 100.0%)
    Group 431: 1 obs, 1 trades (0W/1L = 0.0%)
    Group 432: 1 obs, 1 trades (0W/1L = 0.0%)
    Group 433: 1 obs, 1 trades (0W/1L = 0.0%)
    Group 434: 1 obs, 1 trades (0W/1L = 0.0%)
    Group 435: 1 obs, 1 trades (0W/1L = 0.0%)
    Group 436: 1 obs, 1 trades (1W/0L = 100.0%)
    Group 437: 1 obs, 1 trades (1W/0L = 100.0%)
    Group 438: 1 obs, 1 trades (1W/0L = 100.0%)
    Group 439: 1 obs, 1 trades (1W/0L = 100.0%)
    Group 440: 1 obs, 1 trades (1W/0L = 100.0%)
    Group 441: 1 obs, 1 trades (1W/0L = 100.0%)
    Group 442: 1 obs, 1 trades (0W/1L = 0.0%)
    Group 443: 1 obs, 1 trades (0W/1L = 0.0%)
    Group 444: 1 obs, 1 trades (1W/0L = 100.0%)
    Group 445: 1 obs, 1 trades (1W/0L = 100.0%)
    Group 446: 1 obs, 1 trades (1W/0L = 100.0%)
    Group 447: 1 obs, 1 trades (0W/1L = 0.0%)
    Group 448: 1 obs, 1 trades (0W/1L = 0.0%)
    Group 449: 1 obs, 1 trades (0W/1L = 0.0%)
    Group 450: 1 obs, 1 trades (0W/1L = 0.0%)
    Group 451: 1 obs, 1 trades (0W/1L = 0.0%)
    Group 452: 1 obs, 1 trades (0W/1L = 0.0%)
    Group 453: 1 obs, 1 trades (0W/1L = 0.0%)
    Group 454: 1 obs, 1 trades (0W/1L = 0.0%)
    Group 455: 1 obs, 1 trades (1W/0L = 100.0%)
    Group 456: 1 obs, 1 trades (0W/1L = 0.0%)
    Group 457: 1 obs, 1 trades (0W/1L = 0.0%)
    Group 458: 1 obs, 1 trades (0W/1L = 0.0%)
    Group 459: 1 obs, 1 trades (0W/1L = 0.0%)
    Group 460: 1 obs, 1 trades (0W/1L = 0.0%)
    Group 461: 1 obs, 1 trades (1W/0L = 100.0%)
    Group 462: 1 obs, 1 trades (1W/0L = 100.0%)
    Group 463: 1 obs, 1 trades (1W/0L = 100.0%)
    Group 464: 1 obs, 1 trades (1W/0L = 100.0%)
    Group 465: 1 obs, 1 trades (0W/1L = 0.0%)
    Group 466: 1 obs, 1 trades (0W/1L = 0.0%)
    Group 467: 1 obs, 1 trades (0W/1L = 0.0%)
    Group 468: 1 obs, 1 trades (0W/1L = 0.0%)
    Group 469: 1 obs, 1 trades (1W/0L = 100.0%)
    Group 470: 1 obs, 1 trades (1W/0L = 100.0%)
    Group 471: 1 obs, 1 trades (1W/0L = 100.0%)
    Group 472: 1 obs, 1 trades (1W/0L = 100.0%)
    Group 473: 1 obs, 1 trades (1W/0L = 100.0%)
    Group 474: 1 obs, 1 trades (0W/1L = 0.0%)
    Group 475: 1 obs, 1 trades (0W/1L = 0.0%)
    Group 476: 1 obs, 1 trades (1W/0L = 100.0%)
    Group 477: 1 obs, 1 trades (1W/0L = 100.0%)
    Group 478: 1 obs, 1 trades (1W/0L = 100.0%)
    Group 479: 1 obs, 1 trades (1W/0L = 100.0%)
    Group 480: 1 obs, 1 trades (1W/0L = 100.0%)
    Group 481: 1 obs, 1 trades (1W/0L = 100.0%)
    Group 482: 1 obs, 1 trades (1W/0L = 100.0%)
    Group 483: 1 obs, 1 trades (1W/0L = 100.0%)
    Group 484: 1 obs, 1 trades (1W/0L = 100.0%)
    Group 485: 1 obs, 1 trades (1W/0L = 100.0%)
    Group 486: 1 obs, 1 trades (1W/0L = 100.0%)
    Group 487: 1 obs, 1 trades (1W/0L = 100.0%)
    Group 488: 1 obs, 1 trades (1W/0L = 100.0%)
    Group 489: 1 obs, 1 trades (1W/0L = 100.0%)
    Group 490: 1 obs, 1 trades (1W/0L = 100.0%)
    Group 491: 1 obs, 1 trades (0W/1L = 0.0%)
    Group 492: 1 obs, 1 trades (0W/1L = 0.0%)
    Group 493: 1 obs, 1 trades (0W/1L = 0.0%)
    Group 494: 1 obs, 1 trades (1W/0L = 100.0%)
    Group 495: 1 obs, 1 trades (1W/0L = 100.0%)
    Group 496: 1 obs, 1 trades (1W/0L = 100.0%)
    Group 497: 1 obs, 1 trades (1W/0L = 100.0%)
    Group 498: 1 obs, 1 trades (0W/1L = 0.0%)
    Group 499: 1 obs, 1 trades (0W/1L = 0.0%)
    Group 500: 1 obs, 1 trades (1W/0L = 100.0%)
    Group 501: 1 obs, 1 trades (1W/0L = 100.0%)
    Group 502: 1 obs, 1 trades (1W/0L = 100.0%)
    Group 503: 1 obs, 1 trades (1W/0L = 100.0%)
    Group 504: 1 obs, 1 trades (1W/0L = 100.0%)
    Group 505: 1 obs, 1 trades (1W/0L = 100.0%)
    Group 506: 1 obs, 1 trades (1W/0L = 100.0%)
    Group 507: 1 obs, 1 trades (1W/0L = 100.0%)
    Group 508: 1 obs, 1 trades (1W/0L = 100.0%)
    Group 509: 1 obs, 1 trades (1W/0L = 100.0%)
    Group 510: 1 obs, 1 trades (1W/0L = 100.0%)
    Group 511: 1 obs, 1 trades (1W/0L = 100.0%)
    Group 512: 1 obs, 1 trades (1W/0L = 100.0%)
    Group 513: 1 obs, 1 trades (1W/0L = 100.0%)
    Group 514: 1 obs, 1 trades (1W/0L = 100.0%)
    Group 515: 1 obs, 1 trades (1W/0L = 100.0%)
    Group 516: 1 obs, 1 trades (1W/0L = 100.0%)
    Group 517: 1 obs, 1 trades (1W/0L = 100.0%)
    Group 518: 1 obs, 1 trades (1W/0L = 100.0%)
    Group 519: 1 obs, 1 trades (1W/0L = 100.0%)
    Group 520: 1 obs, 1 trades (1W/0L = 100.0%)
    Group 521: 1 obs, 1 trades (1W/0L = 100.0%)
    Group 522: 1 obs, 1 trades (1W/0L = 100.0%)
    Group 523: 1 obs, 1 trades (1W/0L = 100.0%)
    Group 524: 1 obs, 1 trades (1W/0L = 100.0%)
    Group 525: 1 obs, 1 trades (1W/0L = 100.0%)
    Group 526: 1 obs, 1 trades (0W/1L = 0.0%)
    Group 527: 1 obs, 1 trades (1W/0L = 100.0%)
    Group 528: 1 obs, 1 trades (0W/1L = 0.0%)
    Group 529: 1 obs, 1 trades (0W/1L = 0.0%)
    Group 530: 1 obs, 1 trades (0W/1L = 0.0%)
    Group 531: 1 obs, 1 trades (0W/1L = 0.0%)
    Group 532: 1 obs, 1 trades (0W/1L = 0.0%)
    Group 533: 1 obs, 1 trades (0W/1L = 0.0%)
    Group 534: 1 obs, 1 trades (0W/1L = 0.0%)
    Group 535: 1 obs, 1 trades (0W/1L = 0.0%)
    Group 536: 1 obs, 1 trades (0W/1L = 0.0%)
    Group 537: 1 obs, 1 trades (0W/1L = 0.0%)
    Group 538: 1 obs, 1 trades (1W/0L = 100.0%)
    Group 539: 1 obs, 1 trades (1W/0L = 100.0%)
    Group 540: 1 obs, 1 trades (1W/0L = 100.0%)
    Group 541: 1 obs, 1 trades (0W/1L = 0.0%)
    Group 542: 1 obs, 1 trades (0W/1L = 0.0%)
    Group 543: 1 obs, 1 trades (0W/1L = 0.0%)
    Group 544: 1 obs, 1 trades (0W/1L = 0.0%)
    Group 545: 1 obs, 1 trades (1W/0L = 100.0%)
    Group 546: 1 obs, 1 trades (1W/0L = 100.0%)
    Group 547: 1 obs, 1 trades (1W/0L = 100.0%)
    Group 548: 1 obs, 1 trades (1W/0L = 100.0%)
    Group 549: 1 obs, 1 trades (1W/0L = 100.0%)
    Group 550: 1 obs, 1 trades (0W/1L = 0.0%)
    Group 551: 1 obs, 1 trades (0W/1L = 0.0%)
    Group 552: 1 obs, 1 trades (1W/0L = 100.0%)
    Group 553: 1 obs, 1 trades (0W/1L = 0.0%)
    Group 554: 1 obs, 1 trades (0W/1L = 0.0%)
    Group 555: 1 obs, 1 trades (0W/1L = 0.0%)
    Group 556: 1 obs, 1 trades (0W/1L = 0.0%)
    Group 557: 1 obs, 1 trades (1W/0L = 100.0%)
    Group 558: 1 obs, 1 trades (0W/1L = 0.0%)
    Group 559: 1 obs, 1 trades (0W/1L = 0.0%)
    Group 560: 1 obs, 1 trades (0W/1L = 0.0%)
    Group 561: 1 obs, 1 trades (0W/1L = 0.0%)
    Group 562: 1 obs, 1 trades (1W/0L = 100.0%)
    Group 563: 1 obs, 1 trades (1W/0L = 100.0%)
    Group 564: 1 obs, 1 trades (1W/0L = 100.0%)
    Group 565: 1 obs, 1 trades (1W/0L = 100.0%)
    Group 566: 1 obs, 1 trades (1W/0L = 100.0%)
    Group 567: 1 obs, 1 trades (1W/0L = 100.0%)
    Group 568: 1 obs, 1 trades (0W/1L = 0.0%)
    Group 569: 1 obs, 1 trades (1W/0L = 100.0%)
    Group 570: 1 obs, 1 trades (1W/0L = 100.0%)
    Group 571: 1 obs, 1 trades (0W/1L = 0.0%)
    Group 572: 1 obs, 1 trades (0W/1L = 0.0%)
    Group 573: 1 obs, 1 trades (0W/1L = 0.0%)
    Group 574: 1 obs, 1 trades (0W/1L = 0.0%)
    Group 575: 1 obs, 1 trades (0W/1L = 0.0%)
    Group 576: 1 obs, 1 trades (0W/1L = 0.0%)
    Group 577: 1 obs, 1 trades (1W/0L = 100.0%)
    Group 578: 1 obs, 1 trades (1W/0L = 100.0%)
    Group 579: 1 obs, 1 trades (1W/0L = 100.0%)
    Group 580: 1 obs, 1 trades (0W/1L = 0.0%)
    Group 581: 1 obs, 1 trades (1W/0L = 100.0%)
    Group 582: 1 obs, 1 trades (1W/0L = 100.0%)
    Group 583: 1 obs, 1 trades (1W/0L = 100.0%)
    Group 584: 1 obs, 1 trades (1W/0L = 100.0%)
    Group 585: 1 obs, 1 trades (1W/0L = 100.0%)
    Group 586: 1 obs, 1 trades (1W/0L = 100.0%)
    Group 587: 1 obs, 1 trades (1W/0L = 100.0%)
    Group 588: 1 obs, 1 trades (1W/0L = 100.0%)
    Group 589: 1 obs, 1 trades (0W/1L = 0.0%)
    Group 590: 1 obs, 1 trades (0W/1L = 0.0%)
    Group 591: 1 obs, 1 trades (0W/1L = 0.0%)
    Group 592: 1 obs, 1 trades (0W/1L = 0.0%)
    Group 593: 1 obs, 1 trades (0W/1L = 0.0%)
    Group 594: 1 obs, 1 trades (0W/1L = 0.0%)
    Group 595: 1 obs, 1 trades (0W/1L = 0.0%)
    Group 596: 1 obs, 1 trades (1W/0L = 100.0%)
    Group 597: 1 obs, 1 trades (0W/1L = 0.0%)
    Group 598: 1 obs, 1 trades (0W/1L = 0.0%)
    Group 599: 1 obs, 1 trades (1W/0L = 100.0%)
    Group 600: 1 obs, 1 trades (1W/0L = 100.0%)
    Group 601: 1 obs, 1 trades (1W/0L = 100.0%)
    Group 602: 1 obs, 1 trades (1W/0L = 100.0%)
    Group 603: 1 obs, 1 trades (1W/0L = 100.0%)
    Group 604: 1 obs, 1 trades (1W/0L = 100.0%)
    Group 605: 1 obs, 1 trades (1W/0L = 100.0%)
    Group 606: 1 obs, 1 trades (1W/0L = 100.0%)
    Group 607: 1 obs, 1 trades (0W/1L = 0.0%)
    Group 608: 1 obs, 1 trades (1W/0L = 100.0%)
    Group 609: 1 obs, 1 trades (1W/0L = 100.0%)
    Group 610: 1 obs, 1 trades (1W/0L = 100.0%)
    Group 611: 1 obs, 1 trades (1W/0L = 100.0%)
    Group 612: 1 obs, 1 trades (0W/1L = 0.0%)
    Group 613: 1 obs, 1 trades (1W/0L = 100.0%)
    Group 614: 1 obs, 1 trades (1W/0L = 100.0%)
    Group 615: 1 obs, 1 trades (0W/1L = 0.0%)
    Group 616: 1 obs, 1 trades (0W/1L = 0.0%)
    Group 617: 1 obs, 1 trades (0W/1L = 0.0%)
    Group 618: 1 obs, 1 trades (1W/0L = 100.0%)
    Group 619: 1 obs, 1 trades (1W/0L = 100.0%)
    Group 620: 1 obs, 1 trades (1W/0L = 100.0%)
    Group 621: 1 obs, 1 trades (0W/1L = 0.0%)
    Group 622: 1 obs, 1 trades (0W/1L = 0.0%)
    Group 623: 1 obs, 1 trades (0W/1L = 0.0%)
    Group 624: 1 obs, 1 trades (0W/1L = 0.0%)
    Group 625: 1 obs, 1 trades (0W/1L = 0.0%)
    Group 626: 1 obs, 1 trades (0W/1L = 0.0%)
    Group 627: 1 obs, 1 trades (1W/0L = 100.0%)
    Group 628: 1 obs, 1 trades (1W/0L = 100.0%)
    Group 629: 1 obs, 1 trades (1W/0L = 100.0%)
    Group 630: 1 obs, 1 trades (1W/0L = 100.0%)
    Group 631: 1 obs, 1 trades (1W/0L = 100.0%)
    Group 632: 1 obs, 1 trades (1W/0L = 100.0%)
    Group 633: 1 obs, 1 trades (1W/0L = 100.0%)
    Group 634: 1 obs, 1 trades (1W/0L = 100.0%)
    Group 635: 1 obs, 1 trades (1W/0L = 100.0%)
    Group 636: 1 obs, 1 trades (1W/0L = 100.0%)
    Group 637: 1 obs, 1 trades (1W/0L = 100.0%)
    Group 638: 1 obs, 1 trades (1W/0L = 100.0%)
    Group 639: 1 obs, 1 trades (1W/0L = 100.0%)
    Group 640: 1 obs, 1 trades (0W/1L = 0.0%)
    Group 641: 1 obs, 1 trades (1W/0L = 100.0%)
    Group 642: 1 obs, 1 trades (1W/0L = 100.0%)
    Group 643: 1 obs, 1 trades (1W/0L = 100.0%)
    Group 644: 1 obs, 1 trades (1W/0L = 100.0%)
    Group 645: 1 obs, 1 trades (1W/0L = 100.0%)
    Group 646: 1 obs, 1 trades (1W/0L = 100.0%)
    Group 647: 1 obs, 1 trades (1W/0L = 100.0%)
    Group 648: 1 obs, 1 trades (1W/0L = 100.0%)
    Group 649: 1 obs, 1 trades (1W/0L = 100.0%)
    Group 650: 1 obs, 1 trades (1W/0L = 100.0%)
    Group 651: 1 obs, 1 trades (1W/0L = 100.0%)
    Group 652: 1 obs, 1 trades (1W/0L = 100.0%)
    Group 653: 1 obs, 1 trades (1W/0L = 100.0%)
    Group 654: 1 obs, 1 trades (1W/0L = 100.0%)
    Group 655: 1 obs, 1 trades (1W/0L = 100.0%)
    Group 656: 1 obs, 1 trades (1W/0L = 100.0%)
    Group 657: 1 obs, 1 trades (1W/0L = 100.0%)
    Group 658: 1 obs, 1 trades (1W/0L = 100.0%)
    Group 659: 1 obs, 1 trades (1W/0L = 100.0%)
    Group 660: 1 obs, 1 trades (1W/0L = 100.0%)
    Group 661: 1 obs, 1 trades (1W/0L = 100.0%)
    Group 662: 1 obs, 1 trades (1W/0L = 100.0%)
    Group 663: 1 obs, 1 trades (1W/0L = 100.0%)
    Group 664: 1 obs, 1 trades (1W/0L = 100.0%)
    Group 665: 1 obs, 1 trades (0W/1L = 0.0%)
    Group 666: 1 obs, 1 trades (0W/1L = 0.0%)
    Group 667: 1 obs, 1 trades (0W/1L = 0.0%)
    Group 668: 1 obs, 1 trades (0W/1L = 0.0%)
    Group 669: 1 obs, 1 trades (0W/1L = 0.0%)
    Group 670: 1 obs, 1 trades (0W/1L = 0.0%)
    Group 671: 1 obs, 1 trades (1W/0L = 100.0%)
    Group 672: 1 obs, 1 trades (0W/1L = 0.0%)
    Group 673: 1 obs, 1 trades (0W/1L = 0.0%)
    Group 674: 1 obs, 1 trades (0W/1L = 0.0%)
    Group 675: 1 obs, 1 trades (1W/0L = 100.0%)
    Group 676: 1 obs, 1 trades (1W/0L = 100.0%)
    Group 677: 1 obs, 1 trades (1W/0L = 100.0%)
    Group 678: 1 obs, 1 trades (1W/0L = 100.0%)
    Group 679: 1 obs, 1 trades (1W/0L = 100.0%)
    Group 680: 1 obs, 1 trades (1W/0L = 100.0%)
    Group 681: 1 obs, 1 trades (1W/0L = 100.0%)
    Group 682: 1 obs, 1 trades (1W/0L = 100.0%)
    Group 683: 1 obs, 1 trades (1W/0L = 100.0%)
    Group 684: 1 obs, 1 trades (1W/0L = 100.0%)
    Group 685: 1 obs, 1 trades (1W/0L = 100.0%)
    Group 686: 1 obs, 1 trades (0W/1L = 0.0%)
    Group 687: 1 obs, 1 trades (0W/1L = 0.0%)
    Group 688: 1 obs, 1 trades (0W/1L = 0.0%)
    Group 689: 1 obs, 1 trades (0W/1L = 0.0%)
    Group 690: 1 obs, 1 trades (0W/1L = 0.0%)
    Group 691: 1 obs, 1 trades (0W/1L = 0.0%)
    Group 692: 1 obs, 1 trades (0W/1L = 0.0%)
    Group 693: 1 obs, 1 trades (1W/0L = 100.0%)
    Group 694: 1 obs, 1 trades (0W/1L = 0.0%)
    Group 695: 1 obs, 1 trades (0W/1L = 0.0%)
    Group 696: 1 obs, 1 trades (0W/1L = 0.0%)

  Expert panel:
    momentum: recalibs=134 disc_str=0.0006 buy=34032 sell=33283
    structure: recalibs=134 disc_str=0.0011 buy=34032 sell=33283
    volume: recalibs=134 disc_str=0.0013 buy=34032 sell=33283
    narrative: recalibs=134 disc_str=0.0017 buy=34032 sell=33283
    regime: recalibs=134 disc_str=0.0008 buy=34032 sell=33283

  By year:
    2019: 64864 trades  49.8% win  -3308.35$ P&L

  Run DB: /home/watmin/work/holon/holon-lab-trading/orchestration_results/risk-off-kelly.db (100000 rows)
═══════════════════════════════════════════════════════════
