trader3: visual+thought journals, discriminant prediction
  10000D  window=48  horizon=36  threshold=0.500%  decay=0.999
  observe=1000  recalib_interval=500  orchestration=meta-boost  min_conviction=0.000

  Loading candles from "/home/watmin/work/holon/holon-lab-trading/data/analysis.db"...
  Loaded 652409 candles in 0.6s
  Run database: /home/watmin/work/holon/holon-lab-trading/orchestration_results/s1-100k.db

  Walk-forward: 100000 candles from index 47...
  10000/100000 (198/s ETA 455s) | 2019-02-05 | CONFIDENT | vis=56.5% tht=53.2% | trades=3921 win=48.1% | $10159 (+1.6%) vs B&H -6.7%
  20000/100000 (199/s ETA 402s) | 2019-03-12 | TENTATIVE | vis=48.4% tht=47.5% | trades=8188 win=54.7% | $12585 (+25.9%) vs B&H +3.6%
  30000/100000 (198/s ETA 353s) | 2019-04-16 | CONFIDENT | vis=46.9% tht=44.5% | trades=12829 win=54.5% | $14297 (+43.0%) vs B&H +36.0%
  40000/100000 (197/s ETA 304s) | 2019-05-20 | CONFIDENT | vis=50.9% tht=54.6% | trades=20322 win=52.1% | $13972 (+39.7%) vs B&H +110.3%
  50000/100000 (196/s ETA 255s) | 2019-06-24 | CONFIDENT | vis=55.3% tht=57.1% | trades=29158 win=52.3% | $16391 (+63.9%) vs B&H +193.5%
  60000/100000 (197/s ETA 203s) | 2019-07-29 | CONFIDENT | vis=54.9% tht=53.8% | trades=38706 win=52.2% | $20081 (+100.8%) vs B&H +160.4%
  70000/100000 (198/s ETA 152s) | 2019-09-01 | CONFIDENT | vis=47.7% tht=50.8% | trades=46832 win=53.7% | $29379 (+193.8%) vs B&H +160.9%
  80000/100000 (199/s ETA 101s) | 2019-10-06 | CONFIDENT | vis=52.6% tht=48.7% | trades=53486 win=52.5% | $28463 (+184.6%) vs B&H +114.0%
  90000/100000 (199/s ETA 50s) | 2019-11-10 | TENTATIVE | vis=48.7% tht=50.0% | trades=60027 win=52.2% | $32192 (+221.9%) vs B&H +138.0%
  100000/100000 (200/s ETA 0s) | 2019-12-15 | TENTATIVE | vis=51.6% tht=44.5% | trades=66575 win=51.9% | $32887 (+228.9%) vs B&H +89.6%

═══════════════════════════════════════════════════════════
  trader3 complete — 100000 candles in 500.3s (200/s)
  Orchestration: meta-boost
  Labeled: 67315  Noise: 32685 (32.7% noise rate)

  Equity: $32886.77 (+228.87%) | B&H: +89.56%
  Trades taken: 66575  Won: 34533  Win rate: 51.9%  Skipped: 309

  Visual journal  — buy_obs=34032 sell_obs=33283 cos_raw=0.9927 disc_strength=0.0012 recalibs=134
  Thought journal — buy_obs=34032 sell_obs=33283 cos_raw=0.9845 disc_strength=0.0018 recalibs=134

  Rolling accuracy (last 1000): visual=51.6% thought=44.5%

  By year:
    2019: 66575 trades  51.9% win  +22886.77$ P&L

  Run DB: /home/watmin/work/holon/holon-lab-trading/orchestration_results/s1-100k.db (100000 rows)
═══════════════════════════════════════════════════════════
