trader3: visual+thought journals, discriminant prediction
  10000D  window=48  horizon=36  threshold=0.500%  decay=0.999
  observe=1000  recalib_interval=500  orchestration=meta-boost  min_conviction=0.000

  Loading candles from "/home/watmin/work/holon/holon-lab-trading/data/analysis.db"...
  Loaded 652409 candles in 0.6s
  Run database: /home/watmin/work/holon/holon-lab-trading/orchestration_results/s1-50k.db

  Walk-forward: 50000 candles from index 47...
  2000/50000 (249/s ETA 193s) | 2019-01-08 | CONFIDENT | vis=49.7% tht=46.3% | trades=530 win=58.3% | $10115 (+1.1%) vs B&H +6.9%
  4000/50000 (211/s ETA 218s) | 2019-01-15 | CONFIDENT | vis=47.3% tht=40.9% | trades=1517 win=56.8% | $10234 (+2.3%) vs B&H -3.0%
  6000/50000 (203/s ETA 217s) | 2019-01-22 | TENTATIVE | vis=53.8% tht=49.0% | trades=2352 win=54.6% | $10357 (+3.6%) vs B&H -3.8%
  8000/50000 (199/s ETA 211s) | 2019-01-29 | TENTATIVE | vis=56.0% tht=53.4% | trades=3221 win=46.8% | $10142 (+1.4%) vs B&H -8.0%
  10000/50000 (198/s ETA 203s) | 2019-02-05 | CONFIDENT | vis=56.5% tht=53.2% | trades=3921 win=48.1% | $10159 (+1.6%) vs B&H -6.7%
  12000/50000 (202/s ETA 189s) | 2019-02-12 | CONFIDENT | vis=50.6% tht=52.2% | trades=4519 win=48.8% | $10283 (+2.8%) vs B&H -2.8%
  14000/50000 (201/s ETA 179s) | 2019-02-19 | TENTATIVE | vis=47.5% tht=43.8% | trades=5328 win=46.8% | $10170 (+1.7%) vs B&H +5.0%
  16000/50000 (200/s ETA 170s) | 2019-02-26 | CONFIDENT | vis=55.7% tht=51.4% | trades=6547 win=52.2% | $11579 (+15.8%) vs B&H +2.7%
  18000/50000 (199/s ETA 160s) | 2019-03-05 | CONFIDENT | vis=48.9% tht=42.7% | trades=7222 win=53.8% | $12065 (+20.6%) vs B&H +0.5%
  20000/50000 (199/s ETA 151s) | 2019-03-12 | TENTATIVE | vis=48.4% tht=47.5% | trades=8188 win=54.7% | $12585 (+25.9%) vs B&H +3.6%
  22000/50000 (200/s ETA 140s) | 2019-03-19 | TENTATIVE | vis=51.1% tht=48.4% | trades=8772 win=54.3% | $12579 (+25.8%) vs B&H +7.3%
  24000/50000 (200/s ETA 130s) | 2019-03-26 | TENTATIVE | vis=54.0% tht=51.0% | trades=9160 win=54.4% | $12621 (+26.2%) vs B&H +6.2%
  26000/50000 (199/s ETA 121s) | 2019-04-02 | TENTATIVE | vis=51.0% tht=53.0% | trades=9667 win=53.7% | $12537 (+25.4%) vs B&H +12.5%
  28000/50000 (199/s ETA 111s) | 2019-04-09 | CONFIDENT | vis=46.3% tht=39.4% | trades=11479 win=52.3% | $12410 (+24.1%) vs B&H +39.9%
  30000/50000 (198/s ETA 101s) | 2019-04-16 | CONFIDENT | vis=46.9% tht=44.5% | trades=12829 win=54.5% | $14297 (+43.0%) vs B&H +36.0%
  32000/50000 (199/s ETA 90s) | 2019-04-22 | TENTATIVE | vis=50.0% tht=46.7% | trades=13842 win=55.0% | $14682 (+46.8%) vs B&H +44.6%
  34000/50000 (199/s ETA 80s) | 2019-04-29 | TENTATIVE | vis=47.5% tht=50.6% | trades=15213 win=53.8% | $14498 (+45.0%) vs B&H +40.5%
  36000/50000 (198/s ETA 71s) | 2019-05-06 | TENTATIVE | vis=42.7% tht=43.4% | trades=16573 win=52.3% | $14091 (+40.9%) vs B&H +54.7%
  38000/50000 (198/s ETA 61s) | 2019-05-13 | CONFIDENT | vis=47.8% tht=50.6% | trades=18323 win=52.0% | $13790 (+37.9%) vs B&H +110.5%
  40000/50000 (198/s ETA 51s) | 2019-05-20 | CONFIDENT | vis=50.9% tht=54.6% | trades=20322 win=52.1% | $13972 (+39.7%) vs B&H +110.3%
  42000/50000 (197/s ETA 41s) | 2019-05-27 | CONFIDENT | vis=47.1% tht=43.0% | trades=22144 win=51.8% | $13397 (+34.0%) vs B&H +138.6%
  44000/50000 (198/s ETA 30s) | 2019-06-03 | CONFIDENT | vis=50.1% tht=49.1% | trades=23868 win=51.5% | $13415 (+34.1%) vs B&H +125.7%
  46000/50000 (198/s ETA 20s) | 2019-06-10 | TENTATIVE | vis=58.5% tht=55.7% | trades=25692 win=51.5% | $13365 (+33.7%) vs B&H +112.7%
  48000/50000 (197/s ETA 10s) | 2019-06-17 | CONFIDENT | vis=42.8% tht=51.7% | trades=27335 win=51.2% | $13250 (+32.5%) vs B&H +148.1%
  50000/50000 (198/s ETA 0s) | 2019-06-24 | CONFIDENT | vis=55.3% tht=57.1% | trades=29158 win=52.3% | $16391 (+63.9%) vs B&H +193.5%

═══════════════════════════════════════════════════════════
  trader3 complete — 50000 candles in 252.9s (198/s)
  Orchestration: meta-boost
  Labeled: 29916  Noise: 20084 (40.2% noise rate)

  Equity: $16391.48 (+63.91%) | B&H: +193.46%
  Trades taken: 29158  Won: 15257  Win rate: 52.3%  Skipped: 309

  Visual journal  — buy_obs=15964 sell_obs=13952 cos_raw=0.9923 disc_strength=0.0012 recalibs=59
  Thought journal — buy_obs=15964 sell_obs=13952 cos_raw=0.9833 disc_strength=0.0018 recalibs=59

  Rolling accuracy (last 1000): visual=55.3% thought=57.1%

  By year:
    2019: 29158 trades  52.3% win  +6391.48$ P&L

  Run DB: /home/watmin/work/holon/holon-lab-trading/orchestration_results/s1-50k.db (50000 rows)
═══════════════════════════════════════════════════════════
