trader: Self-Supervised BTC Trader
  10000D, window=48, px_rows=25
  Grid: 48 cols x 100 rows (4800 pixels/viewport)
  Horizon: 36 candles (180min)
  Move threshold: 0.500% (50.0bps)
  Decay: 0.999, Recalib interval: 500
  Observe period: 1000 candles
  Initial equity: $10000
  Reward weight: 1, Correction weight: 1.5
  Use grover: false, Use attend: false
  Threads: 8, Batch size: 256

  Loading candles from "/home/watmin/work/holon/holon-lab-trading/data/analysis.db"...
  Loaded 652409 candles in 0.6s
  Warming vector cache...
  Encoding null template...
  Null template + visual cache ready.
  Initializing thought system...
  Thought system ready (223 fact codebook entries).
  Run database: /home/watmin/work/holon/holon-lab-trading/orchestration_results/s1s2-noise-gate.db

  Starting walk-forward (100000 candles, starting at index 47)...
    10000/100000 (72/s, ETA 1257s) | 2019-02-05 13:45:00 | TENTATIVE | vis=66.7% thought=50.1% agree=91% | trades=3899 win=51.8% | eq=$9853 (-1.5%) vs bnh -6.7%
    20000/100000 (74/s, ETA 1078s) | 2019-03-12 07:05:00 | TENTATIVE | vis=66.7% thought=57.0% agree=91% | trades=8105 win=52.9% | eq=$9896 (-1.0%) vs bnh +3.6%
    30000/100000 (75/s, ETA 935s) | 2019-04-16 00:25:00 | TENTATIVE | vis=66.7% thought=40.2% agree=91% | trades=12653 win=51.0% | eq=$9726 (-2.7%) vs bnh +36.0%
    40000/100000 (75/s, ETA 796s) | 2019-05-20 17:45:00 | TENTATIVE | vis=66.7% thought=48.3% agree=91% | trades=20010 win=50.2% | eq=$9565 (-4.3%) vs bnh +110.3%
    50000/100000 (76/s, ETA 660s) | 2019-06-24 11:05:00 | TENTATIVE | vis=66.7% thought=50.5% agree=91% | trades=28688 win=50.3% | eq=$9335 (-6.6%) vs bnh +193.5%
    60000/100000 (76/s, ETA 527s) | 2019-07-29 04:25:00 | CONFIDENT | vis=66.7% thought=55.7% agree=91% | trades=38045 win=50.7% | eq=$9235 (-7.7%) vs bnh +160.4%
    70000/100000 (77/s, ETA 391s) | 2019-09-01 21:45:00 | CONFIDENT | vis=66.7% thought=56.1% agree=91% | trades=46042 win=50.9% | eq=$9334 (-6.7%) vs bnh +160.9%
    80000/100000 (77/s, ETA 260s) | 2019-10-06 15:05:00 | CONFIDENT | vis=66.7% thought=51.5% agree=91% | trades=52576 win=50.6% | eq=$9092 (-9.1%) vs bnh +114.0%
    90000/100000 (77/s, ETA 130s) | 2019-11-10 08:25:00 | TENTATIVE | vis=66.7% thought=48.4% agree=91% | trades=58996 win=50.2% | eq=$8959 (-10.4%) vs bnh +138.0%
    100000/100000 (77/s, ETA 0s) | 2019-12-15 01:45:00 | TENTATIVE | vis=66.7% thought=44.6% agree=91% | trades=65426 win=50.3% | eq=$8971 (-10.3%) vs bnh +89.6%

  --- Timing breakdown (total ms) ---
  Visual batch encode:  420292.9
  Thought encode:       836337.1
  Visual predict:         9739.9
  Thought predict:        5302.9
  Rest (resolve/log):    17866.8
  Total accounted:      1289539.7

  Run database written: /home/watmin/work/holon/holon-lab-trading/orchestration_results/s1s2-noise-gate.db (100000 rows)

  Walk-forward complete.
  Orchestration mode: meta-boost
  Encoded 100000 viewports in 1301.3s (77 vec/s)
  Labeled (BUY/SELL): 67325, Noise: 32675

  ═══ Visual Journaler ═══
  Accumulators:
    buy_good:     count=34046, purity=0.0001
    sell_good:    count=33288, purity=0.0001
    buy_confuser: count=3
    sell_confuser:count=0
    noise:        count=32675
    cos(buy_good, sell_good) = 0.8978
    cos(buy_good, noise) = 0.6681
    cos(sell_good, noise) = 0.6683
    recognition gate: noise_floor=0.0133 (buy_entropy=0.5646, sell_entropy=0.5657, d_eff=5646)

  Visual prediction accuracy:
    Overall: 66.7% (6/9)
    Rolling (last 1000): 66.7%

  Per-year breakdown:
    2019: 66.7% (6/9)

  ═══ Thought Journaler ═══
  Accumulators:
    buy_good:     count=68051, purity=0.0036
    sell_good:    count=66558, purity=0.0029
    buy_confuser: count=16662
    sell_confuser:count=16774
    noise:        count=32675
    cos(buy_good, sell_good) = 0.9950
    cos(buy_good, noise) = 0.8835
    cos(sell_good, noise) = 0.8861

  Thought prediction accuracy:
    Overall: 50.3% (33848/67284)
    Rolling (last 1000): 45.8%
    Visual-Thought agreement: 90.7% (39/43)

  ═══ Trader ═══
  Final phase: TENTATIVE
  Equity: $8971.69 (started $10000)
  Total return: -10.28%
  Trades taken: 65450, skipped: 2639
  Win rate: 50.3% (32907/65450)
  Confidence (rolling acc - 0.5): -0.012

  Per-year P&L:
    2019: trades=65450 win_rate=50.3% pnl=$-1028.31

  Buy-and-hold return over same period: 89.56%
  ═══════════════════════════════════════
