trader: Self-Supervised BTC Trader
  10000D, window=48, px_rows=25
  Grid: 48 cols x 100 rows (4800 pixels/viewport)
  Horizon: 36 candles (180min)
  Move threshold: 0.500% (50.0bps)
  Decay: 0.999, Recalib interval: 500
  Observe period: 1000 candles
  Initial equity: $10000
  Reward weight: 1, Correction weight: 1.5
  Use grover: false, Use attend: false
  Threads: 8, Batch size: 256

  Loading candles from "/home/watmin/work/holon/holon-lab-trading/data/analysis.db"...
  Loaded 652409 candles in 0.7s
  Warming vector cache...
  Encoding null template...
  Null template + visual cache ready.
  Initializing thought system...
  Thought system ready (177 fact codebook entries).
  Run database: /home/watmin/work/holon/holon-lab-trading/orchestration_results/sep-gated-raw-100k.db

  Starting walk-forward (100000 candles, starting at index 47)...
    10000/100000 (70/s, ETA 1277s) | 2019-02-05 13:45:00 | CONFIDENT | vis=57.2% thought=55.7% agree=52% | trades=3921 win=55.8% | eq=$10197 (+2.0%) vs bnh -6.7%
    20000/100000 (71/s, ETA 1127s) | 2019-03-12 07:05:00 | TENTATIVE | vis=44.1% thought=56.3% agree=51% | trades=8188 win=53.2% | eq=$10161 (+1.6%) vs bnh +3.6%
    30000/100000 (71/s, ETA 992s) | 2019-04-16 00:25:00 | TENTATIVE | vis=52.5% thought=43.9% agree=51% | trades=12829 win=52.5% | eq=$10228 (+2.3%) vs bnh +36.0%
    40000/100000 (71/s, ETA 849s) | 2019-05-20 17:45:00 | CONFIDENT | vis=46.7% thought=53.9% agree=50% | trades=20322 win=53.6% | eq=$10681 (+6.8%) vs bnh +110.3%
    50000/100000 (72/s, ETA 696s) | 2019-06-24 11:05:00 | CONFIDENT | vis=51.2% thought=49.0% agree=50% | trades=29158 win=52.3% | eq=$10621 (+6.2%) vs bnh +193.5%
    60000/100000 (73/s, ETA 550s) | 2019-07-29 04:25:00 | CONFIDENT | vis=55.6% thought=57.4% agree=51% | trades=38706 win=51.2% | eq=$10622 (+6.2%) vs bnh +160.4%
    70000/100000 (73/s, ETA 409s) | 2019-09-01 21:45:00 | CONFIDENT | vis=46.8% thought=53.2% agree=51% | trades=46832 win=51.0% | eq=$10690 (+6.9%) vs bnh +160.9%
    80000/100000 (74/s, ETA 271s) | 2019-10-06 15:05:00 | CONFIDENT | vis=53.3% thought=47.5% agree=50% | trades=53486 win=51.0% | eq=$10818 (+8.2%) vs bnh +114.0%
    90000/100000 (75/s, ETA 134s) | 2019-11-10 08:25:00 | CONFIDENT | vis=58.9% thought=59.8% agree=50% | trades=60027 win=50.7% | eq=$10728 (+7.3%) vs bnh +138.0%
    100000/100000 (76/s, ETA 0s) | 2019-12-15 01:45:00 | CONFIDENT | vis=49.3% thought=44.1% agree=52% | trades=66568 win=50.7% | eq=$10788 (+7.9%) vs bnh +89.6%

  --- Timing breakdown (total ms) ---
  Visual batch encode:  426756.2
  Thought encode:       847467.7
  Visual predict:         8873.1
  Thought predict:        5119.3
  Rest (resolve/log):    22098.3
  Total accounted:      1310314.5

  Run database written: /home/watmin/work/holon/holon-lab-trading/orchestration_results/sep-gated-raw-100k.db (100000 rows)

  Walk-forward complete.
  Orchestration mode: meta-boost
  Encoded 100000 viewports in 1322.3s (76 vec/s)
  Labeled (BUY/SELL): 67325, Noise: 32675

  ═══ Visual Journaler ═══
  Accumulators:
    buy_good:     count=68051, purity=0.0001
    sell_good:    count=66558, purity=0.0001
    buy_confuser: count=16748
    sell_confuser:count=16372
    noise:        count=32675
    cos(buy_good, sell_good) = 0.9116
    cos(buy_good, noise) = 0.5882
    cos(sell_good, noise) = 0.5806
    cos(buy_disc, sell_disc) = -1.0000
    recognition gate: noise_floor=0.0139 (buy_entropy=0.5210, sell_entropy=0.5165, d_eff=5165)

  Visual prediction accuracy:
    Overall: 50.8% (34164/67284)
    Rolling (last 1000): 50.9%

  Per-year breakdown:
    2019: 50.8% (34164/67284)

  ═══ Thought Journaler ═══
  Accumulators:
    buy_good:     count=40567, purity=0.0089
    sell_good:    count=41754, purity=0.0057
    buy_confuser: count=10536
    sell_confuser:count=10310
    noise:        count=32675
    cos(buy_good, sell_good) = 0.9984
    cos(buy_good, noise) = 0.5702
    cos(sell_good, noise) = 0.5718

  Thought prediction accuracy:
    Overall: 50.6% (34016/67284)
    Rolling (last 1000): 43.4%
    Visual-Thought agreement: 52.4% (52390/99957)

  ═══ Trader ═══
  Final phase: CONFIDENT
  Equity: $10789.28 (started $10000)
  Total return: 7.89%
  Trades taken: 66592, skipped: 1011
  Win rate: 50.7% (33769/66592)
  Confidence (rolling acc - 0.5): 0.062

  Per-year P&L:
    2019: trades=66592 win_rate=50.7% pnl=$789.28

  Buy-and-hold return over same period: 89.56%
  ═══════════════════════════════════════
