trader: Self-Supervised BTC Trader
  10000D, window=48, px_rows=25
  Grid: 48 cols x 100 rows (4800 pixels/viewport)
  Horizon: 36 candles (180min)
  Move threshold: 0.500% (50.0bps)
  Decay: 0.999, Recalib interval: 500
  Observe period: 1000 candles
  Initial equity: $10000
  Reward weight: 1, Correction weight: 1.5
  Use grover: false, Use attend: false
  Threads: 8, Batch size: 256

  Loading candles from "/home/watmin/work/holon/holon-lab-trading/data/analysis.db"...
  Loaded 652409 candles in 0.6s
  Warming vector cache...
  Encoding null template...
  Null template + visual cache ready.
  Initializing thought system...
  Thought system ready (223 fact codebook entries).
  Run database: /home/watmin/work/holon/holon-lab-trading/orchestration_results/signal-weight-log-v1.db

  Starting walk-forward (100000 candles, starting at index 47)...
    10000/100000 (77/s, ETA 1172s) | 2019-02-05 13:45:00 | TENTATIVE | vis=47.8% thought=49.0% agree=58% | trades=3918 win=50.1% | eq=$9888 (-1.1%) vs bnh -6.7%
    20000/100000 (76/s, ETA 1057s) | 2019-03-12 07:05:00 | TENTATIVE | vis=49.2% thought=55.5% agree=56% | trades=8185 win=52.1% | eq=$9943 (-0.6%) vs bnh +3.6%
    30000/100000 (76/s, ETA 920s) | 2019-04-16 00:25:00 | TENTATIVE | vis=48.4% thought=41.7% agree=56% | trades=12822 win=51.1% | eq=$9860 (-1.4%) vs bnh +36.0%
    40000/100000 (77/s, ETA 775s) | 2019-05-20 17:45:00 | TENTATIVE | vis=48.5% thought=49.6% agree=55% | trades=20311 win=50.3% | eq=$9769 (-2.3%) vs bnh +110.3%
    50000/100000 (78/s, ETA 640s) | 2019-06-24 11:05:00 | TENTATIVE | vis=49.3% thought=55.1% agree=55% | trades=29147 win=50.0% | eq=$9562 (-4.4%) vs bnh +193.5%
    60000/100000 (79/s, ETA 507s) | 2019-07-29 04:25:00 | CONFIDENT | vis=53.4% thought=54.4% agree=55% | trades=38690 win=50.3% | eq=$9506 (-4.9%) vs bnh +160.4%
    70000/100000 (79/s, ETA 378s) | 2019-09-01 21:45:00 | CONFIDENT | vis=50.7% thought=56.7% agree=55% | trades=46812 win=50.5% | eq=$9584 (-4.2%) vs bnh +160.9%
    80000/100000 (79/s, ETA 253s) | 2019-10-06 15:05:00 | CONFIDENT | vis=55.2% thought=46.5% agree=55% | trades=53462 win=50.4% | eq=$9454 (-5.5%) vs bnh +114.0%
    90000/100000 (79/s, ETA 126s) | 2019-11-10 08:25:00 | TENTATIVE | vis=53.6% thought=48.7% agree=54% | trades=60003 win=50.0% | eq=$9308 (-6.9%) vs bnh +138.0%
    100000/100000 (79/s, ETA 0s) | 2019-12-15 01:45:00 | TENTATIVE | vis=50.9% thought=39.9% agree=54% | trades=66551 win=50.0% | eq=$9266 (-7.3%) vs bnh +89.6%

  --- Timing breakdown (total ms) ---
  Visual batch encode:  394037.4
  Thought encode:       815791.1
  Visual predict:        10914.0
  Thought predict:        5145.3
  Rest (resolve/log):    23419.5
  Total accounted:      1249307.4

  Run database written: /home/watmin/work/holon/holon-lab-trading/orchestration_results/signal-weight-log-v1.db (100000 rows)

  Walk-forward complete.
  Orchestration mode: meta-boost
  Encoded 100000 viewports in 1260.6s (79 vec/s)
  Labeled (BUY/SELL): 67325, Noise: 32675

  ═══ Visual Journaler ═══
  Accumulators:
    buy_good:     count=68051, purity=0.0001
    sell_good:    count=66558, purity=0.0001
    buy_confuser: count=16121
    sell_confuser:count=17535
    noise:        count=32675
    cos(buy_good, sell_good) = 0.9262
    cos(buy_good, noise) = 0.5704
    cos(sell_good, noise) = 0.5824
    recognition gate: noise_floor=0.0140 (buy_entropy=0.5079, sell_entropy=0.5092, d_eff=5079)

  Visual prediction accuracy:
    Overall: 50.0% (33628/67284)
    Rolling (last 1000): 50.4%

  Per-year breakdown:
    2019: 50.0% (33628/67284)

  ═══ Thought Journaler ═══
  Accumulators:
    buy_good:     count=68051, purity=0.0060
    sell_good:    count=66558, purity=0.0047
    buy_confuser: count=16763
    sell_confuser:count=17020
    noise:        count=32675
    cos(buy_good, sell_good) = 0.9952
    cos(buy_good, noise) = 0.8805
    cos(sell_good, noise) = 0.8821

  Thought prediction accuracy:
    Overall: 49.8% (33501/67284)
    Rolling (last 1000): 40.7%
    Visual-Thought agreement: 54.4% (54362/99957)

  ═══ Trader ═══
  Final phase: TENTATIVE
  Equity: $9265.82 (started $10000)
  Total return: -7.34%
  Trades taken: 66575, skipped: 1026
  Win rate: 50.0% (33296/66575)
  Confidence (rolling acc - 0.5): -0.086

  Per-year P&L:
    2019: trades=66575 win_rate=50.0% pnl=$-734.18

  Buy-and-hold return over same period: 89.56%
  ═══════════════════════════════════════
