trader: Self-Supervised BTC Trader
  10000D, window=48, px_rows=25
  Grid: 48 cols x 100 rows (4800 pixels/viewport)
  Horizon: 36 candles (180min)
  Move threshold: 0.500% (50.0bps)
  Decay: 0.999, Recalib interval: 500
  Observe period: 1000 candles
  Initial equity: $10000
  Reward weight: 1, Correction weight: 1.5
  Use grover: false, Use attend: false
  Threads: 8, Batch size: 256

  Loading candles from "/home/watmin/work/holon/holon-lab-trading/data/analysis.db"...
  Loaded 652409 candles in 0.7s
  Warming vector cache...
  Encoding null template...
  Null template + visual cache ready.
  Initializing thought system...
  Thought system ready (223 fact codebook entries).
  Run database: /home/watmin/work/holon/holon-lab-trading/orchestration_results/signal-weight-v1.db

  Starting walk-forward (100000 candles, starting at index 47)...
    10000/100000 (71/s, ETA 1272s) | 2019-02-05 13:45:00 | TENTATIVE | vis=48.7% thought=48.2% agree=49% | trades=3921 win=49.2% | eq=$9858 (-1.4%) vs bnh -6.7%
    20000/100000 (71/s, ETA 1126s) | 2019-03-12 07:05:00 | TENTATIVE | vis=49.5% thought=54.9% agree=52% | trades=8188 win=50.9% | eq=$9896 (-1.0%) vs bnh +3.6%
    30000/100000 (72/s, ETA 970s) | 2019-04-16 00:25:00 | TENTATIVE | vis=48.4% thought=45.9% agree=52% | trades=12827 win=50.2% | eq=$9835 (-1.6%) vs bnh +36.0%
    40000/100000 (73/s, ETA 822s) | 2019-05-20 17:45:00 | TENTATIVE | vis=49.2% thought=50.5% agree=52% | trades=20318 win=49.8% | eq=$9779 (-2.2%) vs bnh +110.3%
    50000/100000 (74/s, ETA 673s) | 2019-06-24 11:05:00 | CONFIDENT | vis=51.8% thought=60.4% agree=53% | trades=29152 win=49.9% | eq=$9678 (-3.2%) vs bnh +193.5%
    60000/100000 (75/s, ETA 530s) | 2019-07-29 04:25:00 | CONFIDENT | vis=52.0% thought=55.2% agree=53% | trades=38697 win=50.3% | eq=$9662 (-3.4%) vs bnh +160.4%
    70000/100000 (76/s, ETA 397s) | 2019-09-01 21:45:00 | CONFIDENT | vis=50.8% thought=55.9% agree=53% | trades=46820 win=50.4% | eq=$9760 (-2.4%) vs bnh +160.9%
    80000/100000 (76/s, ETA 262s) | 2019-10-06 15:05:00 | CONFIDENT | vis=57.4% thought=44.4% agree=53% | trades=53472 win=50.3% | eq=$9733 (-2.7%) vs bnh +114.0%
    90000/100000 (77/s, ETA 130s) | 2019-11-10 08:25:00 | TENTATIVE | vis=52.7% thought=47.4% agree=53% | trades=60013 win=50.0% | eq=$9673 (-3.3%) vs bnh +138.0%
    100000/100000 (78/s, ETA 0s) | 2019-12-15 01:45:00 | TENTATIVE | vis=52.4% thought=49.7% agree=53% | trades=66560 win=50.0% | eq=$9617 (-3.8%) vs bnh +89.6%

  --- Timing breakdown (total ms) ---
  Visual batch encode:  412444.0
  Thought encode:       823347.0
  Visual predict:        11131.3
  Thought predict:        5247.6
  Rest (resolve/log):    23913.7
  Total accounted:      1276083.6

  Run database written: /home/watmin/work/holon/holon-lab-trading/orchestration_results/signal-weight-v1.db (100000 rows)

  Walk-forward complete.
  Orchestration mode: meta-boost
  Encoded 100000 viewports in 1287.8s (78 vec/s)
  Labeled (BUY/SELL): 67325, Noise: 32675

  ═══ Visual Journaler ═══
  Accumulators:
    buy_good:     count=68051, purity=1.0000
    sell_good:    count=66558, purity=1.0000
    buy_confuser: count=17000
    sell_confuser:count=16755
    noise:        count=32675
    cos(buy_good, sell_good) = 0.9306
    cos(buy_good, noise) = 0.5699
    cos(sell_good, noise) = 0.5799
    recognition gate: noise_floor=0.0140 (buy_entropy=0.5065, sell_entropy=0.5086, d_eff=5065)

  Visual prediction accuracy:
    Overall: 49.8% (33529/67284)
    Rolling (last 1000): 51.6%

  Per-year breakdown:
    2019: 49.8% (33529/67284)

  ═══ Thought Journaler ═══
  Accumulators:
    buy_good:     count=68051, purity=1.0000
    sell_good:    count=66558, purity=1.0000
    buy_confuser: count=16509
    sell_confuser:count=17018
    noise:        count=32675
    cos(buy_good, sell_good) = 0.9946
    cos(buy_good, noise) = 0.8783
    cos(sell_good, noise) = 0.8785

  Thought prediction accuracy:
    Overall: 50.2% (33757/67284)
    Rolling (last 1000): 48.0%
    Visual-Thought agreement: 53.1% (53073/99957)

  ═══ Trader ═══
  Final phase: TENTATIVE
  Equity: $9613.72 (started $10000)
  Total return: -3.86%
  Trades taken: 66584, skipped: 1017
  Win rate: 50.0% (33303/66584)
  Confidence (rolling acc - 0.5): -0.128

  Per-year P&L:
    2019: trades=66584 win_rate=50.0% pnl=$-386.28

  Buy-and-hold return over same period: 89.56%
  ═══════════════════════════════════════
