trader3: visual+thought journals, discriminant prediction
  10000D  window=48  horizon=36  threshold=0.500%  decay=0.999
  observe=1000  recalib_interval=500  orchestration=meta-boost  min_conviction=0.000

  Loading candles from "/home/watmin/work/holon/holon-lab-trading/data/analysis.db"...
  Loaded 652409 candles in 0.6s
  Run database: /home/watmin/work/holon/holon-lab-trading/orchestration_results/stable-q85.db

  Walk-forward: 100000 candles from index 47...
  10000/100000 (227/s ETA 397s) | 2019-02-05 | CONFIDENT | vis=56.5% tht=53.2% | trades=3921 win=51.1% | $10018 (+0.2%) vs B&H -6.7% | flip@0.088
  20000/100000 (222/s ETA 361s) | 2019-03-12 | CONFIDENT | vis=48.4% tht=47.5% | trades=8188 win=49.6% | $9944 (-0.6%) vs B&H +3.6% | flip@0.086
  30000/100000 (216/s ETA 324s) | 2019-04-16 | TENTATIVE | vis=46.9% tht=44.5% | trades=12829 win=49.8% | $9918 (-0.8%) vs B&H +36.0% | flip@0.086
  40000/100000 (210/s ETA 286s) | 2019-05-20 | CONFIDENT | vis=50.9% tht=54.6% | trades=20322 win=49.8% | $9947 (-0.5%) vs B&H +110.3% | flip@0.086
  50000/100000 (206/s ETA 243s) | 2019-06-24 | TENTATIVE | vis=55.3% tht=57.1% | trades=29158 win=50.2% | $9990 (-0.1%) vs B&H +193.5% | flip@0.084
  60000/100000 (208/s ETA 193s) | 2019-07-29 | TENTATIVE | vis=54.9% tht=53.8% | trades=38706 win=50.5% | $10077 (+0.8%) vs B&H +160.4% | flip@0.082
  70000/100000 (207/s ETA 145s) | 2019-09-01 | TENTATIVE | vis=47.7% tht=50.8% | trades=46832 win=50.5% | $10146 (+1.5%) vs B&H +160.9% | flip@0.084
  80000/100000 (208/s ETA 96s) | 2019-10-06 | CONFIDENT | vis=52.6% tht=48.7% | trades=53486 win=50.2% | $10087 (+0.9%) vs B&H +114.0% | flip@0.085
  90000/100000 (209/s ETA 48s) | 2019-11-10 | TENTATIVE | vis=48.7% tht=50.0% | trades=60027 win=50.4% | $10159 (+1.6%) vs B&H +138.0% | flip@0.086
  100000/100000 (210/s ETA 0s) | 2019-12-15 | TENTATIVE | vis=51.6% tht=44.5% | trades=66575 win=50.3% | $10097 (+1.0%) vs B&H +89.6% | flip@0.089

═══════════════════════════════════════════════════════════
  trader3 complete — 100000 candles in 475.3s (210/s)
  Orchestration: meta-boost
  Labeled: 67315  Noise: 32685 (32.7% noise rate)

  Equity: $10096.86 (+0.97%) | B&H: +89.56%
  Trades taken: 66575  Won: 33470  Win rate: 50.3%  Skipped: 309

  Visual journal  — buy_obs=34032 sell_obs=33283 cos_raw=0.9927 disc_strength=0.0012 recalibs=134
  Thought journal — buy_obs=34032 sell_obs=33283 cos_raw=0.9845 disc_strength=0.0018 recalibs=134

  Rolling accuracy (last 1000): visual=51.6% thought=44.5%

  By year:
    2019: 66575 trades  50.3% win  +96.86$ P&L

  Run DB: /home/watmin/work/holon/holon-lab-trading/orchestration_results/stable-q85.db (100000 rows)
═══════════════════════════════════════════════════════════
