trader: Self-Supervised BTC Trader
  10000D, window=48, px_rows=25
  Grid: 48 cols x 100 rows (4800 pixels/viewport)
  Horizon: 36 candles (180min)
  Move threshold: 0.500% (50.0bps)
  Decay: 0.999, Recalib interval: 500
  Observe period: 1000 candles
  Initial equity: $10000
  Reward weight: 1, Correction weight: 1.5, Learning rate: 1
  Use grover: false, Use attend: false
  Threads: 8, Batch size: 256

  Loading candles from "/home/watmin/work/holon/holon-lab-trading/data/analysis.db"...
  Loaded 652409 candles in 0.6s
  Warming vector cache...
  Encoding null template...
  Null template + visual cache ready.
  Initializing thought system...
  Thought system ready (223 fact codebook entries).
  Run database: /home/watmin/work/holon/holon-lab-trading/orchestration_results/stripped-learn-v1.db

  Starting walk-forward (100000 candles, starting at index 47)...
    10000/100000 (80/s, ETA 1123s) | 2019-02-05 13:45:00 | TENTATIVE | vis=43.9% thought=43.9% agree=90% | trades=3921 win=47.1% | eq=$9775 (-2.2%) vs bnh -6.7%
    20000/100000 (81/s, ETA 987s) | 2019-03-12 07:05:00 | TENTATIVE | vis=60.3% thought=60.3% agree=95% | trades=8188 win=51.3% | eq=$9956 (-0.4%) vs bnh +3.6%
    30000/100000 (80/s, ETA 878s) | 2019-04-16 00:25:00 | TENTATIVE | vis=41.5% thought=41.5% agree=97% | trades=12829 win=52.6% | eq=$10371 (+3.7%) vs bnh +36.0%
    40000/100000 (79/s, ETA 755s) | 2019-05-20 17:45:00 | CONFIDENT | vis=53.9% thought=53.9% agree=97% | trades=20322 win=53.7% | eq=$10882 (+8.8%) vs bnh +110.3%
    50000/100000 (79/s, ETA 635s) | 2019-06-24 11:05:00 | CONFIDENT | vis=62.3% thought=62.3% agree=98% | trades=29158 win=53.3% | eq=$11197 (+12.0%) vs bnh +193.5%
    60000/100000 (78/s, ETA 510s) | 2019-07-29 04:25:00 | TENTATIVE | vis=53.0% thought=53.0% agree=98% | trades=38706 win=52.3% | eq=$11076 (+10.8%) vs bnh +160.4%
    70000/100000 (78/s, ETA 383s) | 2019-09-01 21:45:00 | TENTATIVE | vis=45.5% thought=45.5% agree=99% | trades=46832 win=51.6% | eq=$10838 (+8.4%) vs bnh +160.9%
    80000/100000 (78/s, ETA 256s) | 2019-10-06 15:05:00 | TENTATIVE | vis=47.1% thought=47.1% agree=99% | trades=53486 win=51.2% | eq=$10505 (+5.1%) vs bnh +114.0%
    90000/100000 (78/s, ETA 128s) | 2019-11-10 08:25:00 | TENTATIVE | vis=40.9% thought=41.0% agree=99% | trades=60027 win=50.9% | eq=$10340 (+3.4%) vs bnh +138.0%
    100000/100000 (78/s, ETA 0s) | 2019-12-15 01:45:00 | TENTATIVE | vis=43.9% thought=43.9% agree=99% | trades=66575 win=50.5% | eq=$10192 (+1.9%) vs bnh +89.6%

  --- Timing breakdown (total ms) ---
  Visual batch encode:  392612.5
  Thought encode:       819008.2
  Visual predict:        12921.6
  Thought predict:        6884.3
  Rest (resolve/log):    35734.2
  Total accounted:      1267160.9

  Run database written: /home/watmin/work/holon/holon-lab-trading/orchestration_results/stripped-learn-v1.db (100000 rows)

  Walk-forward complete.
  Orchestration mode: meta-boost
  Encoded 100000 viewports in 1278.5s (78 vec/s)
  Labeled (BUY/SELL): 67325, Noise: 32675

  ═══ Visual Journaler ═══
  Accumulators:
    buy_good:     count=68051, purity=0.0002
    sell_good:    count=66558, purity=0.0004
    buy_confuser: count=33275
    sell_confuser:count=0
    noise:        count=32675
    cos(buy_good, sell_good) = 0.7880
    cos(buy_good, noise) = 0.3975
    cos(sell_good, noise) = -0.0227
    recognition gate: noise_floor=0.0219 (buy_entropy=0.2628, sell_entropy=0.1972, d_eff=1972)

  Visual prediction accuracy:
    Overall: 50.5% (34009/67284)
    Rolling (last 1000): 44.6%

  Per-year breakdown:
    2019: 50.5% (34009/67284)

  ═══ Thought Journaler ═══
  Accumulators:
    buy_good:     count=68051, purity=0.0001
    sell_good:    count=66558, purity=0.0108
    buy_confuser: count=32970
    sell_confuser:count=344
    noise:        count=32675
    cos(buy_good, sell_good) = 0.4815
    cos(buy_good, noise) = 0.6871
    cos(sell_good, noise) = -0.2031

  Thought prediction accuracy:
    Overall: 50.5% (33970/67284)
    Rolling (last 1000): 44.6%
    Visual-Thought agreement: 99.0% (98913/99957)

  ═══ Trader ═══
  Final phase: TENTATIVE
  Equity: $10190.61 (started $10000)
  Total return: 1.91%
  Trades taken: 66599, skipped: 993
  Win rate: 50.5% (33629/66599)
  Confidence (rolling acc - 0.5): -0.070

  Per-year P&L:
    2019: trades=66599 win_rate=50.5% pnl=$190.61

  Buy-and-hold return over same period: 89.56%
  ═══════════════════════════════════════
