trader3: visual+thought journals, discriminant prediction
  10000D  window=48  horizon=36  threshold=0.500%  decay=0.999  flip=q95
  observe=1000  recalib_interval=500  orchestration=thought-only  min_conviction=0.000

  Loading candles from "/home/watmin/work/holon/holon-lab-trading/data/analysis.db"...
  Loaded 652409 candles in 0.6s
  Run database: /home/watmin/work/holon/holon-lab-trading/orchestration_results/subspace32-q95-100k.db

  Walk-forward: 100000 candles from index 47...
  10000/100000 (182/s ETA 494s) | 2019-02-05 | TENTATIVE | vis=56.5% tht=52.8% | trades=366 win=63.4% | $10037 (+0.4%) vs B&H -6.7% | flip@0.180 STABLE
  20000/100000 (180/s ETA 445s) | 2019-03-12 | CONFIDENT | vis=40.9% tht=50.5% | trades=545 win=58.7% | $10042 (+0.4%) vs B&H +3.6% | flip@0.169 ADAPT
  30000/100000 (179/s ETA 392s) | 2019-04-16 | CONFIDENT | vis=46.9% tht=46.2% | trades=786 win=57.6% | $10058 (+0.6%) vs B&H +36.0% | flip@0.172 STABLE
  40000/100000 (179/s ETA 336s) | 2019-05-20 | CONFIDENT | vis=50.7% tht=54.5% | trades=1180 win=62.8% | $10235 (+2.4%) vs B&H +110.3% | flip@0.175 STABLE
  50000/100000 (179/s ETA 280s) | 2019-06-24 | CONFIDENT | vis=55.3% tht=56.9% | trades=1362 win=61.2% | $10260 (+2.6%) vs B&H +193.5% | flip@0.170 STABLE
  60000/100000 (179/s ETA 224s) | 2019-07-29 | CONFIDENT | vis=47.3% tht=42.6% | trades=1680 win=59.4% | $10270 (+2.7%) vs B&H +160.4% | flip@0.166 STABLE
  70000/100000 (179/s ETA 167s) | 2019-09-01 | CONFIDENT | vis=47.7% tht=50.9% | trades=2405 win=57.9% | $10301 (+3.0%) vs B&H +160.9% | flip@0.175 STABLE
  80000/100000 (180/s ETA 111s) | 2019-10-06 | CONFIDENT | vis=51.0% tht=47.9% | trades=2794 win=57.2% | $10316 (+3.2%) vs B&H +114.0% | flip@0.174 ADAPT
  90000/100000 (180/s ETA 56s) | 2019-11-10 | CONFIDENT | vis=52.0% tht=47.3% | trades=3681 win=56.4% | $10333 (+3.3%) vs B&H +138.0% | flip@0.182 ADAPT
  100000/100000 (180/s ETA 0s) | 2019-12-15 | TENTATIVE | vis=55.8% tht=46.3% | trades=4015 win=55.5% | $10315 (+3.2%) vs B&H +89.6% | flip@0.189 ADAPT

═══════════════════════════════════════════════════════════
  trader3 complete — 100000 candles in 555.0s (180/s)
  Orchestration: thought-only
  Labeled: 67315  Noise: 32685 (32.7% noise rate)

  Equity: $10315.35 (+3.15%) | B&H: +89.56%
  Trades taken: 4015  Won: 2228  Win rate: 55.5%  Skipped: 93045

  Visual journal  — buy_obs=34032 sell_obs=33283 cos_raw=0.9548 disc_strength=0.0030 recalibs=134
  Thought journal — buy_obs=34032 sell_obs=33283 cos_raw=0.8531 disc_strength=0.0054 recalibs=134

  Rolling accuracy (last 1000): visual=55.8% thought=46.3%

  Visual pattern groups: 1 discovered
    Group 0: 4015 obs, 4015 trades (2228W/1787L = 55.5%)

  By year:
    2019: 4015 trades  55.5% win  +315.35$ P&L

  Run DB: /home/watmin/work/holon/holon-lab-trading/orchestration_results/subspace32-q95-100k.db (100000 rows)
═══════════════════════════════════════════════════════════
