trader3: visual+thought journals, discriminant prediction
  10000D  window=48  horizon=36  threshold=0.500%  decay=0.999
  observe=1000  recalib_interval=500  orchestration=thought-only  min_conviction=0.000

  Loading candles from "/home/watmin/work/holon/holon-lab-trading/data/analysis.db"...
  Loaded 652409 candles in 0.8s
  Run database: runs/trader3_20260326_060059.db

  Walk-forward: 100000 candles from index 47...
  10000/100000 (196/s ETA 459s) | 2019-02-05 | TENTATIVE | vis=56.5% tht=53.2% | trades=1021 win=56.9% | $10061 (+0.6%) vs B&H -6.7% | flip@0.124
  20000/100000 (198/s ETA 404s) | 2019-03-12 | TENTATIVE | vis=48.4% tht=47.5% | trades=1630 win=54.2% | $10071 (+0.7%) vs B&H +3.6% | flip@0.123
  30000/100000 (199/s ETA 352s) | 2019-04-16 | CONFIDENT | vis=46.9% tht=44.5% | trades=2371 win=57.2% | $10262 (+2.6%) vs B&H +36.0% | flip@0.122
  40000/100000 (202/s ETA 297s) | 2019-05-20 | CONFIDENT | vis=50.9% tht=54.6% | trades=3418 win=59.2% | $10604 (+6.0%) vs B&H +110.3% | flip@0.123
  50000/100000 (202/s ETA 247s) | 2019-06-24 | TENTATIVE | vis=55.3% tht=57.1% | trades=4539 win=57.7% | $10684 (+6.8%) vs B&H +193.5% | flip@0.122
  60000/100000 (204/s ETA 196s) | 2019-07-29 | TENTATIVE | vis=54.9% tht=53.8% | trades=5671 win=55.6% | $10686 (+6.9%) vs B&H +160.4% | flip@0.120
  70000/100000 (207/s ETA 145s) | 2019-09-01 | TENTATIVE | vis=47.7% tht=50.8% | trades=7382 win=54.8% | $10714 (+7.1%) vs B&H +160.9% | flip@0.124
  80000/100000 (207/s ETA 97s) | 2019-10-06 | TENTATIVE | vis=52.6% tht=48.7% | trades=8567 win=54.3% | $10752 (+7.5%) vs B&H +114.0% | flip@0.127
  90000/100000 (208/s ETA 48s) | 2019-11-10 | CONFIDENT | vis=48.7% tht=50.0% | trades=9972 win=54.7% | $10842 (+8.4%) vs B&H +138.0% | flip@0.130
  100000/100000 (209/s ETA 0s) | 2019-12-15 | TENTATIVE | vis=51.6% tht=44.5% | trades=11019 win=53.9% | $10785 (+7.9%) vs B&H +89.6% | flip@0.133

═══════════════════════════════════════════════════════════
  trader3 complete — 100000 candles in 479.6s (209/s)
  Orchestration: thought-only
  Labeled: 67315  Noise: 32685 (32.7% noise rate)

  Equity: $10785.38 (+7.85%) | B&H: +89.56%
  Trades taken: 11019  Won: 5939  Win rate: 53.9%  Skipped: 82371

  Visual journal  — buy_obs=34032 sell_obs=33283 cos_raw=0.9927 disc_strength=0.0012 recalibs=134
  Thought journal — buy_obs=34032 sell_obs=33283 cos_raw=0.9845 disc_strength=0.0018 recalibs=134

  Rolling accuracy (last 1000): visual=51.6% thought=44.5%

  By year:
    2019: 11019 trades  53.9% win  +785.38$ P&L

  Run DB: runs/trader3_20260326_060059.db (100000 rows)
═══════════════════════════════════════════════════════════
