trader3: visual+thought journals, discriminant prediction
  10000D  window=48  horizon=36  threshold=0.500%  decay=0.999  flip=q95
  observe=1000  recalib_interval=500  orchestration=thought-only  min_conviction=0.000

  Loading candles from "/home/watmin/work/holon/holon-lab-trading/data/analysis.db"...
  Loaded 652409 candles in 0.6s
  Run database: /home/watmin/work/holon/holon-lab-trading/orchestration_results/thought-vocab-v4-q95-100k.db

  Walk-forward: 100000 candles from index 47...
  10000/100000 (179/s ETA 502s) | 2019-02-05 | TENTATIVE | vis=56.5% tht=52.9% | trades=361 win=63.7% | $10037 (+0.4%) vs B&H -6.7% | flip@0.180 edge=0.520
  20000/100000 (186/s ETA 431s) | 2019-03-12 | CONFIDENT | vis=48.4% tht=47.2% | trades=512 win=56.4% | $10030 (+0.3%) vs B&H +3.6% | flip@0.166 edge=0.520
  30000/100000 (191/s ETA 366s) | 2019-04-16 | CONFIDENT | vis=46.9% tht=46.2% | trades=754 win=59.8% | $10097 (+1.0%) vs B&H +36.0% | flip@0.163 edge=0.520
  40000/100000 (191/s ETA 314s) | 2019-05-20 | CONFIDENT | vis=50.9% tht=54.7% | trades=1152 win=62.3% | $10225 (+2.3%) vs B&H +110.3% | flip@0.165 edge=0.520
  50000/100000 (193/s ETA 260s) | 2019-06-24 | CONFIDENT | vis=55.3% tht=57.1% | trades=1408 win=59.7% | $10233 (+2.3%) vs B&H +193.5% | flip@0.163 edge=0.520
  60000/100000 (195/s ETA 205s) | 2019-07-29 | TENTATIVE | vis=54.9% tht=52.7% | trades=1782 win=58.3% | $10254 (+2.5%) vs B&H +160.4% | flip@0.159 edge=0.520
  70000/100000 (197/s ETA 152s) | 2019-09-01 | CONFIDENT | vis=47.7% tht=50.9% | trades=2542 win=56.9% | $10284 (+2.8%) vs B&H +160.9% | flip@0.166 edge=0.520
  80000/100000 (199/s ETA 100s) | 2019-10-06 | CONFIDENT | vis=52.6% tht=49.3% | trades=2949 win=56.8% | $10329 (+3.3%) vs B&H +114.0% | flip@0.168 edge=0.520
  90000/100000 (200/s ETA 50s) | 2019-11-10 | CONFIDENT | vis=48.7% tht=49.7% | trades=3565 win=57.8% | $10446 (+4.5%) vs B&H +138.0% | flip@0.173 edge=0.520
  100000/100000 (202/s ETA 0s) | 2019-12-15 | CONFIDENT | vis=51.6% tht=44.5% | trades=3877 win=56.7% | $10418 (+4.2%) vs B&H +89.6% | flip@0.176 edge=0.520

═══════════════════════════════════════════════════════════
  trader3 complete — 100000 candles in 496.1s (202/s)
  Orchestration: thought-only
  Labeled: 67315  Noise: 32685 (32.7% noise rate)

  Equity: $10418.14 (+4.18%) | B&H: +89.56%
  Trades taken: 3877  Won: 2198  Win rate: 56.7%  Skipped: 93519

  Visual journal  — buy_obs=34032 sell_obs=33283 cos_raw=0.9927 disc_strength=0.0012 recalibs=134
  Thought journal — buy_obs=34032 sell_obs=33283 cos_raw=0.9845 disc_strength=0.0018 recalibs=134

  Rolling accuracy (last 1000): visual=51.6% thought=44.5%

  By year:
    2019: 3877 trades  56.7% win  +418.14$ P&L

  Run DB: /home/watmin/work/holon/holon-lab-trading/orchestration_results/thought-vocab-v4-q95-100k.db (100000 rows)
═══════════════════════════════════════════════════════════
