trader3: visual+thought journals, discriminant prediction
  10000D  window=48  horizon=36  threshold=0.500%  decay=0.999
  observe=1000  recalib_interval=500  orchestration=thought-only  min_conviction=0.000

  Loading candles from "/home/watmin/work/holon/holon-lab-trading/data/analysis.db"...
  Loaded 652409 candles in 0.6s
  Run database: /home/watmin/work/holon/holon-lab-trading/orchestration_results/thought-vocab-v3-q95-100k.db

  Walk-forward: 100000 candles from index 47...
  10000/100000 (208/s ETA 434s) | 2019-02-05 | TENTATIVE | vis=56.5% tht=52.1% | trades=378 win=63.5% | $10039 (+0.4%) vs B&H -6.7% | flip@0.188
  20000/100000 (205/s ETA 390s) | 2019-03-12 | CONFIDENT | vis=48.4% tht=48.2% | trades=517 win=58.2% | $10038 (+0.4%) vs B&H +3.6% | flip@0.173
  30000/100000 (207/s ETA 339s) | 2019-04-16 | CONFIDENT | vis=46.9% tht=45.8% | trades=748 win=60.2% | $10092 (+0.9%) vs B&H +36.0% | flip@0.171
  40000/100000 (205/s ETA 292s) | 2019-05-20 | CONFIDENT | vis=50.9% tht=54.3% | trades=1166 win=63.6% | $10251 (+2.5%) vs B&H +110.3% | flip@0.172
  50000/100000 (202/s ETA 248s) | 2019-06-24 | CONFIDENT | vis=55.3% tht=57.0% | trades=1406 win=61.3% | $10279 (+2.8%) vs B&H +193.5% | flip@0.169
  60000/100000 (202/s ETA 198s) | 2019-07-29 | TENTATIVE | vis=54.9% tht=52.5% | trades=1776 win=59.8% | $10311 (+3.1%) vs B&H +160.4% | flip@0.166
  70000/100000 (201/s ETA 149s) | 2019-09-01 | CONFIDENT | vis=47.7% tht=50.4% | trades=2516 win=57.9% | $10331 (+3.3%) vs B&H +160.9% | flip@0.173
  80000/100000 (202/s ETA 99s) | 2019-10-06 | CONFIDENT | vis=52.6% tht=49.9% | trades=2902 win=57.5% | $10369 (+3.7%) vs B&H +114.0% | flip@0.174
  90000/100000 (201/s ETA 50s) | 2019-11-10 | CONFIDENT | vis=48.7% tht=49.0% | trades=3512 win=58.4% | $10469 (+4.7%) vs B&H +138.0% | flip@0.179
  100000/100000 (201/s ETA 0s) | 2019-12-15 | CONFIDENT | vis=51.6% tht=44.7% | trades=3857 win=57.1% | $10439 (+4.4%) vs B&H +89.6% | flip@0.182

═══════════════════════════════════════════════════════════
  trader3 complete — 100000 candles in 497.7s (201/s)
  Orchestration: thought-only
  Labeled: 67315  Noise: 32685 (32.7% noise rate)

  Equity: $10439.44 (+4.39%) | B&H: +89.56%
  Trades taken: 3857  Won: 2203  Win rate: 57.1%  Skipped: 93535

  Visual journal  — buy_obs=34032 sell_obs=33283 cos_raw=0.9927 disc_strength=0.0012 recalibs=134
  Thought journal — buy_obs=34032 sell_obs=33283 cos_raw=0.9847 disc_strength=0.0017 recalibs=134

  Rolling accuracy (last 1000): visual=51.6% thought=44.7%

  By year:
    2019: 3857 trades  57.1% win  +439.44$ P&L

  Run DB: /home/watmin/work/holon/holon-lab-trading/orchestration_results/thought-vocab-v3-q95-100k.db (100000 rows)
═══════════════════════════════════════════════════════════
