trader: Self-Supervised BTC Trader
  10000D, window=48, px_rows=25
  Grid: 48 cols x 100 rows (4800 pixels/viewport)
  Horizon: 36 candles (180min)
  Move threshold: 0.500% (50.0bps)
  Decay: 0.999, Recalib interval: 500
  Observe period: 1000 candles
  Initial equity: $10000
  Reward weight: 1, Correction weight: 1.5, Learning rate: 1
  Use grover: false, Use attend: false
  Threads: 8, Batch size: 256

  Loading candles from "/home/watmin/work/holon/holon-lab-trading/data/analysis.db"...
  Loaded 652409 candles in 0.6s
  Warming vector cache...
  Encoding null template...
  Null template + visual cache ready.
  Initializing thought system...
  Thought system ready (223 fact codebook entries).
  Run database: /home/watmin/work/holon/holon-lab-trading/orchestration_results/triple-neg-v1.db

  Starting walk-forward (100000 candles, starting at index 47)...
    10000/100000 (78/s, ETA 1147s) | 2019-02-05 13:45:00 | CONFIDENT | vis=50.3% thought=48.1% agree=55% | trades=3900 win=51.4% | eq=$10032 (+0.3%) vs bnh -6.7%
    vis disc: +1=7339 -1=2661 0=0 (ratio=0.73)
    tht disc: +1=5087 -1=4913 0=0 (ratio=0.51)
    20000/100000 (80/s, ETA 1004s) | 2019-03-12 07:05:00 | TENTATIVE | vis=56.9% thought=54.3% agree=53% | trades=8040 win=52.9% | eq=$10192 (+1.9%) vs bnh +3.6%
    vis disc: +1=3188 -1=6812 0=0 (ratio=0.32)
    tht disc: +1=3387 -1=6613 0=0 (ratio=0.34)
    30000/100000 (78/s, ETA 898s) | 2019-04-16 00:25:00 | TENTATIVE | vis=50.0% thought=49.0% agree=52% | trades=12480 win=53.0% | eq=$10246 (+2.5%) vs bnh +36.0%
    vis disc: +1=7613 -1=2387 0=0 (ratio=0.76)
    tht disc: +1=3664 -1=6336 0=0 (ratio=0.37)
    40000/100000 (77/s, ETA 782s) | 2019-05-20 17:45:00 | TENTATIVE | vis=49.2% thought=50.5% agree=52% | trades=19594 win=52.1% | eq=$10215 (+2.2%) vs bnh +110.3%
    vis disc: +1=3456 -1=6544 0=0 (ratio=0.35)
    tht disc: +1=3501 -1=6499 0=0 (ratio=0.35)
    50000/100000 (76/s, ETA 656s) | 2019-06-24 11:05:00 | CONFIDENT | vis=46.5% thought=47.3% agree=52% | trades=27639 win=52.1% | eq=$10313 (+3.1%) vs bnh +193.5%
    vis disc: +1=3467 -1=6533 0=0 (ratio=0.35)
    tht disc: +1=6818 -1=3182 0=0 (ratio=0.68)
    60000/100000 (76/s, ETA 528s) | 2019-07-29 04:25:00 | CONFIDENT | vis=55.7% thought=52.3% agree=51% | trades=36351 win=51.6% | eq=$10303 (+3.0%) vs bnh +160.4%
    vis disc: +1=3568 -1=6432 0=0 (ratio=0.36)
    tht disc: +1=3431 -1=6569 0=0 (ratio=0.34)
    70000/100000 (75/s, ETA 398s) | 2019-09-01 21:45:00 | TENTATIVE | vis=53.8% thought=41.0% agree=51% | trades=43785 win=51.1% | eq=$10237 (+2.4%) vs bnh +160.9%
    vis disc: +1=3520 -1=6480 0=0 (ratio=0.35)
    tht disc: +1=6579 -1=3421 0=0 (ratio=0.66)
    80000/100000 (76/s, ETA 265s) | 2019-10-06 15:05:00 | CONFIDENT | vis=59.3% thought=53.7% agree=51% | trades=49893 win=51.0% | eq=$10222 (+2.2%) vs bnh +114.0%
    vis disc: +1=3574 -1=6426 0=0 (ratio=0.36)
    tht disc: +1=7056 -1=2944 0=0 (ratio=0.71)
    90000/100000 (75/s, ETA 133s) | 2019-11-10 08:25:00 | TENTATIVE | vis=54.0% thought=49.3% agree=51% | trades=55297 win=50.9% | eq=$10206 (+2.1%) vs bnh +138.0%
    vis disc: +1=3618 -1=6382 0=0 (ratio=0.36)
    tht disc: +1=6863 -1=3137 0=0 (ratio=0.69)
    100000/100000 (76/s, ETA 0s) | 2019-12-15 01:45:00 | TENTATIVE | vis=46.6% thought=48.1% agree=52% | trades=60639 win=50.7% | eq=$10191 (+1.9%) vs bnh +89.6%
    vis disc: +1=3355 -1=6645 0=0 (ratio=0.34)
    tht disc: +1=6935 -1=3065 0=0 (ratio=0.69)

  --- Timing breakdown (total ms) ---
  Visual batch encode:  409739.6
  Thought encode:       833690.3
  Visual predict:        23766.7
  Thought predict:        6561.2
  Rest (resolve/log):    36798.8
  Total accounted:      1310556.6

  Run database written: /home/watmin/work/holon/holon-lab-trading/orchestration_results/triple-neg-v1.db (100000 rows)

  Walk-forward complete.
  Orchestration mode: meta-boost
  Encoded 100000 viewports in 1322.2s (76 vec/s)
  Labeled (BUY/SELL): 67325, Noise: 32675

  ═══ Visual Journaler ═══
  Accumulators:
    buy_good:     count=68051, purity=0.0067
    sell_good:    count=66558, purity=0.0038
    buy_confuser: count=14239
    sell_confuser:count=18850
    noise:        count=32675
    cos(buy_good, sell_good) = 0.9680
    cos(buy_good, noise) = 0.1135
    cos(sell_good, noise) = 0.2066
    recognition gate: noise_floor=0.0184 (buy_entropy=0.2963, sell_entropy=0.2963, d_eff=2963)

  Visual prediction accuracy:
    Overall: 50.8% (34195/67284)
    Rolling (last 1000): 46.5%

  Per-year breakdown:
    2019: 50.8% (34195/67284)

  ═══ Thought Journaler ═══
  Accumulators:
    buy_good:     count=68051, purity=0.0326
    sell_good:    count=66558, purity=0.0105
    buy_confuser: count=15826
    sell_confuser:count=17705
    noise:        count=32675
    cos(buy_good, sell_good) = 0.9615
    cos(buy_good, noise) = 0.4871
    cos(sell_good, noise) = 0.6750

  Thought prediction accuracy:
    Overall: 50.2% (33753/67284)
    Rolling (last 1000): 47.4%
    Visual-Thought agreement: 51.8% (51732/99957)

  ═══ Trader ═══
  Final phase: TENTATIVE
  Equity: $10186.62 (started $10000)
  Total return: 1.87%
  Trades taken: 60663, skipped: 9319
  Win rate: 50.7% (30759/60663)
  Confidence (rolling acc - 0.5): -0.076

  Per-year P&L:
    2019: trades=60663 win_rate=50.7% pnl=$186.62

  Buy-and-hold return over same period: 89.56%
  ═══════════════════════════════════════
