trader: Self-Supervised BTC Trader
  10000D, window=48, px_rows=25
  Grid: 48 cols x 100 rows (4800 pixels/viewport)
  Horizon: 36 candles (180min)
  Move threshold: 0.500% (50.0bps)
  Decay: 0.999, Recalib interval: 500
  Observe period: 1000 candles
  Initial equity: $10000
  Reward weight: 1, Correction weight: 1.5, Learning rate: 1
  Use grover: false, Use attend: false
  Threads: 8, Batch size: 256

  Loading candles from "/home/watmin/work/holon/holon-lab-trading/data/analysis.db"...
  Loaded 652409 candles in 0.7s
  Warming vector cache...
  Encoding null template...
  Null template + visual cache ready.
  Initializing thought system...
  Thought system ready (223 fact codebook entries).
  Run database: /home/watmin/work/holon/holon-lab-trading/orchestration_results/triple-neg-v3.db

  Starting walk-forward (100000 candles, starting at index 47)...
    10000/100000 (82/s, ETA 1102s) | 2019-02-05 13:45:00 | CONFIDENT | vis=56.1% thought=56.4% agree=29%(50.0%) | trades=3921 win=51.6% | eq=$10079 (+0.8%) vs bnh -6.7%
    vis disc: +1=1879 -1=8121 0=0 (ratio=0.19)
    tht disc: +1=4762 -1=5238 0=0 (ratio=0.48)
    20000/100000 (82/s, ETA 972s) | 2019-03-12 07:05:00 | TENTATIVE | vis=39.7% thought=58.1% agree=27%(39.5%) | trades=8188 win=48.9% | eq=$10027 (+0.3%) vs bnh +3.6%
    vis disc: +1=1624 -1=8376 0=0 (ratio=0.16)
    tht disc: +1=3984 -1=6016 0=0 (ratio=0.40)
    30000/100000 (81/s, ETA 866s) | 2019-04-16 00:25:00 | TENTATIVE | vis=58.5% thought=42.0% agree=18%(40.0%) | trades=12829 win=50.6% | eq=$10412 (+4.1%) vs bnh +36.0%
    vis disc: +1=1430 -1=8570 0=0 (ratio=0.14)
    tht disc: +1=3641 -1=6359 0=0 (ratio=0.36)
    40000/100000 (80/s, ETA 750s) | 2019-05-20 17:45:00 | CONFIDENT | vis=46.1% thought=53.9% agree=14%(40.8%) | trades=20322 win=52.1% | eq=$10827 (+8.3%) vs bnh +110.3%
    vis disc: +1=1235 -1=8765 0=0 (ratio=0.12)
    tht disc: +1=3361 -1=6639 0=0 (ratio=0.34)
    50000/100000 (80/s, ETA 622s) | 2019-06-24 11:05:00 | CONFIDENT | vis=56.6% thought=62.3% agree=16%(62.1%) | trades=29158 win=52.1% | eq=$11140 (+11.4%) vs bnh +193.5%
    vis disc: +1=1038 -1=8962 0=0 (ratio=0.10)
    tht disc: +1=3149 -1=6851 0=0 (ratio=0.31)
    60000/100000 (80/s, ETA 501s) | 2019-07-29 04:25:00 | TENTATIVE | vis=50.8% thought=53.0% agree=29%(51.3%) | trades=38706 win=51.4% | eq=$11020 (+10.2%) vs bnh +160.4%
    vis disc: +1=1461 -1=8539 0=0 (ratio=0.15)
    tht disc: +1=3208 -1=6792 0=0 (ratio=0.32)
    70000/100000 (80/s, ETA 374s) | 2019-09-01 21:45:00 | TENTATIVE | vis=53.9% thought=45.5% agree=30%(44.5%) | trades=46832 win=50.9% | eq=$10783 (+7.8%) vs bnh +160.9%
    vis disc: +1=1352 -1=8648 0=0 (ratio=0.14)
    tht disc: +1=3454 -1=6546 0=0 (ratio=0.35)
    80000/100000 (80/s, ETA 251s) | 2019-10-06 15:05:00 | TENTATIVE | vis=52.6% thought=47.1% agree=28%(39.6%) | trades=53486 win=50.6% | eq=$10452 (+4.5%) vs bnh +114.0%
    vis disc: +1=1329 -1=8671 0=0 (ratio=0.13)
    tht disc: +1=3703 -1=6297 0=0 (ratio=0.37)
    90000/100000 (79/s, ETA 126s) | 2019-11-10 08:25:00 | TENTATIVE | vis=44.4% thought=40.9% agree=30%(43.0%) | trades=60027 win=50.4% | eq=$10288 (+2.9%) vs bnh +138.0%
    vis disc: +1=1407 -1=8593 0=0 (ratio=0.14)
    tht disc: +1=4007 -1=5993 0=0 (ratio=0.40)
    100000/100000 (79/s, ETA 0s) | 2019-12-15 01:45:00 | TENTATIVE | vis=46.5% thought=43.9% agree=32%(46.7%) | trades=66575 win=50.0% | eq=$10140 (+1.4%) vs bnh +89.6%
    vis disc: +1=1446 -1=8554 0=0 (ratio=0.14)
    tht disc: +1=4234 -1=5766 0=0 (ratio=0.42)

  --- Timing breakdown (total ms) ---
  Visual batch encode:  401366.9
  Thought encode:       811134.5
  Visual predict:        23536.7
  Thought predict:        6533.4
  Rest (resolve/log):    10955.9
  Total accounted:      1253527.3

  Run database written: /home/watmin/work/holon/holon-lab-trading/orchestration_results/triple-neg-v3.db (100000 rows)

  Walk-forward complete.
  Orchestration mode: meta-boost
  Encoded 100000 viewports in 1264.9s (79 vec/s)
  Labeled (BUY/SELL): 67325, Noise: 32675

  ═══ Visual Journaler ═══
  Accumulators:
    buy_good:     count=861, purity=0.0001
    sell_good:    count=674, purity=0.0001
    buy_confuser: count=103
    sell_confuser:count=292
    noise:        count=32675
    cos(buy_good, sell_good) = 0.9950
    cos(buy_good, noise) = -0.5770
    cos(sell_good, noise) = -0.5870
    recognition gate: noise_floor=0.0134 (buy_entropy=0.5603, sell_entropy=0.5629, d_eff=5603)

  Visual prediction accuracy:
    Overall: 48.6% (32728/67284)
    Rolling (last 1000): 46.5%

  Per-year breakdown:
    2019: 48.6% (32728/67284)

  ═══ Thought Journaler ═══
  Accumulators:
    buy_good:     count=2017, purity=0.0003
    sell_good:    count=1850, purity=0.0008
    buy_confuser: count=687
    sell_confuser:count=245
    noise:        count=32675
    cos(buy_good, sell_good) = 0.7636
    cos(buy_good, noise) = -0.4281
    cos(sell_good, noise) = -0.6495

  Thought prediction accuracy:
    Overall: 50.2% (33809/67284)
    Rolling (last 1000): 44.6%
    Visual-Thought agreement: 31.6% (31545/99957)

  ═══ Trader ═══
  Final phase: TENTATIVE
  Equity: $10139.07 (started $10000)
  Total return: 1.39%
  Trades taken: 66599, skipped: 993
  Win rate: 50.0% (33292/66599)
  Confidence (rolling acc - 0.5): -0.070

  Per-year P&L:
    2019: trades=66599 win_rate=50.0% pnl=$139.07

  Buy-and-hold return over same period: 89.56%
  ═══════════════════════════════════════
