trader: Self-Supervised BTC Trader
  10000D, window=48, px_rows=25
  Grid: 48 cols x 100 rows (4800 pixels/viewport)
  Horizon: 36 candles (180min)
  Move threshold: 0.500% (50.0bps)
  Decay: 0.999, Recalib interval: 500
  Observe period: 1000 candles
  Initial equity: $10000
  Reward weight: 1, Correction weight: 1.5, Learning rate: 1
  Use grover: false, Use attend: false
  Threads: 8, Batch size: 256

  Loading candles from "/home/watmin/work/holon/holon-lab-trading/data/analysis.db"...
  Loaded 652409 candles in 0.6s
  Warming vector cache...
  Encoding null template...
  Null template + visual cache ready.
  Initializing thought system...
  Thought system ready (223 fact codebook entries).
  Run database: /home/watmin/work/holon/holon-lab-trading/orchestration_results/triple-neg-v2.db

  Starting walk-forward (100000 candles, starting at index 47)...
    10000/100000 (81/s, ETA 1118s) | 2019-02-05 13:45:00 | TENTATIVE | vis=43.9% thought=56.4% agree=71% | trades=3921 win=47.1% | eq=$9775 (-2.2%) vs bnh -6.7%
    vis disc: +1=6930 -1=3070 0=0 (ratio=0.69)
    tht disc: +1=4762 -1=5238 0=0 (ratio=0.48)
    20000/100000 (82/s, ETA 978s) | 2019-03-12 07:05:00 | TENTATIVE | vis=60.3% thought=58.1% agree=73% | trades=8188 win=51.3% | eq=$9956 (-0.4%) vs bnh +3.6%
    vis disc: +1=6930 -1=3070 0=0 (ratio=0.69)
    tht disc: +1=3984 -1=6016 0=0 (ratio=0.40)
    30000/100000 (81/s, ETA 867s) | 2019-04-16 00:25:00 | TENTATIVE | vis=41.5% thought=42.0% agree=82% | trades=12829 win=52.6% | eq=$10371 (+3.7%) vs bnh +36.0%
    vis disc: +1=6930 -1=3070 0=0 (ratio=0.69)
    tht disc: +1=3641 -1=6359 0=0 (ratio=0.36)
    40000/100000 (79/s, ETA 757s) | 2019-05-20 17:45:00 | CONFIDENT | vis=53.9% thought=53.9% agree=86% | trades=20322 win=53.7% | eq=$10882 (+8.8%) vs bnh +110.3%
    vis disc: +1=6930 -1=3070 0=0 (ratio=0.69)
    tht disc: +1=3361 -1=6639 0=0 (ratio=0.34)
    50000/100000 (79/s, ETA 634s) | 2019-06-24 11:05:00 | CONFIDENT | vis=62.3% thought=62.3% agree=89% | trades=29158 win=53.3% | eq=$11197 (+12.0%) vs bnh +193.5%
    vis disc: +1=6930 -1=3070 0=0 (ratio=0.69)
    tht disc: +1=3149 -1=6851 0=0 (ratio=0.31)
    60000/100000 (78/s, ETA 513s) | 2019-07-29 04:25:00 | TENTATIVE | vis=53.0% thought=53.0% agree=91% | trades=38706 win=52.3% | eq=$11076 (+10.8%) vs bnh +160.4%
    vis disc: +1=6910 -1=3090 0=0 (ratio=0.69)
    tht disc: +1=3208 -1=6792 0=0 (ratio=0.32)
    70000/100000 (77/s, ETA 388s) | 2019-09-01 21:45:00 | TENTATIVE | vis=45.5% thought=45.5% agree=92% | trades=46832 win=51.6% | eq=$10838 (+8.4%) vs bnh +160.9%
    vis disc: +1=6910 -1=3090 0=0 (ratio=0.69)
    tht disc: +1=3454 -1=6546 0=0 (ratio=0.35)
    80000/100000 (77/s, ETA 261s) | 2019-10-06 15:05:00 | TENTATIVE | vis=47.1% thought=47.1% agree=93% | trades=53486 win=51.2% | eq=$10505 (+5.1%) vs bnh +114.0%
    vis disc: +1=6910 -1=3090 0=0 (ratio=0.69)
    tht disc: +1=3703 -1=6297 0=0 (ratio=0.37)
    90000/100000 (77/s, ETA 129s) | 2019-11-10 08:25:00 | TENTATIVE | vis=40.9% thought=40.9% agree=94% | trades=60027 win=50.9% | eq=$10340 (+3.4%) vs bnh +138.0%
    vis disc: +1=6910 -1=3090 0=0 (ratio=0.69)
    tht disc: +1=4007 -1=5993 0=0 (ratio=0.40)
    100000/100000 (78/s, ETA 0s) | 2019-12-15 01:45:00 | TENTATIVE | vis=43.9% thought=43.9% agree=94% | trades=66575 win=50.5% | eq=$10192 (+1.9%) vs bnh +89.6%
    vis disc: +1=6910 -1=3090 0=0 (ratio=0.69)
    tht disc: +1=4234 -1=5766 0=0 (ratio=0.42)

  --- Timing breakdown (total ms) ---
  Visual batch encode:  406032.2
  Thought encode:       824115.9
  Visual predict:        24122.4
  Thought predict:        6639.5
  Rest (resolve/log):    11334.7
  Total accounted:      1272244.7

  Run database written: /home/watmin/work/holon/holon-lab-trading/orchestration_results/triple-neg-v2.db (100000 rows)

  Walk-forward complete.
  Orchestration mode: meta-boost
  Encoded 100000 viewports in 1283.7s (78 vec/s)
  Labeled (BUY/SELL): 67325, Noise: 32675

  ═══ Visual Journaler ═══
  Accumulators:
    buy_good:     count=159, purity=0.0018
    sell_good:    count=32, purity=0.0727
    buy_confuser: count=6
    sell_confuser:count=51
    noise:        count=32675
    cos(buy_good, sell_good) = 0.7607
    cos(buy_good, noise) = -0.2565
    cos(sell_good, noise) = -0.1651
    recognition gate: noise_floor=0.0100 (buy_entropy=0.4828, sell_entropy=0.4524, d_eff=4524)

  Visual prediction accuracy:
    Overall: 50.5% (33957/67284)
    Rolling (last 1000): 44.6%

  Per-year breakdown:
    2019: 50.5% (33957/67284)

  ═══ Thought Journaler ═══
  Accumulators:
    buy_good:     count=2017, purity=0.0003
    sell_good:    count=1850, purity=0.0008
    buy_confuser: count=687
    sell_confuser:count=245
    noise:        count=32675
    cos(buy_good, sell_good) = 0.7636
    cos(buy_good, noise) = -0.4281
    cos(sell_good, noise) = -0.6495

  Thought prediction accuracy:
    Overall: 50.2% (33809/67284)
    Rolling (last 1000): 44.6%
    Visual-Thought agreement: 94.4% (94385/99957)

  ═══ Trader ═══
  Final phase: TENTATIVE
  Equity: $10190.61 (started $10000)
  Total return: 1.91%
  Trades taken: 66599, skipped: 993
  Win rate: 50.5% (33629/66599)
  Confidence (rolling acc - 0.5): -0.070

  Per-year P&L:
    2019: trades=66599 win_rate=50.5% pnl=$190.61

  Buy-and-hold return over same period: 89.56%
  ═══════════════════════════════════════
