trader: Self-Supervised BTC Trader
  10000D, window=48, px_rows=25
  Grid: 48 cols x 100 rows (4800 pixels/viewport)
  Horizon: 36 candles (180min)
  Move threshold: 0.500% (50.0bps)
  Decay: 0.999, Recalib interval: 500
  Observe period: 1000 candles
  Initial equity: $10000
  Reward weight: 1, Correction weight: 1.5, Learning rate: 1
  Use grover: false, Use attend: false
  Threads: 8, Batch size: 256

  Loading candles from "/home/watmin/work/holon/holon-lab-trading/data/analysis.db"...
  Loaded 652409 candles in 0.6s
  Warming vector cache...
  Encoding null template...
  Null template + visual cache ready.
  Initializing thought system...
  Thought system ready (223 fact codebook entries).
  Run database: /home/watmin/work/holon/holon-lab-trading/orchestration_results/v10-disc-predict.db

  Starting walk-forward (100000 candles, starting at index 47)...
    10000/100000 (79/s, ETA 1135s) | 2019-02-05 13:45:00 | TENTATIVE | vis=49.5% thought=43.9% agree=79%(44.7%) | trades=3921 win=47.1% | eq=$9775 (-2.2%) vs bnh -6.7%
    vis disc: +1=7112 -1=2888 0=0 (ratio=0.71)
    tht disc: +1=6051 -1=3949 0=0 (ratio=0.61)
    adaptive: vis(cos=0.0082 decay=0.999008 explore=1/100) tht(cos=0.0375 decay=0.999037 explore=1/26)
    20000/100000 (79/s, ETA 1009s) | 2019-03-12 07:05:00 | TENTATIVE | vis=51.0% thought=60.3% agree=75%(51.3%) | trades=8188 win=51.3% | eq=$9956 (-0.4%) vs bnh +3.6%
    vis disc: +1=7054 -1=2946 0=0 (ratio=0.71)
    tht disc: +1=6346 -1=3654 0=0 (ratio=0.63)
    adaptive: vis(cos=0.0124 decay=0.999012 explore=1/80) tht(cos=0.0166 decay=0.999017 explore=1/60)
    30000/100000 (79/s, ETA 890s) | 2019-04-16 00:25:00 | TENTATIVE | vis=42.8% thought=41.5% agree=72%(44.5%) | trades=12829 win=52.6% | eq=$10371 (+3.7%) vs bnh +36.0%
    vis disc: +1=6985 -1=3015 0=0 (ratio=0.70)
    tht disc: +1=6274 -1=3726 0=0 (ratio=0.63)
    adaptive: vis(cos=0.0216 decay=0.999022 explore=1/46) tht(cos=0.0126 decay=0.999013 explore=1/79)
    40000/100000 (78/s, ETA 769s) | 2019-05-20 17:45:00 | CONFIDENT | vis=50.4% thought=53.9% agree=70%(49.9%) | trades=20322 win=53.7% | eq=$10882 (+8.8%) vs bnh +110.3%
    vis disc: +1=6979 -1=3021 0=0 (ratio=0.70)
    tht disc: +1=6231 -1=3769 0=0 (ratio=0.62)
    adaptive: vis(cos=0.0126 decay=0.999013 explore=1/79) tht(cos=0.0227 decay=0.999023 explore=1/44)
    50000/100000 (78/s, ETA 640s) | 2019-06-24 11:05:00 | CONFIDENT | vis=52.4% thought=62.3% agree=69%(56.3%) | trades=29158 win=53.3% | eq=$11197 (+12.0%) vs bnh +193.5%
    vis disc: +1=6940 -1=3060 0=0 (ratio=0.69)
    tht disc: +1=6203 -1=3797 0=0 (ratio=0.62)
    adaptive: vis(cos=0.0118 decay=0.999012 explore=1/84) tht(cos=0.0304 decay=0.999030 explore=1/32)
    60000/100000 (78/s, ETA 511s) | 2019-07-29 04:25:00 | TENTATIVE | vis=59.7% thought=53.0% agree=67%(53.2%) | trades=38706 win=52.3% | eq=$11076 (+10.8%) vs bnh +160.4%
    vis disc: +1=6913 -1=3087 0=0 (ratio=0.69)
    tht disc: +1=6306 -1=3694 0=0 (ratio=0.63)
    adaptive: vis(cos=0.0096 decay=0.999010 explore=1/100) tht(cos=0.0162 decay=0.999016 explore=1/61)
    70000/100000 (78/s, ETA 382s) | 2019-09-01 21:45:00 | TENTATIVE | vis=41.3% thought=45.5% agree=65%(41.6%) | trades=46832 win=51.6% | eq=$10838 (+8.4%) vs bnh +160.9%
    vis disc: +1=6930 -1=3070 0=0 (ratio=0.69)
    tht disc: +1=6196 -1=3804 0=0 (ratio=0.62)
    adaptive: vis(cos=0.0127 decay=0.999013 explore=1/78) tht(cos=0.0130 decay=0.999013 explore=1/76)
    80000/100000 (79/s, ETA 254s) | 2019-10-06 15:05:00 | TENTATIVE | vis=60.4% thought=47.1% agree=64%(50.6%) | trades=53486 win=51.2% | eq=$10505 (+5.1%) vs bnh +114.0%
    vis disc: +1=6972 -1=3028 0=0 (ratio=0.70)
    tht disc: +1=6442 -1=3558 0=0 (ratio=0.64)
    adaptive: vis(cos=0.0135 decay=0.999013 explore=1/74) tht(cos=0.0093 decay=0.999009 explore=1/100)
    90000/100000 (79/s, ETA 126s) | 2019-11-10 08:25:00 | TENTATIVE | vis=47.7% thought=40.9% agree=62%(45.0%) | trades=60027 win=50.9% | eq=$10340 (+3.4%) vs bnh +138.0%
    vis disc: +1=6932 -1=3068 0=0 (ratio=0.69)
    tht disc: +1=6621 -1=3379 0=0 (ratio=0.66)
    adaptive: vis(cos=0.0108 decay=0.999011 explore=1/92) tht(cos=0.0160 decay=0.999016 explore=1/62)
    100000/100000 (79/s, ETA 0s) | 2019-12-15 01:45:00 | TENTATIVE | vis=46.6% thought=43.9% agree=62%(47.6%) | trades=66575 win=50.5% | eq=$10192 (+1.9%) vs bnh +89.6%
    vis disc: +1=6911 -1=3089 0=0 (ratio=0.69)
    tht disc: +1=6268 -1=3732 0=0 (ratio=0.63)
    adaptive: vis(cos=0.0121 decay=0.999012 explore=1/82) tht(cos=0.0147 decay=0.999015 explore=1/68)

  --- Timing breakdown (total ms) ---
  Visual batch encode:  399600.7
  Thought encode:       818643.3
  Visual predict:        17334.6
  Thought predict:        5319.4
  Rest (resolve/log):    12974.1
  Total accounted:      1253872.0

  Run database written: /home/watmin/work/holon/holon-lab-trading/orchestration_results/v10-disc-predict.db (100000 rows)

  Walk-forward complete.
  Orchestration mode: meta-boost
  Encoded 100000 viewports in 1265.4s (79 vec/s)
  Labeled (BUY/SELL): 67325, Noise: 32675

  ═══ Visual Journaler ═══
  Accumulators:
    buy_good:     count=1749, purity=0.0000
    sell_good:    count=1540, purity=0.0000
    buy_confuser: count=458
    sell_confuser:count=290
    noise:        count=32675
    cos(buy_good, sell_good) = 0.0113
    cos(buy_good, noise) = -0.2521
    cos(sell_good, noise) = -0.2597
    recognition gate: noise_floor=0.0170 (buy_entropy=0.5446, sell_entropy=0.3440, d_eff=3440)

  Visual prediction accuracy:
    Overall: 50.2% (33748/67284)
    Rolling (last 1000): 45.4%

  Per-year breakdown:
    2019: 50.2% (33748/67284)

  ═══ Thought Journaler ═══
  Accumulators:
    buy_good:     count=6397, purity=0.0000
    sell_good:    count=6614, purity=0.0000
    buy_confuser: count=3303
    sell_confuser:count=0
    noise:        count=32675
    cos(buy_good, sell_good) = 0.0137
    cos(buy_good, noise) = -0.1475
    cos(sell_good, noise) = -0.7899

  Thought prediction accuracy:
    Overall: 50.5% (34009/67284)
    Rolling (last 1000): 44.6%
    Visual-Thought agreement: 61.7% (61711/99957)

  ═══ Trader ═══
  Final phase: TENTATIVE
  Equity: $10190.61 (started $10000)
  Total return: 1.91%
  Trades taken: 66599, skipped: 993
  Win rate: 50.5% (33629/66599)
  Confidence (rolling acc - 0.5): -0.070

  Per-year P&L:
    2019: trades=66599 win_rate=50.5% pnl=$190.61

  Buy-and-hold return over same period: 89.56%
  ═══════════════════════════════════════
