trader: Self-Supervised BTC Trader
  10000D, window=48, px_rows=25
  Grid: 48 cols x 100 rows (4800 pixels/viewport)
  Horizon: 36 candles (180min)
  Move threshold: 0.500% (50.0bps)
  Decay: 0.999, Recalib interval: 500
  Observe period: 1000 candles
  Initial equity: $10000
  Reward weight: 1, Correction weight: 1.5, Learning rate: 1
  Use grover: false, Use attend: false
  Threads: 8, Batch size: 256

  Loading candles from "/home/watmin/work/holon/holon-lab-trading/data/analysis.db"...
  Loaded 652409 candles in 0.7s
  Warming vector cache...
  Encoding null template...
  Null template + visual cache ready.
  Initializing thought system...
  Thought system ready (74 fact codebook entries).
  Run database: /home/watmin/work/holon/holon-lab-trading/orchestration_results/v11-reject-noise.db

  Starting walk-forward (100000 candles, starting at index 47)...
    10000/100000 (174/s, ETA 519s) | 2019-02-05 13:45:00 | TENTATIVE | vis=43.9% thought=43.9% agree=100%(43.9%) | trades=3921 win=47.1% | eq=$9775 (-2.2%) vs bnh -6.7%
    vis disc: +1=6118 -1=3882 0=0 (ratio=0.61)
    tht disc: +1=4909 -1=5091 0=0 (ratio=0.49)
    adaptive: vis(cos=0.2287 decay=0.999229 explore=1/4) tht(cos=0.3021 decay=0.999302 explore=1/3)
    20000/100000 (176/s, ETA 455s) | 2019-03-12 07:05:00 | TENTATIVE | vis=60.3% thought=60.3% agree=100%(60.3%) | trades=8188 win=51.3% | eq=$9956 (-0.4%) vs bnh +3.6%
    vis disc: +1=6186 -1=3814 0=0 (ratio=0.62)
    tht disc: +1=4836 -1=5164 0=0 (ratio=0.48)
    adaptive: vis(cos=0.1344 decay=0.999134 explore=1/7) tht(cos=0.2846 decay=0.999285 explore=1/3)
    30000/100000 (176/s, ETA 397s) | 2019-04-16 00:25:00 | TENTATIVE | vis=41.5% thought=41.5% agree=100%(41.5%) | trades=12829 win=52.6% | eq=$10371 (+3.7%) vs bnh +36.0%
    vis disc: +1=6191 -1=3809 0=0 (ratio=0.62)
    tht disc: +1=4774 -1=5226 0=0 (ratio=0.48)
    adaptive: vis(cos=0.1306 decay=0.999131 explore=1/7) tht(cos=0.3017 decay=0.999302 explore=1/3)
    40000/100000 (176/s, ETA 341s) | 2019-05-20 17:45:00 | CONFIDENT | vis=53.9% thought=53.9% agree=100%(53.9%) | trades=20322 win=53.7% | eq=$10882 (+8.8%) vs bnh +110.3%
    vis disc: +1=6093 -1=3907 0=0 (ratio=0.61)
    tht disc: +1=5041 -1=4959 0=0 (ratio=0.50)
    adaptive: vis(cos=0.1995 decay=0.999200 explore=1/5) tht(cos=0.3013 decay=0.999301 explore=1/3)
