trader: Self-Supervised BTC Trader
  10000D, window=48, px_rows=25
  Grid: 48 cols x 100 rows (4800 pixels/viewport)
  Horizon: 36 candles (180min)
  Move threshold: 0.500% (50.0bps)
  Decay: 0.999, Recalib interval: 500
  Observe period: 1000 candles
  Initial equity: $10000
  Reward weight: 1, Correction weight: 1.5, Learning rate: 1
  Use grover: false, Use attend: false
  Threads: 8, Batch size: 256

  Loading candles from "/home/watmin/work/holon/holon-lab-trading/data/analysis.db"...
  Loaded 652409 candles in 0.7s
  Warming vector cache...
  Encoding null template...
  Null template + visual cache ready.
  Initializing thought system...
  Thought system ready (74 fact codebook entries).
  Run database: /home/watmin/work/holon/holon-lab-trading/orchestration_results/v12-float-denoise.db

  Starting walk-forward (100000 candles, starting at index 47)...
    10000/100000 (162/s, ETA 557s) | 2019-02-05 13:45:00 | TENTATIVE | vis=55.8% thought=58.9% agree=75%(60.0%) | trades=3921 win=47.6% | eq=$10077 (+0.8%) vs bnh -6.7%
    vis disc: +1=7093 -1=2907 0=0 (ratio=0.71)
    tht disc: +1=5439 -1=4561 0=0 (ratio=0.54)
    adaptive: vis(cos=0.9733 decay=0.999973 explore=1/1) tht(cos=0.9878 decay=0.999988 explore=1/1)
    20000/100000 (161/s, ETA 498s) | 2019-03-12 07:05:00 | TENTATIVE | vis=47.5% thought=50.3% agree=76%(50.4%) | trades=8188 win=48.6% | eq=$10134 (+1.3%) vs bnh +3.6%
    vis disc: +1=7054 -1=2946 0=0 (ratio=0.71)
    tht disc: +1=5767 -1=4233 0=0 (ratio=0.58)
    adaptive: vis(cos=0.9820 decay=0.999982 explore=1/1) tht(cos=0.9929 decay=0.999993 explore=1/1)
    30000/100000 (168/s, ETA 418s) | 2019-04-16 00:25:00 | TENTATIVE | vis=52.7% thought=49.7% agree=77%(53.4%) | trades=12829 win=48.6% | eq=$10257 (+2.6%) vs bnh +36.0%
    vis disc: +1=7021 -1=2979 0=0 (ratio=0.70)
    tht disc: +1=5616 -1=4384 0=0 (ratio=0.56)
    adaptive: vis(cos=0.9875 decay=0.999987 explore=1/1) tht(cos=0.9942 decay=0.999994 explore=1/1)
    40000/100000 (169/s, ETA 354s) | 2019-05-20 17:45:00 | CONFIDENT | vis=53.7% thought=51.0% agree=77%(54.5%) | trades=20322 win=48.8% | eq=$10231 (+2.3%) vs bnh +110.3%
    vis disc: +1=7035 -1=2965 0=0 (ratio=0.70)
    tht disc: +1=5288 -1=4712 0=0 (ratio=0.53)
    adaptive: vis(cos=0.9925 decay=0.999993 explore=1/1) tht(cos=0.9958 decay=0.999996 explore=1/1)
    50000/100000 (168/s, ETA 298s) | 2019-06-24 11:05:00 | TENTATIVE | vis=59.6% thought=52.7% agree=77%(55.6%) | trades=29158 win=49.1% | eq=$10244 (+2.4%) vs bnh +193.5%
    vis disc: +1=7282 -1=2718 0=0 (ratio=0.73)
    tht disc: +1=4838 -1=5162 0=0 (ratio=0.48)
    adaptive: vis(cos=0.9968 decay=0.999997 explore=1/1) tht(cos=0.9963 decay=0.999996 explore=1/1)
    60000/100000 (168/s, ETA 238s) | 2019-07-29 04:25:00 | TENTATIVE | vis=44.6% thought=47.3% agree=77%(44.6%) | trades=38706 win=49.5% | eq=$10452 (+4.5%) vs bnh +160.4%
    vis disc: +1=7557 -1=2443 0=0 (ratio=0.76)
    tht disc: +1=3928 -1=6072 0=0 (ratio=0.39)
    adaptive: vis(cos=0.9986 decay=0.999999 explore=1/1) tht(cos=0.9956 decay=0.999996 explore=1/1)
    70000/100000 (170/s, ETA 176s) | 2019-09-01 21:45:00 | TENTATIVE | vis=51.4% thought=44.2% agree=78%(45.9%) | trades=46832 win=49.5% | eq=$10494 (+4.9%) vs bnh +160.9%
    vis disc: +1=3042 -1=6958 0=0 (ratio=0.30)
    tht disc: +1=3750 -1=6250 0=0 (ratio=0.38)
    adaptive: vis(cos=0.9987 decay=0.999999 explore=1/1) tht(cos=0.9957 decay=0.999996 explore=1/1)
    80000/100000 (172/s, ETA 116s) | 2019-10-06 15:05:00 | CONFIDENT | vis=56.2% thought=52.2% agree=78%(52.1%) | trades=53486 win=49.6% | eq=$10654 (+6.5%) vs bnh +114.0%
    vis disc: +1=2711 -1=7289 0=0 (ratio=0.27)
    tht disc: +1=3733 -1=6267 0=0 (ratio=0.37)
    adaptive: vis(cos=0.9986 decay=0.999999 explore=1/1) tht(cos=0.9953 decay=0.999995 explore=1/1)
    90000/100000 (171/s, ETA 58s) | 2019-11-10 08:25:00 | CONFIDENT | vis=43.3% thought=47.0% agree=79%(48.8%) | trades=60027 win=49.7% | eq=$10930 (+9.3%) vs bnh +138.0%
    vis disc: +1=2775 -1=7225 0=0 (ratio=0.28)
    tht disc: +1=3792 -1=6208 0=0 (ratio=0.38)
    adaptive: vis(cos=0.9987 decay=0.999999 explore=1/1) tht(cos=0.9956 decay=0.999996 explore=1/1)
    100000/100000 (173/s, ETA 0s) | 2019-12-15 01:45:00 | TENTATIVE | vis=49.1% thought=52.4% agree=79%(53.5%) | trades=66575 win=49.6% | eq=$10892 (+8.9%) vs bnh +89.6%
    vis disc: +1=2648 -1=7352 0=0 (ratio=0.26)
    tht disc: +1=3740 -1=6260 0=0 (ratio=0.37)
    adaptive: vis(cos=0.9986 decay=0.999999 explore=1/1) tht(cos=0.9957 decay=0.999996 explore=1/1)

  --- Timing breakdown (total ms) ---
  Visual batch encode:  421157.0
  Thought encode:        40000.4
  Visual predict:        44750.4
  Thought predict:       31486.2
  Rest (resolve/log):    40370.6
  Total accounted:      577764.6

  Run database written: /home/watmin/work/holon/holon-lab-trading/orchestration_results/v12-float-denoise.db (100000 rows)

  Walk-forward complete.
  Orchestration mode: meta-boost
  Encoded 100000 viewports in 578.4s (173 vec/s)
  Labeled (BUY/SELL): 67325, Noise: 32675

  ═══ Visual Journaler ═══
  Accumulators:
    buy_good:     count=68051, purity=0.0000
    sell_good:    count=66558, purity=0.0000
    buy_confuser: count=16417
    sell_confuser:count=17454
    noise:        count=32675
    cos(buy_good, sell_good) = 0.9986
    cos(buy_good, noise) = 0.4064
    cos(sell_good, noise) = 0.4128
    recognition gate: noise_floor=0.0200 (buy_entropy=0.2513, sell_entropy=0.2511, d_eff=2511)

  Visual prediction accuracy:
    Overall: 49.7% (33413/67284)
    Rolling (last 1000): 47.9%

  Per-year breakdown:
    2019: 49.7% (33413/67284)

  ═══ Thought Journaler ═══
  Accumulators:
    buy_good:     count=68051, purity=0.0000
    sell_good:    count=66558, purity=0.0000
    buy_confuser: count=15858
    sell_confuser:count=18025
    noise:        count=32675
    cos(buy_good, sell_good) = 0.9957
    cos(buy_good, noise) = 0.9588
    cos(sell_good, noise) = 0.9597

  Thought prediction accuracy:
    Overall: 49.6% (33401/67284)
    Rolling (last 1000): 51.7%
    Visual-Thought agreement: 79.0% (78983/99957)

  ═══ Trader ═══
  Final phase: TENTATIVE
  Equity: $10893.78 (started $10000)
  Total return: 8.94%
  Trades taken: 66599, skipped: 993
  Win rate: 49.6% (33051/66599)
  Confidence (rolling acc - 0.5): -0.008

  Per-year P&L:
    2019: trades=66599 win_rate=49.6% pnl=$893.78

  Buy-and-hold return over same period: 89.56%
  ═══════════════════════════════════════
