trader: Self-Supervised BTC Trader
  10000D, window=48, px_rows=25
  Grid: 48 cols x 100 rows (4800 pixels/viewport)
  Horizon: 36 candles (180min)
  Move threshold: 0.500% (50.0bps)
  Decay: 0.999, Recalib interval: 500
  Observe period: 1000 candles
  Initial equity: $10000
  Reward weight: 1, Correction weight: 1.5, Learning rate: 1
  Use grover: false, Use attend: false
  Threads: 8, Batch size: 256

  Loading candles from "/home/watmin/work/holon/holon-lab-trading/data/analysis.db"...
  Loaded 652409 candles in 0.7s
  Warming vector cache...
  Encoding null template...
  Null template + visual cache ready.
  Initializing thought system...
  Thought system ready (74 fact codebook entries).
  Run database: /home/watmin/work/holon/holon-lab-trading/orchestration_results/v13-clean-learn.db

  Starting walk-forward (100000 candles, starting at index 47)...
    10000/100000 (164/s, ETA 548s) | 2019-02-05 13:45:00 | TENTATIVE | vis=51.1% thought=53.2% agree=65%(53.7%) | trades=3921 win=44.5% | eq=$9776 (-2.2%) vs bnh -6.7%
    vis disc: +1=3042 -1=3024 0=3934 (ratio=0.50)
    tht disc: +1=5029 -1=4971 0=0 (ratio=0.50)
    proto: vis(cos=0.9881 decay=0.999) tht(cos=0.9909 decay=0.999)
    20000/100000 (166/s, ETA 481s) | 2019-03-12 07:05:00 | TENTATIVE | vis=44.6% thought=45.4% agree=64%(45.1%) | trades=8188 win=47.3% | eq=$9768 (-2.3%) vs bnh +3.6%
    vis disc: +1=3098 -1=3007 0=3895 (ratio=0.51)
    tht disc: +1=4929 -1=5071 0=0 (ratio=0.49)
    proto: vis(cos=0.9893 decay=0.999) tht(cos=0.9913 decay=0.999)
    30000/100000 (165/s, ETA 423s) | 2019-04-16 00:25:00 | TENTATIVE | vis=48.3% thought=48.1% agree=64%(46.6%) | trades=12829 win=47.0% | eq=$9636 (-3.6%) vs bnh +36.0%
    vis disc: +1=3026 -1=3099 0=3875 (ratio=0.49)
    tht disc: +1=4947 -1=5053 0=0 (ratio=0.49)
    proto: vis(cos=0.9880 decay=0.999) tht(cos=0.9914 decay=0.999)
    40000/100000 (164/s, ETA 367s) | 2019-05-20 17:45:00 | CONFIDENT | vis=48.2% thought=52.3% agree=64%(48.1%) | trades=20322 win=47.6% | eq=$9574 (-4.3%) vs bnh +110.3%
    vis disc: +1=3083 -1=3068 0=3849 (ratio=0.50)
    tht disc: +1=5088 -1=4912 0=0 (ratio=0.51)
    proto: vis(cos=0.9895 decay=0.999) tht(cos=0.9909 decay=0.999)
    50000/100000 (163/s, ETA 307s) | 2019-06-24 11:05:00 | TENTATIVE | vis=49.5% thought=54.3% agree=64%(46.9%) | trades=29158 win=48.0% | eq=$9421 (-5.8%) vs bnh +193.5%
    vis disc: +1=3099 -1=3070 0=3831 (ratio=0.50)
    tht disc: +1=5020 -1=4980 0=0 (ratio=0.50)
    proto: vis(cos=0.9852 decay=0.999) tht(cos=0.9900 decay=0.999)
    60000/100000 (166/s, ETA 241s) | 2019-07-29 04:25:00 | TENTATIVE | vis=49.5% thought=49.8% agree=64%(50.5%) | trades=38706 win=48.6% | eq=$9357 (-6.4%) vs bnh +160.4%
    vis disc: +1=3135 -1=3045 0=3820 (ratio=0.51)
    tht disc: +1=4956 -1=5044 0=0 (ratio=0.50)
    proto: vis(cos=0.9734 decay=0.999) tht(cos=0.9839 decay=0.999)
    70000/100000 (170/s, ETA 177s) | 2019-09-01 21:45:00 | TENTATIVE | vis=47.7% thought=49.0% agree=64%(46.9%) | trades=46832 win=48.6% | eq=$9298 (-7.0%) vs bnh +160.9%
    vis disc: +1=3079 -1=3113 0=3808 (ratio=0.50)
    tht disc: +1=4890 -1=5110 0=0 (ratio=0.49)
    proto: vis(cos=0.9838 decay=0.999) tht(cos=0.9883 decay=0.999)
    80000/100000 (172/s, ETA 116s) | 2019-10-06 15:05:00 | CONFIDENT | vis=59.4% thought=51.7% agree=64%(53.6%) | trades=53486 win=48.9% | eq=$9258 (-7.4%) vs bnh +114.0%
    vis disc: +1=3115 -1=3083 0=3802 (ratio=0.50)
    tht disc: +1=4946 -1=5054 0=0 (ratio=0.49)
    proto: vis(cos=0.9781 decay=0.999) tht(cos=0.9847 decay=0.999)
    90000/100000 (175/s, ETA 57s) | 2019-11-10 08:25:00 | TENTATIVE | vis=48.5% thought=47.5% agree=64%(44.0%) | trades=60027 win=48.6% | eq=$9132 (-8.7%) vs bnh +138.0%
    vis disc: +1=3109 -1=3098 0=3793 (ratio=0.50)
    tht disc: +1=4954 -1=5046 0=0 (ratio=0.50)
    proto: vis(cos=0.9856 decay=0.999) tht(cos=0.9900 decay=0.999)
    100000/100000 (178/s, ETA 0s) | 2019-12-15 01:45:00 | TENTATIVE | vis=53.1% thought=45.6% agree=64%(46.6%) | trades=66575 win=48.8% | eq=$9103 (-9.0%) vs bnh +89.6%
    vis disc: +1=3123 -1=3088 0=3789 (ratio=0.50)
    tht disc: +1=5015 -1=4985 0=0 (ratio=0.50)
    proto: vis(cos=0.9849 decay=0.999) tht(cos=0.9894 decay=0.999)

  --- Timing breakdown (total ms) ---
  Visual batch encode:  427382.6
  Thought encode:        39610.8
  Visual predict:        45706.9
  Thought predict:       32136.3
  Rest (resolve/log):    17898.3
  Total accounted:      562735.0

  Run database written: /home/watmin/work/holon/holon-lab-trading/orchestration_results/v13-clean-learn.db (100000 rows)

  Walk-forward complete.
  Orchestration mode: meta-boost
  Encoded 100000 viewports in 563.3s (178 vec/s)
  Labeled (BUY/SELL): 67325, Noise: 32675

  ═══ Visual Journaler ═══
  Accumulators:
    buy_good:     count=34042, purity=0.0001
    sell_good:    count=33283, purity=0.0001
    buy_confuser: count=17406
    sell_confuser:count=16956
    noise:        count=32675
    cos(buy_good, sell_good) = 0.9847
    cos(buy_good, noise) = 0.9897
    cos(sell_good, noise) = 0.9898
    recognition gate: noise_floor=0.0100 (buy_entropy=0.9954, sell_entropy=0.9951, d_eff=9951)

  Visual prediction accuracy:
    Overall: 48.9% (32922/67284)
    Rolling (last 1000): 52.5%

  Per-year breakdown:
    2019: 48.9% (32922/67284)

  ═══ Thought Journaler ═══
  Accumulators:
    buy_good:     count=34042, purity=0.0000
    sell_good:    count=33283, purity=0.0000
    buy_confuser: count=17314
    sell_confuser:count=17073
    noise:        count=32675
    cos(buy_good, sell_good) = 0.9897
    cos(buy_good, noise) = 0.9901
    cos(sell_good, noise) = 0.9906

  Thought prediction accuracy:
    Overall: 48.9% (32897/67284)
    Rolling (last 1000): 45.1%
    Visual-Thought agreement: 64.0% (64009/99957)

  ═══ Trader ═══
  Final phase: TENTATIVE
  Equity: $9103.89 (started $10000)
  Total return: -8.96%
  Trades taken: 66599, skipped: 993
  Win rate: 48.8% (32486/66599)
  Confidence (rolling acc - 0.5): -0.146

  Per-year P&L:
    2019: trades=66599 win_rate=48.8% pnl=$-896.11

  Buy-and-hold return over same period: 89.56%
  ═══════════════════════════════════════
