trader: Self-Supervised BTC Trader
  10000D, window=48, px_rows=25
  Grid: 48 cols x 100 rows (4800 pixels/viewport)
  Horizon: 36 candles (180min)
  Move threshold: 0.500% (50.0bps)
  Decay: 0.999, Recalib interval: 500
  Observe period: 1000 candles
  Initial equity: $10000
  Reward weight: 1, Correction weight: 1.5, Learning rate: 1
  Use grover: false, Use attend: false
  Threads: 8, Batch size: 256

  Loading candles from "/home/watmin/work/holon/holon-lab-trading/data/analysis.db"...
  Loaded 652409 candles in 0.6s
  Warming vector cache...
  Encoding null template...
  Null template + visual cache ready.
  Initializing thought system...
  Thought system ready (74 fact codebook entries).
  Run database: /home/watmin/work/holon/holon-lab-trading/orchestration_results/v14-discriminative.db

  Starting walk-forward (100000 candles, starting at index 47)...
    10000/100000 (167/s, ETA 538s) | 2019-02-05 13:45:00 | TENTATIVE | vis=43.9% thought=51.8% agree=49%(47.7%) | trades=3921 win=47.8% | eq=$9764 (-2.4%) vs bnh -6.7%
    vis disc: +1=3028 -1=3038 0=3934 (ratio=0.50)
    tht disc: +1=5039 -1=4961 0=0 (ratio=0.50)
    proto: vis(cos=0.9330 conf_cos=0.4847) tht(cos=0.9476 conf_cos=0.8523 disc=ON)
    confirmed: vis(buy=22549 sell=26) tht(buy=11210 sell=12632)
    20000/100000 (170/s, ETA 469s) | 2019-03-12 07:05:00 | TENTATIVE | vis=60.3% thought=50.3% agree=51%(50.8%) | trades=8188 win=50.2% | eq=$9917 (-0.8%) vs bnh +3.6%
    vis disc: +1=3029 -1=3076 0=3895 (ratio=0.50)
    tht disc: +1=4968 -1=5032 0=0 (ratio=0.50)
    proto: vis(cos=0.9559 conf_cos=0.4756) tht(cos=0.9587 conf_cos=0.8777 disc=ON)
    confirmed: vis(buy=45899 sell=26) tht(buy=22530 sell=22524)
    30000/100000 (166/s, ETA 423s) | 2019-04-16 00:25:00 | TENTATIVE | vis=41.5% thought=48.9% agree=52%(48.7%) | trades=12829 win=51.4% | eq=$10994 (+9.9%) vs bnh +36.0%
    vis disc: +1=3096 -1=3029 0=3875 (ratio=0.51)
    tht disc: +1=5038 -1=4962 0=0 (ratio=0.50)
    proto: vis(cos=0.9660 conf_cos=0.0000) tht(cos=0.9731 conf_cos=0.8804 disc=ON)
    confirmed: vis(buy=82295 sell=26) tht(buy=42244 sell=34739)
    40000/100000 (164/s, ETA 365s) | 2019-05-20 17:45:00 | CONFIDENT | vis=53.9% thought=51.0% agree=51%(52.3%) | trades=20322 win=52.8% | eq=$12875 (+28.8%) vs bnh +110.3%
    vis disc: +1=3050 -1=3101 0=3849 (ratio=0.50)
    tht disc: +1=4976 -1=5024 0=0 (ratio=0.50)
    proto: vis(cos=0.9777 conf_cos=0.0000) tht(cos=0.9824 conf_cos=0.8910 disc=ON)
    confirmed: vis(buy=149663 sell=26) tht(buy=76881 sell=58143)
    50000/100000 (164/s, ETA 304s) | 2019-06-24 11:05:00 | CONFIDENT | vis=62.3% thought=50.6% agree=51%(58.4%) | trades=29158 win=52.7% | eq=$14822 (+48.2%) vs bnh +193.5%
    vis disc: +1=3055 -1=3114 0=3831 (ratio=0.50)
    tht disc: +1=4980 -1=5020 0=0 (ratio=0.50)
    proto: vis(cos=0.9670 conf_cos=0.0000) tht(cos=0.9768 conf_cos=0.8609 disc=ON)
    confirmed: vis(buy=225279 sell=26) tht(buy=116218 sell=88820)
    60000/100000 (166/s, ETA 240s) | 2019-07-29 04:25:00 | TENTATIVE | vis=53.0% thought=56.0% agree=50%(56.0%) | trades=38706 win=52.1% | eq=$15357 (+53.6%) vs bnh +160.4%
    vis disc: +1=3161 -1=3019 0=3820 (ratio=0.51)
    tht disc: +1=4936 -1=5064 0=0 (ratio=0.49)
    proto: vis(cos=0.9551 conf_cos=0.0000) tht(cos=0.9698 conf_cos=0.8444 disc=ON)
    confirmed: vis(buy=320684 sell=26) tht(buy=163795 sell=140904)
    70000/100000 (167/s, ETA 180s) | 2019-09-01 21:45:00 | TENTATIVE | vis=45.5% thought=56.3% agree=51%(49.0%) | trades=46832 win=51.5% | eq=$15442 (+54.4%) vs bnh +160.9%
    vis disc: +1=3108 -1=3084 0=3808 (ratio=0.50)
    tht disc: +1=4990 -1=5010 0=0 (ratio=0.50)
    proto: vis(cos=0.9452 conf_cos=0.0000) tht(cos=0.9517 conf_cos=0.8005 disc=ON)
    confirmed: vis(buy=380025 sell=26) tht(buy=195322 sell=167401)
    80000/100000 (165/s, ETA 121s) | 2019-10-06 15:05:00 | TENTATIVE | vis=47.1% thought=55.2% agree=51%(46.9%) | trades=53486 win=51.1% | eq=$14617 (+46.2%) vs bnh +114.0%
    vis disc: +1=3126 -1=3072 0=3802 (ratio=0.50)
    tht disc: +1=4982 -1=5018 0=0 (ratio=0.50)
    proto: vis(cos=0.9635 conf_cos=0.0000) tht(cos=0.9805 conf_cos=0.8763 disc=ON)
    confirmed: vis(buy=420763 sell=26) tht(buy=215238 sell=189221)
    90000/100000 (165/s, ETA 61s) | 2019-11-10 08:25:00 | TENTATIVE | vis=40.9% thought=48.2% agree=50%(42.5%) | trades=60027 win=50.9% | eq=$14872 (+48.7%) vs bnh +138.0%
    vis disc: +1=3129 -1=3078 0=3793 (ratio=0.50)
    tht disc: +1=5088 -1=4912 0=0 (ratio=0.51)
    proto: vis(cos=0.9587 conf_cos=0.0000) tht(cos=0.9698 conf_cos=0.8745 disc=ON)
    confirmed: vis(buy=461217 sell=26) tht(buy=235723 sell=210152)
    100000/100000 (166/s, ETA 0s) | 2019-12-15 01:45:00 | TENTATIVE | vis=43.9% thought=49.1% agree=50%(50.7%) | trades=66575 win=50.5% | eq=$14272 (+42.7%) vs bnh +89.6%
    vis disc: +1=3102 -1=3109 0=3789 (ratio=0.50)
    tht disc: +1=4944 -1=5056 0=0 (ratio=0.49)
    proto: vis(cos=0.9615 conf_cos=0.0000) tht(cos=0.9713 conf_cos=0.8698 disc=ON)
    confirmed: vis(buy=497648 sell=26) tht(buy=255255 sell=236127)

  --- Timing breakdown (total ms) ---
  Visual batch encode:  474150.1
  Thought encode:        42234.8
  Visual predict:        24765.9
  Thought predict:        2508.6
  Rest (resolve/log):    56810.7
  Total accounted:      600470.1

  Run database written: /home/watmin/work/holon/holon-lab-trading/orchestration_results/v14-discriminative.db (100000 rows)

  Walk-forward complete.
  Orchestration mode: meta-boost
  Encoded 100000 viewports in 601.1s (166 vec/s)
  Labeled (BUY/SELL): 67315, Noise: 32685

  ═══ Visual Journaler ═══
  Accumulators:
    buy_good:      count=497778, purity=0.0000
    sell_good:     count=459296, purity=0.0000
    buy_confirmed: count=497648
    sell_confirmed:count=26
    buy_confuser:  count=459256
    sell_confuser: count=27
    cos(buy_good, sell_good) = 0.9615
    cos(buy_confirmed, sell_confirmed) = 0.0000

  Visual prediction accuracy:
    Overall: 50.6% (34023/67304)
    Rolling (last 1000): 43.9%

  Per-year breakdown:
    2019: 50.6% (34023/67304)

  ═══ Thought Journaler ═══
  Accumulators:
    buy_good:      count=497778, purity=0.0000
    sell_good:     count=459296, purity=0.0000
    buy_confirmed: count=255255
    sell_confirmed:count=236127
    buy_confuser:  count=223155
    sell_confuser: count=242420
    disc prototypes: active
    cos(buy_good, sell_good) = 0.9713
    cos(buy_confirmed, sell_confirmed) = 0.8698

  Thought prediction accuracy:
    Overall: 51.7% (34820/67304)
    Rolling (last 1000): 49.1%
    Visual-Thought agreement: 50.4% (50378/99989)

  ═══ Trader ═══
  Final phase: TENTATIVE
  Equity: $14272.09 (started $10000)
  Total return: 42.72%
  Trades taken: 66575, skipped: 1025
  Win rate: 50.5% (33617/66575)
  Confidence (rolling acc - 0.5): -0.080

  Per-year P&L:
    2019: trades=66575 win_rate=50.5% pnl=$4272.09

  Buy-and-hold return over same period: 89.56%
  ═══════════════════════════════════════
