trader: Self-Supervised BTC Trader
  10000D, window=48, px_rows=25
  Grid: 48 cols x 100 rows (4800 pixels/viewport)
  Horizon: 36 candles (180min)
  Move threshold: 0.500% (50.0bps)
  Decay: 0.999, Recalib interval: 500
  Observe period: 1000 candles
  Initial equity: $10000
  Reward weight: 1, Correction weight: 1.5, Learning rate: 1
  Use grover: false, Use attend: false
  Threads: 8, Batch size: 256

  Loading candles from "/home/watmin/work/holon/holon-lab-trading/data/analysis.db"...
  Loaded 652409 candles in 0.6s
  Warming vector cache...
  Encoding null template...
  Null template + visual cache ready.
  Initializing thought system...
  Thought system ready (74 fact codebook entries).
  Run database: /home/watmin/work/holon/holon-lab-trading/orchestration_results/v14b-visual-codebook.db
  Visual codebook: 2200 cell atoms, 48 columns

  Starting walk-forward (100000 candles, starting at index 47)...
    10000/100000 (112/s, ETA 804s) | 2019-02-05 13:45:00 | CONFIDENT | vis=48.8% thought=51.2% agree=50%(50.7%) | trades=3921 win=49.7% | eq=$9905 (-1.0%) vs bnh -6.7%
    vis disc: +1=3028 -1=3038 0=3934 (ratio=0.50)
    tht disc: +1=5039 -1=4961 0=0 (ratio=0.50)
    proto: vis(cos=0.9330 conf_cos=0.9101 disc=ON) tht(cos=0.9476 conf_cos=0.8436 disc=ON)
    confirmed: vis(buy=10215 sell=13197) tht(buy=10927 sell=12879)
    20000/100000 (112/s, ETA 716s) | 2019-03-12 07:05:00 | TENTATIVE | vis=55.4% thought=48.0% agree=49%(52.2%) | trades=8188 win=50.1% | eq=$9749 (-2.5%) vs bnh +3.6%
    vis disc: +1=3029 -1=3076 0=3895 (ratio=0.50)
    tht disc: +1=4968 -1=5032 0=0 (ratio=0.50)
    proto: vis(cos=0.9559 conf_cos=0.9389 disc=ON) tht(cos=0.9587 conf_cos=0.8730 disc=ON)
    confirmed: vis(buy=22971 sell=25566) tht(buy=22015 sell=23146)
    30000/100000 (107/s, ETA 652s) | 2019-04-16 00:25:00 | TENTATIVE | vis=55.5% thought=49.3% agree=49%(48.7%) | trades=12829 win=50.4% | eq=$9845 (-1.6%) vs bnh +36.0%
    vis disc: +1=3096 -1=3029 0=3875 (ratio=0.51)
    tht disc: +1=5038 -1=4962 0=0 (ratio=0.50)
    proto: vis(cos=0.9660 conf_cos=0.9412 disc=ON) tht(cos=0.9731 conf_cos=0.8864 disc=ON)
    confirmed: vis(buy=38639 sell=40221) tht(buy=41775 sell=35049)
    40000/100000 (99/s, ETA 605s) | 2019-05-20 17:45:00 | CONFIDENT | vis=51.2% thought=50.6% agree=49%(50.3%) | trades=20322 win=50.6% | eq=$9913 (-0.9%) vs bnh +110.3%
    vis disc: +1=3050 -1=3101 0=3849 (ratio=0.50)
    tht disc: +1=4976 -1=5024 0=0 (ratio=0.50)
    proto: vis(cos=0.9777 conf_cos=0.9649 disc=ON) tht(cos=0.9824 conf_cos=0.8902 disc=ON)
    confirmed: vis(buy=69191 sell=66758) tht(buy=76433 sell=58534)
    50000/100000 (92/s, ETA 545s) | 2019-06-24 11:05:00 | TENTATIVE | vis=50.6% thought=50.6% agree=50%(49.1%) | trades=29158 win=50.9% | eq=$10044 (+0.4%) vs bnh +193.5%
    vis disc: +1=3055 -1=3114 0=3831 (ratio=0.50)
    tht disc: +1=4980 -1=5020 0=0 (ratio=0.50)
    proto: vis(cos=0.9670 conf_cos=0.9469 disc=ON) tht(cos=0.9768 conf_cos=0.8541 disc=ON)
    confirmed: vis(buy=105806 sell=95361) tht(buy=115187 sell=89596)
    60000/100000 (83/s, ETA 480s) | 2019-07-29 04:25:00 | CONFIDENT | vis=51.0% thought=56.4% agree=50%(60.0%) | trades=38706 win=51.7% | eq=$10951 (+9.5%) vs bnh +160.4%
    vis disc: +1=3161 -1=3019 0=3820 (ratio=0.51)
    tht disc: +1=4936 -1=5064 0=0 (ratio=0.49)
    proto: vis(cos=0.9551 conf_cos=0.9373 disc=ON) tht(cos=0.9698 conf_cos=0.8486 disc=ON)
    confirmed: vis(buy=149967 sell=144883) tht(buy=161216 sell=143406)
    70000/100000 (81/s, ETA 371s) | 2019-09-01 21:45:00 | CONFIDENT | vis=45.8% thought=54.8% agree=50%(50.5%) | trades=46832 win=51.7% | eq=$11020 (+10.2%) vs bnh +160.9%
    vis disc: +1=3108 -1=3084 0=3808 (ratio=0.50)
    tht disc: +1=4990 -1=5010 0=0 (ratio=0.50)
    proto: vis(cos=0.9452 conf_cos=0.9292 disc=ON) tht(cos=0.9517 conf_cos=0.8061 disc=ON)
    confirmed: vis(buy=184062 sell=171211) tht(buy=191042 sell=171254)
    80000/100000 (79/s, ETA 254s) | 2019-10-06 15:05:00 | CONFIDENT | vis=48.6% thought=54.4% agree=50%(51.1%) | trades=53486 win=51.7% | eq=$10922 (+9.2%) vs bnh +114.0%
    vis disc: +1=3126 -1=3072 0=3802 (ratio=0.50)
    tht disc: +1=4982 -1=5018 0=0 (ratio=0.50)
    proto: vis(cos=0.9635 conf_cos=0.9404 disc=ON) tht(cos=0.9805 conf_cos=0.8760 disc=ON)
    confirmed: vis(buy=201557 sell=197692) tht(buy=210013 sell=193973)
    90000/100000 (78/s, ETA 128s) | 2019-11-10 08:25:00 | TENTATIVE | vis=49.5% thought=47.6% agree=50%(47.4%) | trades=60027 win=51.6% | eq=$11162 (+11.6%) vs bnh +138.0%
    vis disc: +1=3129 -1=3078 0=3793 (ratio=0.50)
    tht disc: +1=5088 -1=4912 0=0 (ratio=0.51)
    proto: vis(cos=0.9587 conf_cos=0.9406 disc=ON) tht(cos=0.9698 conf_cos=0.8733 disc=ON)
    confirmed: vis(buy=219373 sell=220440) tht(buy=229894 sell=215380)
    100000/100000 (77/s, ETA 0s) | 2019-12-15 01:45:00 | TENTATIVE | vis=55.5% thought=49.1% agree=50%(52.9%) | trades=66575 win=51.5% | eq=$11272 (+12.7%) vs bnh +89.6%
    vis disc: +1=3102 -1=3109 0=3789 (ratio=0.50)
    tht disc: +1=4944 -1=5056 0=0 (ratio=0.49)
    proto: vis(cos=0.9615 conf_cos=0.9467 disc=ON) tht(cos=0.9713 conf_cos=0.8671 disc=ON)
    confirmed: vis(buy=236061 sell=248252) tht(buy=247694 sell=242857)

  --- Timing breakdown (total ms) ---
  Visual batch encode:  408365.0
  Thought encode:        39889.3
  Visual predict:        17253.4
  Thought predict:        1938.3
  Rest (resolve/log):   824748.0
  Total accounted:      1292194.0

  Run database written: /home/watmin/work/holon/holon-lab-trading/orchestration_results/v14b-visual-codebook.db (100000 rows)

  Walk-forward complete.
  Orchestration mode: meta-boost
  Encoded 100000 viewports in 1292.8s (77 vec/s)
  Labeled (BUY/SELL): 67315, Noise: 32685

  ═══ Visual Journaler ═══
  Accumulators:
    buy_good:      count=497778, purity=0.0000
    sell_good:     count=459296, purity=0.0000
    buy_confirmed: count=236061
    sell_confirmed:count=248252
    buy_confuser:  count=211030
    sell_confuser: count=261614
    cos(buy_good, sell_good) = 0.9615
    cos(buy_confirmed, sell_confirmed) = 0.9467
    disc prototypes: active

  Visual prediction accuracy:
    Overall: 50.2% (33806/67304)
    Rolling (last 1000): 54.9%

  Per-year breakdown:
    2019: 50.2% (33806/67304)

  ═══ Thought Journaler ═══
  Accumulators:
    buy_good:      count=497778, purity=0.0000
    sell_good:     count=459296, purity=0.0000
    buy_confirmed: count=247694
    sell_confirmed:count=242857
    buy_confuser:  count=216425
    sell_confuser: count=249981
    disc prototypes: active
    cos(buy_good, sell_good) = 0.9713
    cos(buy_confirmed, sell_confirmed) = 0.8671

  Thought prediction accuracy:
    Overall: 51.6% (34724/67304)
    Rolling (last 1000): 49.2%
    Visual-Thought agreement: 50.1% (50073/99989)

  ═══ Trader ═══
  Final phase: TENTATIVE
  Equity: $11271.53 (started $10000)
  Total return: 12.72%
  Trades taken: 66575, skipped: 1025
  Win rate: 51.5% (34308/66575)
  Confidence (rolling acc - 0.5): -0.012

  Per-year P&L:
    2019: trades=66575 win_rate=51.5% pnl=$1271.53

  Buy-and-hold return over same period: 89.56%
  ═══════════════════════════════════════
