trader: Self-Supervised BTC Trader
  10000D, window=48, px_rows=25
  Grid: 48 cols x 100 rows (4800 pixels/viewport)
  Horizon: 36 candles (180min)
  Move threshold: 0.500% (50.0bps)
  Decay: 0.999, Recalib interval: 500
  Observe period: 1000 candles
  Initial equity: $10000
  Reward weight: 1, Correction weight: 1.5, Learning rate: 1
  Use grover: false, Use attend: false
  Threads: 8, Batch size: 256

  Loading candles from "/home/watmin/work/holon/holon-lab-trading/data/analysis.db"...
  Loaded 652409 candles in 0.7s
  Warming vector cache...
  Encoding null template...
  Null template + visual cache ready.
  Initializing thought system...
  Thought system ready (74 fact codebook entries).
  Run database: /home/watmin/work/holon/holon-lab-trading/orchestration_results/v16-grid-cosine.db
  Visual codebook: 2200 cell atoms, 48 columns

  Starting walk-forward (100000 candles, starting at index 47)...
    10000/100000 (59/s, ETA 1531s) | 2019-02-05 13:45:00 | TENTATIVE | vis=43.9% thought=51.4% agree=52%(47.2%) | trades=3921 win=47.8% | eq=$9608 (-3.9%) vs bnh -6.7%
    vis disc: +1=3274 -1=3157 0=3569 (ratio=0.51)
    tht disc: +1=5039 -1=4961 0=0 (ratio=0.50)
    proto: vis(cos=0.9801 conf_cos=0.6354) tht(cos=0.9476 conf_cos=0.8514 disc=ON(16/15))
    confirmed: vis(buy=22576 sell=8) tht(buy=12227 sell=12475)
    20000/100000 (61/s, ETA 1313s) | 2019-03-12 07:05:00 | TENTATIVE | vis=60.3% thought=53.1% agree=52%(51.9%) | trades=8188 win=51.6% | eq=$9967 (-0.3%) vs bnh +3.6%
    vis disc: +1=3240 -1=3210 0=3550 (ratio=0.50)
    tht disc: +1=4968 -1=5032 0=0 (ratio=0.50)
    proto: vis(cos=0.9870 conf_cos=0.6273) tht(cos=0.9587 conf_cos=0.8501 disc=ON(14/16))
    confirmed: vis(buy=45924 sell=9) tht(buy=24282 sell=23325)
    30000/100000 (58/s, ETA 1209s) | 2019-04-16 00:25:00 | TENTATIVE | vis=41.5% thought=49.2% agree=51%(47.9%) | trades=12829 win=52.6% | eq=$11498 (+15.0%) vs bnh +36.0%
    vis disc: +1=3282 -1=3178 0=3540 (ratio=0.51)
    tht disc: +1=5038 -1=4962 0=0 (ratio=0.50)
    proto: vis(cos=0.9898 conf_cos=0.6307) tht(cos=0.9731 conf_cos=0.8763 disc=ON(15/15))
    confirmed: vis(buy=82320 sell=9) tht(buy=43546 sell=35263)

  Kill file detected (trader-stop) — aborting.

  --- Timing breakdown (total ms) ---
  Visual batch encode:  133009.0
  Thought encode:        12948.7
  Visual predict:         5612.1
  Thought predict:         645.5
  Rest (resolve/log):   413476.3
  Total accounted:      565691.6

  Run database written: /home/watmin/work/holon/holon-lab-trading/orchestration_results/v16-grid-cosine.db (32512 rows)

  Walk-forward complete.
  Orchestration mode: meta-boost
  Encoded 32512 viewports in 565.9s (57 vec/s)
  Labeled (BUY/SELL): 15013, Noise: 17499

  ═══ Visual Journaler ═══
  Accumulators:
    buy_good:      count=90749, purity=0.0000
    sell_good:     count=77008, purity=0.0000
    buy_confirmed: count=90644
    sell_confirmed:count=9
    buy_confuser:  count=76985
    sell_confuser: count=2
    cos(buy_good, sell_good) = 0.9799
    cos(buy_confirmed, sell_confirmed) = 0.6291
    disc prototypes: not yet

  Visual prediction accuracy:
    Overall: 53.1% (7965/15002)
    Rolling (last 1000): 52.5%

  Per-year breakdown:
    2019: 53.1% (7965/15002)

  ═══ Thought Journaler ═══
  Accumulators:
    buy_good:      count=90749, purity=0.0000
    sell_good:     count=77008, purity=0.0000
    buy_confirmed: count=47895
    sell_confirmed:count=38500
    buy_confuser:  count=38494
    sell_confuser: count=42751
    disc prototypes: active (14/15 atoms)
    cos(buy_good, sell_good) = 0.9423
    cos(buy_confirmed, sell_confirmed) = 0.8446

  Thought prediction accuracy:
    Overall: 52.0% (7801/15002)
    Rolling (last 1000): 54.1%
    Visual-Thought agreement: 51.1% (16597/32501)

  ═══ Trader ═══
  Final phase: CONFIDENT
  Equity: $11487.20 (started $10000)
  Total return: 14.87%
  Trades taken: 14264, skipped: 1025
  Win rate: 53.0% (7553/14264)
  Confidence (rolling acc - 0.5): 0.056

  Per-year P&L:
    2019: trades=14264 win_rate=53.0% pnl=$1487.20

  Buy-and-hold return over same period: 89.56%
  ═══════════════════════════════════════
