trader: Self-Supervised BTC Trader
  10000D, window=48, px_rows=25
  Grid: 48 cols x 100 rows (4800 pixels/viewport)
  Horizon: 36 candles (180min)
  Move threshold: 0.500% (50.0bps)
  Decay: 0.999, Recalib interval: 500
  Observe period: 1000 candles
  Initial equity: $10000
  Reward weight: 1, Correction weight: 1.5, Learning rate: 1
  Use grover: false, Use attend: false
  Threads: 8, Batch size: 256

  Loading candles from "/home/watmin/work/holon/holon-lab-trading/data/analysis.db"...
  Loaded 652409 candles in 0.8s
  Warming vector cache...
  Encoding null template...
  Null template + visual cache ready.
  Initializing thought system...
  Thought system ready (74 fact codebook entries).
  Run database: /home/watmin/work/holon/holon-lab-trading/orchestration_results/v16-coverage-pred.db
  Visual codebook: 2200 cell atoms, 48 columns

  Starting walk-forward (100000 candles, starting at index 47)...
    10000/100000 (45/s, ETA 2003s) | 2019-02-05 13:45:00 | TENTATIVE | vis=49.2% thought=52.7% agree=57%(50.1%) | trades=3921 win=48.2% | eq=$9817 (-1.8%) vs bnh -6.7%
    disc atoms: vis(buy=560 w=3.87, sell=616 w=3.99) tht(buy=16 w=0.40, sell=11 w=0.39)
    proto: vis(cos=0.9801) tht(cos=0.9476)
    20000/100000 (46/s, ETA 1724s) | 2019-03-12 07:05:00 | TENTATIVE | vis=42.3% thought=42.7% agree=57%(40.1%) | trades=8188 win=46.9% | eq=$9628 (-3.7%) vs bnh +3.6%
    disc atoms: vis(buy=568 w=3.25, sell=572 w=3.28) tht(buy=14 w=0.23, sell=10 w=0.23)
    proto: vis(cos=0.9870) tht(cos=0.9587)
    30000/100000 (45/s, ETA 1550s) | 2019-04-16 00:25:00 | TENTATIVE | vis=47.1% thought=46.8% agree=56%(45.3%) | trades=12829 win=48.2% | eq=$10086 (+0.9%) vs bnh +36.0%
    disc atoms: vis(buy=548 w=2.72, sell=562 w=2.74) tht(buy=11 w=0.31, sell=15 w=0.35)
    proto: vis(cos=0.9898) tht(cos=0.9731)
    40000/100000 (39/s, ETA 1548s) | 2019-05-20 17:45:00 | TENTATIVE | vis=50.1% thought=49.0% agree=56%(44.5%) | trades=20321 win=48.3% | eq=$10043 (+0.4%) vs bnh +110.3%
    disc atoms: vis(buy=551 w=2.34, sell=540 w=2.32) tht(buy=15 w=0.22, sell=9 w=0.21)
    proto: vis(cos=0.9936) tht(cos=0.9824)
