trader: Self-Supervised BTC Trader
  10000D, window=48, px_rows=25
  Grid: 48 cols x 100 rows (4800 pixels/viewport)
  Horizon: 36 candles (180min)
  Move threshold: 0.500% (50.0bps)
  Decay: 0.998, Recalib interval: 500
  Observe period: 5000 candles
  Initial equity: $10000
  Reward weight: 1, Correction weight: 1.5, Learning rate: 1
  Use grover: false, Use attend: false
  Threads: 8, Batch size: 128

  Loading candles from "/home/watmin/work/holon/holon-lab-trading/data/analysis.db"...
  Loaded 652409 candles in 1.3s
  Warming vector cache...
  Encoding null template...
  Null template + visual cache ready.
  Initializing thought system...
  Thought system ready (74 fact codebook entries).
  Run database: /home/watmin/work/holon/holon-lab-trading/orchestration_results/v17-disc-project.db
  Visual codebook: 2200 cell atoms, 48 columns

  Starting walk-forward (100000 candles, starting at index 47)...
    10000/100000 (19/s, ETA 4844s) | 2019-02-05 13:45:00 | CONFIDENT | vis=63.7% thought=51.6% agree=50%(62.5%) | trades=1918 win=50.4% | eq=$10060 (+0.6%) vs bnh -6.7%
    disc atoms: vis(buy=921 w=13.07, sell=774 w=10.90) tht(buy=10 w=0.08, sell=10 w=0.07)
    disc proj: vis=19002/47160 (40%) tht=46661/47160 (99%)
    proto: vis(cos=0.7328) tht(cos=0.9916)
