trader: Self-Supervised BTC Trader
  10000D, window=48, px_rows=25
  Grid: 48 cols x 100 rows (4800 pixels/viewport)
  Horizon: 36 candles (180min)
  Move threshold: 0.500% (50.0bps)
  Decay: 0.998, Recalib interval: 500
  Observe period: 5000 candles
  Initial equity: $10000
  Reward weight: 1, Correction weight: 1.5, Learning rate: 1
  Use grover: false, Use attend: false
  Threads: 8, Batch size: 128

  Loading candles from "/home/watmin/work/holon/holon-lab-trading/data/analysis.db"...
  Loaded 652409 candles in 0.6s
  Warming vector cache...
  Encoding null template...
  Null template + visual cache ready.
  Initializing thought system...
  Thought system ready (74 fact codebook entries).
  Run database: /home/watmin/work/holon/holon-lab-trading/orchestration_results/v17c-capped-proj.db
  Visual codebook: 2200 cell atoms, 48 columns

  Starting walk-forward (100000 candles, starting at index 47)...
      vis weight dist: total=26.99 | 50%=698 80%=1177 90%=1345 95%=1431 of 1703 atoms → proj=1345
      tht weight dist: total=1.0834 | proj=19 of 28 atoms
      vis weight dist: total=18.34 | 50%=566 80%=952 90%=1088 95%=1159 of 1542 atoms → proj=1088
      tht weight dist: total=0.6913 | proj=14 of 22 atoms
      vis weight dist: total=17.31 | 50%=516 80%=860 90%=981 95%=1043 of 1484 atoms → proj=981
      tht weight dist: total=0.7562 | proj=14 of 22 atoms
      vis weight dist: total=9.87 | 50%=329 80%=543 90%=617 95%=730 of 1276 atoms → proj=617
      tht weight dist: total=0.6532 | proj=10 of 21 atoms
      vis weight dist: total=11.96 | 50%=380 80%=628 90%=715 95%=804 of 1331 atoms → proj=715
      tht weight dist: total=0.7101 | proj=11 of 21 atoms
      vis weight dist: total=21.03 | 50%=638 80%=1081 90%=1240 95%=1322 of 1634 atoms → proj=1240
      tht weight dist: total=1.2847 | proj=16 of 21 atoms
      vis weight dist: total=12.38 | 50%=396 80%=656 90%=746 95%=828 of 1349 atoms → proj=746
      tht weight dist: total=1.0540 | proj=14 of 21 atoms
      vis weight dist: total=19.38 | 50%=596 80%=1005 90%=1152 95%=1229 of 1580 atoms → proj=1152
      tht weight dist: total=1.1240 | proj=15 of 21 atoms
      vis weight dist: total=18.93 | 50%=575 80%=968 90%=1109 95%=1183 of 1552 atoms → proj=1109
      tht weight dist: total=0.9027 | proj=15 of 20 atoms
      vis weight dist: total=18.97 | 50%=569 80%=957 90%=1097 95%=1169 of 1544 atoms → proj=1097
      tht weight dist: total=0.7572 | proj=14 of 20 atoms
      vis weight dist: total=13.96 | 50%=427 80%=712 90%=813 95%=908 of 1381 atoms → proj=813
      tht weight dist: total=0.6778 | proj=15 of 20 atoms
      vis weight dist: total=17.81 | 50%=541 80%=909 90%=1041 95%=1113 of 1512 atoms → proj=1041
      tht weight dist: total=0.6787 | proj=15 of 20 atoms
      vis weight dist: total=23.70 | 50%=672 80%=1144 90%=1316 95%=1406 of 1679 atoms → proj=1316
      tht weight dist: total=0.6143 | proj=15 of 20 atoms
      vis weight dist: total=26.58 | 50%=733 80%=1253 90%=1444 95%=1544 of 1762 atoms → proj=1444
      tht weight dist: total=0.6755 | proj=16 of 21 atoms
      vis weight dist: total=26.11 | 50%=719 80%=1228 90%=1414 95%=1511 of 1743 atoms → proj=1414
      tht weight dist: total=0.5808 | proj=16 of 20 atoms
      vis weight dist: total=24.56 | 50%=679 80%=1157 90%=1332 95%=1422 of 1692 atoms → proj=1332
      tht weight dist: total=0.5276 | proj=13 of 20 atoms
      vis weight dist: total=25.01 | 50%=706 80%=1202 90%=1383 95%=1478 of 1719 atoms → proj=1383
      tht weight dist: total=0.5343 | proj=13 of 20 atoms
      vis weight dist: total=22.75 | 50%=643 80%=1091 90%=1254 95%=1338 of 1640 atoms → proj=1254
      tht weight dist: total=0.5681 | proj=13 of 20 atoms
      vis weight dist: total=5.91 | 50%=203 80%=332 90%=384 95%=563 of 1147 atoms → proj=384
      tht weight dist: total=0.6178 | proj=13 of 20 atoms
      vis weight dist: total=9.84 | 50%=338 80%=559 90%=636 95%=775 of 1282 atoms → proj=636
      tht weight dist: total=0.6428 | proj=16 of 22 atoms
      vis weight dist: total=6.19 | 50%=212 80%=348 90%=411 95%=592 of 1155 atoms → proj=411
      tht weight dist: total=0.5625 | proj=15 of 20 atoms
      vis weight dist: total=7.49 | 50%=255 80%=422 90%=487 95%=664 of 1198 atoms → proj=487
      tht weight dist: total=0.5318 | proj=15 of 20 atoms
      vis weight dist: total=6.94 | 50%=235 80%=388 90%=461 95%=640 of 1177 atoms → proj=461
      tht weight dist: total=0.4928 | proj=15 of 20 atoms
      vis weight dist: total=8.11 | 50%=274 80%=453 90%=524 95%=695 of 1216 atoms → proj=524
      tht weight dist: total=0.4801 | proj=14 of 20 atoms
      vis weight dist: total=5.92 | 50%=201 80%=330 90%=396 95%=576 of 1144 atoms → proj=396
      tht weight dist: total=0.4919 | proj=14 of 20 atoms
      vis weight dist: total=8.50 | 50%=286 80%=473 90%=540 95%=701 of 1229 atoms → proj=540
      tht weight dist: total=0.5244 | proj=15 of 20 atoms
      vis weight dist: total=11.51 | 50%=371 80%=619 90%=707 95%=830 of 1319 atoms → proj=707
      tht weight dist: total=0.4966 | proj=14 of 20 atoms
      vis weight dist: total=14.70 | 50%=457 80%=766 90%=877 95%=965 of 1416 atoms → proj=877
      tht weight dist: total=0.5900 | proj=16 of 20 atoms
      vis weight dist: total=7.98 | 50%=259 80%=426 90%=487 95%=664 of 1201 atoms → proj=487
      tht weight dist: total=0.4186 | proj=15 of 20 atoms
      vis weight dist: total=7.27 | 50%=243 80%=400 90%=465 95%=640 of 1185 atoms → proj=465
      tht weight dist: total=0.3981 | proj=14 of 20 atoms
      vis weight dist: total=10.81 | 50%=355 80%=590 90%=673 95%=796 of 1302 atoms → proj=673
      tht weight dist: total=0.4903 | proj=15 of 20 atoms
      vis weight dist: total=17.67 | 50%=515 80%=863 90%=987 95%=1053 of 1484 atoms → proj=987
      tht weight dist: total=0.7271 | proj=14 of 20 atoms
      vis weight dist: total=6.79 | 50%=227 80%=373 90%=423 95%=577 of 1173 atoms → proj=423
      tht weight dist: total=0.7282 | proj=15 of 20 atoms
      vis weight dist: total=8.40 | 50%=279 80%=460 90%=523 95%=669 of 1224 atoms → proj=523
      tht weight dist: total=0.6981 | proj=15 of 20 atoms
      vis weight dist: total=13.02 | 50%=421 80%=702 90%=801 95%=893 of 1375 atoms → proj=801
      tht weight dist: total=0.6353 | proj=15 of 20 atoms
      vis weight dist: total=14.68 | 50%=461 80%=771 90%=881 95%=961 of 1420 atoms → proj=881
      tht weight dist: total=0.5284 | proj=14 of 20 atoms
      vis weight dist: total=15.82 | 50%=489 80%=820 90%=937 95%=1013 of 1452 atoms → proj=937
      tht weight dist: total=0.5227 | proj=15 of 20 atoms
      vis weight dist: total=19.36 | 50%=576 80%=971 90%=1112 95%=1186 of 1555 atoms → proj=1112
      tht weight dist: total=0.5667 | proj=15 of 20 atoms
      vis weight dist: total=21.38 | 50%=622 80%=1052 90%=1207 95%=1287 of 1611 atoms → proj=1207
      tht weight dist: total=0.5910 | proj=15 of 20 atoms
      vis weight dist: total=21.49 | 50%=620 80%=1048 90%=1203 95%=1283 of 1610 atoms → proj=1203
      tht weight dist: total=0.5655 | proj=15 of 20 atoms
      vis weight dist: total=15.44 | 50%=477 80%=799 90%=912 95%=993 of 1438 atoms → proj=912
      tht weight dist: total=0.5863 | proj=15 of 20 atoms
      vis weight dist: total=15.29 | 50%=463 80%=775 90%=885 95%=967 of 1423 atoms → proj=885
      tht weight dist: total=0.5740 | proj=14 of 20 atoms
      vis weight dist: total=21.42 | 50%=631 80%=1068 90%=1226 95%=1308 of 1624 atoms → proj=1226
      tht weight dist: total=0.6309 | proj=15 of 20 atoms
      vis weight dist: total=23.43 | 50%=672 80%=1139 90%=1309 95%=1397 of 1675 atoms → proj=1309
      tht weight dist: total=0.6051 | proj=14 of 20 atoms
      vis weight dist: total=27.11 | 50%=747 80%=1276 90%=1471 95%=1571 of 1779 atoms → proj=1471
      tht weight dist: total=0.6685 | proj=13 of 21 atoms
      vis weight dist: total=28.41 | 50%=773 80%=1323 90%=1526 95%=1631 of 1816 atoms → proj=1526
      tht weight dist: total=1.0836 | proj=13 of 20 atoms
      vis weight dist: total=27.82 | 50%=757 80%=1293 90%=1490 95%=1592 of 1793 atoms → proj=1490
      tht weight dist: total=0.9600 | proj=13 of 20 atoms
      vis weight dist: total=28.01 | 50%=765 80%=1308 90%=1509 95%=1614 of 1805 atoms → proj=1509
      tht weight dist: total=0.9537 | proj=14 of 20 atoms
      vis weight dist: total=24.80 | 50%=681 80%=1156 90%=1328 95%=1417 of 1690 atoms → proj=1328
      tht weight dist: total=0.9915 | proj=14 of 20 atoms
      vis weight dist: total=26.51 | 50%=732 80%=1248 90%=1438 95%=1537 of 1758 atoms → proj=1438
      tht weight dist: total=0.9414 | proj=14 of 20 atoms
      vis weight dist: total=26.68 | 50%=734 80%=1252 90%=1442 95%=1541 of 1761 atoms → proj=1442
      tht weight dist: total=0.7851 | proj=13 of 20 atoms
      vis weight dist: total=27.16 | 50%=745 80%=1271 90%=1465 95%=1565 of 1776 atoms → proj=1465
      tht weight dist: total=0.8335 | proj=15 of 20 atoms
      vis weight dist: total=25.91 | 50%=711 80%=1211 90%=1393 95%=1487 of 1731 atoms → proj=1393
      tht weight dist: total=0.7353 | proj=14 of 20 atoms
      vis weight dist: total=26.78 | 50%=740 80%=1262 90%=1454 95%=1553 of 1767 atoms → proj=1454
      tht weight dist: total=0.6313 | proj=13 of 20 atoms
      vis weight dist: total=27.13 | 50%=745 80%=1271 90%=1464 95%=1565 of 1775 atoms → proj=1464
      tht weight dist: total=0.5251 | proj=14 of 20 atoms
      vis weight dist: total=26.10 | 50%=716 80%=1220 90%=1404 95%=1499 of 1738 atoms → proj=1404
      tht weight dist: total=0.4931 | proj=12 of 20 atoms
      vis weight dist: total=9.11 | 50%=312 80%=515 90%=585 95%=718 of 1257 atoms → proj=585
      tht weight dist: total=0.7038 | proj=16 of 21 atoms
      vis weight dist: total=6.20 | 50%=210 80%=343 90%=389 95%=553 of 1156 atoms → proj=389
      tht weight dist: total=0.5528 | proj=13 of 19 atoms
      vis weight dist: total=16.23 | 50%=519 80%=872 90%=998 95%=1075 of 1486 atoms → proj=998
      tht weight dist: total=1.0907 | proj=14 of 19 atoms
      vis weight dist: total=8.61 | 50%=287 80%=474 90%=539 95%=686 of 1232 atoms → proj=539
      tht weight dist: total=1.0791 | proj=15 of 19 atoms
      vis weight dist: total=6.25 | 50%=217 80%=356 90%=404 95%=566 of 1163 atoms → proj=404
      tht weight dist: total=0.9079 | proj=13 of 19 atoms
      vis weight dist: total=6.28 | 50%=215 80%=353 90%=400 95%=559 of 1161 atoms → proj=400
      tht weight dist: total=0.7626 | proj=13 of 20 atoms
      vis weight dist: total=6.75 | 50%=237 80%=388 90%=441 95%=599 of 1181 atoms → proj=441
      tht weight dist: total=0.6185 | proj=12 of 20 atoms
      vis weight dist: total=9.39 | 50%=311 80%=514 90%=585 95%=717 of 1257 atoms → proj=585
      tht weight dist: total=0.7061 | proj=14 of 21 atoms
      vis weight dist: total=7.27 | 50%=252 80%=415 90%=471 95%=611 of 1199 atoms → proj=471
      tht weight dist: total=0.5572 | proj=14 of 21 atoms
      vis weight dist: total=9.96 | 50%=324 80%=536 90%=610 95%=745 of 1270 atoms → proj=610
      tht weight dist: total=0.6655 | proj=13 of 21 atoms
      vis weight dist: total=8.07 | 50%=277 80%=455 90%=518 95%=675 of 1221 atoms → proj=518
      tht weight dist: total=0.6115 | proj=12 of 20 atoms
      vis weight dist: total=6.68 | 50%=223 80%=367 90%=423 95%=601 of 1167 atoms → proj=423
      tht weight dist: total=0.7818 | proj=16 of 22 atoms
      vis weight dist: total=4.38 | 50%=157 80%=255 90%=293 95%=487 of 1104 atoms → proj=293
      tht weight dist: total=0.6498 | proj=13 of 19 atoms
      vis weight dist: total=19.55 | 50%=580 80%=978 90%=1121 95%=1196 of 1560 atoms → proj=1121
      tht weight dist: total=0.7097 | proj=13 of 19 atoms
      vis weight dist: total=17.02 | 50%=500 80%=837 90%=956 95%=1019 of 1468 atoms → proj=956
      tht weight dist: total=0.7700 | proj=15 of 19 atoms
      vis weight dist: total=24.81 | 50%=708 80%=1205 90%=1388 95%=1483 of 1725 atoms → proj=1388
      tht weight dist: total=0.6713 | proj=12 of 19 atoms
      vis weight dist: total=24.15 | 50%=679 80%=1155 90%=1329 95%=1419 of 1688 atoms → proj=1329
      tht weight dist: total=0.5702 | proj=11 of 19 atoms
      vis weight dist: total=16.67 | 50%=479 80%=800 90%=912 95%=978 of 1442 atoms → proj=912
      tht weight dist: total=0.5482 | proj=12 of 19 atoms
      vis weight dist: total=25.85 | 50%=721 80%=1231 90%=1418 95%=1515 of 1744 atoms → proj=1418
      tht weight dist: total=0.8456 | proj=15 of 20 atoms
      vis weight dist: total=21.30 | 50%=602 80%=1017 90%=1164 95%=1241 of 1590 atoms → proj=1164
      tht weight dist: total=0.7259 | proj=14 of 20 atoms
      vis weight dist: total=18.16 | 50%=542 80%=910 90%=1042 95%=1112 of 1514 atoms → proj=1042
      tht weight dist: total=0.6194 | proj=14 of 20 atoms
      vis weight dist: total=15.85 | 50%=490 80%=821 90%=939 95%=1015 of 1453 atoms → proj=939
      tht weight dist: total=0.5704 | proj=13 of 20 atoms
      vis weight dist: total=13.81 | 50%=429 80%=714 90%=815 95%=902 of 1384 atoms → proj=815
      tht weight dist: total=0.5098 | proj=13 of 20 atoms
      vis weight dist: total=13.08 | 50%=419 80%=696 90%=794 95%=882 of 1373 atoms → proj=794
      tht weight dist: total=0.4981 | proj=12 of 20 atoms
      vis weight dist: total=23.02 | 50%=661 80%=1120 90%=1287 95%=1374 of 1662 atoms → proj=1287
      tht weight dist: total=0.6520 | proj=15 of 21 atoms
      vis weight dist: total=24.17 | 50%=683 80%=1159 90%=1331 95%=1421 of 1691 atoms → proj=1331
      tht weight dist: total=0.5335 | proj=15 of 21 atoms
      vis weight dist: total=20.01 | 50%=590 80%=995 90%=1141 95%=1217 of 1574 atoms → proj=1141
      tht weight dist: total=0.5476 | proj=16 of 22 atoms
      vis weight dist: total=16.74 | 50%=511 80%=857 90%=980 95%=1048 of 1480 atoms → proj=980
      tht weight dist: total=0.5675 | proj=14 of 20 atoms
      vis weight dist: total=12.12 | 50%=390 80%=649 90%=740 95%=839 of 1342 atoms → proj=740
      tht weight dist: total=0.4391 | proj=13 of 20 atoms
      vis weight dist: total=13.83 | 50%=440 80%=737 90%=843 95%=939 of 1397 atoms → proj=843
      tht weight dist: total=0.4660 | proj=13 of 20 atoms
      vis weight dist: total=11.90 | 50%=376 80%=627 90%=715 95%=832 of 1326 atoms → proj=715
      tht weight dist: total=0.5124 | proj=15 of 21 atoms
      vis weight dist: total=9.24 | 50%=318 80%=525 90%=597 95%=737 of 1262 atoms → proj=597
      tht weight dist: total=0.8393 | proj=15 of 21 atoms
      vis weight dist: total=6.28 | 50%=215 80%=352 90%=400 95%=583 of 1160 atoms → proj=400
      tht weight dist: total=0.7761 | proj=15 of 20 atoms
      vis weight dist: total=4.81 | 50%=173 80%=283 90%=343 95%=536 of 1118 atoms → proj=343
      tht weight dist: total=0.6541 | proj=14 of 19 atoms
      vis weight dist: total=16.03 | 50%=499 80%=837 90%=958 95%=1039 of 1462 atoms → proj=958
      tht weight dist: total=0.4897 | proj=14 of 19 atoms
      vis weight dist: total=10.58 | 50%=333 80%=549 90%=624 95%=729 of 1282 atoms → proj=624
      tht weight dist: total=0.7702 | proj=16 of 20 atoms
      vis weight dist: total=19.25 | 50%=586 80%=987 90%=1130 95%=1204 of 1566 atoms → proj=1130
      tht weight dist: total=0.8503 | proj=15 of 20 atoms
      vis weight dist: total=23.31 | 50%=673 80%=1141 90%=1311 95%=1399 of 1676 atoms → proj=1311
      tht weight dist: total=0.7124 | proj=13 of 20 atoms
    10000/100000 (24/s, ETA 3700s) | 2019-02-05 13:45:00 | TENTATIVE | vis=57.4% thought=46.4% agree=51%(55.8%) | trades=1920 win=48.2% | eq=$9930 (-0.7%) vs bnh -6.7%
    disc atoms: vis(buy=921 w=12.71, sell=755 w=10.60) tht(buy=9 w=0.37, sell=11 w=0.34)
    disc proj: vis=18482/47160 (39%) tht=46661/47160 (99%) | proj_atoms: vis=1311 tht=13
    proto: vis(cos=0.7600) tht(cos=0.9221)
      vis weight dist: total=11.47 | 50%=340 80%=562 90%=639 95%=732 of 1291 atoms → proj=639
      tht weight dist: total=0.9772 | proj=15 of 20 atoms
      vis weight dist: total=14.46 | 50%=457 80%=760 90%=867 95%=945 of 1414 atoms → proj=867
      tht weight dist: total=0.7650 | proj=15 of 20 atoms
      vis weight dist: total=27.53 | 50%=752 80%=1283 90%=1479 95%=1580 of 1783 atoms → proj=1479
      tht weight dist: total=0.8391 | proj=15 of 21 atoms
      vis weight dist: total=28.17 | 50%=762 80%=1305 90%=1504 95%=1608 of 1802 atoms → proj=1504
      tht weight dist: total=0.8347 | proj=14 of 20 atoms
      vis weight dist: total=28.69 | 50%=779 80%=1332 90%=1534 95%=1640 of 1823 atoms → proj=1534
      tht weight dist: total=1.0343 | proj=15 of 20 atoms
      vis weight dist: total=27.16 | 50%=739 80%=1253 90%=1438 95%=1534 of 1760 atoms → proj=1438
      tht weight dist: total=0.6368 | proj=14 of 20 atoms
      vis weight dist: total=28.29 | 50%=782 80%=1335 90%=1540 95%=1646 of 1822 atoms → proj=1540
      tht weight dist: total=0.6162 | proj=15 of 20 atoms
      vis weight dist: total=26.61 | 50%=737 80%=1253 90%=1441 95%=1539 of 1762 atoms → proj=1441
      tht weight dist: total=0.5382 | proj=12 of 19 atoms
      vis weight dist: total=19.93 | 50%=561 80%=939 90%=1073 95%=1143 of 1535 atoms → proj=1073
      tht weight dist: total=0.6834 | proj=13 of 19 atoms
      vis weight dist: total=14.37 | 50%=434 80%=720 90%=821 95%=892 of 1391 atoms → proj=821
      tht weight dist: total=0.6569 | proj=14 of 20 atoms
      vis weight dist: total=22.38 | 50%=661 80%=1119 90%=1285 95%=1371 of 1661 atoms → proj=1285
      tht weight dist: total=0.5504 | proj=13 of 19 atoms
      vis weight dist: total=14.17 | 50%=431 80%=717 90%=817 95%=900 of 1386 atoms → proj=817
      tht weight dist: total=0.6769 | proj=14 of 19 atoms
      vis weight dist: total=9.31 | 50%=310 80%=510 90%=579 95%=684 of 1258 atoms → proj=579
      tht weight dist: total=0.5986 | proj=14 of 19 atoms
      vis weight dist: total=10.98 | 50%=366 80%=605 90%=689 95%=794 of 1314 atoms → proj=689
      tht weight dist: total=0.5845 | proj=14 of 19 atoms
      vis weight dist: total=10.67 | 50%=342 80%=564 90%=642 95%=755 of 1290 atoms → proj=642
      tht weight dist: total=0.4456 | proj=13 of 18 atoms
      vis weight dist: total=18.98 | 50%=584 80%=983 90%=1126 95%=1200 of 1563 atoms → proj=1126
      tht weight dist: total=0.6348 | proj=14 of 18 atoms
      vis weight dist: total=23.54 | 50%=660 80%=1119 90%=1285 95%=1371 of 1663 atoms → proj=1285
      tht weight dist: total=0.5578 | proj=13 of 18 atoms
      vis weight dist: total=5.42 | 50%=193 80%=315 90%=358 95%=531 of 1139 atoms → proj=358
      tht weight dist: total=0.4803 | proj=11 of 18 atoms
      vis weight dist: total=21.31 | 50%=627 80%=1061 90%=1217 95%=1299 of 1617 atoms → proj=1217
      tht weight dist: total=0.8204 | proj=11 of 20 atoms
      vis weight dist: total=26.14 | 50%=734 80%=1249 90%=1439 95%=1537 of 1756 atoms → proj=1439
      tht weight dist: total=0.8302 | proj=13 of 18 atoms
      vis weight dist: total=26.99 | 50%=747 80%=1275 90%=1470 95%=1571 of 1778 atoms → proj=1470
      tht weight dist: total=0.6994 | proj=14 of 18 atoms
      vis weight dist: total=26.83 | 50%=740 80%=1261 90%=1452 95%=1551 of 1768 atoms → proj=1452
      tht weight dist: total=0.6077 | proj=14 of 19 atoms
      vis weight dist: total=27.03 | 50%=742 80%=1266 90%=1457 95%=1556 of 1772 atoms → proj=1457
      tht weight dist: total=0.5693 | proj=14 of 19 atoms
      vis weight dist: total=15.32 | 50%=477 80%=796 90%=909 95%=991 of 1436 atoms → proj=909
      tht weight dist: total=0.4790 | proj=13 of 18 atoms
      vis weight dist: total=18.29 | 50%=548 80%=921 90%=1055 95%=1124 of 1522 atoms → proj=1055
      tht weight dist: total=0.4358 | proj=13 of 18 atoms
      vis weight dist: total=21.12 | 50%=614 80%=1037 90%=1190 95%=1269 of 1604 atoms → proj=1190
      tht weight dist: total=0.4442 | proj=13 of 18 atoms
      vis weight dist: total=17.59 | 50%=514 80%=863 90%=988 95%=1055 of 1484 atoms → proj=988
      tht weight dist: total=0.4844 | proj=13 of 18 atoms
      vis weight dist: total=19.96 | 50%=598 80%=1008 90%=1156 95%=1233 of 1579 atoms → proj=1156
      tht weight dist: total=0.4604 | proj=13 of 19 atoms
      vis weight dist: total=11.44 | 50%=354 80%=584 90%=663 95%=768 of 1302 atoms → proj=663
      tht weight dist: total=0.7209 | proj=15 of 19 atoms
      vis weight dist: total=12.77 | 50%=399 80%=662 90%=753 95%=846 of 1351 atoms → proj=753
      tht weight dist: total=0.6113 | proj=13 of 18 atoms
      vis weight dist: total=10.41 | 50%=337 80%=557 90%=634 95%=749 of 1285 atoms → proj=634
      tht weight dist: total=0.6194 | proj=12 of 19 atoms
      vis weight dist: total=6.20 | 50%=214 80%=349 90%=396 95%=566 of 1159 atoms → proj=396
      tht weight dist: total=0.6648 | proj=13 of 18 atoms
      vis weight dist: total=6.49 | 50%=227 80%=372 90%=425 95%=600 of 1170 atoms → proj=425
      tht weight dist: total=0.5923 | proj=13 of 18 atoms
      vis weight dist: total=6.09 | 50%=208 80%=340 90%=398 95%=584 of 1151 atoms → proj=398
      tht weight dist: total=0.6153 | proj=14 of 18 atoms
      vis weight dist: total=4.84 | 50%=170 80%=278 90%=315 95%=490 of 1118 atoms → proj=315
      tht weight dist: total=0.5807 | proj=14 of 18 atoms
      vis weight dist: total=4.80 | 50%=168 80%=275 90%=312 95%=490 of 1116 atoms → proj=312
      tht weight dist: total=0.5645 | proj=14 of 18 atoms
      vis weight dist: total=4.54 | 50%=160 80%=261 90%=296 95%=483 of 1108 atoms → proj=296
      tht weight dist: total=0.5724 | proj=13 of 18 atoms
      vis weight dist: total=4.87 | 50%=169 80%=277 90%=344 95%=539 of 1114 atoms → proj=344
      tht weight dist: total=0.4572 | proj=13 of 18 atoms
      vis weight dist: total=3.94 | 50%=141 80%=229 90%=265 95%=459 of 1089 atoms → proj=265
      tht weight dist: total=0.4511 | proj=14 of 18 atoms
      vis weight dist: total=3.87 | 50%=138 80%=225 90%=281 95%=476 of 1085 atoms → proj=281
      tht weight dist: total=0.4045 | proj=14 of 19 atoms
      vis weight dist: total=4.47 | 50%=158 80%=259 90%=312 95%=499 of 1105 atoms → proj=312
      tht weight dist: total=0.3671 | proj=12 of 19 atoms
      vis weight dist: total=8.54 | 50%=286 80%=472 90%=537 95%=686 of 1230 atoms → proj=537
      tht weight dist: total=0.4175 | proj=14 of 19 atoms
      vis weight dist: total=10.96 | 50%=370 80%=613 90%=698 95%=809 of 1317 atoms → proj=698
      tht weight dist: total=0.4862 | proj=11 of 19 atoms
      vis weight dist: total=12.65 | 50%=394 80%=656 90%=748 95%=862 of 1343 atoms → proj=748
      tht weight dist: total=1.2049 | proj=15 of 20 atoms
      vis weight dist: total=6.38 | 50%=220 80%=360 90%=408 95%=556 of 1166 atoms → proj=408
      tht weight dist: total=0.9276 | proj=12 of 19 atoms
      vis weight dist: total=5.70 | 50%=200 80%=328 90%=372 95%=544 of 1146 atoms → proj=372
      tht weight dist: total=0.8227 | proj=12 of 19 atoms
      vis weight dist: total=5.02 | 50%=178 80%=290 90%=335 95%=523 of 1123 atoms → proj=335
      tht weight dist: total=0.7928 | proj=13 of 19 atoms
      vis weight dist: total=4.89 | 50%=174 80%=286 90%=365 95%=559 of 1117 atoms → proj=365
      tht weight dist: total=0.7096 | proj=13 of 19 atoms
      vis weight dist: total=9.02 | 50%=303 80%=501 90%=570 95%=697 of 1249 atoms → proj=570
      tht weight dist: total=0.7461 | proj=14 of 19 atoms
      vis weight dist: total=10.32 | 50%=354 80%=588 90%=670 95%=795 of 1301 atoms → proj=670
      tht weight dist: total=1.1651 | proj=14 of 19 atoms
      vis weight dist: total=6.39 | 50%=223 80%=367 90%=417 95%=582 of 1170 atoms → proj=417
      tht weight dist: total=1.1834 | proj=15 of 19 atoms
      vis weight dist: total=6.63 | 50%=230 80%=379 90%=431 95%=592 of 1177 atoms → proj=431
      tht weight dist: total=1.0955 | proj=15 of 20 atoms
      vis weight dist: total=6.49 | 50%=226 80%=372 90%=422 95%=583 of 1172 atoms → proj=422
      tht weight dist: total=1.0403 | proj=14 of 20 atoms
      vis weight dist: total=5.80 | 50%=203 80%=334 90%=379 95%=548 of 1150 atoms → proj=379
      tht weight dist: total=0.9575 | proj=14 of 20 atoms
      vis weight dist: total=5.41 | 50%=190 80%=313 90%=356 95%=534 of 1137 atoms → proj=356
      tht weight dist: total=0.8979 | proj=14 of 20 atoms
      vis weight dist: total=5.87 | 50%=206 80%=338 90%=384 95%=544 of 1153 atoms → proj=384
      tht weight dist: total=0.9061 | proj=15 of 20 atoms
      vis weight dist: total=5.60 | 50%=197 80%=324 90%=368 95%=526 of 1145 atoms → proj=368
      tht weight dist: total=0.8796 | proj=14 of 20 atoms
      vis weight dist: total=5.32 | 50%=188 80%=309 90%=351 95%=514 of 1136 atoms → proj=351
      tht weight dist: total=0.7917 | proj=14 of 20 atoms
      vis weight dist: total=4.96 | 50%=176 80%=289 90%=330 95%=514 of 1123 atoms → proj=330
      tht weight dist: total=0.7340 | proj=15 of 21 atoms
      vis weight dist: total=5.68 | 50%=201 80%=329 90%=375 95%=544 of 1147 atoms → proj=375
      tht weight dist: total=0.6300 | proj=14 of 21 atoms
      vis weight dist: total=6.10 | 50%=215 80%=353 90%=402 95%=584 of 1160 atoms → proj=402
      tht weight dist: total=0.5983 | proj=16 of 21 atoms
      vis weight dist: total=5.88 | 50%=206 80%=339 90%=402 95%=597 of 1149 atoms → proj=402
      tht weight dist: total=0.5396 | proj=16 of 21 atoms
      vis weight dist: total=8.45 | 50%=296 80%=487 90%=554 95%=670 of 1244 atoms → proj=554
      tht weight dist: total=0.4661 | proj=15 of 21 atoms
      vis weight dist: total=6.10 | 50%=212 80%=349 90%=398 95%=575 of 1158 atoms → proj=398
      tht weight dist: total=0.5512 | proj=16 of 21 atoms
      vis weight dist: total=5.62 | 50%=198 80%=325 90%=370 95%=544 of 1145 atoms → proj=370
      tht weight dist: total=0.4641 | proj=14 of 20 atoms
      vis weight dist: total=5.14 | 50%=181 80%=297 90%=339 95%=527 of 1128 atoms → proj=339
      tht weight dist: total=0.5016 | proj=15 of 20 atoms
      vis weight dist: total=4.94 | 50%=178 80%=292 90%=333 95%=517 of 1125 atoms → proj=333
      tht weight dist: total=0.3984 | proj=13 of 20 atoms
      vis weight dist: total=7.97 | 50%=266 80%=438 90%=497 95%=658 of 1210 atoms → proj=497
      tht weight dist: total=0.4422 | proj=11 of 19 atoms
      vis weight dist: total=17.04 | 50%=542 80%=912 90%=1043 95%=1114 of 1513 atoms → proj=1043
      tht weight dist: total=0.7519 | proj=13 of 19 atoms
      vis weight dist: total=12.78 | 50%=408 80%=680 90%=775 95%=877 of 1360 atoms → proj=775
      tht weight dist: total=0.6372 | proj=15 of 19 atoms
      vis weight dist: total=13.36 | 50%=434 80%=723 90%=825 95%=917 of 1388 atoms → proj=825
      tht weight dist: total=0.5041 | proj=14 of 20 atoms
      vis weight dist: total=24.73 | 50%=699 80%=1193 90%=1375 95%=1470 of 1716 atoms → proj=1375
      tht weight dist: total=0.5962 | proj=14 of 19 atoms
      vis weight dist: total=28.02 | 50%=764 80%=1313 90%=1517 95%=1623 of 1810 atoms → proj=1517
      tht weight dist: total=1.0742 | proj=14 of 19 atoms
      vis weight dist: total=28.15 | 50%=768 80%=1318 90%=1522 95%=1629 of 1814 atoms → proj=1522
      tht weight dist: total=1.0491 | proj=14 of 19 atoms
      vis weight dist: total=26.02 | 50%=711 80%=1212 90%=1395 95%=1490 of 1733 atoms → proj=1395
      tht weight dist: total=0.7536 | proj=13 of 19 atoms
      vis weight dist: total=19.70 | 50%=577 80%=974 90%=1117 95%=1192 of 1558 atoms → proj=1117
      tht weight dist: total=0.6280 | proj=14 of 19 atoms
      vis weight dist: total=18.79 | 50%=570 80%=962 90%=1102 95%=1176 of 1548 atoms → proj=1102
      tht weight dist: total=0.3882 | proj=12 of 19 atoms
      vis weight dist: total=18.97 | 50%=567 80%=954 90%=1093 95%=1166 of 1542 atoms → proj=1093
      tht weight dist: total=0.2670 | proj=10 of 19 atoms
      vis weight dist: total=18.61 | 50%=542 80%=910 90%=1042 95%=1110 of 1515 atoms → proj=1042
      tht weight dist: total=0.1895 | proj=11 of 19 atoms
      vis weight dist: total=22.97 | 50%=673 80%=1143 90%=1314 95%=1403 of 1678 atoms → proj=1314
      tht weight dist: total=0.4055 | proj=14 of 18 atoms
      vis weight dist: total=17.64 | 50%=526 80%=883 90%=1010 95%=1085 of 1494 atoms → proj=1010
      tht weight dist: total=0.4382 | proj=14 of 19 atoms
      vis weight dist: total=5.45 | 50%=189 80%=308 90%=352 95%=535 of 1134 atoms → proj=352
      tht weight dist: total=0.4647 | proj=13 of 18 atoms
      vis weight dist: total=8.65 | 50%=296 80%=489 90%=555 95%=701 of 1241 atoms → proj=555
      tht weight dist: total=0.6313 | proj=15 of 19 atoms
      vis weight dist: total=5.43 | 50%=189 80%=309 90%=350 95%=536 of 1135 atoms → proj=350
      tht weight dist: total=0.5509 | proj=11 of 19 atoms
      vis weight dist: total=5.89 | 50%=207 80%=339 90%=391 95%=573 of 1151 atoms → proj=391
      tht weight dist: total=0.5557 | proj=14 of 19 atoms
      vis weight dist: total=6.51 | 50%=221 80%=364 90%=413 95%=581 of 1167 atoms → proj=413
      tht weight dist: total=0.5040 | proj=14 of 19 atoms
      vis weight dist: total=7.08 | 50%=247 80%=406 90%=462 95%=633 of 1190 atoms → proj=462
      tht weight dist: total=0.4961 | proj=13 of 19 atoms
      vis weight dist: total=3.87 | 50%=135 80%=220 90%=297 95%=501 of 1081 atoms → proj=297
      tht weight dist: total=0.4389 | proj=13 of 18 atoms
      vis weight dist: total=8.42 | 50%=288 80%=476 90%=547 95%=715 of 1229 atoms → proj=547
      tht weight dist: total=0.4532 | proj=15 of 18 atoms
    20000/100000 (26/s, ETA 3055s) | 2019-03-12 07:05:00 | TENTATIVE | vis=52.4% thought=45.5% agree=50%(43.2%) | trades=6187 win=46.6% | eq=$9666 (-3.3%) vs bnh +3.6%
    disc atoms: vis(buy=793 w=4.60, sell=436 w=3.82) tht(buy=12 w=0.27, sell=6 w=0.18)
    disc proj: vis=38575/91666 (42%) tht=91167/91666 (99%) | proj_atoms: vis=547 tht=15
    proto: vis(cos=0.9650) tht(cos=0.9711)
      vis weight dist: total=19.23 | 50%=576 80%=973 90%=1116 95%=1196 of 1552 atoms → proj=1116
      tht weight dist: total=0.4234 | proj=14 of 19 atoms
      vis weight dist: total=23.68 | 50%=673 80%=1145 90%=1319 95%=1409 of 1680 atoms → proj=1319
      tht weight dist: total=0.4976 | proj=15 of 19 atoms
      vis weight dist: total=18.33 | 50%=528 80%=888 90%=1015 95%=1081 of 1501 atoms → proj=1015
      tht weight dist: total=0.4916 | proj=14 of 19 atoms
      vis weight dist: total=10.74 | 50%=350 80%=578 90%=658 95%=759 of 1299 atoms → proj=658
      tht weight dist: total=0.5479 | proj=13 of 19 atoms
      vis weight dist: total=10.82 | 50%=365 80%=604 90%=687 95%=799 of 1312 atoms → proj=687
      tht weight dist: total=0.5068 | proj=14 of 18 atoms
      vis weight dist: total=8.95 | 50%=292 80%=482 90%=549 95%=705 of 1236 atoms → proj=549
      tht weight dist: total=0.5749 | proj=15 of 19 atoms
      vis weight dist: total=8.90 | 50%=304 80%=501 90%=569 95%=700 of 1249 atoms → proj=569
      tht weight dist: total=0.6681 | proj=13 of 19 atoms
      vis weight dist: total=11.82 | 50%=374 80%=621 90%=709 95%=815 of 1325 atoms → proj=709
      tht weight dist: total=0.8229 | proj=14 of 18 atoms
      vis weight dist: total=15.09 | 50%=484 80%=809 90%=923 95%=997 of 1445 atoms → proj=923
      tht weight dist: total=0.6172 | proj=14 of 19 atoms
      vis weight dist: total=11.22 | 50%=357 80%=590 90%=671 95%=763 of 1307 atoms → proj=671
      tht weight dist: total=0.6621 | proj=14 of 19 atoms
      vis weight dist: total=8.44 | 50%=290 80%=476 90%=541 95%=692 of 1234 atoms → proj=541
      tht weight dist: total=0.6458 | proj=14 of 19 atoms
      vis weight dist: total=14.63 | 50%=456 80%=763 90%=871 95%=956 of 1414 atoms → proj=871
      tht weight dist: total=0.5559 | proj=13 of 19 atoms
      vis weight dist: total=9.74 | 50%=310 80%=510 90%=580 95%=695 of 1256 atoms → proj=580
      tht weight dist: total=0.7298 | proj=13 of 19 atoms
      vis weight dist: total=6.18 | 50%=212 80%=348 90%=395 95%=553 of 1159 atoms → proj=395
      tht weight dist: total=0.5643 | proj=13 of 19 atoms
      vis weight dist: total=6.10 | 50%=215 80%=355 90%=421 95%=600 of 1159 atoms → proj=421
      tht weight dist: total=0.4649 | proj=12 of 19 atoms
      vis weight dist: total=9.36 | 50%=304 80%=500 90%=568 95%=679 of 1250 atoms → proj=568
      tht weight dist: total=0.3679 | proj=14 of 19 atoms
      vis weight dist: total=17.74 | 50%=556 80%=936 90%=1070 95%=1141 of 1529 atoms → proj=1070
      tht weight dist: total=0.5272 | proj=13 of 19 atoms
      vis weight dist: total=16.92 | 50%=511 80%=858 90%=982 95%=1056 of 1478 atoms → proj=982
      tht weight dist: total=0.3959 | proj=11 of 19 atoms
      vis weight dist: total=22.76 | 50%=679 80%=1155 90%=1328 95%=1417 of 1688 atoms → proj=1328
      tht weight dist: total=1.1011 | proj=14 of 21 atoms
