trader: Self-Supervised BTC Trader
  10000D, window=48, px_rows=25
  Grid: 48 cols x 100 rows (4800 pixels/viewport)
  Horizon: 36 candles (180min)
  Move threshold: 0.500% (50.0bps)
  Decay: 0.999, Recalib interval: 500
  Observe period: 1000 candles
  Initial equity: $10000
  Reward weight: 1, Correction weight: 1.5, Learning rate: 1
  Use grover: false, Use attend: false
  Threads: 8, Batch size: 256

  Loading candles from "/home/watmin/work/holon/holon-lab-trading/data/analysis.db"...
  Loaded 652409 candles in 1.3s
  Warming vector cache...
  Encoding null template...
  Null template + visual cache ready.
  Initializing thought system...
  Thought system ready (223 fact codebook entries).
  Run database: /home/watmin/work/holon/holon-lab-trading/orchestration_results/v7-proportional.db

  Starting walk-forward (100000 candles, starting at index 47)...
    10000/100000 (43/s, ETA 2113s) | 2019-02-05 13:45:00 | CONFIDENT | vis=56.1% thought=56.1% agree=99%(56.1%) | trades=3921 win=52.9% | eq=$10142 (+1.4%) vs bnh -6.7%
    vis disc: +1=3041 -1=6959 0=0 (ratio=0.30)
    tht disc: +1=3893 -1=6107 0=0 (ratio=0.39)
    adaptive: vis(cos=0.3861 decay=0.999386 explore=1/2) tht(cos=0.0208 decay=0.999021 explore=1/48)
    20000/100000 (55/s, ETA 1462s) | 2019-03-12 07:05:00 | CONFIDENT | vis=39.7% thought=39.7% agree=99%(39.7%) | trades=8188 win=48.7% | eq=$10031 (+0.3%) vs bnh +3.6%
    vis disc: +1=3109 -1=6891 0=0 (ratio=0.31)
    tht disc: +1=3859 -1=6141 0=0 (ratio=0.39)
    adaptive: vis(cos=0.3482 decay=0.999348 explore=1/2) tht(cos=0.0201 decay=0.999020 explore=1/49)
    30000/100000 (61/s, ETA 1151s) | 2019-04-16 00:25:00 | CONFIDENT | vis=58.5% thought=57.8% agree=100%(57.5%) | trades=12829 win=47.4% | eq=$9818 (-1.8%) vs bnh +36.0%
    vis disc: +1=3097 -1=6903 0=0 (ratio=0.31)
    tht disc: +1=3652 -1=6348 0=0 (ratio=0.37)
    adaptive: vis(cos=0.3535 decay=0.999354 explore=1/2) tht(cos=0.0174 decay=0.999017 explore=1/57)
    40000/100000 (65/s, ETA 929s) | 2019-05-20 17:45:00 | TENTATIVE | vis=46.1% thought=46.0% agree=99%(46.0%) | trades=20322 win=46.3% | eq=$9440 (-5.6%) vs bnh +110.3%
    vis disc: +1=3107 -1=6893 0=0 (ratio=0.31)
    tht disc: +1=3528 -1=6472 0=0 (ratio=0.35)
    adaptive: vis(cos=0.3273 decay=0.999327 explore=1/3) tht(cos=0.0175 decay=0.999018 explore=1/56)
    50000/100000 (67/s, ETA 748s) | 2019-06-24 11:05:00 | TENTATIVE | vis=37.7% thought=37.7% agree=100%(37.7%) | trades=29158 win=46.7% | eq=$9258 (-7.4%) vs bnh +193.5%
    vis disc: +1=3151 -1=6849 0=0 (ratio=0.32)
    tht disc: +1=3759 -1=6241 0=0 (ratio=0.38)
    adaptive: vis(cos=0.3040 decay=0.999304 explore=1/3) tht(cos=0.0128 decay=0.999013 explore=1/78)
    60000/100000 (69/s, ETA 580s) | 2019-07-29 04:25:00 | CONFIDENT | vis=47.0% thought=47.0% agree=100%(47.0%) | trades=38706 win=47.7% | eq=$9468 (-5.3%) vs bnh +160.4%
    vis disc: +1=3118 -1=6882 0=0 (ratio=0.31)
    tht disc: +1=3784 -1=6216 0=0 (ratio=0.38)
    adaptive: vis(cos=0.3377 decay=0.999338 explore=1/2) tht(cos=0.0134 decay=0.999013 explore=1/74)
    70000/100000 (71/s, ETA 425s) | 2019-09-01 21:45:00 | CONFIDENT | vis=54.5% thought=54.5% agree=100%(54.5%) | trades=46832 win=48.4% | eq=$9793 (-2.1%) vs bnh +160.9%
    vis disc: +1=3089 -1=6911 0=0 (ratio=0.31)
    tht disc: +1=3727 -1=6273 0=0 (ratio=0.37)
    adaptive: vis(cos=0.3736 decay=0.999374 explore=1/2) tht(cos=0.0111 decay=0.999011 explore=1/90)
    80000/100000 (72/s, ETA 279s) | 2019-10-06 15:05:00 | CONFIDENT | vis=52.9% thought=52.7% agree=100%(52.6%) | trades=53486 win=48.8% | eq=$10171 (+1.7%) vs bnh +114.0%
    vis disc: +1=3068 -1=6932 0=0 (ratio=0.31)
    tht disc: +1=3640 -1=6360 0=0 (ratio=0.36)
    adaptive: vis(cos=0.3720 decay=0.999372 explore=1/2) tht(cos=0.0158 decay=0.999016 explore=1/63)
    90000/100000 (72/s, ETA 138s) | 2019-11-10 08:25:00 | CONFIDENT | vis=59.1% thought=59.0% agree=100%(58.9%) | trades=60027 win=49.1% | eq=$10165 (+1.7%) vs bnh +138.0%
    vis disc: +1=3082 -1=6918 0=0 (ratio=0.31)
    tht disc: +1=3656 -1=6344 0=0 (ratio=0.37)
    adaptive: vis(cos=0.3956 decay=0.999396 explore=1/2) tht(cos=0.0091 decay=0.999009 explore=1/100)
    100000/100000 (73/s, ETA 0s) | 2019-12-15 01:45:00 | CONFIDENT | vis=56.1% thought=56.4% agree=100%(56.5%) | trades=66575 win=49.5% | eq=$10220 (+2.2%) vs bnh +89.6%
    vis disc: +1=3117 -1=6883 0=0 (ratio=0.31)
    tht disc: +1=3598 -1=6402 0=0 (ratio=0.36)
    adaptive: vis(cos=0.3930 decay=0.999393 explore=1/2) tht(cos=0.0099 decay=0.999010 explore=1/100)

  --- Timing breakdown (total ms) ---
  Visual batch encode:  430372.8
  Thought encode:       879337.9
  Visual predict:        25223.3
  Thought predict:        6733.9
  Rest (resolve/log):    21120.9
  Total accounted:      1362788.8

  Run database written: /home/watmin/work/holon/holon-lab-trading/orchestration_results/v7-proportional.db (100000 rows)

  Walk-forward complete.
  Orchestration mode: meta-boost
  Encoded 100000 viewports in 1375.0s (73 vec/s)
  Labeled (BUY/SELL): 67325, Noise: 32675

  ═══ Visual Journaler ═══
  Accumulators:
    buy_good:     count=42597, purity=0.0000
    sell_good:    count=42006, purity=0.0000
    buy_confuser: count=5
    sell_confuser:count=21278
    noise:        count=32675
    cos(buy_good, sell_good) = 0.3930
    cos(buy_good, noise) = 0.0456
    cos(sell_good, noise) = -0.4269
    recognition gate: noise_floor=0.0207 (buy_entropy=0.2306, sell_entropy=0.5504, d_eff=2306)

  Visual prediction accuracy:
    Overall: 49.5% (33274/67284)
    Rolling (last 1000): 55.4%

  Per-year breakdown:
    2019: 49.5% (33274/67284)

  ═══ Thought Journaler ═══
  Accumulators:
    buy_good:     count=4321, purity=0.0000
    sell_good:    count=4126, purity=0.0000
    buy_confuser: count=6
    sell_confuser:count=2112
    noise:        count=32675
    cos(buy_good, sell_good) = 0.0099
    cos(buy_good, noise) = -0.7769
    cos(sell_good, noise) = -0.1937

  Thought prediction accuracy:
    Overall: 49.5% (33314/67284)
    Rolling (last 1000): 55.7%
    Visual-Thought agreement: 99.7% (99636/99957)

  ═══ Trader ═══
  Final phase: CONFIDENT
  Equity: $10222.61 (started $10000)
  Total return: 2.23%
  Trades taken: 66599, skipped: 993
  Win rate: 49.5% (32970/66599)
  Confidence (rolling acc - 0.5): 0.070

  Per-year P&L:
    2019: trades=66599 win_rate=49.5% pnl=$222.61

  Buy-and-hold return over same period: 89.56%
  ═══════════════════════════════════════
