trader: Self-Supervised BTC Trader
  10000D, window=48, px_rows=25
  Grid: 48 cols x 100 rows (4800 pixels/viewport)
  Horizon: 36 candles (180min)
  Move threshold: 0.500% (50.0bps)
  Decay: 0.999, Recalib interval: 500
  Observe period: 1000 candles
  Initial equity: $10000
  Reward weight: 1, Correction weight: 1.5, Learning rate: 1
  Use grover: false, Use attend: false
  Threads: 8, Batch size: 256

  Loading candles from "/home/watmin/work/holon/holon-lab-trading/data/analysis.db"...
  Loaded 652409 candles in 1.0s
  Warming vector cache...
  Encoding null template...
  Null template + visual cache ready.
  Initializing thought system...
  Thought system ready (223 fact codebook entries).
  Run database: /home/watmin/work/holon/holon-lab-trading/orchestration_results/v8-input-only-negate.db

  Starting walk-forward (100000 candles, starting at index 47)...
    10000/100000 (79/s, ETA 1138s) | 2019-02-05 13:45:00 | CONFIDENT | vis=56.1% thought=43.7% agree=17%(55.9%) | trades=3921 win=52.9% | eq=$10141 (+1.4%) vs bnh -6.7%
    vis disc: +1=3241 -1=6759 0=0 (ratio=0.32)
    tht disc: +1=5826 -1=4174 0=0 (ratio=0.58)
    adaptive: vis(cos=0.0172 decay=0.999017 explore=1/58) tht(cos=-0.0003 decay=0.999000 explore=1/100)
    20000/100000 (80/s, ETA 1006s) | 2019-03-12 07:05:00 | CONFIDENT | vis=39.7% thought=60.3% agree=11%(52.2%) | trades=8188 win=48.7% | eq=$10031 (+0.3%) vs bnh +3.6%
    vis disc: +1=3238 -1=6762 0=0 (ratio=0.32)
    tht disc: +1=6410 -1=3590 0=0 (ratio=0.64)
    adaptive: vis(cos=0.0166 decay=0.999017 explore=1/60) tht(cos=0.0034 decay=0.999003 explore=1/100)
    30000/100000 (80/s, ETA 879s) | 2019-04-16 00:25:00 | CONFIDENT | vis=58.5% thought=51.7% agree=15%(51.8%) | trades=12829 win=47.4% | eq=$9817 (-1.8%) vs bnh +36.0%
    vis disc: +1=3230 -1=6770 0=0 (ratio=0.32)
    tht disc: +1=7128 -1=2872 0=0 (ratio=0.71)
    adaptive: vis(cos=0.0155 decay=0.999016 explore=1/64) tht(cos=0.0569 decay=0.999057 explore=1/17)
    40000/100000 (80/s, ETA 747s) | 2019-05-20 17:45:00 | TENTATIVE | vis=46.1% thought=46.1% agree=35%(46.1%) | trades=20322 win=46.3% | eq=$9439 (-5.6%) vs bnh +110.3%
    vis disc: +1=3216 -1=6784 0=0 (ratio=0.32)
    tht disc: +1=2658 -1=7342 0=0 (ratio=0.27)
    adaptive: vis(cos=0.0171 decay=0.999017 explore=1/58) tht(cos=0.0120 decay=0.999012 explore=1/83)
    50000/100000 (81/s, ETA 620s) | 2019-06-24 11:05:00 | TENTATIVE | vis=37.7% thought=37.7% agree=48%(37.7%) | trades=29158 win=46.7% | eq=$9257 (-7.4%) vs bnh +193.5%
    vis disc: +1=3189 -1=6811 0=0 (ratio=0.32)
    tht disc: +1=2601 -1=7399 0=0 (ratio=0.26)
    adaptive: vis(cos=0.0108 decay=0.999011 explore=1/92) tht(cos=0.0100 decay=0.999010 explore=1/99)
    60000/100000 (81/s, ETA 493s) | 2019-07-29 04:25:00 | CONFIDENT | vis=47.0% thought=47.0% agree=56%(47.0%) | trades=38706 win=47.7% | eq=$9467 (-5.3%) vs bnh +160.4%
    vis disc: +1=3169 -1=6831 0=0 (ratio=0.32)
    tht disc: +1=2560 -1=7440 0=0 (ratio=0.26)
    adaptive: vis(cos=0.0099 decay=0.999010 explore=1/100) tht(cos=0.0129 decay=0.999013 explore=1/77)
    70000/100000 (81/s, ETA 371s) | 2019-09-01 21:45:00 | CONFIDENT | vis=54.5% thought=54.5% agree=63%(54.5%) | trades=46832 win=48.4% | eq=$9793 (-2.1%) vs bnh +160.9%
    vis disc: +1=3140 -1=6860 0=0 (ratio=0.31)
    tht disc: +1=2587 -1=7413 0=0 (ratio=0.26)
    adaptive: vis(cos=0.0111 decay=0.999011 explore=1/90) tht(cos=0.0082 decay=0.999008 explore=1/100)
    80000/100000 (78/s, ETA 255s) | 2019-10-06 15:05:00 | CONFIDENT | vis=52.9% thought=52.9% agree=67%(52.9%) | trades=53486 win=48.8% | eq=$10171 (+1.7%) vs bnh +114.0%
    vis disc: +1=3130 -1=6870 0=0 (ratio=0.31)
    tht disc: +1=2611 -1=7389 0=0 (ratio=0.26)
    adaptive: vis(cos=0.0102 decay=0.999010 explore=1/97) tht(cos=0.0081 decay=0.999008 explore=1/100)
    90000/100000 (75/s, ETA 133s) | 2019-11-10 08:25:00 | CONFIDENT | vis=59.1% thought=59.1% agree=71%(59.1%) | trades=60027 win=49.1% | eq=$10165 (+1.6%) vs bnh +138.0%
    vis disc: +1=3142 -1=6858 0=0 (ratio=0.31)
    tht disc: +1=2630 -1=7370 0=0 (ratio=0.26)
    adaptive: vis(cos=0.0109 decay=0.999011 explore=1/92) tht(cos=0.0095 decay=0.999010 explore=1/100)
    100000/100000 (76/s, ETA 0s) | 2019-12-15 01:45:00 | CONFIDENT | vis=56.1% thought=56.1% agree=74%(56.1%) | trades=66575 win=49.5% | eq=$10219 (+2.2%) vs bnh +89.6%
    vis disc: +1=3146 -1=6854 0=0 (ratio=0.31)
    tht disc: +1=2634 -1=7366 0=0 (ratio=0.26)
    adaptive: vis(cos=0.0106 decay=0.999011 explore=1/94) tht(cos=0.0101 decay=0.999010 explore=1/99)

  --- Timing breakdown (total ms) ---
  Visual batch encode:  418790.2
  Thought encode:       846692.4
  Visual predict:        22997.6
  Thought predict:        6041.5
  Rest (resolve/log):    13342.2
  Total accounted:      1307863.9

  Run database written: /home/watmin/work/holon/holon-lab-trading/orchestration_results/v8-input-only-negate.db (100000 rows)

  Walk-forward complete.
  Orchestration mode: meta-boost
  Encoded 100000 viewports in 1319.8s (76 vec/s)
  Labeled (BUY/SELL): 67325, Noise: 32675

  ═══ Visual Journaler ═══
  Accumulators:
    buy_good:     count=2055, purity=0.0000
    sell_good:    count=1824, purity=0.0000
    buy_confuser: count=11
    sell_confuser:count=987
    noise:        count=32675
    cos(buy_good, sell_good) = 0.0099
    cos(buy_good, noise) = -0.0364
    cos(sell_good, noise) = -0.3424
    recognition gate: noise_floor=0.0172 (buy_entropy=0.3374, sell_entropy=0.5707, d_eff=3374)

  Visual prediction accuracy:
    Overall: 49.5% (33317/67284)
    Rolling (last 1000): 55.4%

  Per-year breakdown:
    2019: 49.5% (33317/67284)

  ═══ Thought Journaler ═══
  Accumulators:
    buy_good:     count=4889, purity=0.0000
    sell_good:    count=3822, purity=0.0000
    buy_confuser: count=434
    sell_confuser:count=1974
    noise:        count=32675
    cos(buy_good, sell_good) = 0.0084
    cos(buy_good, noise) = -0.4452
    cos(sell_good, noise) = -0.2790

  Thought prediction accuracy:
    Overall: 50.4% (33898/67284)
    Rolling (last 1000): 55.4%
    Visual-Thought agreement: 73.9% (73822/99957)

  ═══ Trader ═══
  Final phase: CONFIDENT
  Equity: $10222.07 (started $10000)
  Total return: 2.22%
  Trades taken: 66599, skipped: 993
  Win rate: 49.5% (32969/66599)
  Confidence (rolling acc - 0.5): 0.070

  Per-year P&L:
    2019: trades=66599 win_rate=49.5% pnl=$222.07

  Buy-and-hold return over same period: 89.56%
  ═══════════════════════════════════════
