warning: field `max_sim` is never read
   --> src/bin/trader.rs:544:5
    |
539 | struct PendingEntry {
    |        ------------ field in this struct
...
544 |     max_sim: f64,
    |     ^^^^^^^
    |
    = note: `#[warn(dead_code)]` (part of `#[warn(unused)]`) on by default

warning: `btc-walk` (bin "trader") generated 1 warning
    Finished `release` profile [optimized] target(s) in 0.07s
     Running `rust/target/release/trader --max-candles 100000 --orchestration visual-only --db-path ./data/analysis.db`
trader: Self-Supervised BTC Trader
  10000D, window=48, px_rows=25
  Grid: 48 cols x 100 rows (4800 pixels/viewport)
  Horizon: 36 candles (180min)
  Move threshold: 0.500% (50.0bps)
  Decay: 0.999, Recalib interval: 500
  Observe period: 1000 candles
  Initial equity: $10000
  Reward weight: 1, Correction weight: 1.5
  Use grover: false, Use attend: false
  Threads: 8, Batch size: 256

  Loading candles from "./data/analysis.db"...
  Loaded 652409 candles in 0.6s
  Warming vector cache...
  Encoding null template...
  Null template encoded.
  Initializing thought system...
  Thought system ready (177 fact codebook entries).

  Starting walk-forward (100000 candles, starting at index 47)...
    10000/100000 (22/s, ETA 4013s) | 2019-02-05 13:45:00 | TENTATIVE | vis=36.7% thought=44.2% agree=52% | trades=3921 win=45.1% | eq=$9883 (-1.2%) vs bnh -6.7%
    20000/100000 (23/s, ETA 3448s) | 2019-03-12 07:05:00 | TENTATIVE | vis=44.2% thought=58.9% agree=54% | trades=8188 win=46.6% | eq=$9927 (-0.7%) vs bnh +3.6%
    30000/100000 (23/s, ETA 2983s) | 2019-04-16 00:25:00 | CONFIDENT | vis=48.7% thought=40.8% agree=50% | trades=12829 win=47.7% | eq=$9796 (-2.0%) vs bnh +36.0%
    40000/100000 (24/s, ETA 2538s) | 2019-05-20 17:45:00 | CONFIDENT | vis=55.8% thought=54.4% agree=51% | trades=20322 win=50.3% | eq=$10302 (+3.0%) vs bnh +110.3%
    50000/100000 (24/s, ETA 2095s) | 2019-06-24 11:05:00 | TENTATIVE | vis=50.2% thought=57.6% agree=50% | trades=29158 win=50.2% | eq=$10166 (+1.7%) vs bnh +193.5%
    60000/100000 (24/s, ETA 1675s) | 2019-07-29 04:25:00 | CONFIDENT | vis=58.4% thought=51.1% agree=50% | trades=38706 win=50.5% | eq=$10522 (+5.2%) vs bnh +160.4%
    70000/100000 (24/s, ETA 1259s) | 2019-09-01 21:45:00 | TENTATIVE | vis=47.3% thought=46.8% agree=51% | trades=46832 win=50.5% | eq=$10459 (+4.6%) vs bnh +160.9%
    80000/100000 (24/s, ETA 838s) | 2019-10-06 15:05:00 | CONFIDENT | vis=53.4% thought=49.5% agree=51% | trades=53486 win=50.4% | eq=$10361 (+3.6%) vs bnh +114.0%
