trader: Self-Supervised BTC Trader
  10000D, window=48, px_rows=25
  Grid: 48 cols x 100 rows (4800 pixels/viewport)
  Horizon: 36 candles (180min)
  Move threshold: 0.500% (50.0bps)
  Decay: 0.999, Recalib interval: 500
  Observe period: 1000 candles
  Initial equity: $10000
  Reward weight: 1, Correction weight: 1.5
  Use grover: false, Use attend: false
  Threads: 8, Batch size: 256

  Loading candles from "./data/analysis.db"...
  Loaded 652409 candles in 0.6s
  Warming vector cache...
  Encoding null template...
  Null template encoded.
  Initializing thought system...
  Thought system ready (177 fact codebook entries).

  Starting walk-forward (50000 candles, starting at index 47)...
    10000/50000 (24/s, ETA 1643s) | 2019-02-05 13:45:00 | TENTATIVE | vis=36.7% thought=44.2% agree=52% | trades=3921 win=45.1% | eq=$9883 (-1.2%) vs bnh -6.7%
    20000/50000 (25/s, ETA 1177s) | 2019-03-12 07:05:00 | TENTATIVE | vis=44.2% thought=58.9% agree=54% | trades=8188 win=46.6% | eq=$9927 (-0.7%) vs bnh +3.6%
    30000/50000 (26/s, ETA 778s) | 2019-04-16 00:25:00 | CONFIDENT | vis=48.7% thought=40.8% agree=50% | trades=12829 win=47.7% | eq=$9796 (-2.0%) vs bnh +36.0%
    40000/50000 (25/s, ETA 393s) | 2019-05-20 17:45:00 | CONFIDENT | vis=55.8% thought=54.4% agree=51% | trades=20322 win=50.3% | eq=$10302 (+3.0%) vs bnh +110.3%
    50000/50000 (25/s, ETA 0s) | 2019-06-24 11:05:00 | TENTATIVE | vis=50.2% thought=57.6% agree=50% | trades=29158 win=50.2% | eq=$10166 (+1.7%) vs bnh +193.5%

  Walk-forward complete.
  Orchestration mode: visual-only
  Encoded 50000 viewports in 1977.0s (25 vec/s)
  Labeled (BUY/SELL): 29920, Noise: 20080

  ═══ Visual Journaler ═══
  Accumulators:
    buy_good:     count=31895, purity=0.0001
    sell_good:    count=27904, purity=0.0001
    buy_confuser: count=6799
    sell_confuser:count=8061
    noise:        count=20080
    cos(buy_good, sell_good) = 0.9260
    cos(buy_good, noise) = 0.5588
    cos(sell_good, noise) = 0.5690
    cos(buy_disc, sell_disc) = -1.0000
    recognition gate: noise_floor=0.0142 (buy_entropy=0.4971, sell_entropy=0.5030, d_eff=4971)

  Visual prediction accuracy:
    Overall: 50.3% (15019/29879)
    Rolling (last 1000): 51.7%

  Per-year breakdown:
    2019: 50.3% (15019/29879)

  ═══ Thought Journaler ═══
  Accumulators:
    buy_good:     count=549, purity=0.0001
    sell_good:    count=410, purity=0.0001
    buy_confuser: count=17
    sell_confuser:count=239
    noise:        count=20080
    cos(buy_good, sell_good) = 0.8778
    cos(buy_good, noise) = -0.8510
    cos(sell_good, noise) = -0.8601

  Thought prediction accuracy:
    Overall: 52.0% (15531/29879)
    Rolling (last 1000): 56.6%
    Visual-Thought agreement: 50.2% (25075/49957)

  ═══ Trader ═══
  Final phase: TENTATIVE
  Equity: $10165.97 (started $10000)
  Total return: 1.66%
  Trades taken: 29194, skipped: 993
  Win rate: 50.2% (14651/29194)
  Confidence (rolling acc - 0.5): -0.098

  Per-year P&L:
    2019: trades=29194 win_rate=50.2% pnl=$165.97

  Buy-and-hold return over same period: 193.46%
  ═══════════════════════════════════════
