trader: Self-Supervised BTC Trader
  10000D, window=48, px_rows=25
  Grid: 48 cols x 100 rows (4800 pixels/viewport)
  Horizon: 36 candles (180min)
  Move threshold: 0.500% (50.0bps)
  Decay: 0.999, Recalib interval: 500
  Observe period: 1000 candles
  Initial equity: $10000
  Reward weight: 1, Correction weight: 1.5
  Use grover: false, Use attend: false
  Threads: 8, Batch size: 256

  Loading candles from "/home/watmin/work/holon/holon-lab-trading/data/analysis.db"...
  Loaded 652409 candles in 0.7s
  Warming vector cache...
  Encoding null template...
  Null template + visual cache ready.
  Initializing thought system...
  Thought system ready (223 fact codebook entries).
  Run database: /home/watmin/work/holon/holon-lab-trading/orchestration_results/visual-fix-v1.db

  Starting walk-forward (100000 candles, starting at index 47)...
    10000/100000 (71/s, ETA 1273s) | 2019-02-05 13:45:00 | TENTATIVE | vis=46.1% thought=50.1% agree=54% | trades=3921 win=49.6% | eq=$9785 (-2.2%) vs bnh -6.7%
    20000/100000 (72/s, ETA 1115s) | 2019-03-12 07:05:00 | TENTATIVE | vis=49.4% thought=57.0% agree=54% | trades=8185 win=51.2% | eq=$9773 (-2.3%) vs bnh +3.6%
    30000/100000 (72/s, ETA 977s) | 2019-04-16 00:25:00 | TENTATIVE | vis=48.8% thought=40.2% agree=55% | trades=12826 win=50.7% | eq=$9718 (-2.8%) vs bnh +36.0%
    40000/100000 (71/s, ETA 840s) | 2019-05-20 17:45:00 | CONFIDENT | vis=48.0% thought=48.3% agree=55% | trades=20316 win=50.1% | eq=$9645 (-3.5%) vs bnh +110.3%
    50000/100000 (72/s, ETA 698s) | 2019-06-24 11:05:00 | TENTATIVE | vis=48.3% thought=50.5% agree=55% | trades=29148 win=50.0% | eq=$9552 (-4.5%) vs bnh +193.5%
    60000/100000 (72/s, ETA 556s) | 2019-07-29 04:25:00 | CONFIDENT | vis=55.5% thought=55.7% agree=55% | trades=38692 win=50.4% | eq=$9657 (-3.4%) vs bnh +160.4%
    70000/100000 (73/s, ETA 413s) | 2019-09-01 21:45:00 | CONFIDENT | vis=51.8% thought=56.1% agree=55% | trades=46812 win=50.2% | eq=$9667 (-3.3%) vs bnh +160.9%
    80000/100000 (74/s, ETA 271s) | 2019-10-06 15:05:00 | CONFIDENT | vis=54.4% thought=51.5% agree=55% | trades=53465 win=50.3% | eq=$9579 (-4.2%) vs bnh +114.0%
    90000/100000 (75/s, ETA 134s) | 2019-11-10 08:25:00 | TENTATIVE | vis=50.2% thought=48.4% agree=55% | trades=60006 win=50.1% | eq=$9526 (-4.7%) vs bnh +138.0%
    100000/100000 (76/s, ETA 0s) | 2019-12-15 01:45:00 | TENTATIVE | vis=52.4% thought=44.6% agree=55% | trades=66550 win=50.2% | eq=$9535 (-4.7%) vs bnh +89.6%

  --- Timing breakdown (total ms) ---
  Visual batch encode:  422472.5
  Thought encode:       846572.4
  Visual predict:        10706.4
  Thought predict:        4637.6
  Rest (resolve/log):    24797.0
  Total accounted:      1309185.9

  Run database written: /home/watmin/work/holon/holon-lab-trading/orchestration_results/visual-fix-v1.db (100000 rows)

  Walk-forward complete.
  Orchestration mode: meta-boost
  Encoded 100000 viewports in 1321.1s (76 vec/s)
  Labeled (BUY/SELL): 67325, Noise: 32675

  ═══ Visual Journaler ═══
  Accumulators:
    buy_good:     count=68051, purity=0.0001
    sell_good:    count=66558, purity=0.0001
    buy_confuser: count=16656
    sell_confuser:count=17063
    noise:        count=32675
    cos(buy_good, sell_good) = 0.9272
    cos(buy_good, noise) = 0.5732
    cos(sell_good, noise) = 0.5788
    recognition gate: noise_floor=0.0140 (buy_entropy=0.5076, sell_entropy=0.5076, d_eff=5076)

  Visual prediction accuracy:
    Overall: 49.9% (33565/67284)
    Rolling (last 1000): 51.8%

  Per-year breakdown:
    2019: 49.9% (33565/67284)

  ═══ Thought Journaler ═══
  Accumulators:
    buy_good:     count=68051, purity=0.0036
    sell_good:    count=66558, purity=0.0029
    buy_confuser: count=16662
    sell_confuser:count=16774
    noise:        count=32675
    cos(buy_good, sell_good) = 0.9950
    cos(buy_good, noise) = 0.8835
    cos(sell_good, noise) = 0.8861

  Thought prediction accuracy:
    Overall: 50.3% (33848/67284)
    Rolling (last 1000): 45.8%
    Visual-Thought agreement: 55.1% (55092/99957)

  ═══ Trader ═══
  Final phase: TENTATIVE
  Equity: $9535.46 (started $10000)
  Total return: -4.65%
  Trades taken: 66574, skipped: 1027
  Win rate: 50.2% (33389/66574)
  Confidence (rolling acc - 0.5): -0.072

  Per-year P&L:
    2019: trades=66574 win_rate=50.2% pnl=$-464.54

  Buy-and-hold return over same period: 89.56%
  ═══════════════════════════════════════
